#
# A fatal error has been detected by the Java Runtime Environment:
#
#  EXCEPTION_ACCESS_VIOLATION (0xc0000005) at pc=0x00007ffc0cb8c4d0, pid=9124, tid=13808
#
# JRE version: OpenJDK Runtime Environment Temurin-17.0.13+11 (17.0.13+11) (build 17.0.13+11)
# Java VM: OpenJDK 64-Bit Server VM Temurin-17.0.13+11 (17.0.13+11, mixed mode, sharing, tiered, compressed oops, compressed class ptrs, g1 gc, windows-amd64)
# Problematic frame:
# V  [jvm.dll+0xc4d0]
#
# No core dump will be written. Minidumps are not enabled by default on client versions of Windows
#
# If you would like to submit a bug report, please visit:
#   https://github.com/adoptium/adoptium-support/issues
#

---------------  S U M M A R Y ------------

Command Line: -XX:+ShowCodeDetailsInExceptionMessages com.ur91k.jdiep.Main

Host: AMD Ryzen 7 5800X 8-Core Processor             , 16 cores, 15G,  Windows 11 , 64 bit Build 22621 (10.0.22621.4391)
Time: Mon Dec 30 11:44:02 2024 South Africa Standard Time elapsed time: 1.474794 seconds (0d 0h 0m 1s)

---------------  T H R E A D  ---------------

Current thread (0x0000025f1be90da0):  JavaThread "main" [_thread_in_vm, id=13808, stack(0x000000769b500000,0x000000769b600000)]

Stack: [0x000000769b500000,0x000000769b600000],  sp=0x000000769b5feee8,  free space=1019k
Native frames: (J=compiled Java code, j=interpreted, Vv=VM code, C=native code)
V  [jvm.dll+0xc4d0]

Java frames: (J=compiled Java code, j=interpreted, Vv=VM code)
j  imgui.ImGui.plotLines(Ljava/lang/String;[FIILjava/lang/String;FFFF)V+0
j  com.ur91k.jdiep.debug.ImGuiDebugManager.renderDebugWindows()V+80
j  com.ur91k.jdiep.debug.ImGuiDebugManager.update()V+77
j  com.ur91k.jdiep.core.game.Game.gameLoop()V+95
j  com.ur91k.jdiep.core.game.Game.start()V+19
j  com.ur91k.jdiep.Main.main([Ljava/lang/String;)V+269
v  ~StubRoutines::call_stub

siginfo: EXCEPTION_ACCESS_VIOLATION (0xc0000005), reading address 0x0000000000000000


Registers:
RAX=0x0000000000000000, RBX=0x0000025f1be90da0, RCX=0x0000000000000000, RDX=0x0000000000000000
RSP=0x000000769b5feee8, RBP=0x0000000000000000, RSI=0x0000000000000000, RDI=0x0000000000000000
R8 =0x0000000000000000, R9 =0x0000000000000001, R10=0x0000025f872effda, R11=0x0000025f872effd0
R12=0x0000025f1be91058, R13=0x000000769b5ff158, R14=0x0000000000000000, R15=0x0000000000000000
RIP=0x00007ffc0cb8c4d0, EFLAGS=0x0000000000010246


Register to memory mapping:

RIP=0x00007ffc0cb8c4d0 jvm.dll
RAX=0x0 is NULL
RBX=0x0000025f1be90da0 is a thread
RCX=0x0 is NULL
RDX=0x0 is NULL
RSP=0x000000769b5feee8 is pointing into the stack for thread: 0x0000025f1be90da0
RBP=0x0 is NULL
RSI=0x0 is NULL
RDI=0x0 is NULL
R8 =0x0 is NULL
R9 =0x0000000000000001 is an unknown value
R10=0x0000025f872effda points into unknown readable memory: 00 00 00 00 00 00
R11=0x0000025f872effd0 points into unknown readable memory: 0x797469636f6c6556 | 56 65 6c 6f 63 69 74 79
R12=0x0000025f1be91058 points into unknown readable memory: 0x0000025f85354e60 | 60 4e 35 85 5f 02 00 00
R13=0x000000769b5ff158 is pointing into the stack for thread: 0x0000025f1be90da0
R14=0x0 is NULL
R15=0x0 is NULL


Top of Stack: (sp=0x000000769b5feee8)
0x000000769b5feee8:   00007ffc0cf644db 0000025f1be90da0
0x000000769b5feef8:   00000007117c37c0 0000000000000000
0x000000769b5fef08:   000000769b5ff0b8 0000025f1be90da0
0x000000769b5fef18:   0000000000000000 0000000000000100
0x000000769b5fef28:   0000000000000000 0000000000000030
0x000000769b5fef38:   0000025f872effd0 0000025f81742498
0x000000769b5fef48:   00007ffc030a3f09 0000000000000000
0x000000769b5fef58:   000000769b5ff150 0000000000000000
0x000000769b5fef68:   0000025f1be90da0 0000000200000009
0x000000769b5fef78:   0000000000000009 0000025f1be91290
0x000000769b5fef88:   0000006000000003 000000769b5ff158
0x000000769b5fef98:   0000025f81742498 0000000000000000
0x000000769b5fefa8:   0000000000020f68 8000000000000000
0x000000769b5fefb8:   8000000000000000 0000000000000000
0x000000769b5fefc8:   401921fb60000000 0000000000000000
0x000000769b5fefd8:   0000000000000000 0000000000000000
0x000000769b5fefe8:   0000000000000000 0000025f81742498
0x000000769b5feff8:   0000025f81742498 0000000000000130
0x000000769b5ff008:   0000000000020f68 000000769b5ff0f8
0x000000769b5ff018:   0000000000000000 0000025f81742498
0x000000769b5ff028:   000000769b5ff158 0000025f1be90da0
0x000000769b5ff038:   0000025f2ae1d6e1 000000769b5ff158
0x000000769b5ff048:   00007ffc0cf01db1 0000025f1be90da0
0x000000769b5ff058:   0000025f1be90da0 0000025f00000030
0x000000769b5ff068:   0000000700000000 0000000000000000
0x000000769b5ff078:   0000025fc47a0000 0000025f447a0000
0x000000769b5ff088:   0000000043960000 0000000042a00000
0x000000769b5ff098:   000000071006e568 0000025f4003eca0
0x000000769b5ff0a8:   0000025f2ae1d3b6 000000769b5ff0b0
0x000000769b5ff0b8:   0000025f81742498 000000769b5ff158
0x000000769b5ff0c8:   0000025f81750000 0000000000000000
0x000000769b5ff0d8:   000000070fe5f3c8 0000025f81742498 

Instructions: (pc=0x00007ffc0cb8c4d0)
0x00007ffc0cb8c3d0:   48 08 48 8b 40 50 48 d3 ea 80 3c 02 01 0f 85 d0
0x00007ffc0cb8c3e0:   00 00 00 48 8b 13 0f b6 c2 24 03 3c 03 75 19 48
0x00007ffc0cb8c3f0:   83 e2 fc 74 13 48 3b da 74 11 48 8b c2 48 8b 5c
0x00007ffc0cb8c400:   24 38 48 83 c4 20 5e c3 48 8b d3 48 8b 46 38 0f
0x00007ffc0cb8c410:   be 88 f1 02 00 00 c1 e9 02 f6 c1 01 74 dc 48 89
0x00007ffc0cb8c420:   7c 24 30 e8 78 e3 ff ff 4c 8b 05 49 76 bb 00 48
0x00007ffc0cb8c430:   8b f8 49 81 c0 70 09 00 00 41 8b 40 40 0f b6 57
0x00007ffc0cb8c440:   21 8d 42 01 88 47 21 84 d2 75 0d 48 8b d7 49 8b
0x00007ffc0cb8c450:   c8 e8 0a 6b 70 00 eb 1f 80 7f 22 00 75 19 41 8b
0x00007ffc0cb8c460:   48 40 85 0d 94 2a 9b 00 74 0d f0 41 ff 48 40 49
0x00007ffc0cb8c470:   8b c8 e8 29 6b 70 00 48 8b 4e 38 4c 8b c7 48 8b
0x00007ffc0cb8c480:   d3 e8 ca f7 ff ff 0f b6 4f 21 48 8b d8 48 8b 15
0x00007ffc0cb8c490:   e4 75 bb 00 8d 41 ff 88 47 21 80 f9 01 77 0f 48
0x00007ffc0cb8c4a0:   8d 8a 70 09 00 00 48 8b d7 e8 e2 6a 70 00 48 8b
0x00007ffc0cb8c4b0:   7c 24 30 48 8b c3 48 8b 5c 24 38 48 83 c4 20 5e
0x00007ffc0cb8c4c0:   c3 cc cc cc cc cc cc cc cc cc cc cc cc cc cc cc
0x00007ffc0cb8c4d0:   48 8b 01 c3 cc cc cc cc cc cc cc cc cc cc cc cc
0x00007ffc0cb8c4e0:   4c 8b 01 4c 8b c9 48 8b 0d e3 f6 b6 00 ba 44 60
0x00007ffc0cb8c4f0:   08 00 e9 a9 f1 ff ff cc cc cc cc cc cc cc cc cc
0x00007ffc0cb8c500:   48 89 5c 24 08 57 48 83 ec 20 48 8b 39 48 8b d9
0x00007ffc0cb8c510:   48 85 3d 71 e4 bb 00 75 0e 48 8b c7 48 8b 5c 24
0x00007ffc0cb8c520:   30 48 83 c4 20 5f c3 48 8b cf e8 91 ea 85 00 48
0x00007ffc0cb8c530:   8b d0 48 85 c0 74 20 48 8b c7 f0 48 0f b1 13 74
0x00007ffc0cb8c540:   16 48 85 05 40 e4 bb 00 74 0d 48 8b c8 f0 48 0f
0x00007ffc0cb8c550:   b1 13 48 3b c1 75 ea 48 8b 5c 24 30 48 8b c2 48
0x00007ffc0cb8c560:   83 c4 20 5f c3 cc cc cc cc cc cc cc cc cc cc cc
0x00007ffc0cb8c570:   4c 8b 01 4c 8b c9 48 8b 0d 53 f6 b6 00 ba 64 60
0x00007ffc0cb8c580:   08 00 e9 19 f1 ff ff cc cc cc cc cc cc cc cc cc
0x00007ffc0cb8c590:   8b 05 72 3d b1 00 c3 cc cc cc cc cc cc cc cc cc
0x00007ffc0cb8c5a0:   0f b6 05 f1 fe b7 00 48 8b d1 84 c0 74 16 44 8b
0x00007ffc0cb8c5b0:   41 08 8b 0d 50 3d b1 00 49 d3 e0 4c 03 05 3e 3d
0x00007ffc0cb8c5c0:   b1 00 eb 04 4c 8b 41 08 45 8b 48 08 45 85 c9 7e 


Stack slot to memory mapping:
stack at sp + 0 slots: 0x00007ffc0cf644db jvm.dll
stack at sp + 1 slots: 0x0000025f1be90da0 is a thread
stack at sp + 2 slots: 0x00000007117c37c0 is an oop: java.lang.String 
{0x00000007117c37c0} - klass: 'java/lang/String'
 - string: "Velocity X"
stack at sp + 3 slots: 0x0 is NULL
stack at sp + 4 slots: 0x000000769b5ff0b8 is pointing into the stack for thread: 0x0000025f1be90da0
stack at sp + 5 slots: 0x0000025f1be90da0 is a thread
stack at sp + 6 slots: 0x0 is NULL
stack at sp + 7 slots: 0x0000000000000100 is an unknown value


---------------  P R O C E S S  ---------------

Threads class SMR info:
_java_thread_list=0x0000025f87575860, length=15, elements={
0x0000025f1be90da0, 0x0000025f3f985a80, 0x0000025f3f986900, 0x0000025f3f9a17f0,
0x0000025f3f9a21b0, 0x0000025f3f9a2b70, 0x0000025f3f9a3530, 0x0000025f3f9b0f90,
0x0000025f3f9bd9d0, 0x0000025f3f9c9680, 0x0000025f3f9bc9e0, 0x0000025f3f9bb9f0,
0x0000025f3f9bdf20, 0x0000025f3fb2f620, 0x0000025f3fb35ba0
}

Java Threads: ( => current thread )
=>0x0000025f1be90da0 JavaThread "main" [_thread_in_vm, id=13808, stack(0x000000769b500000,0x000000769b600000)]
  0x0000025f3f985a80 JavaThread "Reference Handler" daemon [_thread_blocked, id=24432, stack(0x000000769bc00000,0x000000769bd00000)]
  0x0000025f3f986900 JavaThread "Finalizer" daemon [_thread_blocked, id=24528, stack(0x000000769bd00000,0x000000769be00000)]
  0x0000025f3f9a17f0 JavaThread "Signal Dispatcher" daemon [_thread_blocked, id=9508, stack(0x000000769be00000,0x000000769bf00000)]
  0x0000025f3f9a21b0 JavaThread "Attach Listener" daemon [_thread_blocked, id=3884, stack(0x000000769bf00000,0x000000769c000000)]
  0x0000025f3f9a2b70 JavaThread "Service Thread" daemon [_thread_blocked, id=23764, stack(0x000000769c000000,0x000000769c100000)]
  0x0000025f3f9a3530 JavaThread "Monitor Deflation Thread" daemon [_thread_blocked, id=23752, stack(0x000000769c100000,0x000000769c200000)]
  0x0000025f3f9b0f90 JavaThread "C2 CompilerThread0" daemon [_thread_blocked, id=4644, stack(0x000000769c200000,0x000000769c300000)]
  0x0000025f3f9bd9d0 JavaThread "C1 CompilerThread0" daemon [_thread_blocked, id=21060, stack(0x000000769c300000,0x000000769c400000)]
  0x0000025f3f9c9680 JavaThread "Sweeper thread" daemon [_thread_blocked, id=23792, stack(0x000000769c400000,0x000000769c500000)]
  0x0000025f3f9bc9e0 JavaThread "C1 CompilerThread1" daemon [_thread_blocked, id=23760, stack(0x000000769c500000,0x000000769c600000)]
  0x0000025f3f9bb9f0 JavaThread "C1 CompilerThread2" daemon [_thread_blocked, id=24552, stack(0x000000769c600000,0x000000769c700000)]
  0x0000025f3f9bdf20 JavaThread "C1 CompilerThread3" daemon [_thread_blocked, id=23724, stack(0x000000769c700000,0x000000769c800000)]
  0x0000025f3fb2f620 JavaThread "Notification Thread" daemon [_thread_blocked, id=1956, stack(0x000000769c800000,0x000000769c900000)]
  0x0000025f3fb35ba0 JavaThread "Common-Cleaner" daemon [_thread_blocked, id=7988, stack(0x000000769ca00000,0x000000769cb00000)]

Other Threads:
  0x0000025f3f9803e0 VMThread "VM Thread" [stack: 0x000000769bb00000,0x000000769bc00000] [id=16300]
  0x0000025f3fb31f20 WatcherThread [stack: 0x000000769c900000,0x000000769ca00000] [id=5516]
  0x0000025f1bf07c80 GCTaskThread "GC Thread#0" [stack: 0x000000769b600000,0x000000769b700000] [id=3352]
  0x0000025f872987f0 GCTaskThread "GC Thread#1" [stack: 0x000000769d300000,0x000000769d400000] [id=21008]
  0x0000025f87298ab0 GCTaskThread "GC Thread#2" [stack: 0x000000769d400000,0x000000769d500000] [id=22184]
  0x0000025f87298d70 GCTaskThread "GC Thread#3" [stack: 0x000000769d500000,0x000000769d600000] [id=18124]
  0x0000025f87299030 GCTaskThread "GC Thread#4" [stack: 0x000000769d600000,0x000000769d700000] [id=20524]
  0x0000025f8771de30 GCTaskThread "GC Thread#5" [stack: 0x000000769d700000,0x000000769d800000] [id=4560]
  0x0000025f87218340 GCTaskThread "GC Thread#6" [stack: 0x000000769d800000,0x000000769d900000] [id=22092]
  0x0000025f87218600 GCTaskThread "GC Thread#7" [stack: 0x000000769d900000,0x000000769da00000] [id=24392]
  0x0000025f8721b0e0 GCTaskThread "GC Thread#8" [stack: 0x000000769da00000,0x000000769db00000] [id=23156]
  0x0000025f8721b3a0 GCTaskThread "GC Thread#9" [stack: 0x000000769db00000,0x000000769dc00000] [id=21492]
  0x0000025f1bf18a50 ConcurrentGCThread "G1 Main Marker" [stack: 0x000000769b700000,0x000000769b800000] [id=16408]
  0x0000025f1bf19c10 ConcurrentGCThread "G1 Conc#0" [stack: 0x000000769b800000,0x000000769b900000] [id=20208]
  0x0000025f3f3f7cb0 ConcurrentGCThread "G1 Refine#0" [stack: 0x000000769b900000,0x000000769ba00000] [id=23036]
  0x0000025f3f3f86e0 ConcurrentGCThread "G1 Service" [stack: 0x000000769ba00000,0x000000769bb00000] [id=23772]

Threads with active compile tasks:

VM state: not at safepoint (normal execution)

VM Mutex/Monitor currently owned by a thread: None

Heap address: 0x0000000701800000, size: 4072 MB, Compressed Oops mode: Zero based, Oop shift amount: 3

CDS archive(s) mapped at: [0x0000025f40000000-0x0000025f40bb0000-0x0000025f40bb0000), size 12255232, SharedBaseAddress: 0x0000025f40000000, ArchiveRelocationMode: 1.
Compressed class space mapped at: 0x0000025f41000000-0x0000025f81000000, reserved size: 1073741824
Narrow klass base: 0x0000025f40000000, Narrow klass shift: 0, Narrow klass range: 0x100000000

GC Precious Log:
 CPUs: 16 total, 16 available
 Memory: 16286M
 Large Page Support: Disabled
 NUMA Support: Disabled
 Compressed Oops: Enabled (Zero based)
 Heap Region Size: 2M
 Heap Min Capacity: 8M
 Heap Initial Capacity: 256M
 Heap Max Capacity: 4072M
 Pre-touch: Disabled
 Parallel Workers: 13
 Concurrent Workers: 3
 Concurrent Refinement Workers: 13
 Periodic GC: Disabled

Heap:
 garbage-first heap   total 262144K, used 6987K [0x0000000701800000, 0x0000000800000000)
  region size 2048K, 4 young (8192K), 2 survivors (4096K)
 Metaspace       used 9041K, committed 9216K, reserved 1114112K
  class space    used 620K, committed 704K, reserved 1048576K

Heap Regions: E=young(eden), S=young(survivor), O=old, HS=humongous(starts), HC=humongous(continues), CS=collection set, F=free, OA=open archive, CA=closed archive, TAMS=top-at-mark-start (previous, next)
|   0|0x0000000701800000, 0x00000007018d2e00, 0x0000000701a00000| 41%| O|  |TAMS 0x0000000701800000, 0x0000000701800000| Untracked 
|   1|0x0000000701a00000, 0x0000000701a00000, 0x0000000701c00000|  0%| F|  |TAMS 0x0000000701a00000, 0x0000000701a00000| Untracked 
|   2|0x0000000701c00000, 0x0000000701c00000, 0x0000000701e00000|  0%| F|  |TAMS 0x0000000701c00000, 0x0000000701c00000| Untracked 
|   3|0x0000000701e00000, 0x0000000701e00000, 0x0000000702000000|  0%| F|  |TAMS 0x0000000701e00000, 0x0000000701e00000| Untracked 
|   4|0x0000000702000000, 0x0000000702000000, 0x0000000702200000|  0%| F|  |TAMS 0x0000000702000000, 0x0000000702000000| Untracked 
|   5|0x0000000702200000, 0x0000000702200000, 0x0000000702400000|  0%| F|  |TAMS 0x0000000702200000, 0x0000000702200000| Untracked 
|   6|0x0000000702400000, 0x0000000702400000, 0x0000000702600000|  0%| F|  |TAMS 0x0000000702400000, 0x0000000702400000| Untracked 
|   7|0x0000000702600000, 0x0000000702600000, 0x0000000702800000|  0%| F|  |TAMS 0x0000000702600000, 0x0000000702600000| Untracked 
|   8|0x0000000702800000, 0x0000000702800000, 0x0000000702a00000|  0%| F|  |TAMS 0x0000000702800000, 0x0000000702800000| Untracked 
|   9|0x0000000702a00000, 0x0000000702a00000, 0x0000000702c00000|  0%| F|  |TAMS 0x0000000702a00000, 0x0000000702a00000| Untracked 
|  10|0x0000000702c00000, 0x0000000702c00000, 0x0000000702e00000|  0%| F|  |TAMS 0x0000000702c00000, 0x0000000702c00000| Untracked 
|  11|0x0000000702e00000, 0x0000000702e00000, 0x0000000703000000|  0%| F|  |TAMS 0x0000000702e00000, 0x0000000702e00000| Untracked 
|  12|0x0000000703000000, 0x0000000703000000, 0x0000000703200000|  0%| F|  |TAMS 0x0000000703000000, 0x0000000703000000| Untracked 
|  13|0x0000000703200000, 0x0000000703200000, 0x0000000703400000|  0%| F|  |TAMS 0x0000000703200000, 0x0000000703200000| Untracked 
|  14|0x0000000703400000, 0x0000000703400000, 0x0000000703600000|  0%| F|  |TAMS 0x0000000703400000, 0x0000000703400000| Untracked 
|  15|0x0000000703600000, 0x0000000703600000, 0x0000000703800000|  0%| F|  |TAMS 0x0000000703600000, 0x0000000703600000| Untracked 
|  16|0x0000000703800000, 0x0000000703800000, 0x0000000703a00000|  0%| F|  |TAMS 0x0000000703800000, 0x0000000703800000| Untracked 
|  17|0x0000000703a00000, 0x0000000703a00000, 0x0000000703c00000|  0%| F|  |TAMS 0x0000000703a00000, 0x0000000703a00000| Untracked 
|  18|0x0000000703c00000, 0x0000000703c00000, 0x0000000703e00000|  0%| F|  |TAMS 0x0000000703c00000, 0x0000000703c00000| Untracked 
|  19|0x0000000703e00000, 0x0000000703e00000, 0x0000000704000000|  0%| F|  |TAMS 0x0000000703e00000, 0x0000000703e00000| Untracked 
|  20|0x0000000704000000, 0x0000000704000000, 0x0000000704200000|  0%| F|  |TAMS 0x0000000704000000, 0x0000000704000000| Untracked 
|  21|0x0000000704200000, 0x0000000704200000, 0x0000000704400000|  0%| F|  |TAMS 0x0000000704200000, 0x0000000704200000| Untracked 
|  22|0x0000000704400000, 0x0000000704400000, 0x0000000704600000|  0%| F|  |TAMS 0x0000000704400000, 0x0000000704400000| Untracked 
|  23|0x0000000704600000, 0x0000000704600000, 0x0000000704800000|  0%| F|  |TAMS 0x0000000704600000, 0x0000000704600000| Untracked 
|  24|0x0000000704800000, 0x0000000704800000, 0x0000000704a00000|  0%| F|  |TAMS 0x0000000704800000, 0x0000000704800000| Untracked 
|  25|0x0000000704a00000, 0x0000000704a00000, 0x0000000704c00000|  0%| F|  |TAMS 0x0000000704a00000, 0x0000000704a00000| Untracked 
|  26|0x0000000704c00000, 0x0000000704c00000, 0x0000000704e00000|  0%| F|  |TAMS 0x0000000704c00000, 0x0000000704c00000| Untracked 
|  27|0x0000000704e00000, 0x0000000704e00000, 0x0000000705000000|  0%| F|  |TAMS 0x0000000704e00000, 0x0000000704e00000| Untracked 
|  28|0x0000000705000000, 0x0000000705000000, 0x0000000705200000|  0%| F|  |TAMS 0x0000000705000000, 0x0000000705000000| Untracked 
|  29|0x0000000705200000, 0x0000000705200000, 0x0000000705400000|  0%| F|  |TAMS 0x0000000705200000, 0x0000000705200000| Untracked 
|  30|0x0000000705400000, 0x0000000705400000, 0x0000000705600000|  0%| F|  |TAMS 0x0000000705400000, 0x0000000705400000| Untracked 
|  31|0x0000000705600000, 0x0000000705600000, 0x0000000705800000|  0%| F|  |TAMS 0x0000000705600000, 0x0000000705600000| Untracked 
|  32|0x0000000705800000, 0x0000000705800000, 0x0000000705a00000|  0%| F|  |TAMS 0x0000000705800000, 0x0000000705800000| Untracked 
|  33|0x0000000705a00000, 0x0000000705a00000, 0x0000000705c00000|  0%| F|  |TAMS 0x0000000705a00000, 0x0000000705a00000| Untracked 
|  34|0x0000000705c00000, 0x0000000705c00000, 0x0000000705e00000|  0%| F|  |TAMS 0x0000000705c00000, 0x0000000705c00000| Untracked 
|  35|0x0000000705e00000, 0x0000000705e00000, 0x0000000706000000|  0%| F|  |TAMS 0x0000000705e00000, 0x0000000705e00000| Untracked 
|  36|0x0000000706000000, 0x0000000706000000, 0x0000000706200000|  0%| F|  |TAMS 0x0000000706000000, 0x0000000706000000| Untracked 
|  37|0x0000000706200000, 0x0000000706200000, 0x0000000706400000|  0%| F|  |TAMS 0x0000000706200000, 0x0000000706200000| Untracked 
|  38|0x0000000706400000, 0x0000000706400000, 0x0000000706600000|  0%| F|  |TAMS 0x0000000706400000, 0x0000000706400000| Untracked 
|  39|0x0000000706600000, 0x0000000706600000, 0x0000000706800000|  0%| F|  |TAMS 0x0000000706600000, 0x0000000706600000| Untracked 
|  40|0x0000000706800000, 0x0000000706800000, 0x0000000706a00000|  0%| F|  |TAMS 0x0000000706800000, 0x0000000706800000| Untracked 
|  41|0x0000000706a00000, 0x0000000706a00000, 0x0000000706c00000|  0%| F|  |TAMS 0x0000000706a00000, 0x0000000706a00000| Untracked 
|  42|0x0000000706c00000, 0x0000000706c00000, 0x0000000706e00000|  0%| F|  |TAMS 0x0000000706c00000, 0x0000000706c00000| Untracked 
|  43|0x0000000706e00000, 0x0000000706e00000, 0x0000000707000000|  0%| F|  |TAMS 0x0000000706e00000, 0x0000000706e00000| Untracked 
|  44|0x0000000707000000, 0x0000000707000000, 0x0000000707200000|  0%| F|  |TAMS 0x0000000707000000, 0x0000000707000000| Untracked 
|  45|0x0000000707200000, 0x0000000707200000, 0x0000000707400000|  0%| F|  |TAMS 0x0000000707200000, 0x0000000707200000| Untracked 
|  46|0x0000000707400000, 0x0000000707400000, 0x0000000707600000|  0%| F|  |TAMS 0x0000000707400000, 0x0000000707400000| Untracked 
|  47|0x0000000707600000, 0x0000000707600000, 0x0000000707800000|  0%| F|  |TAMS 0x0000000707600000, 0x0000000707600000| Untracked 
|  48|0x0000000707800000, 0x0000000707800000, 0x0000000707a00000|  0%| F|  |TAMS 0x0000000707800000, 0x0000000707800000| Untracked 
|  49|0x0000000707a00000, 0x0000000707a00000, 0x0000000707c00000|  0%| F|  |TAMS 0x0000000707a00000, 0x0000000707a00000| Untracked 
|  50|0x0000000707c00000, 0x0000000707c00000, 0x0000000707e00000|  0%| F|  |TAMS 0x0000000707c00000, 0x0000000707c00000| Untracked 
|  51|0x0000000707e00000, 0x0000000707e00000, 0x0000000708000000|  0%| F|  |TAMS 0x0000000707e00000, 0x0000000707e00000| Untracked 
|  52|0x0000000708000000, 0x0000000708000000, 0x0000000708200000|  0%| F|  |TAMS 0x0000000708000000, 0x0000000708000000| Untracked 
|  53|0x0000000708200000, 0x0000000708200000, 0x0000000708400000|  0%| F|  |TAMS 0x0000000708200000, 0x0000000708200000| Untracked 
|  54|0x0000000708400000, 0x0000000708400000, 0x0000000708600000|  0%| F|  |TAMS 0x0000000708400000, 0x0000000708400000| Untracked 
|  55|0x0000000708600000, 0x0000000708600000, 0x0000000708800000|  0%| F|  |TAMS 0x0000000708600000, 0x0000000708600000| Untracked 
|  56|0x0000000708800000, 0x0000000708800000, 0x0000000708a00000|  0%| F|  |TAMS 0x0000000708800000, 0x0000000708800000| Untracked 
|  57|0x0000000708a00000, 0x0000000708a00000, 0x0000000708c00000|  0%| F|  |TAMS 0x0000000708a00000, 0x0000000708a00000| Untracked 
|  58|0x0000000708c00000, 0x0000000708c00000, 0x0000000708e00000|  0%| F|  |TAMS 0x0000000708c00000, 0x0000000708c00000| Untracked 
|  59|0x0000000708e00000, 0x0000000708e00000, 0x0000000709000000|  0%| F|  |TAMS 0x0000000708e00000, 0x0000000708e00000| Untracked 
|  60|0x0000000709000000, 0x0000000709000000, 0x0000000709200000|  0%| F|  |TAMS 0x0000000709000000, 0x0000000709000000| Untracked 
|  61|0x0000000709200000, 0x0000000709200000, 0x0000000709400000|  0%| F|  |TAMS 0x0000000709200000, 0x0000000709200000| Untracked 
|  62|0x0000000709400000, 0x0000000709400000, 0x0000000709600000|  0%| F|  |TAMS 0x0000000709400000, 0x0000000709400000| Untracked 
|  63|0x0000000709600000, 0x0000000709600000, 0x0000000709800000|  0%| F|  |TAMS 0x0000000709600000, 0x0000000709600000| Untracked 
|  64|0x0000000709800000, 0x0000000709800000, 0x0000000709a00000|  0%| F|  |TAMS 0x0000000709800000, 0x0000000709800000| Untracked 
|  65|0x0000000709a00000, 0x0000000709a00000, 0x0000000709c00000|  0%| F|  |TAMS 0x0000000709a00000, 0x0000000709a00000| Untracked 
|  66|0x0000000709c00000, 0x0000000709c00000, 0x0000000709e00000|  0%| F|  |TAMS 0x0000000709c00000, 0x0000000709c00000| Untracked 
|  67|0x0000000709e00000, 0x0000000709e00000, 0x000000070a000000|  0%| F|  |TAMS 0x0000000709e00000, 0x0000000709e00000| Untracked 
|  68|0x000000070a000000, 0x000000070a000000, 0x000000070a200000|  0%| F|  |TAMS 0x000000070a000000, 0x000000070a000000| Untracked 
|  69|0x000000070a200000, 0x000000070a200000, 0x000000070a400000|  0%| F|  |TAMS 0x000000070a200000, 0x000000070a200000| Untracked 
|  70|0x000000070a400000, 0x000000070a400000, 0x000000070a600000|  0%| F|  |TAMS 0x000000070a400000, 0x000000070a400000| Untracked 
|  71|0x000000070a600000, 0x000000070a600000, 0x000000070a800000|  0%| F|  |TAMS 0x000000070a600000, 0x000000070a600000| Untracked 
|  72|0x000000070a800000, 0x000000070a800000, 0x000000070aa00000|  0%| F|  |TAMS 0x000000070a800000, 0x000000070a800000| Untracked 
|  73|0x000000070aa00000, 0x000000070aa00000, 0x000000070ac00000|  0%| F|  |TAMS 0x000000070aa00000, 0x000000070aa00000| Untracked 
|  74|0x000000070ac00000, 0x000000070ac00000, 0x000000070ae00000|  0%| F|  |TAMS 0x000000070ac00000, 0x000000070ac00000| Untracked 
|  75|0x000000070ae00000, 0x000000070ae00000, 0x000000070b000000|  0%| F|  |TAMS 0x000000070ae00000, 0x000000070ae00000| Untracked 
|  76|0x000000070b000000, 0x000000070b000000, 0x000000070b200000|  0%| F|  |TAMS 0x000000070b000000, 0x000000070b000000| Untracked 
|  77|0x000000070b200000, 0x000000070b200000, 0x000000070b400000|  0%| F|  |TAMS 0x000000070b200000, 0x000000070b200000| Untracked 
|  78|0x000000070b400000, 0x000000070b400000, 0x000000070b600000|  0%| F|  |TAMS 0x000000070b400000, 0x000000070b400000| Untracked 
|  79|0x000000070b600000, 0x000000070b600000, 0x000000070b800000|  0%| F|  |TAMS 0x000000070b600000, 0x000000070b600000| Untracked 
|  80|0x000000070b800000, 0x000000070b800000, 0x000000070ba00000|  0%| F|  |TAMS 0x000000070b800000, 0x000000070b800000| Untracked 
|  81|0x000000070ba00000, 0x000000070ba00000, 0x000000070bc00000|  0%| F|  |TAMS 0x000000070ba00000, 0x000000070ba00000| Untracked 
|  82|0x000000070bc00000, 0x000000070bc00000, 0x000000070be00000|  0%| F|  |TAMS 0x000000070bc00000, 0x000000070bc00000| Untracked 
|  83|0x000000070be00000, 0x000000070be00000, 0x000000070c000000|  0%| F|  |TAMS 0x000000070be00000, 0x000000070be00000| Untracked 
|  84|0x000000070c000000, 0x000000070c000000, 0x000000070c200000|  0%| F|  |TAMS 0x000000070c000000, 0x000000070c000000| Untracked 
|  85|0x000000070c200000, 0x000000070c200000, 0x000000070c400000|  0%| F|  |TAMS 0x000000070c200000, 0x000000070c200000| Untracked 
|  86|0x000000070c400000, 0x000000070c400000, 0x000000070c600000|  0%| F|  |TAMS 0x000000070c400000, 0x000000070c400000| Untracked 
|  87|0x000000070c600000, 0x000000070c600000, 0x000000070c800000|  0%| F|  |TAMS 0x000000070c600000, 0x000000070c600000| Untracked 
|  88|0x000000070c800000, 0x000000070c800000, 0x000000070ca00000|  0%| F|  |TAMS 0x000000070c800000, 0x000000070c800000| Untracked 
|  89|0x000000070ca00000, 0x000000070ca00000, 0x000000070cc00000|  0%| F|  |TAMS 0x000000070ca00000, 0x000000070ca00000| Untracked 
|  90|0x000000070cc00000, 0x000000070cc00000, 0x000000070ce00000|  0%| F|  |TAMS 0x000000070cc00000, 0x000000070cc00000| Untracked 
|  91|0x000000070ce00000, 0x000000070ce00000, 0x000000070d000000|  0%| F|  |TAMS 0x000000070ce00000, 0x000000070ce00000| Untracked 
|  92|0x000000070d000000, 0x000000070d000000, 0x000000070d200000|  0%| F|  |TAMS 0x000000070d000000, 0x000000070d000000| Untracked 
|  93|0x000000070d200000, 0x000000070d200000, 0x000000070d400000|  0%| F|  |TAMS 0x000000070d200000, 0x000000070d200000| Untracked 
|  94|0x000000070d400000, 0x000000070d400000, 0x000000070d600000|  0%| F|  |TAMS 0x000000070d400000, 0x000000070d400000| Untracked 
|  95|0x000000070d600000, 0x000000070d600000, 0x000000070d800000|  0%| F|  |TAMS 0x000000070d600000, 0x000000070d600000| Untracked 
|  96|0x000000070d800000, 0x000000070d800000, 0x000000070da00000|  0%| F|  |TAMS 0x000000070d800000, 0x000000070d800000| Untracked 
|  97|0x000000070da00000, 0x000000070da00000, 0x000000070dc00000|  0%| F|  |TAMS 0x000000070da00000, 0x000000070da00000| Untracked 
|  98|0x000000070dc00000, 0x000000070dc00000, 0x000000070de00000|  0%| F|  |TAMS 0x000000070dc00000, 0x000000070dc00000| Untracked 
|  99|0x000000070de00000, 0x000000070de00000, 0x000000070e000000|  0%| F|  |TAMS 0x000000070de00000, 0x000000070de00000| Untracked 
| 100|0x000000070e000000, 0x000000070e000000, 0x000000070e200000|  0%| F|  |TAMS 0x000000070e000000, 0x000000070e000000| Untracked 
| 101|0x000000070e200000, 0x000000070e200000, 0x000000070e400000|  0%| F|  |TAMS 0x000000070e200000, 0x000000070e200000| Untracked 
| 102|0x000000070e400000, 0x000000070e400000, 0x000000070e600000|  0%| F|  |TAMS 0x000000070e400000, 0x000000070e400000| Untracked 
| 103|0x000000070e600000, 0x000000070e600000, 0x000000070e800000|  0%| F|  |TAMS 0x000000070e600000, 0x000000070e600000| Untracked 
| 104|0x000000070e800000, 0x000000070e800000, 0x000000070ea00000|  0%| F|  |TAMS 0x000000070e800000, 0x000000070e800000| Untracked 
| 105|0x000000070ea00000, 0x000000070ea00000, 0x000000070ec00000|  0%| F|  |TAMS 0x000000070ea00000, 0x000000070ea00000| Untracked 
| 106|0x000000070ec00000, 0x000000070ec00000, 0x000000070ee00000|  0%| F|  |TAMS 0x000000070ec00000, 0x000000070ec00000| Untracked 
| 107|0x000000070ee00000, 0x000000070ee00000, 0x000000070f000000|  0%| F|  |TAMS 0x000000070ee00000, 0x000000070ee00000| Untracked 
| 108|0x000000070f000000, 0x000000070f000000, 0x000000070f200000|  0%| F|  |TAMS 0x000000070f000000, 0x000000070f000000| Untracked 
| 109|0x000000070f200000, 0x000000070f200000, 0x000000070f400000|  0%| F|  |TAMS 0x000000070f200000, 0x000000070f200000| Untracked 
| 110|0x000000070f400000, 0x000000070f400000, 0x000000070f600000|  0%| F|  |TAMS 0x000000070f400000, 0x000000070f400000| Untracked 
| 111|0x000000070f600000, 0x000000070f600000, 0x000000070f800000|  0%| F|  |TAMS 0x000000070f600000, 0x000000070f600000| Untracked 
| 112|0x000000070f800000, 0x000000070f800000, 0x000000070fa00000|  0%| F|  |TAMS 0x000000070f800000, 0x000000070f800000| Untracked 
| 113|0x000000070fa00000, 0x000000070fa00000, 0x000000070fc00000|  0%| F|  |TAMS 0x000000070fa00000, 0x000000070fa00000| Untracked 
| 114|0x000000070fc00000, 0x000000070fc00000, 0x000000070fe00000|  0%| F|  |TAMS 0x000000070fc00000, 0x000000070fc00000| Untracked 
| 115|0x000000070fe00000, 0x0000000710000000, 0x0000000710000000|100%| S|CS|TAMS 0x000000070fe00000, 0x000000070fe00000| Complete 
| 116|0x0000000710000000, 0x0000000710200000, 0x0000000710200000|100%| S|CS|TAMS 0x0000000710000000, 0x0000000710000000| Complete 
| 117|0x0000000710200000, 0x0000000710200000, 0x0000000710400000|  0%| F|  |TAMS 0x0000000710200000, 0x0000000710200000| Untracked 
| 118|0x0000000710400000, 0x0000000710400000, 0x0000000710600000|  0%| F|  |TAMS 0x0000000710400000, 0x0000000710400000| Untracked 
| 119|0x0000000710600000, 0x0000000710600000, 0x0000000710800000|  0%| F|  |TAMS 0x0000000710600000, 0x0000000710600000| Untracked 
| 120|0x0000000710800000, 0x0000000710800000, 0x0000000710a00000|  0%| F|  |TAMS 0x0000000710800000, 0x0000000710800000| Untracked 
| 121|0x0000000710a00000, 0x0000000710a00000, 0x0000000710c00000|  0%| F|  |TAMS 0x0000000710a00000, 0x0000000710a00000| Untracked 
| 122|0x0000000710c00000, 0x0000000710c00000, 0x0000000710e00000|  0%| F|  |TAMS 0x0000000710c00000, 0x0000000710c00000| Untracked 
| 123|0x0000000710e00000, 0x0000000710e00000, 0x0000000711000000|  0%| F|  |TAMS 0x0000000710e00000, 0x0000000710e00000| Untracked 
| 124|0x0000000711000000, 0x0000000711000000, 0x0000000711200000|  0%| F|  |TAMS 0x0000000711000000, 0x0000000711000000| Untracked 
| 125|0x0000000711200000, 0x0000000711200000, 0x0000000711400000|  0%| F|  |TAMS 0x0000000711200000, 0x0000000711200000| Untracked 
| 126|0x0000000711400000, 0x0000000711516d30, 0x0000000711600000| 54%| E|  |TAMS 0x0000000711400000, 0x0000000711400000| Complete 
| 127|0x0000000711600000, 0x0000000711800000, 0x0000000711800000|100%| E|CS|TAMS 0x0000000711600000, 0x0000000711600000| Complete 

Card table byte_map: [0x0000025f33a60000,0x0000025f34260000] _byte_map_base: 0x0000025f30254000

Marking Bits (Prev, Next): (CMBitMap*) 0x0000025f1bf082a0, (CMBitMap*) 0x0000025f1bf082e0
 Prev Bits: [0x0000025f34a60000, 0x0000025f38a00000)
 Next Bits: [0x0000025f38a00000, 0x0000025f3c9a0000)

Polling page: 0x0000025f19e30000

Metaspace:

Usage:
  Non-class:      8.22 MB used.
      Class:    620.04 KB used.
       Both:      8.83 MB used.

Virtual space:
  Non-class space:       64.00 MB reserved,       8.31 MB ( 13%) committed,  1 nodes.
      Class space:        1.00 GB reserved,     704.00 KB ( <1%) committed,  1 nodes.
             Both:        1.06 GB reserved,       9.00 MB ( <1%) committed. 

Chunk freelists:
   Non-Class:  6.30 MB
       Class:  15.36 MB
        Both:  21.66 MB

MaxMetaspaceSize: unlimited
CompressedClassSpaceSize: 1.00 GB
Initial GC threshold: 21.00 MB
Current GC threshold: 21.00 MB
CDS: on
MetaspaceReclaimPolicy: balanced
 - commit_granule_bytes: 65536.
 - commit_granule_words: 8192.
 - virtual_space_node_default_size: 8388608.
 - enlarge_chunks_in_place: 1.
 - new_chunks_are_fully_committed: 0.
 - uncommit_free_chunks: 1.
 - use_allocation_guard: 0.
 - handle_deallocations: 1.


Internal statistics:

num_allocs_failed_limit: 0.
num_arena_births: 94.
num_arena_deaths: 0.
num_vsnodes_births: 2.
num_vsnodes_deaths: 0.
num_space_committed: 142.
num_space_uncommitted: 0.
num_chunks_returned_to_freelist: 0.
num_chunks_taken_from_freelist: 317.
num_chunk_merges: 0.
num_chunk_splits: 249.
num_chunks_enlarged: 206.
num_inconsistent_stats: 0.

CodeHeap 'non-profiled nmethods': size=119168Kb used=497Kb max_used=497Kb free=118671Kb
 bounds [0x0000025f2b560000, 0x0000025f2b7d0000, 0x0000025f329c0000]
CodeHeap 'profiled nmethods': size=119104Kb used=2376Kb max_used=2376Kb free=116727Kb
 bounds [0x0000025f239c0000, 0x0000025f23c30000, 0x0000025f2ae10000]
CodeHeap 'non-nmethods': size=7488Kb used=3520Kb max_used=3547Kb free=3967Kb
 bounds [0x0000025f2ae10000, 0x0000025f2b190000, 0x0000025f2b560000]
 total_blobs=2763 nmethods=1429 adapters=1244
 compilation: enabled
              stopped_count=0, restarted_count=0
 full_count=0

Compilation events (20 events):
Event: 1.438 Thread 0x0000025f3f9b0f90 1420       4       org.lwjgl.system.MemoryStack::nASCII (20 bytes)
Event: 1.440 Thread 0x0000025f3f9b0f90 nmethod 1420 0x0000025f2b5da110 code [0x0000025f2b5da2a0, 0x0000025f2b5da528]
Event: 1.440 Thread 0x0000025f3f9b0f90 1421   !   4       org.lwjgl.opengl.GL20C::glGetUniformLocation (48 bytes)
Event: 1.444 Thread 0x0000025f3f9b0f90 nmethod 1421 0x0000025f2b5da810 code [0x0000025f2b5daa00, 0x0000025f2b5daec0]
Event: 1.452 Thread 0x0000025f3f9b0f90 1422       4       java.util.concurrent.atomic.AtomicLong::compareAndSet (13 bytes)
Event: 1.452 Thread 0x0000025f3f9b0f90 nmethod 1422 0x0000025f2b5db510 code [0x0000025f2b5db680, 0x0000025f2b5db718]
Event: 1.452 Thread 0x0000025f3f9b0f90 1423       4       java.util.concurrent.atomic.AtomicLong::addAndGet (14 bytes)
Event: 1.452 Thread 0x0000025f3f9b0f90 nmethod 1423 0x0000025f2b5db810 code [0x0000025f2b5db980, 0x0000025f2b5dba18]
Event: 1.453 Thread 0x0000025f3f9bdf20 1424       3       org.jbox2d.collision.broadphase.DynamicTree::getUserData (37 bytes)
Event: 1.453 Thread 0x0000025f3f9bc9e0 1425       1       org.jbox2d.dynamics.Body::getContactList (5 bytes)
Event: 1.453 Thread 0x0000025f3f9bc9e0 nmethod 1425 0x0000025f2b5dbb10 code [0x0000025f2b5dbca0, 0x0000025f2b5dbd78]
Event: 1.453 Thread 0x0000025f3f9bdf20 nmethod 1424 0x0000025f23c0ed10 code [0x0000025f23c0eea0, 0x0000025f23c0eff8]
Event: 1.465 Thread 0x0000025f3f9b0f90 1426       4       java.util.concurrent.atomic.AtomicLong::incrementAndGet (14 bytes)
Event: 1.465 Thread 0x0000025f3f9bc9e0 1428       3       com.ur91k.jdiep.graphics.core.OpenGLRenderer::drawPolygon (196 bytes)
Event: 1.465 Thread 0x0000025f3f9bd9d0 1427       3       com.ur91k.jdiep.ecs.components.rendering.ShapeComponent::getVertices (38 bytes)
Event: 1.465 Thread 0x0000025f3f9b0f90 nmethod 1426 0x0000025f2b5dbe10 code [0x0000025f2b5dbf80, 0x0000025f2b5dc018]
Event: 1.465 Thread 0x0000025f3f9bd9d0 nmethod 1427 0x0000025f23c0f110 code [0x0000025f23c0f2e0, 0x0000025f23c0f6f8]
Event: 1.466 Thread 0x0000025f3f9bc9e0 nmethod 1428 0x0000025f23c0f810 code [0x0000025f23c0fc80, 0x0000025f23c11548]
Event: 1.466 Thread 0x0000025f3f9bc9e0 1429       1       java.lang.Float::floatValue (5 bytes)
Event: 1.466 Thread 0x0000025f3f9bc9e0 nmethod 1429 0x0000025f2b5dc110 code [0x0000025f2b5dc2a0, 0x0000025f2b5dc378]

GC Heap History (2 events):
Event: 0.654 GC heap before
{Heap before GC invocations=0 (full 0):
 garbage-first heap   total 262144K, used 20480K [0x0000000701800000, 0x0000000800000000)
  region size 2048K, 11 young (22528K), 0 survivors (0K)
 Metaspace       used 7654K, committed 7808K, reserved 1114112K
  class space    used 573K, committed 640K, reserved 1048576K
}
Event: 0.657 GC heap after
{Heap after GC invocations=1 (full 0):
 garbage-first heap   total 262144K, used 4939K [0x0000000701800000, 0x0000000800000000)
  region size 2048K, 2 young (4096K), 2 survivors (4096K)
 Metaspace       used 7654K, committed 7808K, reserved 1114112K
  class space    used 573K, committed 640K, reserved 1048576K
}

Dll operation events (12 events):
Event: 0.005 Loaded shared library C:\Program Files\Eclipse Adoptium\jdk-17.0.13.11-hotspot\bin\java.dll
Event: 0.017 Loaded shared library C:\Program Files\Eclipse Adoptium\jdk-17.0.13.11-hotspot\bin\jsvml.dll
Event: 0.057 Loaded shared library C:\Program Files\Eclipse Adoptium\jdk-17.0.13.11-hotspot\bin\net.dll
Event: 0.058 Loaded shared library C:\Program Files\Eclipse Adoptium\jdk-17.0.13.11-hotspot\bin\nio.dll
Event: 0.061 Loaded shared library C:\Program Files\Eclipse Adoptium\jdk-17.0.13.11-hotspot\bin\zip.dll
Event: 0.107 Loaded shared library C:\Program Files\Eclipse Adoptium\jdk-17.0.13.11-hotspot\bin\management.dll
Event: 0.110 Loaded shared library C:\Program Files\Eclipse Adoptium\jdk-17.0.13.11-hotspot\bin\management_ext.dll
Event: 0.122 Loaded shared library C:\Program Files\Eclipse Adoptium\jdk-17.0.13.11-hotspot\bin\jimage.dll
Event: 0.162 Loaded shared library C:\Users\judee\AppData\Local\Temp\lwjgl_judee\3.3.3+5\x64\lwjgl.dll
Event: 0.381 Loaded shared library C:\Users\judee\AppData\Local\Temp\lwjgl_judee\3.3.3+5\x64\lwjgl_opengl.dll
Event: 0.443 Loaded shared library C:\Program Files\Eclipse Adoptium\jdk-17.0.13.11-hotspot\bin\verify.dll
Event: 0.567 Loaded shared library C:\Users\judee\AppData\Local\Temp\imgui-java-natives_1735551841451\imgui-java64.dll

Deoptimization events (20 events):
Event: 0.125 Thread 0x0000025f1be90da0 Uncommon trap: trap_request=0xffffff45 fr.pc=0x0000025f2b56c464 relative=0x0000000000000064
Event: 0.125 Thread 0x0000025f1be90da0 Uncommon trap: reason=unstable_if action=reinterpret pc=0x0000025f2b56c464 method=java.io.WinNTFileSystem.isSlash(C)Z @ 9 c2
Event: 0.125 Thread 0x0000025f1be90da0 DEOPT PACKING pc=0x0000025f2b56c464 sp=0x000000769b5fe000
Event: 0.125 Thread 0x0000025f1be90da0 DEOPT UNPACKING pc=0x0000025f2ae669a3 sp=0x000000769b5fdf88 mode 2
Event: 0.160 Thread 0x0000025f1be90da0 Uncommon trap: trap_request=0xffffff45 fr.pc=0x0000025f2b571940 relative=0x0000000000000040
Event: 0.160 Thread 0x0000025f1be90da0 Uncommon trap: reason=unstable_if action=reinterpret pc=0x0000025f2b571940 method=sun.nio.fs.WindowsPathParser.isSlash(C)Z @ 9 c2
Event: 0.160 Thread 0x0000025f1be90da0 DEOPT PACKING pc=0x0000025f2b571940 sp=0x000000769b5fb9b0
Event: 0.160 Thread 0x0000025f1be90da0 DEOPT UNPACKING pc=0x0000025f2ae669a3 sp=0x000000769b5fb938 mode 2
Event: 0.449 Thread 0x0000025f1be90da0 DEOPT PACKING pc=0x0000025f239fa03b sp=0x000000769b5fbad0
Event: 0.449 Thread 0x0000025f1be90da0 DEOPT UNPACKING pc=0x0000025f2ae67143 sp=0x000000769b5faf20 mode 0
Event: 0.536 Thread 0x0000025f1be90da0 Uncommon trap: trap_request=0xffffff6e fr.pc=0x0000025f2b5a06cc relative=0x000000000000042c
Event: 0.536 Thread 0x0000025f1be90da0 Uncommon trap: reason=loop_limit_check action=maybe_recompile pc=0x0000025f2b5a06cc method=java.lang.StringLatin1.indexOf([BI[BII)I @ 37 c2
Event: 0.536 Thread 0x0000025f1be90da0 DEOPT PACKING pc=0x0000025f2b5a06cc sp=0x000000769b5fe1a0
Event: 0.536 Thread 0x0000025f1be90da0 DEOPT UNPACKING pc=0x0000025f2ae669a3 sp=0x000000769b5fe100 mode 2
Event: 0.571 Thread 0x0000025f1be90da0 DEOPT PACKING pc=0x0000025f239f45b8 sp=0x000000769b5fd700
Event: 0.571 Thread 0x0000025f1be90da0 DEOPT UNPACKING pc=0x0000025f2ae67143 sp=0x000000769b5fcb78 mode 0
Event: 0.699 Thread 0x0000025f1be90da0 Uncommon trap: trap_request=0xffffff54 fr.pc=0x0000025f2b5cabdc relative=0x000000000000005c
Event: 0.699 Thread 0x0000025f1be90da0 Uncommon trap: reason=speculate_null_assert action=make_not_entrant pc=0x0000025f2b5cabdc method=sun.misc.Unsafe.getLong(Ljava/lang/Object;J)J @ 5 c2
Event: 0.699 Thread 0x0000025f1be90da0 DEOPT PACKING pc=0x0000025f2b5cabdc sp=0x000000769b5fedc0
Event: 0.699 Thread 0x0000025f1be90da0 DEOPT UNPACKING pc=0x0000025f2ae669a3 sp=0x000000769b5fed48 mode 2

Classes loaded (20 events):
Event: 0.535 Loading class java/io/UncheckedIOException
Event: 0.535 Loading class java/io/UncheckedIOException done
Event: 0.537 Loading class java/nio/file/StandardCopyOption
Event: 0.537 Loading class java/nio/file/StandardCopyOption done
Event: 0.562 Loading class java/io/DeleteOnExitHook
Event: 0.562 Loading class java/io/DeleteOnExitHook done
Event: 0.562 Loading class java/io/DeleteOnExitHook$1
Event: 0.562 Loading class java/io/DeleteOnExitHook$1 done
Event: 0.609 Loading class java/util/NoSuchElementException
Event: 0.609 Loading class java/util/NoSuchElementException done
Event: 0.618 Loading class java/lang/SecurityException
Event: 0.618 Loading class java/lang/SecurityException done
Event: 0.637 Loading class sun/text/resources/cldr/FormatData_en
Event: 0.637 Loading class sun/text/resources/cldr/FormatData_en done
Event: 0.637 Loading class sun/text/resources/cldr/FormatData_en_US
Event: 0.637 Loading class sun/text/resources/cldr/FormatData_en_US done
Event: 0.638 Loading class jdk/internal/math/FDBigInteger
Event: 0.638 Loading class jdk/internal/math/FDBigInteger done
Event: 0.696 Loading class java/util/ComparableTimSort
Event: 0.696 Loading class java/util/ComparableTimSort done

Classes unloaded (0 events):
No events

Classes redefined (0 events):
No events

Internal exceptions (20 events):
Event: 0.118 Thread 0x0000025f1be90da0 Exception <a 'java/lang/NoSuchMethodError'{0x0000000711056a70}: 'java.lang.Object java.lang.invoke.Invokers$Holder.linkToTargetMethod(java.lang.Object, long, java.lang.Object)'> (0x0000000711056a70) 
thrown [s\src\hotspot\share\interpreter\linkResolver.cpp, line 759]
Event: 0.144 Thread 0x0000025f1be90da0 Exception <a 'java/lang/NoSuchMethodError'{0x00000007111bd4c8}: 'void java.lang.invoke.DirectMethodHandle$Holder.invokeSpecial(java.lang.Object, java.lang.Object, java.lang.Object)'> (0x00000007111bd4c8) 
thrown [s\src\hotspot\share\interpreter\linkResolver.cpp, line 759]
Event: 0.146 Thread 0x0000025f1be90da0 Exception <a 'java/lang/NoSuchMethodError'{0x00000007111d0240}: 'java.lang.Object java.lang.invoke.DirectMethodHandle$Holder.invokeStatic(java.lang.Object, java.lang.Object, int)'> (0x00000007111d0240) 
thrown [s\src\hotspot\share\interpreter\linkResolver.cpp, line 759]
Event: 0.147 Thread 0x0000025f1be90da0 Exception <a 'java/lang/NoSuchMethodError'{0x00000007111dc018}: 'void java.lang.invoke.DelegatingMethodHandle$Holder.delegate(java.lang.Object, java.lang.Object, int, java.lang.Object)'> (0x00000007111dc018) 
thrown [s\src\hotspot\share\interpreter\linkResolver.cpp, line 759]
Event: 0.161 Thread 0x0000025f1be90da0 Exception <a 'sun/nio/fs/WindowsException'{0x0000000710e23aa8}> (0x0000000710e23aa8) 
thrown [s\src\hotspot\share\prims\jni.cpp, line 516]
Event: 0.161 Thread 0x0000025f1be90da0 Exception <a 'sun/nio/fs/WindowsException'{0x0000000710e23ff8}> (0x0000000710e23ff8) 
thrown [s\src\hotspot\share\prims\jni.cpp, line 516]
Event: 0.188 Thread 0x0000025f1be90da0 Exception <a 'java/lang/NoSuchMethodError'{0x0000000710ec0618}: 'int java.lang.invoke.DirectMethodHandle$Holder.invokeStaticInit(java.lang.Object, java.lang.Object, int, long)'> (0x0000000710ec0618) 
thrown [s\src\hotspot\share\interpreter\linkResolver.cpp, line 759]
Event: 0.188 Thread 0x0000025f1be90da0 Exception <a 'java/lang/NoSuchMethodError'{0x0000000710ec5ee0}: 'java.lang.Object java.lang.invoke.DirectMethodHandle$Holder.newInvokeSpecial(java.lang.Object, java.lang.Object, int)'> (0x0000000710ec5ee0) 
thrown [s\src\hotspot\share\interpreter\linkResolver.cpp, line 759]
Event: 0.189 Thread 0x0000025f1be90da0 Exception <a 'java/lang/NoSuchMethodError'{0x0000000710ed4c08}: 'int java.lang.invoke.DirectMethodHandle$Holder.invokeStaticInit(java.lang.Object, java.lang.Object, long, long)'> (0x0000000710ed4c08) 
thrown [s\src\hotspot\share\interpreter\linkResolver.cpp, line 759]
Event: 0.190 Thread 0x0000025f1be90da0 Exception <a 'java/lang/NoSuchMethodError'{0x0000000710edeb18}: 'int java.lang.invoke.DirectMethodHandle$Holder.invokeStaticInit(java.lang.Object, java.lang.Object, java.lang.Object, long)'> (0x0000000710edeb18) 
thrown [s\src\hotspot\share\interpreter\linkResolver.cpp, line 759]
Event: 0.202 Thread 0x0000025f1be90da0 Exception <a 'sun/nio/fs/WindowsException'{0x0000000710f81b80}> (0x0000000710f81b80) 
thrown [s\src\hotspot\share\prims\jni.cpp, line 516]
Event: 0.202 Thread 0x0000025f1be90da0 Exception <a 'sun/nio/fs/WindowsException'{0x0000000710f81ee0}> (0x0000000710f81ee0) 
thrown [s\src\hotspot\share\prims\jni.cpp, line 516]
Event: 0.380 Thread 0x0000025f1be90da0 Exception <a 'sun/nio/fs/WindowsException'{0x0000000710c11750}> (0x0000000710c11750) 
thrown [s\src\hotspot\share\prims\jni.cpp, line 516]
Event: 0.380 Thread 0x0000025f1be90da0 Exception <a 'sun/nio/fs/WindowsException'{0x0000000710c11af0}> (0x0000000710c11af0) 
thrown [s\src\hotspot\share\prims\jni.cpp, line 516]
Event: 0.383 Thread 0x0000025f1be90da0 Exception <a 'sun/nio/fs/WindowsException'{0x0000000710c1d288}> (0x0000000710c1d288) 
thrown [s\src\hotspot\share\prims\jni.cpp, line 516]
Event: 0.383 Thread 0x0000025f1be90da0 Exception <a 'sun/nio/fs/WindowsException'{0x0000000710c1d558}> (0x0000000710c1d558) 
thrown [s\src\hotspot\share\prims\jni.cpp, line 516]
Event: 0.537 Thread 0x0000025f1be90da0 Exception <a 'sun/nio/fs/WindowsException'{0x0000000710713750}> (0x0000000710713750) 
thrown [s\src\hotspot\share\prims\jni.cpp, line 516]
Event: 0.578 Thread 0x0000025f1be90da0 Exception <a 'java/lang/NoSuchMethodError'{0x000000071077fc18}: 'void java.lang.invoke.DirectMethodHandle$Holder.invokeVirtual(java.lang.Object, java.lang.Object, long, int, int, int)'> (0x000000071077fc18) 
thrown [s\src\hotspot\share\interpreter\linkResolver.cpp, line 759]
Event: 0.578 Thread 0x0000025f1be90da0 Exception <a 'java/lang/NoSuchMethodError'{0x0000000710785720}: 'void java.lang.invoke.DirectMethodHandle$Holder.invokeVirtual(java.lang.Object, java.lang.Object, long, double, double)'> (0x0000000710785720) 
thrown [s\src\hotspot\share\interpreter\linkResolver.cpp, line 759]
Event: 0.579 Thread 0x0000025f1be90da0 Exception <a 'java/lang/NoSuchMethodError'{0x000000071078b208}: 'void java.lang.invoke.DirectMethodHandle$Holder.invokeVirtual(java.lang.Object, java.lang.Object, long, int, int, int, int)'> (0x000000071078b208) 
thrown [s\src\hotspot\share\interpreter\linkResolver.cpp, line 759]

VM Operations (14 events):
Event: 0.061 Executing VM operation: HandshakeAllThreads
Event: 0.061 Executing VM operation: HandshakeAllThreads done
Event: 0.125 Executing VM operation: HandshakeAllThreads
Event: 0.125 Executing VM operation: HandshakeAllThreads done
Event: 0.146 Executing VM operation: HandshakeAllThreads
Event: 0.146 Executing VM operation: HandshakeAllThreads done
Event: 0.166 Executing VM operation: HandshakeAllThreads
Event: 0.166 Executing VM operation: HandshakeAllThreads done
Event: 0.459 Executing VM operation: HandshakeAllThreads
Event: 0.459 Executing VM operation: HandshakeAllThreads done
Event: 0.617 Executing VM operation: ICBufferFull
Event: 0.617 Executing VM operation: ICBufferFull done
Event: 0.654 Executing VM operation: G1CollectForAllocation
Event: 0.657 Executing VM operation: G1CollectForAllocation done

Memory protections (0 events):
No events

Nmethod flushes (0 events):
No events

Events (19 events):
Event: 0.017 Thread 0x0000025f1be90da0 Thread added: 0x0000025f1be90da0
Event: 0.019 Thread 0x0000025f1be90da0 Thread added: 0x0000025f3f985a80
Event: 0.019 Thread 0x0000025f1be90da0 Thread added: 0x0000025f3f986900
Event: 0.024 Thread 0x0000025f1be90da0 Thread added: 0x0000025f3f9a17f0
Event: 0.024 Thread 0x0000025f1be90da0 Thread added: 0x0000025f3f9a21b0
Event: 0.024 Thread 0x0000025f1be90da0 Thread added: 0x0000025f3f9a2b70
Event: 0.024 Thread 0x0000025f1be90da0 Thread added: 0x0000025f3f9a3530
Event: 0.024 Thread 0x0000025f1be90da0 Thread added: 0x0000025f3f9b0f90
Event: 0.024 Thread 0x0000025f1be90da0 Thread added: 0x0000025f3f9bd9d0
Event: 0.024 Thread 0x0000025f1be90da0 Thread added: 0x0000025f3f9c9680
Event: 0.050 Thread 0x0000025f3f9bd9d0 Thread added: 0x0000025f3f9bc9e0
Event: 0.050 Thread 0x0000025f3f9bd9d0 Thread added: 0x0000025f3f9bb9f0
Event: 0.051 Thread 0x0000025f3f9bd9d0 Thread added: 0x0000025f3f9bdf20
Event: 0.052 Thread 0x0000025f1be90da0 Thread added: 0x0000025f3fb2f620
Event: 0.054 Thread 0x0000025f1be90da0 Thread added: 0x0000025f3fb35ba0
Event: 0.078 Thread 0x0000025f3f9bc9e0 Thread added: 0x0000025f3f9baa00
Event: 0.373 Thread 0x0000025f3f9baa00 Thread exited: 0x0000025f3f9baa00
Event: 0.525 Thread 0x0000025f3f9b0f90 Thread added: 0x0000025f3f9baf50
Event: 1.025 Thread 0x0000025f3f9baf50 Thread exited: 0x0000025f3f9baf50


Dynamic libraries:
0x00007ff6b0b80000 - 0x00007ff6b0b8e000 	C:\Program Files\Eclipse Adoptium\jdk-17.0.13.11-hotspot\bin\java.exe
0x00007ffcc8730000 - 0x00007ffcc8947000 	C:\WINDOWS\SYSTEM32\ntdll.dll
0x00007ffcc7b30000 - 0x00007ffcc7bf4000 	C:\WINDOWS\System32\KERNEL32.DLL
0x00007ffcc6070000 - 0x00007ffcc642a000 	C:\WINDOWS\System32\KERNELBASE.dll
0x00007ffcc5d40000 - 0x00007ffcc5e51000 	C:\WINDOWS\System32\ucrtbase.dll
0x00007ffcb5ec0000 - 0x00007ffcb5ede000 	C:\Program Files\Eclipse Adoptium\jdk-17.0.13.11-hotspot\bin\VCRUNTIME140.dll
0x00007ffcb5ea0000 - 0x00007ffcb5eb7000 	C:\Program Files\Eclipse Adoptium\jdk-17.0.13.11-hotspot\bin\jli.dll
0x00007ffcc69e0000 - 0x00007ffcc6b8e000 	C:\WINDOWS\System32\USER32.dll
0x00007ffcc5e60000 - 0x00007ffcc5e86000 	C:\WINDOWS\System32\win32u.dll
0x00007ffcb61e0000 - 0x00007ffcb6472000 	C:\WINDOWS\WinSxS\amd64_microsoft.windows.common-controls_6595b64144ccf1df_6.0.22621.4541_none_2710d1c57384c085\COMCTL32.dll
0x00007ffcc6e70000 - 0x00007ffcc6e99000 	C:\WINDOWS\System32\GDI32.dll
0x00007ffcc7150000 - 0x00007ffcc71f7000 	C:\WINDOWS\System32\msvcrt.dll
0x00007ffcc5bf0000 - 0x00007ffcc5d0b000 	C:\WINDOWS\System32\gdi32full.dll
0x00007ffcc5e90000 - 0x00007ffcc5f2a000 	C:\WINDOWS\System32\msvcp_win.dll
0x00007ffcc6b90000 - 0x00007ffcc6bc1000 	C:\WINDOWS\System32\IMM32.DLL
0x00007ffcc1820000 - 0x00007ffcc182c000 	C:\Program Files\Eclipse Adoptium\jdk-17.0.13.11-hotspot\bin\vcruntime140_1.dll
0x00007ffca10a0000 - 0x00007ffca112d000 	C:\Program Files\Eclipse Adoptium\jdk-17.0.13.11-hotspot\bin\msvcp140.dll
0x00007ffc0cb80000 - 0x00007ffc0d7eb000 	C:\Program Files\Eclipse Adoptium\jdk-17.0.13.11-hotspot\bin\server\jvm.dll
0x00007ffcc7090000 - 0x00007ffcc7142000 	C:\WINDOWS\System32\ADVAPI32.dll
0x00007ffcc7a80000 - 0x00007ffcc7b27000 	C:\WINDOWS\System32\sechost.dll
0x00007ffcc5d10000 - 0x00007ffcc5d38000 	C:\WINDOWS\System32\bcrypt.dll
0x00007ffcc84b0000 - 0x00007ffcc85c4000 	C:\WINDOWS\System32\RPCRT4.dll
0x00007ffcc8430000 - 0x00007ffcc84a1000 	C:\WINDOWS\System32\WS2_32.dll
0x00007ffcc4850000 - 0x00007ffcc489d000 	C:\WINDOWS\SYSTEM32\POWRPROF.dll
0x00007ffcbbdd0000 - 0x00007ffcbbe04000 	C:\WINDOWS\SYSTEM32\WINMM.dll
0x00007ffcbdd60000 - 0x00007ffcbdd6a000 	C:\WINDOWS\SYSTEM32\VERSION.dll
0x00007ffcc4830000 - 0x00007ffcc4843000 	C:\WINDOWS\SYSTEM32\UMPDC.dll
0x00007ffcc4af0000 - 0x00007ffcc4b08000 	C:\WINDOWS\SYSTEM32\kernel.appcore.dll
0x00007ffcc1800000 - 0x00007ffcc180a000 	C:\Program Files\Eclipse Adoptium\jdk-17.0.13.11-hotspot\bin\jimage.dll
0x00007ffcb22d0000 - 0x00007ffcb2502000 	C:\WINDOWS\SYSTEM32\DBGHELP.DLL
0x00007ffcc6430000 - 0x00007ffcc67bf000 	C:\WINDOWS\System32\combase.dll
0x00007ffcc6d90000 - 0x00007ffcc6e67000 	C:\WINDOWS\System32\OLEAUT32.dll
0x00007ffcb1890000 - 0x00007ffcb18c2000 	C:\WINDOWS\SYSTEM32\dbgcore.DLL
0x00007ffcc5a00000 - 0x00007ffcc5a7b000 	C:\WINDOWS\System32\bcryptPrimitives.dll
0x00007ffcacec0000 - 0x00007ffcacee5000 	C:\Program Files\Eclipse Adoptium\jdk-17.0.13.11-hotspot\bin\java.dll
0x00007ffc8f5c0000 - 0x00007ffc8f697000 	C:\Program Files\Eclipse Adoptium\jdk-17.0.13.11-hotspot\bin\jsvml.dll
0x00007ffcc7200000 - 0x00007ffcc7a78000 	C:\WINDOWS\System32\SHELL32.dll
0x00007ffcc3900000 - 0x00007ffcc4208000 	C:\WINDOWS\SYSTEM32\windows.storage.dll
0x00007ffcc37c0000 - 0x00007ffcc38ff000 	C:\WINDOWS\SYSTEM32\wintypes.dll
0x00007ffcc85f0000 - 0x00007ffcc86ea000 	C:\WINDOWS\System32\SHCORE.dll
0x00007ffcc67c0000 - 0x00007ffcc681e000 	C:\WINDOWS\System32\shlwapi.dll
0x00007ffcc5930000 - 0x00007ffcc595b000 	C:\WINDOWS\SYSTEM32\profapi.dll
0x00007ffca8cd0000 - 0x00007ffca8ce9000 	C:\Program Files\Eclipse Adoptium\jdk-17.0.13.11-hotspot\bin\net.dll
0x00007ffcc25d0000 - 0x00007ffcc2706000 	C:\WINDOWS\SYSTEM32\WINHTTP.dll
0x00007ffcc4f60000 - 0x00007ffcc4fc9000 	C:\WINDOWS\system32\mswsock.dll
0x00007ffca8cb0000 - 0x00007ffca8cc6000 	C:\Program Files\Eclipse Adoptium\jdk-17.0.13.11-hotspot\bin\nio.dll
0x00007ffca8c90000 - 0x00007ffca8ca8000 	C:\Program Files\Eclipse Adoptium\jdk-17.0.13.11-hotspot\bin\zip.dll
0x00007ffcbbe90000 - 0x00007ffcbbe9a000 	C:\Program Files\Eclipse Adoptium\jdk-17.0.13.11-hotspot\bin\management.dll
0x00007ffcb5f90000 - 0x00007ffcb5f9b000 	C:\Program Files\Eclipse Adoptium\jdk-17.0.13.11-hotspot\bin\management_ext.dll
0x00007ffcc6f20000 - 0x00007ffcc6f28000 	C:\WINDOWS\System32\PSAPI.DLL
0x00007ffca20e0000 - 0x00007ffca215b000 	C:\Users\judee\AppData\Local\Temp\lwjgl_judee\3.3.3+5\x64\lwjgl.dll
0x00007ffc8f840000 - 0x00007ffc8f8c2000 	C:\Users\judee\AppData\Local\Temp\lwjgl_judee\3.3.3+5\x64\glfw.dll
0x00007ffca1f90000 - 0x00007ffca1fd6000 	C:\WINDOWS\SYSTEM32\dinput8.dll
0x00007ffc72db0000 - 0x00007ffc72dc1000 	C:\WINDOWS\SYSTEM32\xinput1_4.dll
0x00007ffcc56f0000 - 0x00007ffcc573e000 	C:\WINDOWS\SYSTEM32\cfgmgr32.dll
0x00007ffcc56c0000 - 0x00007ffcc56ec000 	C:\WINDOWS\SYSTEM32\DEVOBJ.dll
0x00007ffcc3130000 - 0x00007ffcc315b000 	C:\WINDOWS\SYSTEM32\dwmapi.dll
0x00007ffca86b0000 - 0x00007ffca88c4000 	C:\WINDOWS\SYSTEM32\inputhost.dll
0x00007ffcc1d70000 - 0x00007ffcc1ea3000 	C:\WINDOWS\SYSTEM32\CoreMessaging.dll
0x00007ffcc2ed0000 - 0x00007ffcc2f81000 	C:\WINDOWS\system32\uxtheme.dll
0x0000000180000000 - 0x0000000183586000 	C:\Program Files (x86)\RivaTuner Statistics Server\RTSSHooks64.dll
0x00007ffcc7ce0000 - 0x00007ffcc8154000 	C:\WINDOWS\System32\SETUPAPI.dll
0x00007ffcc5290000 - 0x00007ffcc529c000 	C:\WINDOWS\SYSTEM32\CRYPTBASE.DLL
0x00007ffcc8160000 - 0x00007ffcc82c1000 	C:\WINDOWS\System32\MSCTF.dll
0x00007ffcaa040000 - 0x00007ffcaa140000 	C:\WINDOWS\SYSTEM32\opengl32.dll
0x00007ffca9d10000 - 0x00007ffca9d3d000 	C:\WINDOWS\SYSTEM32\GLU32.dll
0x00007ffcc2fe0000 - 0x00007ffcc3017000 	C:\WINDOWS\SYSTEM32\dxcore.dll
0x00007ffcc82d0000 - 0x00007ffcc8380000 	C:\WINDOWS\System32\clbcatq.dll
0x00007ffc1e430000 - 0x00007ffc20a18000 	C:\WINDOWS\System32\DriverStore\FileRepository\nv_dispig.inf_amd64_0afec3f2050014a0\nvoglv64.dll
0x00007ffcc6820000 - 0x00007ffcc69c5000 	C:\WINDOWS\System32\ole32.dll
0x00007ffcc48a0000 - 0x00007ffcc48b4000 	C:\WINDOWS\SYSTEM32\WTSAPI32.dll
0x00007ffcc56a0000 - 0x00007ffcc56b2000 	C:\WINDOWS\SYSTEM32\msasn1.dll
0x00007ffcbdc40000 - 0x00007ffcbdc72000 	C:\WINDOWS\SYSTEM32\cryptnet.dll
0x00007ffcc5a80000 - 0x00007ffcc5be6000 	C:\WINDOWS\System32\CRYPT32.dll
0x00007ffcc51e0000 - 0x00007ffcc522c000 	C:\WINDOWS\SYSTEM32\wldp.dll
0x00007ffcbd2f0000 - 0x00007ffcbd452000 	C:\WINDOWS\SYSTEM32\drvstore.dll
0x00007ffcc5ff0000 - 0x00007ffcc6062000 	C:\WINDOWS\System32\WINTRUST.dll
0x00007ffcc4c00000 - 0x00007ffcc4c34000 	C:\WINDOWS\SYSTEM32\ntmarta.dll
0x00007ffcc85d0000 - 0x00007ffcc85ef000 	C:\WINDOWS\System32\imagehlp.dll
0x00007ffcc52b0000 - 0x00007ffcc52cb000 	C:\WINDOWS\SYSTEM32\CRYPTSP.dll
0x00007ffcc4a50000 - 0x00007ffcc4a85000 	C:\WINDOWS\system32\rsaenh.dll
0x00007ffcb8550000 - 0x00007ffcba53e000 	C:\WINDOWS\System32\DriverStore\FileRepository\nv_dispig.inf_amd64_0afec3f2050014a0\nvgpucomp64.dll
0x00007ffc88470000 - 0x00007ffc88740000 	C:\WINDOWS\system32\nvspcap64.dll
0x00007ffcc44b0000 - 0x00007ffcc4516000 	C:\WINDOWS\SYSTEM32\WINSTA.dll
0x00007ffca12a0000 - 0x00007ffca12fe000 	C:\Users\judee\AppData\Local\Temp\lwjgl_judee\3.3.3+5\x64\lwjgl_opengl.dll
0x00007ffcb3f40000 - 0x00007ffcb4085000 	C:\WINDOWS\SYSTEM32\textinputframework.dll
0x00007ffcbe2a0000 - 0x00007ffcbe60d000 	C:\WINDOWS\SYSTEM32\CoreUIComponents.dll
0x00007ffcaa230000 - 0x00007ffcaa240000 	C:\Program Files\Eclipse Adoptium\jdk-17.0.13.11-hotspot\bin\verify.dll
0x00007ffc03000000 - 0x00007ffc03d5d000 	C:\Users\judee\AppData\Local\Temp\imgui-java-natives_1735551841451\imgui-java64.dll

dbghelp: loaded successfully - version: 4.0.5 - missing functions: none
symbol engine: initialized successfully - sym options: 0x614 - pdb path: .;C:\Program Files\Eclipse Adoptium\jdk-17.0.13.11-hotspot\bin;C:\WINDOWS\SYSTEM32;C:\WINDOWS\WinSxS\amd64_microsoft.windows.common-controls_6595b64144ccf1df_6.0.22621.4541_none_2710d1c57384c085;C:\Program Files\Eclipse Adoptium\jdk-17.0.13.11-hotspot\bin\server;C:\Users\judee\AppData\Local\Temp\lwjgl_judee\3.3.3+5\x64;C:\Program Files (x86)\RivaTuner Statistics Server;C:\WINDOWS\System32\DriverStore\FileRepository\nv_dispig.inf_amd64_0afec3f2050014a0;C:\Users\judee\AppData\Local\Temp\imgui-java-natives_1735551841451

VM Arguments:
jvm_args: -XX:+ShowCodeDetailsInExceptionMessages 
java_command: com.ur91k.jdiep.Main
java_class_path (initial): C:\Users\judee\Documents\JDiepV3\jdiep\target\classes;C:\Users\judee\.m2\repository\org\lwjgl\lwjgl\3.3.3\lwjgl-3.3.3.jar;C:\Users\judee\.m2\repository\org\lwjgl\lwjgl-assimp\3.3.3\lwjgl-assimp-3.3.3.jar;C:\Users\judee\.m2\repository\org\lwjgl\lwjgl-glfw\3.3.3\lwjgl-glfw-3.3.3.jar;C:\Users\judee\.m2\repository\org\lwjgl\lwjgl-opengl\3.3.3\lwjgl-opengl-3.3.3.jar;C:\Users\judee\.m2\repository\org\lwjgl\lwjgl-stb\3.3.3\lwjgl-stb-3.3.3.jar;C:\Users\judee\.m2\repository\org\lwjgl\lwjgl-openal\3.3.3\lwjgl-openal-3.3.3.jar;C:\Users\judee\.m2\repository\org\lwjgl\lwjgl\3.3.3\lwjgl-3.3.3-natives-windows.jar;C:\Users\judee\.m2\repository\org\lwjgl\lwjgl-assimp\3.3.3\lwjgl-assimp-3.3.3-natives-windows.jar;C:\Users\judee\.m2\repository\org\lwjgl\lwjgl-glfw\3.3.3\lwjgl-glfw-3.3.3-natives-windows.jar;C:\Users\judee\.m2\repository\org\lwjgl\lwjgl-opengl\3.3.3\lwjgl-opengl-3.3.3-natives-windows.jar;C:\Users\judee\.m2\repository\org\lwjgl\lwjgl-stb\3.3.3\lwjgl-stb-3.3.3-natives-windows.jar;C:\Users\judee\.m2\repository\org\lwjgl\lwjgl-openal\3.3.3\lwjgl-openal-3.3.3-natives-windows.jar;C:\Users\judee\.m2\repository\org\joml\joml\1.10.5\joml-1.10.5.jar;C:\Users\judee\.m2\repository\com\badlogicgames\ashley\ashley\1.7.4\ashley-1.7.4.jar;C:\Users\judee\.m2\repository\com\badlogicgames\gdx\gdx\1.9.9\gdx-1.9.9.jar;C:\Users\judee\.m2\repository\org\jbox2d\jbox2d-library\2.2.1.1\jbox2d-library-2.2.1.1.jar;C:\Users\judee\.m2\repository\io\netty\netty-all\4.1.100.Final\netty-all-4.1.100.Final.jar;C:\Users\judee\.m2\repository\io\netty\netty-buffer\4.1.100.Final\netty-buffer-4.1.100.Final.jar;C:\Users\judee\.m2\repository\io\netty\netty-codec\4.1.100.Final\netty-codec-4.1.100.Final.jar;C:\Users\judee\.m2\repository\io\netty\netty-codec-dns\4.1.100.Final\netty-codec-dns-4.1.100.Final.jar;C:\Users\judee\.m2\repository\io\netty\netty-codec-haproxy\4.1.100.Final\netty-codec-haproxy-4.1.100.Final.jar;C:\Users\judee\.m2\repository\io\netty\netty-codec-http\4.1.100.Final
Launcher Type: SUN_STANDARD

[Global flags]
     intx CICompilerCount                          = 12                                        {product} {ergonomic}
     uint ConcGCThreads                            = 3                                         {product} {ergonomic}
     uint G1ConcRefinementThreads                  = 13                                        {product} {ergonomic}
   size_t G1HeapRegionSize                         = 2097152                                   {product} {ergonomic}
    uintx GCDrainStackTargetSize                   = 64                                        {product} {ergonomic}
   size_t InitialHeapSize                          = 268435456                                 {product} {ergonomic}
   size_t MarkStackSize                            = 4194304                                   {product} {ergonomic}
   size_t MaxHeapSize                              = 4269801472                                {product} {ergonomic}
   size_t MaxNewSize                               = 2560622592                                {product} {ergonomic}
   size_t MinHeapDeltaBytes                        = 2097152                                   {product} {ergonomic}
   size_t MinHeapSize                              = 8388608                                   {product} {ergonomic}
    uintx NonNMethodCodeHeapSize                   = 7602480                                {pd product} {ergonomic}
    uintx NonProfiledCodeHeapSize                  = 122027880                              {pd product} {ergonomic}
    uintx ProfiledCodeHeapSize                     = 122027880                              {pd product} {ergonomic}
    uintx ReservedCodeCacheSize                    = 251658240                              {pd product} {ergonomic}
     bool SegmentedCodeCache                       = true                                      {product} {ergonomic}
     bool ShowCodeDetailsInExceptionMessages       = true                                   {manageable} {command line}
   size_t SoftMaxHeapSize                          = 4269801472                             {manageable} {ergonomic}
     bool UseCompressedClassPointers               = true                           {product lp64_product} {ergonomic}
     bool UseCompressedOops                        = true                           {product lp64_product} {ergonomic}
     bool UseG1GC                                  = true                                      {product} {ergonomic}
     bool UseLargePagesIndividualAllocation        = false                                  {pd product} {ergonomic}

Logging:
Log output configuration:
 #0: stdout all=warning uptime,level,tags
 #1: stderr all=off uptime,level,tags

Environment Variables:
PATH=C:\Program Files\Eclipse Adoptium\jdk-17.0.13.11-hotspot\bin;C:\Program Files\Conan\conan;C:\Program Files\Microsoft\jdk-11.0.12.7-hotspot\bin;C:\Program Files (x86)\Common Files\Intel\Shared Files\cpp\bin\Intel64;C:\Program Files\Alacritty\;C:\Program Files (x86)\Common Files\Intel\Shared Libraries\redist\intel64\compiler;C:\Program Files\Common Files\Oracle\Java\javapath;C:\Program Files (x86)\Common Files\Oracle\Java\javapath;C:\Windows\system32;C:\Windows;C:\Windows\System32\Wbem;C:\Windows\System32\WindowsPowerShell\v1.0\;C:\Windows\System32\OpenSSH\;C:\Program Files\Java\jdk-17.0.1;C:\Program Files\dotnet\;C:\Program Files (x86)\NVIDIA Corporation\PhysX\Common;C:\Program Files\NVIDIA Corporation\NVIDIA NvDLISR;C:\FFmpeg\bin;C:\Program Files\Neovim\/bin;C:\WINDOWS\system32;C:\WINDOWS;C:\WINDOWS\System32\Wbem;C:\WINDOWS\System32\WindowsPowerShell\v1.0\;C:\WINDOWS\System32\OpenSSH\;C:\Program Files\Mullvad VPN\resources;C:\Users\judee\Documents\youtubemusicautoplay;C:\Program Files\upx-4.0.1-win64;C:\Program Files (x86)\sox-14-4-2;C:\utils;C:\Program Files\nodejs\;C:\Program Files\Git\cmd;C:\Program Files\PuTTY\;C:\Program Files\cloc\;C:\Program Files\WezTerm;C:\Program Files (x86)\ytdlp;C:\Program Files\Docker\Docker\resources\bin;C:\ProgramData\chocolatey\bin;C:\ProgramData\chocolatey\lib\maven\apache-maven-3.9.9\bin;C:\Program Files (x86)\Launch4j;C:\Users\judee\.cargo\bin;C:\Users\judee\AppData\Local\Programs\Python\Launcher\;C:\Users\judee\AppData\Local\Microsoft\WindowsApps;C:\Users\judee\AppData\Local\Programs\Microsoft VS Code\bin;C:\Users\judee\AppData\Local\Programs\VapourSynth\core;C:\Users\judee\AppData\Local\Programs\VapourSynth\vsrepo;C:\Users\judee\.dotnet\tools;C:\Program Files (x86)\Brackets\;C:\Users\judee\AppData\Local\GitHubDesktop\bin;C:\Users\judee\AppData\Roaming\npm;C:\Program Files\JetBrains\IntelliJ IDEA 2023.3.4\bin;C:\Program Files\JetBrains\CLion 2024.1.1\bin;C:\Program Files\JetBrains\GoLand 2024.1\bin;C:\Users\judee\AppData\Local\
USERNAME=judee
LANG=en_US.UTF-8
OS=Windows_NT
PROCESSOR_IDENTIFIER=AMD64 Family 25 Model 33 Stepping 0, AuthenticAMD
TMP=C:\Users\judee\AppData\Local\Temp
TEMP=C:\Users\judee\AppData\Local\Temp



Periodic native trim disabled


---------------  S Y S T E M  ---------------

OS:
 Windows 11 , 64 bit Build 22621 (10.0.22621.4391)
OS uptime: 0 days 2:02 hours
Hyper-V role detected

CPU: total 16 (initial active 16) (16 cores per cpu, 2 threads per core) family 25 model 33 stepping 0 microcode 0x0, cx8, cmov, fxsr, ht, mmx, 3dnowpref, sse, sse2, sse3, ssse3, sse4a, sse4.1, sse4.2, popcnt, lzcnt, tsc, tscinvbit, avx, avx2, aes, erms, clmul, bmi1, bmi2, adx, sha, fma, vzeroupper, clflush, clflushopt, hv
Processor Information for all 16 processors :
  Max Mhz: 3801, Current Mhz: 3801, Mhz Limit: 3801

Memory: 4k page, system-wide physical 16286M (5049M free)
TotalPageFile size 32573M (AvailPageFile size 12894M)
current process WorkingSet (physical memory assigned to process): 135M, peak: 135M
current process commit charge ("private bytes"): 529M, peak: 529M

vm_info: OpenJDK 64-Bit Server VM (17.0.13+11) for windows-amd64 JRE (17.0.13+11), built on Oct 16 2024 00:10:08 by "admin" with MS VC++ 17.7 (VS2022)

END.
