#
# A fatal error has been detected by the Java Runtime Environment:
#
#  EXCEPTION_ACCESS_VIOLATION (0xc0000005) at pc=0x00007ff9a9b17195, pid=30552, tid=19836
#
# JRE version: OpenJDK Runtime Environment (22.0+36) (build 22+36-2370)
# Java VM: OpenJDK 64-Bit Server VM (22+36-2370, mixed mode, sharing, tiered, compressed oops, compressed class ptrs, g1 gc, windows-amd64)
# Problematic frame:
# V  [jvm.dll+0x1d7195]
#
# No core dump will be written. Minidumps are not enabled by default on client versions of Windows
#
# If you would like to submit a bug report, please visit:
#   https://bugreport.java.com/bugreport/crash.jsp
#

---------------  S U M M A R Y ------------

Command Line: --enable-preview -javaagent:C:\Program Files\JetBrains\IntelliJ IDEA 2023.3.4\lib\idea_rt.jar=61024:C:\Program Files\JetBrains\IntelliJ IDEA 2023.3.4\bin -Dfile.encoding=UTF-8 -Dsun.stdout.encoding=UTF-8 -Dsun.stderr.encoding=UTF-8 main.Engine

Host: AMD Ryzen 7 5800X 8-Core Processor             , 16 cores, 15G,  Windows 11 , 64 bit Build 22621 (10.0.22621.3958)
Time: Thu Nov  7 20:56:39 2024 South Africa Standard Time elapsed time: 491.604948 seconds (0d 0h 8m 11s)

---------------  T H R E A D  ---------------

Current thread (0x00000226c26fd420):  JavaThread "main"             [_thread_in_vm, id=19836, stack(0x00000065ca700000,0x00000065ca800000) (1024K)]

Stack: [0x00000065ca700000,0x00000065ca800000],  sp=0x00000065ca7ff380,  free space=1020k
Native frames: (J=compiled Java code, j=interpreted, Vv=VM code, C=native code)
V  [jvm.dll+0x1d7195]  (no source info available)
V  [jvm.dll+0x47796d]  (no source info available)
V  [jvm.dll+0x44c361]  (no source info available)
C  0x00000226d1e9cfc7  (no source info available)

The last pc belongs to native method entry point (kind = native) (printed below).
Java frames: (J=compiled Java code, j=interpreted, Vv=VM code)
j  org.lwjgl.system.jni.JNINativeInterface.nDeleteGlobalRef(J)V+0
j  org.lwjgl.system.jni.JNINativeInterface.DeleteGlobalRef(J)V+12
j  org.lwjgl.system.Callback.free(J)V+25
j  org.lwjgl.glfw.Callbacks.glfwFreeCallbacks(J)V+165
j  main.Engine.cleanup()V+130
j  main.Engine.run()V+9
j  main.Engine.main([Ljava/lang/String;)V+7
v  ~StubRoutines::call_stub 0x00000226d1e9100d

siginfo: EXCEPTION_ACCESS_VIOLATION (0xc0000005), writing address 0x000000000000003e


Registers:
RAX=0x0000000000000000, RBX=0x000000000000003e, RCX=0x000000000000003e, RDX=0x0000000000000000
RSP=0x00000065ca7ff380, RBP=0x00000065ca7ff488, RSI=0x0000000000003865, RDI=0x0000000000000000
R8 =0x0000000000000040, R9 =0x0000000707f03ad0, R10=0x00000226d1e9cf98, R11=0x0000000707f02768
R12=0x0000000000000000, R13=0x00000227244759a8, R14=0x00000065ca7ff4b0, R15=0x00000226c26fd420
RIP=0x00007ff9a9b17195, EFLAGS=0x0000000000010202


Register to memory mapping:

RAX=0x0 is null
RBX=0x000000000000003e is an unknown value
RCX=0x000000000000003e is an unknown value
RDX=0x0 is null
RSP=0x00000065ca7ff380 is pointing into the stack for thread: 0x00000226c26fd420
RBP=0x00000065ca7ff488 is pointing into the stack for thread: 0x00000226c26fd420
RSI=0x0000000000003865 is an unknown value
RDI=0x0 is null
R8 =0x0000000000000040 is an unknown value
R9 =0x0000000707f03ad0 is an oop: java.lang.Class 
{0x0000000707f03ad0} - klass: 'java/lang/Class'
 - ---- fields (total size 15 words):
 - private volatile transient 'classRedefinedCount' 'I' @12  0 (0x00000000)
 - injected 'klass' 'J' @16  2366057258504 (0x00000226e4009e08)
 - injected 'array_klass' 'J' @24  0 (0x0000000000000000)
 - injected 'oop_size' 'I' @32  15 (0x0000000f)
 - injected 'static_oop_field_count' 'I' @36  0 (0x00000000)
 - private volatile transient 'cachedConstructor' 'Ljava/lang/reflect/Constructor;' @40  null (0x00000000)
 - private transient 'name' 'Ljava/lang/String;' @44  "org.lwjgl.system.Checks"{0x0000000707f03b48} (0xe0fe0769)
 - private transient 'module' 'Ljava/lang/Module;' @48  a 'java/lang/Module'{0x0000000707e01340} (0xe0fc0268)
 - private final 'classLoader' 'Ljava/lang/ClassLoader;' @52  a 'jdk/internal/loader/ClassLoaders$AppClassLoader'{0x0000000707e63e08} (0xe0fcc7c1)
 - private transient 'classData' 'Ljava/lang/Object;' @56  null (0x00000000)
 - private transient 'packageName' 'Ljava/lang/String;' @60  "org.lwjgl.system"{0x0000000707e01378} (0xe0fc026f)
 - private final 'componentType' 'Ljava/lang/Class;' @64  null (0x00000000)
 - private volatile transient 'reflectionData' 'Ljava/lang/ref/SoftReference;' @68  null (0x00000000)
 - private volatile transient 'genericInfo' 'Lsun/reflect/generics/repository/ClassRepository;' @72  null (0x00000000)
 - private volatile transient 'enumConstants' '[Ljava/lang/Object;' @76  null (0x00000000)
 - private volatile transient 'enumConstantDirectory' 'Ljava/util/Map;' @80  null (0x00000000)
 - private volatile transient 'annotationData' 'Ljava/lang/Class$AnnotationData;' @84  null (0x00000000)
 - private volatile transient 'annotationType' 'Lsun/reflect/annotation/AnnotationType;' @88  null (0x00000000)
 - transient 'classValueMap' 'Ljava/lang/ClassValue$ClassValueMap;' @92  null (0x00000000)
 - injected 'protection_domain' 'Ljava/lang/Object;' @96  a 'java/security/ProtectionDomain'{0x0000000707e013b0} (0xe0fc0276)
 - injected 'signers_name' 'Ljava/lang/Object;' @100  null (0x00000000)
 - injected 'source_file' 'Ljava/lang/Object;' @104  null (0x00000000)
 - signature: Lorg/lwjgl/system/Checks;
 - ---- static fields (0):
 - public static final 'CHECKS' 'Z' @112  true (0x01)
 - public static final 'DEBUG' 'Z' @113  false (0x00)
 - public static final 'DEBUG_FUNCTIONS' 'Z' @114  false (0x00)
R10=0x00000226d1e9cf98 is at code_begin+1016 in an Interpreter codelet
native method entry point (kind = native)  [0x00000226d1e9cba0, 0x00000226d1e9d6c0]  2848 bytes
R11=0x0000000707f02768 is an oop: java.lang.Class 
{0x0000000707f02768} - klass: 'java/lang/Class'
 - ---- fields (total size 27 words):
 - private volatile transient 'classRedefinedCount' 'I' @12  0 (0x00000000)
 - injected 'klass' 'J' @16  2366057265320 (0x00000226e400b8a8)
 - injected 'array_klass' 'J' @24  0 (0x0000000000000000)
 - injected 'oop_size' 'I' @32  27 (0x0000001b)
 - injected 'static_oop_field_count' 'I' @36  0 (0x00000000)
 - private volatile transient 'cachedConstructor' 'Ljava/lang/reflect/Constructor;' @40  null (0x00000000)
 - private transient 'name' 'Ljava/lang/String;' @44  "org.lwjgl.system.jni.JNINativeInterface"{0x0000000707f02840} (0xe0fe0508)
 - private transient 'module' 'Ljava/lang/Module;' @48  a 'java/lang/Module'{0x0000000707e01340} (0xe0fc0268)
 - private final 'classLoader' 'Ljava/lang/ClassLoader;' @52  a 'jdk/internal/loader/ClassLoaders$AppClassLoader'{0x0000000707e63e08} (0xe0fcc7c1)
 - private transient 'classData' 'Ljava/lang/Object;' @56  null (0x00000000)
 - private transient 'packageName' 'Ljava/lang/String;' @60  "org.lwjgl.system.jni"{0x0000000707ea73c0} (0xe0fd4e78)
 - private final 'componentType' 'Ljava/lang/Class;' @64  null (0x00000000)
 - private volatile transient 'reflectionData' 'Ljava/lang/ref/SoftReference;' @68  null (0x00000000)
 - private volatile transient 'genericInfo' 'Lsun/reflect/generics/repository/ClassRepository;' @72  null (0x00000000)
 - private volatile transient 'enumConstants' '[Ljava/lang/Object;' @76  null (0x00000000)
 - private volatile transient 'enumConstantDirectory' 'Ljava/util/Map;' @80  null (0x00000000)
 - private volatile transient 'annotationData' 'Ljava/lang/Class$AnnotationData;' @84  null (0x00000000)
 - private volatile transient 'annotationType' 'Lsun/reflect/annotation/AnnotationType;' @88  null (0x00000000)
 - transient 'classValueMap' 'Ljava/lang/ClassValue$ClassValueMap;' @92  null (0x00000000)
 - injected 'protection_domain' 'Ljava/lang/Object;' @96  a 'java/security/ProtectionDomain'{0x0000000707e013b0} (0xe0fc0276)
 - injected 'signers_name' 'Ljava/lang/Object;' @100  null (0x00000000)
 - injected 'source_file' 'Ljava/lang/Object;' @104  null (0x00000000)
 - signature: Lorg/lwjgl/system/jni/JNINativeInterface;
 - ---- static fields (0):
 - public static final 'JNI_VERSION_1_1' 'I' @112  65537 (0x00010001)
 - public static final 'JNI_VERSION_1_2' 'I' @116  65538 (0x00010002)
 - public static final 'JNI_VERSION_1_4' 'I' @120  65540 (0x00010004)
 - public static final 'JNI_VERSION_1_6' 'I' @124  65542 (0x00010006)
 - public static final 'JNI_VERSION_1_8' 'I' @128  65544 (0x00010008)
 - public static final 'JNI_VERSION_9' 'I' @132  589824 (0x00090000)
 - public static final 'JNI_VERSION_10' 'I' @136  655360 (0x000a0000)
 - public static final 'JNI_VERSION_19' 'I' @140  1245184 (0x00130000)
 - public static final 'JNI_VERSION_20' 'I' @144  1310720 (0x00140000)
 - public static final 'JNI_VERSION_21' 'I' @148  1376256 (0x00150000)
 - public static final 'JNIInvalidRefType' 'I' @152  0 (0x00000000)
 - public static final 'JNILocalRefType' 'I' @156  1 (0x00000001)
 - public static final 'JNIGlobalRefType' 'I' @160  2 (0x00000002)
 - public static final 'JNIWeakGlobalRefType' 'I' @164  3 (0x00000003)
 - public static final 'JNI_FALSE' 'I' @168  0 (0x00000000)
 - public static final 'JNI_TRUE' 'I' @172  1 (0x00000001)
 - public static final 'JNI_OK' 'I' @176  0 (0x00000000)
 - public static final 'JNI_ERR' 'I' @180  -1 (0xffffffff)
 - public static final 'JNI_EDETACHED' 'I' @184  -2 (0xfffffffe)
 - public static final 'JNI_EVERSION' 'I' @188  -3 (0xfffffffd)
 - public static final 'JNI_ENOMEM' 'I' @192  -4 (0xfffffffc)
 - public static final 'JNI_EEXIST' 'I' @196  -5 (0xfffffffb)
 - public static final 'JNI_EINVAL' 'I' @200  -6 (0xfffffffa)
 - public static final 'JNI_COMMIT' 'I' @204  1 (0x00000001)
 - public static final 'JNI_ABORT' 'I' @208  2 (0x00000002)
R12=0x0 is null
R13={method} {0x00000227244759b0} 'nDeleteGlobalRef' '(J)V' in 'org/lwjgl/system/jni/JNINativeInterface'
R14=0x00000065ca7ff4b0 is pointing into the stack for thread: 0x00000226c26fd420
R15=0x00000226c26fd420 is a thread

Top of Stack: (sp=0x00000065ca7ff380)
0x00000065ca7ff380:   0000000707f08c60 0000022724484878
0x00000065ca7ff390:   0000000000000000 00000065ca7ff3b0
0x00000065ca7ff3a0:   0000000000000040 00007ff9a9db796d
0x00000065ca7ff3b0:   000000000000003e 00000226e2f70050
0x00000065ca7ff3c0:   0000000000000000 000000070cb2cd58
0x00000065ca7ff3d0:   00000226c26fd420 00007ff9a9d8c361
0x00000065ca7ff3e0:   0000022724484fbe 0000000000000003
0x00000065ca7ff3f0:   000002272448bb28 0000000000000000
0x00000065ca7ff400:   0000000000000148 00000226d1e9cfc7
0x00000065ca7ff410:   00000227244759a8 00000065ca7ff430
0x00000065ca7ff420:   00000065ca7ff488 00000226d1e98a5a
0x00000065ca7ff430:   00000065ca7ff4a0 00000226d1e989b6
0x00000065ca7ff440:   fffffffffffffff7 0000000000000000
0x00000065ca7ff450:   0000000000000005 000002272447c6c8
0x00000065ca7ff460:   0000000000000000 0000000707f02768
0x00000065ca7ff470:   00000227244759a8 0000000000000000
0x00000065ca7ff480:   00000065ca7ff4a8 00000065ca7ff500
0x00000065ca7ff490:   00000226d1e988c0 0000000707f02768
0x00000065ca7ff4a0:   00000226d1e9a517 0000000000000040
0x00000065ca7ff4b0:   0000000000000000 fffffffffffffff7
0x00000065ca7ff4c0:   0000022724475a54 0000000000000003
0x00000065ca7ff4d0:   000002272447c6c8 0000000000000000
0x00000065ca7ff4e0:   0000000707f02768 0000022724475a78
0x00000065ca7ff4f0:   fffffffffffffff5 00000065ca7ff510
0x00000065ca7ff500:   00000065ca7ff568 00000226d1e988c0
0x00000065ca7ff510:   0000000000000040 0000000000000000
0x00000065ca7ff520:   fffffffffffffff7 0000022724419521
0x00000065ca7ff530:   0000000000000004 0000022724422448
0x00000065ca7ff540:   0000000000000000 0000000707f07b48
0x00000065ca7ff550:   0000022724419550 fffffffffffffff5
0x00000065ca7ff560:   00000065ca7ff580 00000065ca7ff5d8
0x00000065ca7ff570:   00000226d1e988c0 000000070cb2cd58 

Instructions: (pc=0x00007ff9a9b17195)
0x00007ff9a9b17095:   85 a5 00 00 00 41 8b cc e8 4e 02 00 00 48 85 c0
0x00007ff9a9b170a5:   75 54 4c 8b cd 48 8d 8c 24 90 00 00 00 4c 8b c7
0x00007ff9a9b170b5:   48 8b d6 e8 03 f9 ff ff 48 39 5d 08 75 7c 48 8b
0x00007ff9a9b170c5:   84 24 90 00 00 00 48 8b fb 48 85 c0 74 03 48 8b
0x00007ff9a9b170d5:   38 48 8b 0d c3 ed a5 00 48 85 c9 75 05 48 8b c3
0x00007ff9a9b170e5:   eb 06 ff 15 33 bf 9f 00 4c 8b c7 41 8b d4 48 8b
0x00007ff9a9b170f5:   c8 e8 b5 d6 4e 00 41 8b cc e8 ed 01 00 00 48 8b
0x00007ff9a9b17105:   f8 48 85 c0 74 34 48 8b 8d 28 03 00 00 48 8b 59
0x00007ff9a9b17115:   18 48 8b 41 20 48 2b c3 48 83 f8 08 72 0a 48 8d
0x00007ff9a9b17125:   43 08 48 89 41 18 eb 0f 45 33 c0 41 8d 50 08 e8
0x00007ff9a9b17135:   37 cd ee ff 48 8b d8 48 89 3b 48 8b ac 24 88 00
0x00007ff9a9b17145:   00 00 49 8b c6 48 8b bc 24 98 00 00 00 49 89 1e
0x00007ff9a9b17155:   48 8b 9c 24 80 00 00 00 48 83 c4 50 41 5f 41 5e
0x00007ff9a9b17165:   41 5d 41 5c 5e c3 cc cc cc cc cc 48 89 11 c3 cc
0x00007ff9a9b17175:   cc cc cc cc cc cc cc cc cc cc cc 48 89 5c 24 08
0x00007ff9a9b17185:   57 48 83 ec 20 48 8b fa 48 8b d9 e8 2b f2 ff ff
0x00007ff9a9b17195:   48 89 3b 48 8b 5c 24 30 48 83 c4 20 5f c3 cc cc
0x00007ff9a9b171a5:   cc cc cc cc cc cc cc cc cc cc cc 48 89 5c 24 08
0x00007ff9a9b171b5:   57 48 83 ec 20 48 8b f9 48 8b da 48 8b 09 48 85
0x00007ff9a9b171c5:   0d 1e 2f ac 00 74 0d e8 ff 58 e3 ff 48 8b c8 e8
0x00007ff9a9b171d5:   77 db 6f 00 48 8b 05 00 2f ac 00 48 8d 0d a9 1c
0x00007ff9a9b171e5:   7f 00 48 c1 e8 0c 83 e0 0f 8b 0c 81 48 d3 e3 48
0x00007ff9a9b171f5:   0b 1d e5 2e ac 00 48 89 1f 48 8b 5c 24 30 48 83
0x00007ff9a9b17205:   c4 20 5f c3 cc cc cc cc cc cc cc 40 53 48 83 ec
0x00007ff9a9b17215:   20 48 63 d9 48 8b 0d 90 ec a5 00 48 85 c9 75 05
0x00007ff9a9b17225:   45 33 c0 eb 09 ff 15 f0 bd 9f 00 4c 8b c0 80 3d
0x00007ff9a9b17235:   ec cc a6 00 00 ba 18 00 00 00 8d 42 f8 74 1d 80
0x00007ff9a9b17245:   3d e0 65 a0 00 00 49 8b c8 0f 45 d0 48 8d 14 9a
0x00007ff9a9b17255:   48 83 c4 20 5b 48 ff 25 7f 47 a0 00 80 3d c3 65
0x00007ff9a9b17265:   a0 00 00 49 8b c8 48 0f 45 d0 48 8d 14 da 48 83
0x00007ff9a9b17275:   c4 20 5b 48 ff 25 61 47 a0 00 cc 40 53 48 83 ec
0x00007ff9a9b17285:   20 48 63 d9 48 8b 0d 18 ec a5 00 48 85 c9 75 05 


Stack slot to memory mapping:

stack at sp + 0 slots: 0x0000000707f08c60 is an oop: java.lang.Class 
{0x0000000707f08c60} - klass: 'java/lang/Class'
 - ---- fields (total size 17 words):
 - private volatile transient 'classRedefinedCount' 'I' @12  0 (0x00000000)
 - injected 'klass' 'J' @16  2366057288048 (0x00000226e4011170)
 - injected 'array_klass' 'J' @24  0 (0x0000000000000000)
 - injected 'oop_size' 'I' @32  17 (0x00000011)
 - injected 'static_oop_field_count' 'I' @36  0 (0x00000000)
 - private volatile transient 'cachedConstructor' 'Ljava/lang/reflect/Constructor;' @40  null (0x00000000)
 - private transient 'name' 'Ljava/lang/String;' @44  "org.lwjgl.system.libffi.FFIClosure"{0x0000000707f08ce8} (0xe0fe119d)
 - private transient 'module' 'Ljava/lang/Module;' @48  a 'java/lang/Module'{0x0000000707e01340} (0xe0fc0268)
 - private final 'classLoader' 'Ljava/lang/ClassLoader;' @52  a 'jdk/internal/loader/ClassLoaders$AppClassLoader'{0x0000000707e63e08} (0xe0fcc7c1)
 - private transient 'classData' 'Ljava/lang/Object;' @56  null (0x00000000)
 - private transient 'packageName' 'Ljava/lang/String;' @60  "org.lwjgl.system.libffi"{0x0000000707ea78b0} (0xe0fd4f16)
 - private final 'componentType' 'Ljava/lang/Class;' @64  null (0x00000000)
 - private volatile transient 'reflectionData' 'Ljava/lang/ref/SoftReference;' @68  null (0x00000000)
 - private volatile transient 'genericInfo' 'Lsun/reflect/generics/repository/ClassRepository;' @72  null (0x00000000)
 - private volatile transient 'enumConstants' '[Ljava/lang/Object;' @76  null (0x00000000)
 - private volatile transient 'enumConstantDirectory' 'Ljava/util/Map;' @80  null (0x00000000)
 - private volatile transient 'annotationData' 'Ljava/lang/Class$AnnotationData;' @84  null (0x00000000)
 - private volatile transient 'annotationType' 'Lsun/reflect/annotation/AnnotationType;' @88  null (0x00000000)
 - transient 'classValueMap' 'Ljava/lang/ClassValue$ClassValueMap;' @92  null (0x00000000)
 - injected 'protection_domain' 'Ljava/lang/Object;' @96  a 'java/security/ProtectionDomain'{0x0000000707e013b0} (0xe0fc0276)
 - injected 'signers_name' 'Ljava/lang/Object;' @100  null (0x00000000)
 - injected 'source_file' 'Ljava/lang/Object;' @104  null (0x00000000)
 - signature: Lorg/lwjgl/system/libffi/FFIClosure;
 - ---- static fields (0):
 - public static final 'SIZEOF' 'I' @112  56 (0x00000038)
 - public static final 'ALIGNOF' 'I' @116  8 (0x00000008)
 - public static final 'CIF' 'I' @120  32 (0x00000020)
 - public static final 'FUN' 'I' @124  40 (0x00000028)
 - public static final 'USER_DATA' 'I' @128  48 (0x00000030)
stack at sp + 1 slots: {method} {0x0000022724484880} '<init>' '(JLjava/nio/ByteBuffer;)V' in 'org/lwjgl/system/libffi/FFIClosure'
stack at sp + 2 slots: 0x0 is null
stack at sp + 3 slots: 0x00000065ca7ff3b0 is pointing into the stack for thread: 0x00000226c26fd420
stack at sp + 4 slots: 0x0000000000000040 is an unknown value
stack at sp + 5 slots: 0x00007ff9a9db796d jvm.dll
stack at sp + 6 slots: 0x000000000000003e is an unknown value
stack at sp + 7 slots: 0x00000226e2f70050 points into unknown readable memory: 0x00007ffa3f13ec00 | 00 ec 13 3f fa 7f 00 00

native method entry point (kind = native)  [0x00000226d1e9cba0, 0x00000226d1e9d6c0]  2848 bytes
[MachCode]
  0x00000226d1e9cba0: 488b 4b08 | 0fb7 492e | 584c 8d74 | ccf8 6800 | 0000 0068 | 0000 0000 | 5055 488b | ec41 5568 
  0x00000226d1e9cbc0: 0000 0000 | 4c8b 6b08 | 4d8d 6d38 | 5348 8b53 | 0848 8b52 | 0848 8b52 | 1848 8b52 | 7048 8b12 
  0x00000226d1e9cbe0: 5248 8b53 | 1048 85d2 | 0f84 0700 | 0000 4881 | c210 0100 | 0052 488b | 5308 488b | 5208 488b 
  0x00000226d1e9cc00: 5210 5249 | 8bc6 482b | c548 c1e8 | 0350 6800 | 0000 0068 | f7ff ffff | 41c6 8781 | 0400 0001 
  0x00000226d1e9cc20: 488b 4310 | 4885 c074 | 208b 88cc | 0000 0083 | c102 8988 | cc00 0000 | 2388 e000 | 0000 0f84 
  0x00000226d1e9cc40: cb09 0000 | e9cf 0000 | 0048 8b43 | 1848 85c0 | 0f85 b000 | 0000 e805 | 0000 00e9 | 9900 0000 
  0x00000226d1e9cc60: 488b d348 | 8d44 2408 | 4c89 6dc0 | 498b cfc5 | f877 4989 | afb0 0300 | 0049 8987 | a003 0000 
  0x00000226d1e9cc80: 4883 ec20 | 40f6 c40f | 0f84 1900 | 0000 4883 | ec08 48b8 | f0a2 d1a9 | f97f 0000 | ffd0 4883 
  0x00000226d1e9cca0: c408 e90c | 0000 0048 | b8f0 a2d1 | a9f9 7f00 | 00ff d048 | 83c4 2049 | c787 a003 | 0000 0000 
  0x00000226d1e9ccc0: 0000 49c7 | 87b0 0300 | 0000 0000 | 0049 c787 | a803 0000 | 0000 0000 | c5f8 7749 | 837f 0800 
  0x00000226d1e9cce0: 0f84 0500 | 0000 e915 | 42ff ff4c | 8b6d c04c | 8b75 c84e | 8d74 f500 | c348 8b43 | 1848 85c0 
  0x00000226d1e9cd00: 0f84 1200 | 0000 8b48 | 0883 c102 | 8948 0823 | 481c 0f84 | f708 0000 | 493b a7f0 | 0400 000f 
  0x00000226d1e9cd20: 8748 0000 | 0089 8424 | 00f0 ffff | 8984 2400 | e0ff ff89 | 8424 00d0 | ffff 8984 | 2400 c0ff 
  0x00000226d1e9cd40: ff89 8424 | 00b0 ffff | 8984 2400 | a0ff ff89 | 8424 0090 | ffff 8984 | 2400 80ff | ff49 3ba7 
  0x00000226d1e9cd60: e804 0000 | 7607 4989 | a7f0 0400 | 0041 c687 | 8104 0000 | 0049 baac | 4058 aaf9 | 7f00 0041 
  0x00000226d1e9cd80: 803a 000f | 843e 0000 | 0048 8b55 | e849 8bcf | 4883 ec20 | 40f6 c40f | 0f84 1900 | 0000 4883 
  0x00000226d1e9cda0: ec08 48b8 | 00b6 08aa | f97f 0000 | ffd0 4883 | c408 e90c | 0000 0048 | b800 b608 | aaf9 7f00 
  0x00000226d1e9cdc0: 00ff d048 | 83c4 2048 | 8b5d e84c | 8b5b 0845 | 0fb7 5b2e | 41c1 e303 | 492b e348 | 83ec 2048 
  0x00000226d1e9cde0: 83e4 f04c | 8b5b 604d | 85db 0f85 | ab00 0000 | e805 0000 | 00e9 9900 | 0000 488b | d348 8d44 
  0x00000226d1e9ce00: 2408 4c89 | 6dc0 498b | cfc5 f877 | 4989 afb0 | 0300 0049 | 8987 a003 | 0000 4883 | ec20 40f6 
  0x00000226d1e9ce20: c40f 0f84 | 1900 0000 | 4883 ec08 | 48b8 10ca | d1a9 f97f | 0000 ffd0 | 4883 c408 | e90c 0000 
  0x00000226d1e9ce40: 0048 b810 | cad1 a9f9 | 7f00 00ff | d048 83c4 | 2049 c787 | a003 0000 | 0000 0000 | 49c7 87b0 
  0x00000226d1e9ce60: 0300 0000 | 0000 0049 | c787 a803 | 0000 0000 | 0000 c5f8 | 7749 837f | 0800 0f84 | 0500 0000 
  0x00000226d1e9ce80: e97b 40ff | ff4c 8b6d | c04c 8b75 | c84e 8d74 | f500 c348 | 8b5d e84c | 8b5b 6041 | ffd3 488b 
  0x00000226d1e9cea0: 5de8 4889 | 4518 448b | 5b28 41f6 | c308 0f84 | 1b00 0000 | 4c8b 5b08 | 4d8b 5b08 | 4d8b 5b18 
  0x00000226d1e9cec0: 4d8b 5b70 | 4d8b 1b4c | 895d 1048 | 8d55 1048 | 8b43 5849 | ba00 0d09 | aaf9 7f00 | 0049 3bc2 
  0x00000226d1e9cee0: 0f85 ab00 | 0000 e805 | 0000 00e9 | 9900 0000 | 488b d348 | 8d44 2408 | 4c89 6dc0 | 498b cfc5 
  0x00000226d1e9cf00: f877 4989 | afb0 0300 | 0049 8987 | a003 0000 | 4883 ec20 | 40f6 c40f | 0f84 1900 | 0000 4883 
  0x00000226d1e9cf20: ec08 48b8 | 10ca d1a9 | f97f 0000 | ffd0 4883 | c408 e90c | 0000 0048 | b810 cad1 | a9f9 7f00 
  0x00000226d1e9cf40: 00ff d048 | 83c4 2049 | c787 a003 | 0000 0000 | 0000 49c7 | 87b0 0300 | 0000 0000 | 0049 c787 
  0x00000226d1e9cf60: a803 0000 | 0000 0000 | c5f8 7749 | 837f 0800 | 0f84 0500 | 0000 e985 | 3fff ff4c | 8b6d c04c 
  0x00000226d1e9cf80: 8b75 c84e | 8d74 f500 | c348 8b5d | e848 8b43 | 5849 8d8f | c003 0000 | c5f8 7749 | 89af b003 
  0x00000226d1e9cfa0: 0000 49ba | 98cf e9d1 | 2602 0000 | 4d89 97a8 | 0300 0049 | 89a7 a003 | 0000 41c7 | 8754 0400 
  0x00000226d1e9cfc0: 0004 0000 | 00ff d0c5 | f877 4883 | ec10 c5fb | 1104 2448 | 83ec 1048 | 8904 2448 | c744 2408 
  0x00000226d1e9cfe0: 0000 0000 | 41c7 8754 | 0400 0005 | 0000 00f0 | 8344 24c0 | 0049 3baf | 5804 0000 | 0f87 0e00 
  0x00000226d1e9d000: 0000 4183 | bf50 0400 | 0000 0f84 | 2000 0000 | 498b cf4c | 8be4 4883 | ec20 4883 | e4f0 48b8 
  0x00000226d1e9d020: c01f d3a9 | f97f 0000 | ffd0 498b | e44d 33e4 | 41c7 8754 | 0400 0008 | 0000 0049 | c787 a003 
  0x00000226d1e9d040: 0000 0000 | 0000 49c7 | 87b0 0300 | 0000 0000 | 0049 c787 | a803 0000 | 0000 0000 | c5f8 774d 
  0x00000226d1e9d060: 8b9f 3004 | 0000 41c7 | 8300 0100 | 0000 0000 | 0049 bb1a | a5e9 d126 | 0200 004c | 3b5d 180f 
  0x00000226d1e9d080: 8524 0200 | 0048 8b04 | 2448 83c4 | 1048 85c0 | 0f84 fe01 | 0000 a803 | 0f85 0800 | 0000 488b 
  0x00000226d1e9d0a0: 00e9 ee01 | 0000 a801 | 0f85 0900 | 0000 488b | 40fe e9dd | 0100 0048 | 8b40 ff41 | 807f 3800 
  0x00000226d1e9d0c0: 0f84 ce01 | 0000 4883 | f800 0f84 | c401 0000 | 4d8b 5f28 | 4983 fb00 | 0f84 1400 | 0000 4983 
  0x00000226d1e9d0e0: eb08 4d89 | 5f28 4d03 | 5f30 4989 | 03e9 a201 | 0000 4881 | ecd0 0000 | 0048 8904 | 2448 894c 
  0x00000226d1e9d100: 2408 4889 | 5424 1048 | 8974 2418 | 4889 7c24 | 204c 8944 | 2428 4c89 | 4c24 304c | 8954 2438 
  0x00000226d1e9d120: 4c89 5c24 | 40c5 fb11 | 4424 50c5 | fb11 4c24 | 58c5 fb11 | 5424 60c5 | fb11 5c24 | 68c5 fb11 
  0x00000226d1e9d140: 6424 70c5 | fb11 6c24 | 78c5 fb11 | b424 8000 | 0000 c5fb | 11bc 2488 | 0000 00c5 | 7b11 8424 
  0x00000226d1e9d160: 9000 0000 | c57b 118c | 2498 0000 | 00c5 7b11 | 9424 a000 | 0000 c57b | 119c 24a8 | 0000 00c5 
  0x00000226d1e9d180: 7b11 a424 | b000 0000 | c57b 11ac | 24b8 0000 | 00c5 7b11 | b424 c000 | 0000 c57b | 11bc 24c8 
  0x00000226d1e9d1a0: 0000 0049 | 8bd7 488b | c848 83ec | 2040 f6c4 | 0f0f 8419 | 0000 0048 | 83ec 0848 | b830 3ec6 
  0x00000226d1e9d1c0: a9f9 7f00 | 00ff d048 | 83c4 08e9 | 0c00 0000 | 48b8 303e | c6a9 f97f | 0000 ffd0 | 4883 c420 
  0x00000226d1e9d1e0: c57b 10bc | 24c8 0000 | 00c5 7b10 | b424 c000 | 0000 c57b | 10ac 24b8 | 0000 00c5 | 7b10 a424 
  0x00000226d1e9d200: b000 0000 | c57b 109c | 24a8 0000 | 00c5 7b10 | 9424 a000 | 0000 c57b | 108c 2498 | 0000 00c5 
  0x00000226d1e9d220: 7b10 8424 | 9000 0000 | c5fb 10bc | 2488 0000 | 00c5 fb10 | b424 8000 | 0000 c5fb | 106c 2478 
  0x00000226d1e9d240: c5fb 1064 | 2470 c5fb | 105c 2468 | c5fb 1054 | 2460 c5fb | 104c 2458 | c5fb 1044 | 2450 4c8b 
  0x00000226d1e9d260: 5c24 404c | 8b54 2438 | 4c8b 4c24 | 304c 8b44 | 2428 488b | 7c24 2048 | 8b74 2418 | 488b 5424 
  0x00000226d1e9d280: 1048 8b4c | 2408 488b | 0424 4881 | c4d0 0000 | 00c5 f877 | 4889 4510 | 4883 ec10 | 4889 0424 
  0x00000226d1e9d2a0: 48c7 4424 | 0800 0000 | 0041 83bf | d004 0000 | 020f 85bf | 0000 0048 | 81ec 8000 | 0000 4889 
  0x00000226d1e9d2c0: 4424 7848 | 894c 2470 | 4889 5424 | 6848 895c | 2460 4889 | 6c24 5048 | 8974 2448 | 4889 7c24 
  0x00000226d1e9d2e0: 404c 8944 | 2438 4c89 | 4c24 304c | 8954 2428 | 4c89 5c24 | 204c 8964 | 2418 4c89 | 6c24 104c 
  0x00000226d1e9d300: 8974 2408 | 4c89 3c24 | 4c8b e448 | 83ec 2048 | 83e4 f048 | b850 ee08 | aaf9 7f00 | 00ff d049 
  0x00000226d1e9d320: 8be4 4c8b | 3c24 4c8b | 7424 084c | 8b6c 2410 | 4c8b 6424 | 184c 8b5c | 2420 4c8b | 5424 284c 
  0x00000226d1e9d340: 8b4c 2430 | 4c8b 4424 | 3848 8b7c | 2440 488b | 7424 4848 | 8b6c 2450 | 488b 5c24 | 6048 8b54 
  0x00000226d1e9d360: 2468 488b | 4c24 7048 | 8b44 2478 | 4881 c480 | 0000 004d | 33e4 488b | 5de8 4c8b | 6b08 4d8d 
  0x00000226d1e9d380: 6d38 4983 | 7f08 000f | 84bb 0000 | 00e8 0500 | 0000 e996 | 0000 0048 | 8d44 2408 | 4c89 6dc0 
  0x00000226d1e9d3a0: 498b cfc5 | f877 4989 | afb0 0300 | 0049 8987 | a003 0000 | 4883 ec20 | 40f6 c40f | 0f84 1900 
  0x00000226d1e9d3c0: 0000 4883 | ec08 48b8 | 50e8 d1a9 | f97f 0000 | ffd0 4883 | c408 e90c | 0000 0048 | b850 e8d1 
  0x00000226d1e9d3e0: a9f9 7f00 | 00ff d048 | 83c4 2049 | c787 a003 | 0000 0000 | 0000 49c7 | 87b0 0300 | 0000 0000 
  0x00000226d1e9d400: 0049 c787 | a803 0000 | 0000 0000 | c5f8 7749 | 837f 0800 | 0f84 0500 | 0000 e9e1 | 3aff ff4c 
  0x00000226d1e9d420: 8b6d c04c | 8b75 c84e | 8d74 f500 | c348 b9d0 | 2830 aaf9 | 7f00 0048 | 83e4 f048 | b890 95f7 
  0x00000226d1e9d440: a9f9 7f00 | 00ff d0f4 | 448b 5b28 | 41f6 c320 | 0f84 4401 | 0000 488d | 55a8 4c8b | 5a08 4d85 
  0x00000226d1e9d460: db0f 85bb | 0000 00e8 | 0500 0000 | e996 0000 | 0048 8d44 | 2408 4c89 | 6dc0 498b | cfc5 f877 
  0x00000226d1e9d480: 4989 afb0 | 0300 0049 | 8987 a003 | 0000 4883 | ec20 40f6 | c40f 0f84 | 1900 0000 | 4883 ec08 
  0x00000226d1e9d4a0: 48b8 80e7 | d1a9 f97f | 0000 ffd0 | 4883 c408 | e90c 0000 | 0048 b880 | e7d1 a9f9 | 7f00 00ff 
  0x00000226d1e9d4c0: d048 83c4 | 2049 c787 | a003 0000 | 0000 0000 | 49c7 87b0 | 0300 0000 | 0000 0049 | c787 a803 
  0x00000226d1e9d4e0: 0000 0000 | 0000 c5f8 | 7749 837f | 0800 0f84 | 0500 0000 | e907 3aff | ff4c 8b6d | c04c 8b75 
  0x00000226d1e9d500: c84e 8d74 | f500 c348 | b9d0 2830 | aaf9 7f00 | 0048 83e4 | f048 b890 | 95f7 a9f9 | 7f00 00ff 
  0x00000226d1e9d520: d0f4 4c89 | 6dc0 488d | 024c 8b4a | 0848 c742 | 0800 0000 | 004c 8b00 | 4d85 c00f | 840b 0000 
  0x00000226d1e9d540: 00f0 4d0f | b101 0f85 | 0c00 0000 | 49ff 8f58 | 0500 00e9 | 3e00 0000 | 4c89 4a08 | 488b ca48 
  0x00000226d1e9d560: 83ec 2040 | f6c4 0f0f | 8419 0000 | 0048 83ec | 0848 b810 | bad1 a9f9 | 7f00 00ff | d048 83c4 
  0x00000226d1e9d580: 08e9 0c00 | 0000 48b8 | 10ba d1a9 | f97f 0000 | ffd0 4883 | c420 4c8b | 6dc0 49ba | ac40 58aa 
  0x00000226d1e9d5a0: f97f 0000 | 4180 3a00 | 0f84 3e00 | 0000 488b | 55e8 498b | cf48 83ec | 2040 f6c4 | 0f0f 8419 
  0x00000226d1e9d5c0: 0000 0048 | 83ec 0848 | b800 b608 | aaf9 7f00 | 00ff d048 | 83c4 08e9 | 0c00 0000 | 48b8 00b6 
  0x00000226d1e9d5e0: 08aa f97f | 0000 ffd0 | 4883 c420 | 488b 0424 | 4883 c410 | c5fb 1004 | 2448 83c4 | 104c 8b5d 
  0x00000226d1e9d600: 1841 ffd3 | 4c8b 5df8 | c95f 498b | e3ff e7ba | 0000 0000 | e805 0000 | 00e9 9600 | 0000 488d 
  0x00000226d1e9d620: 4424 084c | 896d c049 | 8bcf c5f8 | 7749 89af | b003 0000 | 4989 87a0 | 0300 0048 | 83ec 2040 
  0x00000226d1e9d640: f6c4 0f0f | 8419 0000 | 0048 83ec | 0848 b8d0 | add1 a9f9 | 7f00 00ff | d048 83c4 | 08e9 0c00 
  0x00000226d1e9d660: 0000 48b8 | d0ad d1a9 | f97f 0000 | ffd0 4883 | c420 49c7 | 87a0 0300 | 0000 0000 | 0049 c787 
  0x00000226d1e9d680: b003 0000 | 0000 0000 | 49c7 87a8 | 0300 0000 | 0000 00c5 | f877 4983 | 7f08 000f | 8405 0000 
  0x00000226d1e9d6a0: 00e9 5a38 | ffff 4c8b | 6dc0 4c8b | 75c8 4e8d | 74f5 00c3 | 488b 5de8 | e95b f6ff | ff66 6690 
[/MachCode]

---------------  P R O C E S S  ---------------

Threads class SMR info:
_java_thread_list=0x00000226e245baa0, length=12, elements={
0x00000226c26fd420, 0x00000226e223d1d0, 0x00000226e223e0f0, 0x00000226e22448e0,
0x00000226e2247be0, 0x00000226e224a660, 0x00000226e224cb40, 0x00000226e2257500,
0x00000226e2259fc0, 0x00000226e220c1b0, 0x00000226e265ca20, 0x00000226e265e0a0
}

Java Threads: ( => current thread )
=>0x00000226c26fd420 JavaThread "main"                              [_thread_in_vm, id=19836, stack(0x00000065ca700000,0x00000065ca800000) (1024K)]
  0x00000226e223d1d0 JavaThread "Reference Handler"          daemon [_thread_blocked, id=30624, stack(0x00000065caf00000,0x00000065cb000000) (1024K)]
  0x00000226e223e0f0 JavaThread "Finalizer"                  daemon [_thread_blocked, id=27348, stack(0x00000065cb000000,0x00000065cb100000) (1024K)]
  0x00000226e22448e0 JavaThread "Signal Dispatcher"          daemon [_thread_blocked, id=30740, stack(0x00000065cb100000,0x00000065cb200000) (1024K)]
  0x00000226e2247be0 JavaThread "Attach Listener"            daemon [_thread_blocked, id=16516, stack(0x00000065cb200000,0x00000065cb300000) (1024K)]
  0x00000226e224a660 JavaThread "Service Thread"             daemon [_thread_blocked, id=30592, stack(0x00000065cb300000,0x00000065cb400000) (1024K)]
  0x00000226e224cb40 JavaThread "Monitor Deflation Thread"   daemon [_thread_blocked, id=31040, stack(0x00000065cb400000,0x00000065cb500000) (1024K)]
  0x00000226e2257500 JavaThread "C2 CompilerThread0"         daemon [_thread_blocked, id=29684, stack(0x00000065cb500000,0x00000065cb600000) (1024K)]
  0x00000226e2259fc0 JavaThread "C1 CompilerThread0"         daemon [_thread_blocked, id=12084, stack(0x00000065cb600000,0x00000065cb700000) (1024K)]
  0x00000226e220c1b0 JavaThread "Common-Cleaner"             daemon [_thread_blocked, id=17592, stack(0x00000065cb700000,0x00000065cb800000) (1024K)]
  0x00000226e265ca20 JavaThread "Monitor Ctrl-Break"         daemon [_thread_in_native, id=20324, stack(0x00000065cbb00000,0x00000065cbc00000) (1024K)]
  0x00000226e265e0a0 JavaThread "Notification Thread"        daemon [_thread_blocked, id=16832, stack(0x00000065cbc00000,0x00000065cbd00000) (1024K)]
Total: 12

Other Threads:
  0x00000226e2221c60 VMThread "VM Thread"                           [id=30984, stack(0x00000065cae00000,0x00000065caf00000) (1024K)]
  0x00000226e220af30 WatcherThread "VM Periodic Task Thread"        [id=30856, stack(0x00000065cad00000,0x00000065cae00000) (1024K)]
  0x00000226c2765cb0 WorkerThread "GC Thread#0"                     [id=27224, stack(0x00000065ca800000,0x00000065ca900000) (1024K)]
  0x000002272f61ed30 WorkerThread "GC Thread#1"                     [id=23820, stack(0x00000065cb800000,0x00000065cb900000) (1024K)]
  0x00000226e2705bb0 WorkerThread "GC Thread#2"                     [id=19168, stack(0x00000065cb900000,0x00000065cba00000) (1024K)]
  0x00000226e2705f60 WorkerThread "GC Thread#3"                     [id=16052, stack(0x00000065cba00000,0x00000065cbb00000) (1024K)]
  0x00000226e2706310 WorkerThread "GC Thread#4"                     [id=20796, stack(0x00000065cc400000,0x00000065cc500000) (1024K)]
  0x00000226e2410bd0 WorkerThread "GC Thread#5"                     [id=27100, stack(0x00000065cc500000,0x00000065cc600000) (1024K)]
  0x00000226e2412020 WorkerThread "GC Thread#6"                     [id=11736, stack(0x00000065cc600000,0x00000065cc700000) (1024K)]
  0x00000226e23ef1c0 WorkerThread "GC Thread#7"                     [id=25312, stack(0x00000065cc700000,0x00000065cc800000) (1024K)]
  0x00000226e23ef980 WorkerThread "GC Thread#8"                     [id=30496, stack(0x00000065cc800000,0x00000065cc900000) (1024K)]
  0x00000226e23efd30 WorkerThread "GC Thread#9"                     [id=28716, stack(0x00000065cc900000,0x00000065cca00000) (1024K)]
  0x00000226e254c3c0 WorkerThread "GC Thread#10"                    [id=24212, stack(0x00000065cca00000,0x00000065ccb00000) (1024K)]
  0x00000226e23cd160 WorkerThread "GC Thread#11"                    [id=16696, stack(0x00000065ccb00000,0x00000065ccc00000) (1024K)]
  0x00000226e23cdd20 WorkerThread "GC Thread#12"                    [id=29460, stack(0x00000065ccc00000,0x00000065ccd00000) (1024K)]
  0x00000226c2777ce0 ConcurrentGCThread "G1 Main Marker"            [id=16048, stack(0x00000065ca900000,0x00000065caa00000) (1024K)]
  0x00000226c2778f90 WorkerThread "G1 Conc#0"                       [id=5332, stack(0x00000065caa00000,0x00000065cab00000) (1024K)]
  0x00000226e20cbc80 ConcurrentGCThread "G1 Refine#0"               [id=31476, stack(0x00000065cab00000,0x00000065cac00000) (1024K)]
  0x00000226e20cc710 ConcurrentGCThread "G1 Service"                [id=10396, stack(0x00000065cac00000,0x00000065cad00000) (1024K)]
Total: 19

Threads with active compile tasks:
Total: 0

VM state: not at safepoint (normal execution)

VM Mutex/Monitor currently owned by a thread: None

Heap address: 0x0000000701800000, size: 4072 MB, Compressed Oops mode: Zero based, Oop shift amount: 3

CDS archive(s) mapped at: [0x00000226e3000000-0x00000226e3c50000-0x00000226e3c50000), size 12910592, SharedBaseAddress: 0x00000226e3000000, ArchiveRelocationMode: 1.
Compressed class space mapped at: 0x00000226e4000000-0x0000022724000000, reserved size: 1073741824
Narrow klass base: 0x00000226e3000000, Narrow klass shift: 0, Narrow klass range: 0x41000000

GC Precious Log:
 CardTable entry size: 512
 Card Set container configuration: InlinePtr #cards 4 size 8 Array Of Cards #cards 16 size 48 Howl #buckets 8 coarsen threshold 3686 Howl Bitmap #cards 512 size 80 coarsen threshold 460 Card regions per heap region 1 cards per card region 4096
 CPUs: 16 total, 16 available
 Memory: 16286M
 Large Page Support: Disabled
 NUMA Support: Disabled
 Compressed Oops: Enabled (Zero based)
 Heap Region Size: 2M
 Heap Min Capacity: 8M
 Heap Initial Capacity: 256M
 Heap Max Capacity: 4072M
 Pre-touch: Disabled
 Parallel Workers: 13
 Concurrent Workers: 3
 Concurrent Refinement Workers: 13
 Periodic GC: Disabled

Heap:
 garbage-first heap   total reserved 4169728K, committed 262144K, used 81067K [0x0000000701800000, 0x0000000800000000)
  region size 2048K, 41 young (83968K), 2 survivors (4096K)
 Metaspace       used 7692K, committed 8000K, reserved 1114112K
  class space    used 438K, committed 576K, reserved 1048576K

Heap Regions: E=young(eden), S=young(survivor), O=old, HS=humongous(starts), HC=humongous(continues), CS=collection set, F=free, TAMS=top-at-mark-start, PB=parsable bottom
|   0|0x0000000701800000, 0x0000000701800000, 0x0000000701a00000|  0%| F|  |TAMS 0x0000000701800000| PB 0x0000000701800000| Untracked |  0
|   1|0x0000000701a00000, 0x0000000701a00000, 0x0000000701c00000|  0%| F|  |TAMS 0x0000000701a00000| PB 0x0000000701a00000| Untracked |  0
|   2|0x0000000701c00000, 0x0000000701c00000, 0x0000000701e00000|  0%| F|  |TAMS 0x0000000701c00000| PB 0x0000000701c00000| Untracked |  0
|   3|0x0000000701e00000, 0x0000000701e00000, 0x0000000702000000|  0%| F|  |TAMS 0x0000000701e00000| PB 0x0000000701e00000| Untracked |  0
|   4|0x0000000702000000, 0x0000000702000000, 0x0000000702200000|  0%| F|  |TAMS 0x0000000702000000| PB 0x0000000702000000| Untracked |  0
|   5|0x0000000702200000, 0x0000000702200000, 0x0000000702400000|  0%| F|  |TAMS 0x0000000702200000| PB 0x0000000702200000| Untracked |  0
|   6|0x0000000702400000, 0x0000000702400000, 0x0000000702600000|  0%| F|  |TAMS 0x0000000702400000| PB 0x0000000702400000| Untracked |  0
|   7|0x0000000702600000, 0x0000000702600000, 0x0000000702800000|  0%| F|  |TAMS 0x0000000702600000| PB 0x0000000702600000| Untracked |  0
|   8|0x0000000702800000, 0x0000000702800000, 0x0000000702a00000|  0%| F|  |TAMS 0x0000000702800000| PB 0x0000000702800000| Untracked |  0
|   9|0x0000000702a00000, 0x0000000702a00000, 0x0000000702c00000|  0%| F|  |TAMS 0x0000000702a00000| PB 0x0000000702a00000| Untracked |  0
|  10|0x0000000702c00000, 0x0000000702c00000, 0x0000000702e00000|  0%| F|  |TAMS 0x0000000702c00000| PB 0x0000000702c00000| Untracked |  0
|  11|0x0000000702e00000, 0x0000000702e00000, 0x0000000703000000|  0%| F|  |TAMS 0x0000000702e00000| PB 0x0000000702e00000| Untracked |  0
|  12|0x0000000703000000, 0x0000000703000000, 0x0000000703200000|  0%| F|  |TAMS 0x0000000703000000| PB 0x0000000703000000| Untracked |  0
|  13|0x0000000703200000, 0x0000000703200000, 0x0000000703400000|  0%| F|  |TAMS 0x0000000703200000| PB 0x0000000703200000| Untracked |  0
|  14|0x0000000703400000, 0x0000000703400000, 0x0000000703600000|  0%| F|  |TAMS 0x0000000703400000| PB 0x0000000703400000| Untracked |  0
|  15|0x0000000703600000, 0x0000000703600000, 0x0000000703800000|  0%| F|  |TAMS 0x0000000703600000| PB 0x0000000703600000| Untracked |  0
|  16|0x0000000703800000, 0x0000000703800000, 0x0000000703a00000|  0%| F|  |TAMS 0x0000000703800000| PB 0x0000000703800000| Untracked |  0
|  17|0x0000000703a00000, 0x0000000703a00000, 0x0000000703c00000|  0%| F|  |TAMS 0x0000000703a00000| PB 0x0000000703a00000| Untracked |  0
|  18|0x0000000703c00000, 0x0000000703c00000, 0x0000000703e00000|  0%| F|  |TAMS 0x0000000703c00000| PB 0x0000000703c00000| Untracked |  0
|  19|0x0000000703e00000, 0x0000000703e00000, 0x0000000704000000|  0%| F|  |TAMS 0x0000000703e00000| PB 0x0000000703e00000| Untracked |  0
|  20|0x0000000704000000, 0x0000000704000000, 0x0000000704200000|  0%| F|  |TAMS 0x0000000704000000| PB 0x0000000704000000| Untracked |  0
|  21|0x0000000704200000, 0x0000000704200000, 0x0000000704400000|  0%| F|  |TAMS 0x0000000704200000| PB 0x0000000704200000| Untracked |  0
|  22|0x0000000704400000, 0x0000000704400000, 0x0000000704600000|  0%| F|  |TAMS 0x0000000704400000| PB 0x0000000704400000| Untracked |  0
|  23|0x0000000704600000, 0x0000000704600000, 0x0000000704800000|  0%| F|  |TAMS 0x0000000704600000| PB 0x0000000704600000| Untracked |  0
|  24|0x0000000704800000, 0x0000000704800000, 0x0000000704a00000|  0%| F|  |TAMS 0x0000000704800000| PB 0x0000000704800000| Untracked |  0
|  25|0x0000000704a00000, 0x0000000704a00000, 0x0000000704c00000|  0%| F|  |TAMS 0x0000000704a00000| PB 0x0000000704a00000| Untracked |  0
|  26|0x0000000704c00000, 0x0000000704c00000, 0x0000000704e00000|  0%| F|  |TAMS 0x0000000704c00000| PB 0x0000000704c00000| Untracked |  0
|  27|0x0000000704e00000, 0x0000000704e00000, 0x0000000705000000|  0%| F|  |TAMS 0x0000000704e00000| PB 0x0000000704e00000| Untracked |  0
|  28|0x0000000705000000, 0x0000000705000000, 0x0000000705200000|  0%| F|  |TAMS 0x0000000705000000| PB 0x0000000705000000| Untracked |  0
|  29|0x0000000705200000, 0x0000000705200000, 0x0000000705400000|  0%| F|  |TAMS 0x0000000705200000| PB 0x0000000705200000| Untracked |  0
|  30|0x0000000705400000, 0x0000000705400000, 0x0000000705600000|  0%| F|  |TAMS 0x0000000705400000| PB 0x0000000705400000| Untracked |  0
|  31|0x0000000705600000, 0x0000000705600000, 0x0000000705800000|  0%| F|  |TAMS 0x0000000705600000| PB 0x0000000705600000| Untracked |  0
|  32|0x0000000705800000, 0x0000000705800000, 0x0000000705a00000|  0%| F|  |TAMS 0x0000000705800000| PB 0x0000000705800000| Untracked |  0
|  33|0x0000000705a00000, 0x0000000705a00000, 0x0000000705c00000|  0%| F|  |TAMS 0x0000000705a00000| PB 0x0000000705a00000| Untracked |  0
|  34|0x0000000705c00000, 0x0000000705c00000, 0x0000000705e00000|  0%| F|  |TAMS 0x0000000705c00000| PB 0x0000000705c00000| Untracked |  0
|  35|0x0000000705e00000, 0x0000000705e00000, 0x0000000706000000|  0%| F|  |TAMS 0x0000000705e00000| PB 0x0000000705e00000| Untracked |  0
|  36|0x0000000706000000, 0x0000000706000000, 0x0000000706200000|  0%| F|  |TAMS 0x0000000706000000| PB 0x0000000706000000| Untracked |  0
|  37|0x0000000706200000, 0x0000000706200000, 0x0000000706400000|  0%| F|  |TAMS 0x0000000706200000| PB 0x0000000706200000| Untracked |  0
|  38|0x0000000706400000, 0x0000000706400000, 0x0000000706600000|  0%| F|  |TAMS 0x0000000706400000| PB 0x0000000706400000| Untracked |  0
|  39|0x0000000706600000, 0x0000000706600000, 0x0000000706800000|  0%| F|  |TAMS 0x0000000706600000| PB 0x0000000706600000| Untracked |  0
|  40|0x0000000706800000, 0x0000000706800000, 0x0000000706a00000|  0%| F|  |TAMS 0x0000000706800000| PB 0x0000000706800000| Untracked |  0
|  41|0x0000000706a00000, 0x0000000706a00000, 0x0000000706c00000|  0%| F|  |TAMS 0x0000000706a00000| PB 0x0000000706a00000| Untracked |  0
|  42|0x0000000706c00000, 0x0000000706c00000, 0x0000000706e00000|  0%| F|  |TAMS 0x0000000706c00000| PB 0x0000000706c00000| Untracked |  0
|  43|0x0000000706e00000, 0x0000000706e00000, 0x0000000707000000|  0%| F|  |TAMS 0x0000000706e00000| PB 0x0000000706e00000| Untracked |  0
|  44|0x0000000707000000, 0x0000000707000000, 0x0000000707200000|  0%| F|  |TAMS 0x0000000707000000| PB 0x0000000707000000| Untracked |  0
|  45|0x0000000707200000, 0x0000000707200000, 0x0000000707400000|  0%| F|  |TAMS 0x0000000707200000| PB 0x0000000707200000| Untracked |  0
|  46|0x0000000707400000, 0x0000000707400000, 0x0000000707600000|  0%| F|  |TAMS 0x0000000707400000| PB 0x0000000707400000| Untracked |  0
|  47|0x0000000707600000, 0x0000000707600000, 0x0000000707800000|  0%| F|  |TAMS 0x0000000707600000| PB 0x0000000707600000| Untracked |  0
|  48|0x0000000707800000, 0x0000000707800000, 0x0000000707a00000|  0%| F|  |TAMS 0x0000000707800000| PB 0x0000000707800000| Untracked |  0
|  49|0x0000000707a00000, 0x0000000707a00000, 0x0000000707c00000|  0%| F|  |TAMS 0x0000000707a00000| PB 0x0000000707a00000| Untracked |  0
|  50|0x0000000707c00000, 0x0000000707d2aec0, 0x0000000707e00000| 58%| S|CS|TAMS 0x0000000707c00000| PB 0x0000000707c00000| Complete |  0
|  51|0x0000000707e00000, 0x0000000708000000, 0x0000000708000000|100%| S|CS|TAMS 0x0000000707e00000| PB 0x0000000707e00000| Complete |  0
|  52|0x0000000708000000, 0x0000000708000000, 0x0000000708200000|  0%| F|  |TAMS 0x0000000708000000| PB 0x0000000708000000| Untracked |  0
|  53|0x0000000708200000, 0x0000000708200000, 0x0000000708400000|  0%| F|  |TAMS 0x0000000708200000| PB 0x0000000708200000| Untracked |  0
|  54|0x0000000708400000, 0x0000000708400000, 0x0000000708600000|  0%| F|  |TAMS 0x0000000708400000| PB 0x0000000708400000| Untracked |  0
|  55|0x0000000708600000, 0x0000000708600000, 0x0000000708800000|  0%| F|  |TAMS 0x0000000708600000| PB 0x0000000708600000| Untracked |  0
|  56|0x0000000708800000, 0x0000000708800000, 0x0000000708a00000|  0%| F|  |TAMS 0x0000000708800000| PB 0x0000000708800000| Untracked |  0
|  57|0x0000000708a00000, 0x0000000708a00000, 0x0000000708c00000|  0%| F|  |TAMS 0x0000000708a00000| PB 0x0000000708a00000| Untracked |  0
|  58|0x0000000708c00000, 0x0000000708c00000, 0x0000000708e00000|  0%| F|  |TAMS 0x0000000708c00000| PB 0x0000000708c00000| Untracked |  0
|  59|0x0000000708e00000, 0x0000000708e00000, 0x0000000709000000|  0%| F|  |TAMS 0x0000000708e00000| PB 0x0000000708e00000| Untracked |  0
|  60|0x0000000709000000, 0x0000000709000000, 0x0000000709200000|  0%| F|  |TAMS 0x0000000709000000| PB 0x0000000709000000| Untracked |  0
|  61|0x0000000709200000, 0x0000000709200000, 0x0000000709400000|  0%| F|  |TAMS 0x0000000709200000| PB 0x0000000709200000| Untracked |  0
|  62|0x0000000709400000, 0x0000000709400000, 0x0000000709600000|  0%| F|  |TAMS 0x0000000709400000| PB 0x0000000709400000| Untracked |  0
|  63|0x0000000709600000, 0x0000000709600000, 0x0000000709800000|  0%| F|  |TAMS 0x0000000709600000| PB 0x0000000709600000| Untracked |  0
|  64|0x0000000709800000, 0x0000000709800000, 0x0000000709a00000|  0%| F|  |TAMS 0x0000000709800000| PB 0x0000000709800000| Untracked |  0
|  65|0x0000000709a00000, 0x0000000709a00000, 0x0000000709c00000|  0%| F|  |TAMS 0x0000000709a00000| PB 0x0000000709a00000| Untracked |  0
|  66|0x0000000709c00000, 0x0000000709c00000, 0x0000000709e00000|  0%| F|  |TAMS 0x0000000709c00000| PB 0x0000000709c00000| Untracked |  0
|  67|0x0000000709e00000, 0x0000000709e00000, 0x000000070a000000|  0%| F|  |TAMS 0x0000000709e00000| PB 0x0000000709e00000| Untracked |  0
|  68|0x000000070a000000, 0x000000070a000000, 0x000000070a200000|  0%| F|  |TAMS 0x000000070a000000| PB 0x000000070a000000| Untracked |  0
|  69|0x000000070a200000, 0x000000070a200000, 0x000000070a400000|  0%| F|  |TAMS 0x000000070a200000| PB 0x000000070a200000| Untracked |  0
|  70|0x000000070a400000, 0x000000070a400000, 0x000000070a600000|  0%| F|  |TAMS 0x000000070a400000| PB 0x000000070a400000| Untracked |  0
|  71|0x000000070a600000, 0x000000070a600000, 0x000000070a800000|  0%| F|  |TAMS 0x000000070a600000| PB 0x000000070a600000| Untracked |  0
|  72|0x000000070a800000, 0x000000070a800000, 0x000000070aa00000|  0%| F|  |TAMS 0x000000070a800000| PB 0x000000070a800000| Untracked |  0
|  73|0x000000070aa00000, 0x000000070aa00000, 0x000000070ac00000|  0%| F|  |TAMS 0x000000070aa00000| PB 0x000000070aa00000| Untracked |  0
|  74|0x000000070ac00000, 0x000000070ac00000, 0x000000070ae00000|  0%| F|  |TAMS 0x000000070ac00000| PB 0x000000070ac00000| Untracked |  0
|  75|0x000000070ae00000, 0x000000070ae00000, 0x000000070b000000|  0%| F|  |TAMS 0x000000070ae00000| PB 0x000000070ae00000| Untracked |  0
|  76|0x000000070b000000, 0x000000070b000000, 0x000000070b200000|  0%| F|  |TAMS 0x000000070b000000| PB 0x000000070b000000| Untracked |  0
|  77|0x000000070b200000, 0x000000070b200000, 0x000000070b400000|  0%| F|  |TAMS 0x000000070b200000| PB 0x000000070b200000| Untracked |  0
|  78|0x000000070b400000, 0x000000070b400000, 0x000000070b600000|  0%| F|  |TAMS 0x000000070b400000| PB 0x000000070b400000| Untracked |  0
|  79|0x000000070b600000, 0x000000070b600000, 0x000000070b800000|  0%| F|  |TAMS 0x000000070b600000| PB 0x000000070b600000| Untracked |  0
|  80|0x000000070b800000, 0x000000070b800000, 0x000000070ba00000|  0%| F|  |TAMS 0x000000070b800000| PB 0x000000070b800000| Untracked |  0
|  81|0x000000070ba00000, 0x000000070ba00000, 0x000000070bc00000|  0%| F|  |TAMS 0x000000070ba00000| PB 0x000000070ba00000| Untracked |  0
|  82|0x000000070bc00000, 0x000000070bc00000, 0x000000070be00000|  0%| F|  |TAMS 0x000000070bc00000| PB 0x000000070bc00000| Untracked |  0
|  83|0x000000070be00000, 0x000000070be00000, 0x000000070c000000|  0%| F|  |TAMS 0x000000070be00000| PB 0x000000070be00000| Untracked |  0
|  84|0x000000070c000000, 0x000000070c000000, 0x000000070c200000|  0%| F|  |TAMS 0x000000070c000000| PB 0x000000070c000000| Untracked |  0
|  85|0x000000070c200000, 0x000000070c200000, 0x000000070c400000|  0%| F|  |TAMS 0x000000070c200000| PB 0x000000070c200000| Untracked |  0
|  86|0x000000070c400000, 0x000000070c400000, 0x000000070c600000|  0%| F|  |TAMS 0x000000070c400000| PB 0x000000070c400000| Untracked |  0
|  87|0x000000070c600000, 0x000000070c600000, 0x000000070c800000|  0%| F|  |TAMS 0x000000070c600000| PB 0x000000070c600000| Untracked |  0
|  88|0x000000070c800000, 0x000000070c800000, 0x000000070ca00000|  0%| F|  |TAMS 0x000000070c800000| PB 0x000000070c800000| Untracked |  0
|  89|0x000000070ca00000, 0x000000070cc00000, 0x000000070cc00000|100%| E|  |TAMS 0x000000070ca00000| PB 0x000000070ca00000| Complete |  0
|  90|0x000000070cc00000, 0x000000070ce00000, 0x000000070ce00000|100%| E|CS|TAMS 0x000000070cc00000| PB 0x000000070cc00000| Complete |  0
|  91|0x000000070ce00000, 0x000000070d000000, 0x000000070d000000|100%| E|CS|TAMS 0x000000070ce00000| PB 0x000000070ce00000| Complete |  0
|  92|0x000000070d000000, 0x000000070d200000, 0x000000070d200000|100%| E|CS|TAMS 0x000000070d000000| PB 0x000000070d000000| Complete |  0
|  93|0x000000070d200000, 0x000000070d400000, 0x000000070d400000|100%| E|CS|TAMS 0x000000070d200000| PB 0x000000070d200000| Complete |  0
|  94|0x000000070d400000, 0x000000070d600000, 0x000000070d600000|100%| E|CS|TAMS 0x000000070d400000| PB 0x000000070d400000| Complete |  0
|  95|0x000000070d600000, 0x000000070d800000, 0x000000070d800000|100%| E|CS|TAMS 0x000000070d600000| PB 0x000000070d600000| Complete |  0
|  96|0x000000070d800000, 0x000000070da00000, 0x000000070da00000|100%| E|CS|TAMS 0x000000070d800000| PB 0x000000070d800000| Complete |  0
|  97|0x000000070da00000, 0x000000070dc00000, 0x000000070dc00000|100%| E|CS|TAMS 0x000000070da00000| PB 0x000000070da00000| Complete |  0
|  98|0x000000070dc00000, 0x000000070de00000, 0x000000070de00000|100%| E|CS|TAMS 0x000000070dc00000| PB 0x000000070dc00000| Complete |  0
|  99|0x000000070de00000, 0x000000070e000000, 0x000000070e000000|100%| E|CS|TAMS 0x000000070de00000| PB 0x000000070de00000| Complete |  0
| 100|0x000000070e000000, 0x000000070e200000, 0x000000070e200000|100%| E|CS|TAMS 0x000000070e000000| PB 0x000000070e000000| Complete |  0
| 101|0x000000070e200000, 0x000000070e400000, 0x000000070e400000|100%| E|CS|TAMS 0x000000070e200000| PB 0x000000070e200000| Complete |  0
| 102|0x000000070e400000, 0x000000070e600000, 0x000000070e600000|100%| E|CS|TAMS 0x000000070e400000| PB 0x000000070e400000| Complete |  0
| 103|0x000000070e600000, 0x000000070e800000, 0x000000070e800000|100%| E|CS|TAMS 0x000000070e600000| PB 0x000000070e600000| Complete |  0
| 104|0x000000070e800000, 0x000000070ea00000, 0x000000070ea00000|100%| E|CS|TAMS 0x000000070e800000| PB 0x000000070e800000| Complete |  0
| 105|0x000000070ea00000, 0x000000070ec00000, 0x000000070ec00000|100%| E|CS|TAMS 0x000000070ea00000| PB 0x000000070ea00000| Complete |  0
| 106|0x000000070ec00000, 0x000000070ee00000, 0x000000070ee00000|100%| E|CS|TAMS 0x000000070ec00000| PB 0x000000070ec00000| Complete |  0
| 107|0x000000070ee00000, 0x000000070f000000, 0x000000070f000000|100%| E|CS|TAMS 0x000000070ee00000| PB 0x000000070ee00000| Complete |  0
| 108|0x000000070f000000, 0x000000070f200000, 0x000000070f200000|100%| E|CS|TAMS 0x000000070f000000| PB 0x000000070f000000| Complete |  0
| 109|0x000000070f200000, 0x000000070f400000, 0x000000070f400000|100%| E|CS|TAMS 0x000000070f200000| PB 0x000000070f200000| Complete |  0
| 110|0x000000070f400000, 0x000000070f600000, 0x000000070f600000|100%| E|CS|TAMS 0x000000070f400000| PB 0x000000070f400000| Complete |  0
| 111|0x000000070f600000, 0x000000070f800000, 0x000000070f800000|100%| E|CS|TAMS 0x000000070f600000| PB 0x000000070f600000| Complete |  0
| 112|0x000000070f800000, 0x000000070fa00000, 0x000000070fa00000|100%| E|CS|TAMS 0x000000070f800000| PB 0x000000070f800000| Complete |  0
| 113|0x000000070fa00000, 0x000000070fc00000, 0x000000070fc00000|100%| E|CS|TAMS 0x000000070fa00000| PB 0x000000070fa00000| Complete |  0
| 114|0x000000070fc00000, 0x000000070fe00000, 0x000000070fe00000|100%| E|CS|TAMS 0x000000070fc00000| PB 0x000000070fc00000| Complete |  0
| 115|0x000000070fe00000, 0x0000000710000000, 0x0000000710000000|100%| E|CS|TAMS 0x000000070fe00000| PB 0x000000070fe00000| Complete |  0
| 116|0x0000000710000000, 0x0000000710200000, 0x0000000710200000|100%| E|CS|TAMS 0x0000000710000000| PB 0x0000000710000000| Complete |  0
| 117|0x0000000710200000, 0x0000000710400000, 0x0000000710400000|100%| E|CS|TAMS 0x0000000710200000| PB 0x0000000710200000| Complete |  0
| 118|0x0000000710400000, 0x0000000710600000, 0x0000000710600000|100%| E|CS|TAMS 0x0000000710400000| PB 0x0000000710400000| Complete |  0
| 119|0x0000000710600000, 0x0000000710800000, 0x0000000710800000|100%| E|CS|TAMS 0x0000000710600000| PB 0x0000000710600000| Complete |  0
| 120|0x0000000710800000, 0x0000000710a00000, 0x0000000710a00000|100%| E|CS|TAMS 0x0000000710800000| PB 0x0000000710800000| Complete |  0
| 121|0x0000000710a00000, 0x0000000710c00000, 0x0000000710c00000|100%| E|CS|TAMS 0x0000000710a00000| PB 0x0000000710a00000| Complete |  0
| 122|0x0000000710c00000, 0x0000000710e00000, 0x0000000710e00000|100%| E|CS|TAMS 0x0000000710c00000| PB 0x0000000710c00000| Complete |  0
| 123|0x0000000710e00000, 0x0000000711000000, 0x0000000711000000|100%| E|CS|TAMS 0x0000000710e00000| PB 0x0000000710e00000| Complete |  0
| 124|0x0000000711000000, 0x0000000711200000, 0x0000000711200000|100%| E|CS|TAMS 0x0000000711000000| PB 0x0000000711000000| Complete |  0
| 125|0x0000000711200000, 0x0000000711400000, 0x0000000711400000|100%| E|CS|TAMS 0x0000000711200000| PB 0x0000000711200000| Complete |  0
| 126|0x0000000711400000, 0x0000000711600000, 0x0000000711600000|100%| E|CS|TAMS 0x0000000711400000| PB 0x0000000711400000| Complete |  0
| 127|0x0000000711600000, 0x0000000711800000, 0x0000000711800000|100%| E|CS|TAMS 0x0000000711600000| PB 0x0000000711600000| Complete |  0

Card table byte_map: [0x00000226daaf0000,0x00000226db2f0000] _byte_map_base: 0x00000226d72e4000

Marking Bits: (CMBitMap*) 0x00000226c27663c0
 Bits: [0x00000226db2f0000, 0x00000226df290000)

Polling page: 0x00000226c06d0000

Metaspace:

Usage:
  Non-class:      7.08 MB used.
      Class:    438.48 KB used.
       Both:      7.51 MB used.

Virtual space:
  Non-class space:       64.00 MB reserved,       7.25 MB ( 11%) committed,  1 nodes.
      Class space:        1.00 GB reserved,     576.00 KB ( <1%) committed,  1 nodes.
             Both:        1.06 GB reserved,       7.81 MB ( <1%) committed. 

Chunk freelists:
   Non-Class:  7.48 MB
       Class:  15.47 MB
        Both:  22.95 MB

MaxMetaspaceSize: unlimited
CompressedClassSpaceSize: 1.00 GB
Initial GC threshold: 21.00 MB
Current GC threshold: 21.00 MB
CDS: on
 - commit_granule_bytes: 65536.
 - commit_granule_words: 8192.
 - virtual_space_node_default_size: 8388608.
 - enlarge_chunks_in_place: 1.
 - use_allocation_guard: 0.


Internal statistics:

num_allocs_failed_limit: 0.
num_arena_births: 222.
num_arena_deaths: 0.
num_vsnodes_births: 2.
num_vsnodes_deaths: 0.
num_space_committed: 124.
num_space_uncommitted: 0.
num_chunks_returned_to_freelist: 0.
num_chunks_taken_from_freelist: 427.
num_chunk_merges: 0.
num_chunk_splits: 296.
num_chunks_enlarged: 203.
num_inconsistent_stats: 0.

CodeHeap 'non-profiled nmethods': size=119168Kb used=871Kb max_used=871Kb free=118296Kb
 bounds [0x00000226d25e0000, 0x00000226d2850000, 0x00000226d9a40000]
CodeHeap 'profiled nmethods': size=119104Kb used=2668Kb max_used=2668Kb free=116435Kb
 bounds [0x00000226caa40000, 0x00000226cace0000, 0x00000226d1e90000]
CodeHeap 'non-nmethods': size=7488Kb used=2301Kb max_used=4011Kb free=5186Kb
 bounds [0x00000226d1e90000, 0x00000226d2290000, 0x00000226d25e0000]
 total_blobs=3040 nmethods=1808 adapters=1137
 compilation: enabled
              stopped_count=0, restarted_count=0
 full_count=0

Compilation events (20 events):
Event: 359.013 Thread 0x00000226e2259fc0 1799       3       java.lang.Math::abs (11 bytes)
Event: 359.014 Thread 0x00000226e2259fc0 nmethod 1799 0x00000226cacd4a90 code [0x00000226cacd4c20, 0x00000226cacd4d48]
Event: 359.027 Thread 0x00000226e2259fc0 1800       3       java.lang.FdLibm$Atan2::compute (409 bytes)
Event: 359.027 Thread 0x00000226e2259fc0 nmethod 1800 0x00000226cacd4e10 code [0x00000226cacd5200, 0x00000226cacd60a0]
Event: 359.027 Thread 0x00000226e2259fc0 1801       3       main.Tank::handleTurretCollisions (775 bytes)
Event: 359.028 Thread 0x00000226e2259fc0 nmethod 1801 0x00000226cacd6390 code [0x00000226cacd6940, 0x00000226cacd8778]
Event: 365.856 Thread 0x00000226e2257500 1802       4       java.lang.Math::max (46 bytes)
Event: 365.856 Thread 0x00000226e2257500 nmethod 1802 0x00000226d26b7990 code [0x00000226d26b7b40, 0x00000226d26b7c10]
Event: 365.869 Thread 0x00000226e2257500 1803       4       java.lang.Math::min (46 bytes)
Event: 365.869 Thread 0x00000226e2257500 nmethod 1803 0x00000226d26b7c90 code [0x00000226d26b7e40, 0x00000226d26b7f08]
Event: 398.294 Thread 0x00000226e2257500 1804       4       main.Tank::handleTurretCollisions (775 bytes)
Event: 398.298 Thread 0x00000226e2257500 nmethod 1804 0x00000226d26b7f90 code [0x00000226d26b8220, 0x00000226d26b8d68]
Event: 425.610 Thread 0x00000226e2257500 1805       4       java.lang.FdLibm$Atan2::compute (409 bytes)
Event: 425.611 Thread 0x00000226e2257500 nmethod 1805 0x00000226d26b9290 code [0x00000226d26b9460, 0x00000226d26b9728]
Event: 487.578 Thread 0x00000226e2257500 1806       4       java.lang.Double::isNaN (12 bytes)
Event: 487.578 Thread 0x00000226e2257500 nmethod 1806 0x00000226d26b9a10 code [0x00000226d26b9b80, 0x00000226d26b9bf0]
Event: 488.539 Thread 0x00000226e2259fc0 1807       3       java.lang.FdLibm$Atan2::compute (409 bytes)
Event: 488.539 Thread 0x00000226e2259fc0 nmethod 1807 0x00000226cacd9510 code [0x00000226cacd9900, 0x00000226cacda7a0]
Event: 489.005 Thread 0x00000226e2259fc0 1808       3       java.nio.CharBuffer::arrayOffset (35 bytes)
Event: 489.005 Thread 0x00000226e2259fc0 nmethod 1808 0x00000226cacdaa90 code [0x00000226cacdac60, 0x00000226cacdaf30]

GC Heap History (6 events):
Event: 18.015 GC heap before
{Heap before GC invocations=0 (full 0):
 garbage-first heap   total reserved 4169728K, committed 262144K, used 22528K [0x0000000701800000, 0x0000000800000000)
  region size 2048K, 12 young (24576K), 0 survivors (0K)
 Metaspace       used 7669K, committed 8000K, reserved 1114112K
  class space    used 438K, committed 576K, reserved 1048576K
}
Event: 18.018 GC heap after
{Heap after GC invocations=1 (full 0):
 garbage-first heap   total reserved 4169728K, committed 262144K, used 3365K [0x0000000701800000, 0x0000000800000000)
  region size 2048K, 2 young (4096K), 2 survivors (4096K)
 Metaspace       used 7669K, committed 8000K, reserved 1114112K
  class space    used 438K, committed 576K, reserved 1048576K
}
Event: 81.971 GC heap before
{Heap before GC invocations=1 (full 0):
 garbage-first heap   total reserved 4169728K, committed 262144K, used 44325K [0x0000000701800000, 0x0000000800000000)
  region size 2048K, 22 young (45056K), 2 survivors (4096K)
 Metaspace       used 7688K, committed 8000K, reserved 1114112K
  class space    used 438K, committed 576K, reserved 1048576K
}
Event: 81.973 GC heap after
{Heap after GC invocations=2 (full 0):
 garbage-first heap   total reserved 4169728K, committed 262144K, used 3324K [0x0000000701800000, 0x0000000800000000)
  region size 2048K, 2 young (4096K), 2 survivors (4096K)
 Metaspace       used 7688K, committed 8000K, reserved 1114112K
  class space    used 438K, committed 576K, reserved 1048576K
}
Event: 351.450 GC heap before
{Heap before GC invocations=2 (full 0):
 garbage-first heap   total reserved 4169728K, committed 262144K, used 154876K [0x0000000701800000, 0x0000000800000000)
  region size 2048K, 76 young (155648K), 2 survivors (4096K)
 Metaspace       used 7688K, committed 8000K, reserved 1114112K
  class space    used 438K, committed 576K, reserved 1048576K
}
Event: 351.452 GC heap after
{Heap after GC invocations=3 (full 0):
 garbage-first heap   total reserved 4169728K, committed 262144K, used 3243K [0x0000000701800000, 0x0000000800000000)
  region size 2048K, 2 young (4096K), 2 survivors (4096K)
 Metaspace       used 7688K, committed 8000K, reserved 1114112K
  class space    used 438K, committed 576K, reserved 1048576K
}

Dll operation events (14 events):
Event: 0.005 Loaded shared library C:\Users\judee\.jdks\openjdk-22\bin\java.dll
Event: 0.024 Loaded shared library C:\Users\judee\.jdks\openjdk-22\bin\jsvml.dll
Event: 0.049 Loaded shared library C:\Users\judee\.jdks\openjdk-22\bin\zip.dll
Event: 0.051 Loaded shared library C:\Users\judee\.jdks\openjdk-22\bin\instrument.dll
Event: 0.054 Loaded shared library C:\Users\judee\.jdks\openjdk-22\bin\net.dll
Event: 0.055 Loaded shared library C:\Users\judee\.jdks\openjdk-22\bin\nio.dll
Event: 0.057 Loaded shared library C:\Users\judee\.jdks\openjdk-22\bin\zip.dll
Event: 0.069 Loaded shared library C:\Program Files\JetBrains\IntelliJ IDEA 2023.3.4\bin\breakgen64.dll
Event: 0.074 Loaded shared library C:\Users\judee\.jdks\openjdk-22\bin\extnet.dll
Event: 0.092 Loaded shared library C:\Users\judee\.jdks\openjdk-22\bin\jimage.dll
Event: 0.104 Loaded shared library C:\Users\judee\AppData\Local\Temp\lwjgl_judee\3.3.4+7\x64\lwjgl.dll
Event: 0.348 Loaded shared library C:\Users\judee\AppData\Local\Temp\lwjgl_judee\3.3.4+7\x64\lwjgl_opengl.dll
Event: 0.529 Loaded shared library C:\Users\judee\.jdks\openjdk-22\bin\verify.dll
Event: 0.628 Loaded shared library C:\Users\judee\AppData\Local\Temp\lwjgl_judee\3.3.4+7\x64\lwjgl_stb.dll

Deoptimization events (20 events):
Event: 357.355 Thread 0x00000226c26fd420 Uncommon trap: trap_request=0xffffff45 fr.pc=0x00000226d2695f44 relative=0x0000000000000924
Event: 357.355 Thread 0x00000226c26fd420 Uncommon trap: reason=unstable_if action=reinterpret pc=0x00000226d2695f44 method=java.lang.FdLibm$Tanh.compute(D)D @ 17 c2
Event: 357.355 Thread 0x00000226c26fd420 DEOPT PACKING pc=0x00000226d2695f44 sp=0x00000065ca7ff510
Event: 357.355 Thread 0x00000226c26fd420 DEOPT UNPACKING pc=0x00000226d1ee46a2 sp=0x00000065ca7ff2d8 mode 2
Event: 357.356 Thread 0x00000226c26fd420 Uncommon trap: trap_request=0xffffff45 fr.pc=0x00000226d2640438 relative=0x0000000000000078
Event: 357.356 Thread 0x00000226c26fd420 Uncommon trap: reason=unstable_if action=reinterpret pc=0x00000226d2640438 method=java.lang.Math.min(FF)F @ 3 c2
Event: 357.356 Thread 0x00000226c26fd420 DEOPT PACKING pc=0x00000226d2640438 sp=0x00000065ca7ff440
Event: 357.356 Thread 0x00000226c26fd420 DEOPT UNPACKING pc=0x00000226d1ee46a2 sp=0x00000065ca7ff3e0 mode 2
Event: 357.356 Thread 0x00000226c26fd420 Uncommon trap: trap_request=0xffffff45 fr.pc=0x00000226d263fb00 relative=0x00000000000000c0
Event: 357.356 Thread 0x00000226c26fd420 Uncommon trap: reason=unstable_if action=reinterpret pc=0x00000226d263fb00 method=java.lang.Math.max(FF)F @ 3 c2
Event: 357.356 Thread 0x00000226c26fd420 DEOPT PACKING pc=0x00000226d263fb00 sp=0x00000065ca7ff440
Event: 357.356 Thread 0x00000226c26fd420 DEOPT UNPACKING pc=0x00000226d1ee46a2 sp=0x00000065ca7ff3e0 mode 2
Event: 486.849 Thread 0x00000226c26fd420 Uncommon trap: trap_request=0xffffff45 fr.pc=0x00000226d26b96c4 relative=0x0000000000000264
Event: 486.849 Thread 0x00000226c26fd420 Uncommon trap: reason=unstable_if action=reinterpret pc=0x00000226d26b96c4 method=java.lang.FdLibm$Atan2.compute(DD)D @ 352 c2
Event: 486.849 Thread 0x00000226c26fd420 DEOPT PACKING pc=0x00000226d26b96c4 sp=0x00000065ca7ff5b0
Event: 486.849 Thread 0x00000226c26fd420 DEOPT UNPACKING pc=0x00000226d1ee46a2 sp=0x00000065ca7ff500 mode 2
Event: 491.601 Thread 0x00000226c26fd420 Uncommon trap: trap_request=0xffffff45 fr.pc=0x00000226d269d7a8 relative=0x0000000000000088
Event: 491.601 Thread 0x00000226c26fd420 Uncommon trap: reason=unstable_if action=reinterpret pc=0x00000226d269d7a8 method=org.lwjgl.glfw.GLFW.glfwWindowShouldClose(J)Z @ 20 c2
Event: 491.601 Thread 0x00000226c26fd420 DEOPT PACKING pc=0x00000226d269d7a8 sp=0x00000065ca7ff5f0
Event: 491.601 Thread 0x00000226c26fd420 DEOPT UNPACKING pc=0x00000226d1ee46a2 sp=0x00000065ca7ff580 mode 2

Classes loaded (20 events):
Event: 1.026 Loading class java/time/zone/ZoneRulesProvider
Event: 1.026 Loading class java/time/zone/ZoneRulesProvider done
Event: 1.026 Loading class java/time/zone/ZoneRulesProvider$1
Event: 1.026 Loading class java/time/zone/ZoneRulesProvider$1 done
Event: 1.026 Loading class java/time/zone/TzdbZoneRulesProvider
Event: 1.027 Loading class java/time/zone/TzdbZoneRulesProvider done
Event: 1.028 Loading class java/util/Arrays$ArrayItr
Event: 1.028 Loading class java/util/Arrays$ArrayItr done
Event: 1.029 Loading class java/time/zone/Ser
Event: 1.029 Loading class java/time/zone/Ser done
Event: 1.029 Loading class java/time/zone/ZoneOffsetTransition
Event: 1.029 Loading class java/time/zone/ZoneOffsetTransition done
Event: 1.030 Loading class sun/util/cldr/CLDRBaseLocaleDataMetaInfo$TZCanonicalIDMapHolder
Event: 1.031 Loading class sun/util/cldr/CLDRBaseLocaleDataMetaInfo$TZCanonicalIDMapHolder done
Event: 1.032 Loading class sun/util/resources/TimeZoneNames
Event: 1.032 Loading class sun/util/resources/TimeZoneNames done
Event: 1.032 Loading class sun/util/resources/TimeZoneNames_en
Event: 1.032 Loading class sun/util/resources/TimeZoneNames_en done
Event: 13.375 Loading class jdk/internal/math/FormattedFPDecimal
Event: 13.375 Loading class jdk/internal/math/FormattedFPDecimal done

Classes unloaded (0 events):
No events

Classes redefined (0 events):
No events

Internal exceptions (20 events):
Event: 0.115 Thread 0x00000226c26fd420 Exception <a 'java/lang/NoSuchMethodError'{0x0000000711052f78}: 'int java.lang.invoke.DirectMethodHandle$Holder.invokeStaticInit(java.lang.Object, java.lang.Object, long, long)'> (0x0000000711052f78) 
thrown [s\open\src\hotspot\share\interpreter\linkResolver.cpp, line 774]
Event: 0.115 Thread 0x00000226c26fd420 Exception <a 'java/lang/NoSuchMethodError'{0x0000000711058a00}: 'java.lang.Object java.lang.invoke.DirectMethodHandle$Holder.newInvokeSpecial(java.lang.Object, java.lang.Object, long)'> (0x0000000711058a00) 
thrown [s\open\src\hotspot\share\interpreter\linkResolver.cpp, line 774]
Event: 0.116 Thread 0x00000226c26fd420 Exception <a 'java/lang/NoSuchMethodError'{0x000000071105c8a8}: 'java.lang.Object java.lang.invoke.Invokers$Holder.linkToTargetMethod(java.lang.Object, long, java.lang.Object)'> (0x000000071105c8a8) 
thrown [s\open\src\hotspot\share\interpreter\linkResolver.cpp, line 774]
Event: 0.116 Thread 0x00000226c26fd420 Exception <a 'java/lang/NoSuchMethodError'{0x0000000711063ad0}: 'int java.lang.invoke.DirectMethodHandle$Holder.invokeStaticInit(java.lang.Object, java.lang.Object, java.lang.Object, long)'> (0x0000000711063ad0) 
thrown [s\open\src\hotspot\share\interpreter\linkResolver.cpp, line 774]
Event: 0.129 Thread 0x00000226c26fd420 Exception <a 'sun/nio/fs/WindowsException'{0x00000007111864e8}> (0x00000007111864e8) 
thrown [s\open\src\hotspot\share\prims\jni.cpp, line 520]
Event: 0.129 Thread 0x00000226c26fd420 Exception <a 'sun/nio/fs/WindowsException'{0x0000000711186848}> (0x0000000711186848) 
thrown [s\open\src\hotspot\share\prims\jni.cpp, line 520]
Event: 0.133 Thread 0x00000226c26fd420 Exception <a 'java/lang/NoSuchMethodError'{0x00000007111a0ad0}: 'int java.lang.invoke.Invokers$Holder.invokeExact_MT(java.lang.Object, java.lang.Object)'> (0x00000007111a0ad0) 
thrown [s\open\src\hotspot\share\interpreter\linkResolver.cpp, line 774]
Event: 0.344 Thread 0x00000226c26fd420 Exception <a 'java/lang/NoSuchMethodError'{0x0000000710e11a70}: 'void java.lang.System.load(java.lang.String, java.lang.Class)'> (0x0000000710e11a70) 
thrown [s\open\src\hotspot\share\interpreter\linkResolver.cpp, line 774]
Event: 0.344 Thread 0x00000226c26fd420 Exception <a 'java/lang/NoSuchMethodError'{0x0000000710e144c0}: 'void java.lang.System.loadLibrary(java.lang.String, java.lang.Class)'> (0x0000000710e144c0) 
thrown [s\open\src\hotspot\share\interpreter\linkResolver.cpp, line 774]
Event: 0.347 Thread 0x00000226c26fd420 Exception <a 'sun/nio/fs/WindowsException'{0x0000000710e22d10}> (0x0000000710e22d10) 
thrown [s\open\src\hotspot\share\prims\jni.cpp, line 520]
Event: 0.347 Thread 0x00000226c26fd420 Exception <a 'sun/nio/fs/WindowsException'{0x0000000710e230b0}> (0x0000000710e230b0) 
thrown [s\open\src\hotspot\share\prims\jni.cpp, line 520]
Event: 0.349 Thread 0x00000226c26fd420 Exception <a 'sun/nio/fs/WindowsException'{0x0000000710e2d2b0}> (0x0000000710e2d2b0) 
thrown [s\open\src\hotspot\share\prims\jni.cpp, line 520]
Event: 0.349 Thread 0x00000226c26fd420 Exception <a 'sun/nio/fs/WindowsException'{0x0000000710e2d580}> (0x0000000710e2d580) 
thrown [s\open\src\hotspot\share\prims\jni.cpp, line 520]
Event: 0.579 Thread 0x00000226c26fd420 Exception <a 'java/lang/NoSuchMethodError'{0x0000000710d82040}: 'java.lang.Object java.lang.invoke.DirectMethodHandle$Holder.invokeStaticInit(java.lang.Object, int, int, int, int)'> (0x0000000710d82040) 
thrown [s\open\src\hotspot\share\interpreter\linkResolver.cpp, line 774]
Event: 0.591 Thread 0x00000226c26fd420 Exception <a 'java/lang/NoSuchMethodError'{0x0000000710a3bb70}: 'java.lang.Object java.lang.invoke.DirectMethodHandle$Holder.invokeStaticInit(java.lang.Object, java.lang.Object, int, int, int, int)'> (0x0000000710a3bb70) 
thrown [s\open\src\hotspot\share\interpreter\linkResolver.cpp, line 774]
Event: 0.622 Thread 0x00000226c26fd420 Exception <a 'java/lang/NoSuchMethodError'{0x0000000710bc5f08}: 'void java.lang.System.load(java.lang.String, java.lang.Class)'> (0x0000000710bc5f08) 
thrown [s\open\src\hotspot\share\interpreter\linkResolver.cpp, line 774]
Event: 0.622 Thread 0x00000226c26fd420 Exception <a 'java/lang/NoSuchMethodError'{0x0000000710bc8958}: 'void java.lang.System.loadLibrary(java.lang.String, java.lang.Class)'> (0x0000000710bc8958) 
thrown [s\open\src\hotspot\share\interpreter\linkResolver.cpp, line 774]
Event: 0.627 Thread 0x00000226c26fd420 Exception <a 'sun/nio/fs/WindowsException'{0x0000000710bd72e0}> (0x0000000710bd72e0) 
thrown [s\open\src\hotspot\share\prims\jni.cpp, line 520]
Event: 0.627 Thread 0x00000226c26fd420 Exception <a 'sun/nio/fs/WindowsException'{0x0000000710bd7660}> (0x0000000710bd7660) 
thrown [s\open\src\hotspot\share\prims\jni.cpp, line 520]
Event: 1.034 Thread 0x00000226e2247be0 Exception <a 'java/lang/NoSuchMethodError'{0x0000000710417178}: 'java.lang.Object java.lang.invoke.Invokers$Holder.invokeExact_MT(java.lang.Object, java.lang.Object, java.lang.Object, java.lang.Object, java.lang.Object, java.lang.Object)'> (0x0000000710417178) 
thrown [s\open\src\hotspot\share\interpreter\linkResolver.cpp, line 774]

ZGC Phase Switch (0 events):
No events

VM Operations (20 events):
Event: 18.015 Executing VM operation: G1CollectForAllocation (G1 Evacuation Pause)
Event: 18.018 Executing VM operation: G1CollectForAllocation (G1 Evacuation Pause) done
Event: 19.018 Executing VM operation: Cleanup
Event: 19.018 Executing VM operation: Cleanup done
Event: 20.019 Executing VM operation: Cleanup
Event: 20.019 Executing VM operation: Cleanup done
Event: 21.019 Executing VM operation: Cleanup
Event: 21.019 Executing VM operation: Cleanup done
Event: 22.019 Executing VM operation: Cleanup
Event: 22.019 Executing VM operation: Cleanup done
Event: 37.023 Executing VM operation: Cleanup
Event: 37.023 Executing VM operation: Cleanup done
Event: 69.033 Executing VM operation: Cleanup
Event: 69.033 Executing VM operation: Cleanup done
Event: 73.035 Executing VM operation: Cleanup
Event: 73.035 Executing VM operation: Cleanup done
Event: 81.971 Executing VM operation: G1CollectForAllocation (G1 Evacuation Pause)
Event: 81.973 Executing VM operation: G1CollectForAllocation (G1 Evacuation Pause) done
Event: 351.450 Executing VM operation: G1CollectForAllocation (G1 Evacuation Pause)
Event: 351.452 Executing VM operation: G1CollectForAllocation (G1 Evacuation Pause) done

Events (20 events):
Event: 5.838 Thread 0x000002272f60f700 Thread added: 0x000002272f60f700
Event: 5.838 Thread 0x000002272f60fdc0 Thread added: 0x000002272f60fdc0
Event: 5.838 Thread 0x000002272f610480 Thread added: 0x000002272f610480
Event: 7.545 Thread 0x000002272f610480 Thread exited: 0x000002272f610480
Event: 7.545 Thread 0x000002272f60fdc0 Thread exited: 0x000002272f60fdc0
Event: 7.546 Thread 0x000002272f60fdc0 Thread added: 0x000002272f60fdc0
Event: 8.665 Thread 0x000002272f60fdc0 Thread exited: 0x000002272f60fdc0
Event: 8.665 Thread 0x000002272f60f700 Thread exited: 0x000002272f60f700
Event: 13.388 Thread 0x00000226e23a9c90 Thread added: 0x00000226e23a9c90
Event: 14.002 Thread 0x00000226e2705bb0 Thread added: 0x00000226e2705bb0
Event: 14.002 Thread 0x00000226e2706270 Thread added: 0x00000226e2706270
Event: 14.868 Thread 0x00000226e2706270 Thread exited: 0x00000226e2706270
Event: 15.575 Thread 0x00000226e2705bb0 Thread exited: 0x00000226e2705bb0
Event: 15.601 Thread 0x00000226e23a9c90 Thread exited: 0x00000226e23a9c90
Event: 24.278 Thread 0x00000226e23e78d0 Thread added: 0x00000226e23e78d0
Event: 41.584 Thread 0x00000226e23e78d0 Thread exited: 0x00000226e23e78d0
Event: 86.093 Thread 0x00000226e2752f00 Thread added: 0x00000226e2752f00
Event: 87.800 Thread 0x00000226e23ec980 Thread added: 0x00000226e23ec980
Event: 89.507 Thread 0x00000226e23ec980 Thread exited: 0x00000226e23ec980
Event: 89.507 Thread 0x00000226e2752f00 Thread exited: 0x00000226e2752f00


Dynamic libraries:
0x00007ff669360000 - 0x00007ff66936e000 	C:\Users\judee\.jdks\openjdk-22\bin\java.exe
0x00007ffa71310000 - 0x00007ffa71527000 	C:\WINDOWS\SYSTEM32\ntdll.dll
0x00007ffa6ffc0000 - 0x00007ffa70084000 	C:\WINDOWS\System32\KERNEL32.DLL
0x00007ffa6ebe0000 - 0x00007ffa6ef97000 	C:\WINDOWS\System32\KERNELBASE.dll
0x00007ffa6e950000 - 0x00007ffa6ea61000 	C:\WINDOWS\System32\ucrtbase.dll
0x00007ffa64f60000 - 0x00007ffa64f7b000 	C:\Users\judee\.jdks\openjdk-22\bin\VCRUNTIME140.dll
0x00007ffa64e70000 - 0x00007ffa64e87000 	C:\Users\judee\.jdks\openjdk-22\bin\jli.dll
0x00007ffa6fe10000 - 0x00007ffa6ffbf000 	C:\WINDOWS\System32\USER32.dll
0x00007ffa6f010000 - 0x00007ffa6f036000 	C:\WINDOWS\System32\win32u.dll
0x00007ffa61f40000 - 0x00007ffa621d3000 	C:\WINDOWS\WinSxS\amd64_microsoft.windows.common-controls_6595b64144ccf1df_6.0.22621.3672_none_2713b9d173822955\COMCTL32.dll
0x00007ffa709f0000 - 0x00007ffa70a19000 	C:\WINDOWS\System32\GDI32.dll
0x00007ffa70610000 - 0x00007ffa706b7000 	C:\WINDOWS\System32\msvcrt.dll
0x00007ffa6e830000 - 0x00007ffa6e948000 	C:\WINDOWS\System32\gdi32full.dll
0x00007ffa6e6d0000 - 0x00007ffa6e76a000 	C:\WINDOWS\System32\msvcp_win.dll
0x00007ffa6fd70000 - 0x00007ffa6fda1000 	C:\WINDOWS\System32\IMM32.DLL
0x00007ffa6a4e0000 - 0x00007ffa6a4ec000 	C:\Users\judee\.jdks\openjdk-22\bin\vcruntime140_1.dll
0x00007ffa5d660000 - 0x00007ffa5d6ee000 	C:\Users\judee\.jdks\openjdk-22\bin\msvcp140.dll
0x00007ff9a9940000 - 0x00007ff9aa688000 	C:\Users\judee\.jdks\openjdk-22\bin\server\jvm.dll
0x00007ffa6f180000 - 0x00007ffa6f232000 	C:\WINDOWS\System32\ADVAPI32.dll
0x00007ffa6fcc0000 - 0x00007ffa6fd68000 	C:\WINDOWS\System32\sechost.dll
0x00007ffa6e6a0000 - 0x00007ffa6e6c8000 	C:\WINDOWS\System32\bcrypt.dll
0x00007ffa707d0000 - 0x00007ffa708e4000 	C:\WINDOWS\System32\RPCRT4.dll
0x00007ffa6f920000 - 0x00007ffa6f991000 	C:\WINDOWS\System32\WS2_32.dll
0x00007ffa65440000 - 0x00007ffa65474000 	C:\WINDOWS\SYSTEM32\WINMM.dll
0x00007ffa68a80000 - 0x00007ffa68a8a000 	C:\WINDOWS\SYSTEM32\VERSION.dll
0x00007ffa6d4d0000 - 0x00007ffa6d51d000 	C:\WINDOWS\SYSTEM32\POWRPROF.dll
0x00007ffa6d4b0000 - 0x00007ffa6d4c3000 	C:\WINDOWS\SYSTEM32\UMPDC.dll
0x00007ffa6d760000 - 0x00007ffa6d778000 	C:\WINDOWS\SYSTEM32\kernel.appcore.dll
0x00007ffa64f00000 - 0x00007ffa64f0a000 	C:\Users\judee\.jdks\openjdk-22\bin\jimage.dll
0x00007ffa630a0000 - 0x00007ffa632d2000 	C:\WINDOWS\SYSTEM32\DBGHELP.DLL
0x00007ffa6f590000 - 0x00007ffa6f91e000 	C:\WINDOWS\System32\combase.dll
0x00007ffa6f0a0000 - 0x00007ffa6f177000 	C:\WINDOWS\System32\OLEAUT32.dll
0x00007ffa51120000 - 0x00007ffa51152000 	C:\WINDOWS\SYSTEM32\dbgcore.DLL
0x00007ffa6e620000 - 0x00007ffa6e69b000 	C:\WINDOWS\System32\bcryptPrimitives.dll
0x00007ffa61ba0000 - 0x00007ffa61baf000 	C:\Users\judee\.jdks\openjdk-22\bin\instrument.dll
0x00007ffa61bb0000 - 0x00007ffa61bce000 	C:\Users\judee\.jdks\openjdk-22\bin\java.dll
0x00007ffa70a60000 - 0x00007ffa712c9000 	C:\WINDOWS\System32\SHELL32.dll
0x00007ffa6f240000 - 0x00007ffa6f3e5000 	C:\WINDOWS\System32\ole32.dll
0x00007ffa6c5a0000 - 0x00007ffa6ce9f000 	C:\WINDOWS\SYSTEM32\windows.storage.dll
0x00007ffa6c460000 - 0x00007ffa6c59f000 	C:\WINDOWS\SYSTEM32\wintypes.dll
0x00007ffa706d0000 - 0x00007ffa707c9000 	C:\WINDOWS\System32\SHCORE.dll
0x00007ffa70120000 - 0x00007ffa7017e000 	C:\WINDOWS\System32\shlwapi.dll
0x00007ffa6e550000 - 0x00007ffa6e577000 	C:\WINDOWS\SYSTEM32\profapi.dll
0x00007ffa3f330000 - 0x00007ffa3f407000 	C:\Users\judee\.jdks\openjdk-22\bin\jsvml.dll
0x00007ffa5d590000 - 0x00007ffa5d5a7000 	C:\Users\judee\.jdks\openjdk-22\bin\zip.dll
0x00007ffa5d650000 - 0x00007ffa5d660000 	C:\Users\judee\.jdks\openjdk-22\bin\net.dll
0x00007ffa6dbd0000 - 0x00007ffa6dc39000 	C:\WINDOWS\system32\mswsock.dll
0x00007ffa5d5b0000 - 0x00007ffa5d5c6000 	C:\Users\judee\.jdks\openjdk-22\bin\nio.dll
0x00007ffa5d550000 - 0x00007ffa5d56a000 	C:\Program Files\JetBrains\IntelliJ IDEA 2023.3.4\bin\breakgen64.dll
0x00007ffa5d580000 - 0x00007ffa5d589000 	C:\Users\judee\.jdks\openjdk-22\bin\extnet.dll
0x00007ffa3f0d0000 - 0x00007ffa3f14b000 	C:\Users\judee\AppData\Local\Temp\lwjgl_judee\3.3.4+7\x64\lwjgl.dll
0x00007ffa370c0000 - 0x00007ffa37145000 	C:\Users\judee\AppData\Local\Temp\lwjgl_judee\3.3.4+7\x64\glfw.dll
0x00007ffa3f080000 - 0x00007ffa3f0c6000 	C:\WINDOWS\SYSTEM32\dinput8.dll
0x00007ffa318d0000 - 0x00007ffa318e1000 	C:\WINDOWS\SYSTEM32\xinput1_4.dll
0x00007ffa6e310000 - 0x00007ffa6e35e000 	C:\WINDOWS\SYSTEM32\cfgmgr32.dll
0x00007ffa6e2e0000 - 0x00007ffa6e30c000 	C:\WINDOWS\SYSTEM32\DEVOBJ.dll
0x00007ffa6bd30000 - 0x00007ffa6bd5b000 	C:\WINDOWS\SYSTEM32\dwmapi.dll
0x00007ffa50f00000 - 0x00007ffa51113000 	C:\WINDOWS\SYSTEM32\inputhost.dll
0x00007ffa6a9b0000 - 0x00007ffa6aae3000 	C:\WINDOWS\SYSTEM32\CoreMessaging.dll
0x00007ffa6baa0000 - 0x00007ffa6bb51000 	C:\WINDOWS\system32\uxtheme.dll
0x0000000180000000 - 0x00000001834b4000 	C:\Program Files (x86)\RivaTuner Statistics Server\RTSSHooks64.dll
0x00007ffa70190000 - 0x00007ffa70604000 	C:\WINDOWS\System32\SETUPAPI.dll
0x00007ffa6de20000 - 0x00007ffa6de2c000 	C:\WINDOWS\SYSTEM32\CRYPTBASE.DLL
0x00007ffa6f9a0000 - 0x00007ffa6fb00000 	C:\WINDOWS\System32\MSCTF.dll
0x00007ffa53250000 - 0x00007ffa53350000 	C:\WINDOWS\SYSTEM32\opengl32.dll
0x00007ffa52b50000 - 0x00007ffa52b7d000 	C:\WINDOWS\SYSTEM32\GLU32.dll
0x00007ffa6bda0000 - 0x00007ffa6bdd7000 	C:\WINDOWS\SYSTEM32\dxcore.dll
0x00007ffa6f410000 - 0x00007ffa6f4c0000 	C:\WINDOWS\System32\clbcatq.dll
0x00007ff97c020000 - 0x00007ff97e608000 	C:\WINDOWS\System32\DriverStore\FileRepository\nv_dispig.inf_amd64_0afec3f2050014a0\nvoglv64.dll
0x00007ffa6d520000 - 0x00007ffa6d534000 	C:\WINDOWS\SYSTEM32\WTSAPI32.dll
0x00007ffa6e2c0000 - 0x00007ffa6e2d2000 	C:\WINDOWS\SYSTEM32\msasn1.dll
0x00007ffa68810000 - 0x00007ffa68842000 	C:\WINDOWS\SYSTEM32\cryptnet.dll
0x00007ffa6ea70000 - 0x00007ffa6ebd6000 	C:\WINDOWS\System32\CRYPT32.dll
0x00007ffa6ded0000 - 0x00007ffa6df19000 	C:\WINDOWS\SYSTEM32\wldp.dll
0x00007ffa685f0000 - 0x00007ffa68752000 	C:\WINDOWS\SYSTEM32\drvstore.dll
0x00007ffa6efa0000 - 0x00007ffa6f00c000 	C:\WINDOWS\System32\WINTRUST.dll
0x00007ffa6d870000 - 0x00007ffa6d8a4000 	C:\WINDOWS\SYSTEM32\ntmarta.dll
0x00007ffa70a20000 - 0x00007ffa70a3f000 	C:\WINDOWS\System32\imagehlp.dll
0x00007ffa6de30000 - 0x00007ffa6de4b000 	C:\WINDOWS\SYSTEM32\CRYPTSP.dll
0x00007ffa6d6c0000 - 0x00007ffa6d6f5000 	C:\WINDOWS\system32\rsaenh.dll
0x00007ffa5dfd0000 - 0x00007ffa5ffbe000 	C:\WINDOWS\System32\DriverStore\FileRepository\nv_dispig.inf_amd64_0afec3f2050014a0\nvgpucomp64.dll
0x00007ffa36bb0000 - 0x00007ffa36e80000 	C:\WINDOWS\system32\nvspcap64.dll
0x00007ffa6d0f0000 - 0x00007ffa6d156000 	C:\WINDOWS\SYSTEM32\WINSTA.dll
0x00007ffa60960000 - 0x00007ffa60aa3000 	C:\WINDOWS\SYSTEM32\textinputframework.dll
0x00007ffa66e50000 - 0x00007ffa671bd000 	C:\WINDOWS\SYSTEM32\CoreUIComponents.dll
0x00007ffa2ec70000 - 0x00007ffa2ecd1000 	C:\Users\judee\AppData\Local\Temp\lwjgl_judee\3.3.4+7\x64\lwjgl_opengl.dll
0x00007ffa2ed60000 - 0x00007ffa2ed70000 	C:\Users\judee\.jdks\openjdk-22\bin\verify.dll
0x00007ffa6dcc0000 - 0x00007ffa6dce8000 	C:\WINDOWS\SYSTEM32\USERENV.dll
0x00007ffa6d170000 - 0x00007ffa6d19d000 	C:\WINDOWS\SYSTEM32\IPHLPAPI.DLL
0x00007ffa70180000 - 0x00007ffa70189000 	C:\WINDOWS\System32\NSI.dll
0x00007ffa2ebd0000 - 0x00007ffa2ec70000 	C:\Users\judee\AppData\Local\Temp\lwjgl_judee\3.3.4+7\x64\lwjgl_stb.dll

dbghelp: loaded successfully - version: 4.0.5 - missing functions: none
symbol engine: initialized successfully - sym options: 0x614 - pdb path: .;C:\Users\judee\.jdks\openjdk-22\bin;C:\WINDOWS\SYSTEM32;C:\WINDOWS\WinSxS\amd64_microsoft.windows.common-controls_6595b64144ccf1df_6.0.22621.3672_none_2713b9d173822955;C:\Users\judee\.jdks\openjdk-22\bin\server;C:\Program Files\JetBrains\IntelliJ IDEA 2023.3.4\bin;C:\Users\judee\AppData\Local\Temp\lwjgl_judee\3.3.4+7\x64;C:\Program Files (x86)\RivaTuner Statistics Server;C:\WINDOWS\System32\DriverStore\FileRepository\nv_dispig.inf_amd64_0afec3f2050014a0

VM Arguments:
jvm_args: --enable-preview -javaagent:C:\Program Files\JetBrains\IntelliJ IDEA 2023.3.4\lib\idea_rt.jar=61024:C:\Program Files\JetBrains\IntelliJ IDEA 2023.3.4\bin -Dfile.encoding=UTF-8 -Dsun.stdout.encoding=UTF-8 -Dsun.stderr.encoding=UTF-8 
java_command: main.Engine
java_class_path (initial): C:\Users\judee\Documents\NetBeansProjects\JDiep\out\production\JDiep;C:\Users\judee\Documents\NetBeansProjects\LWJGLGame\lib\joml-1.10.5.jar;C:\Users\judee\Documents\NetBeansProjects\LWJGLGame\lib\lwjgl-assimp-natives-windows.jar;C:\Users\judee\Documents\NetBeansProjects\LWJGLGame\lib\lwjgl-assimp.jar;C:\Users\judee\Documents\NetBeansProjects\LWJGLGame\lib\lwjgl-glfw-natives-windows.jar;C:\Users\judee\Documents\NetBeansProjects\LWJGLGame\lib\lwjgl-glfw.jar;C:\Users\judee\Documents\NetBeansProjects\LWJGLGame\lib\lwjgl-natives-windows.jar;C:\Users\judee\Documents\NetBeansProjects\LWJGLGame\lib\lwjgl-opengl-natives-windows.jar;C:\Users\judee\Documents\NetBeansProjects\LWJGLGame\lib\lwjgl-opengl.jar;C:\Users\judee\Documents\NetBeansProjects\LWJGLGame\lib\lwjgl-stb-natives-windows.jar;C:\Users\judee\Documents\NetBeansProjects\LWJGLGame\lib\lwjgl-stb.jar;C:\Users\judee\Documents\NetBeansProjects\LWJGLGame\lib\lwjgl.jar
Launcher Type: SUN_STANDARD

[Global flags]
     intx CICompilerCount                          = 12                                        {product} {ergonomic}
     uint ConcGCThreads                            = 3                                         {product} {ergonomic}
     uint G1ConcRefinementThreads                  = 13                                        {product} {ergonomic}
   size_t G1HeapRegionSize                         = 2097152                                   {product} {ergonomic}
   size_t InitialHeapSize                          = 268435456                                 {product} {ergonomic}
   size_t MarkStackSize                            = 4194304                                   {product} {ergonomic}
   size_t MaxHeapSize                              = 4269801472                                {product} {ergonomic}
   size_t MaxNewSize                               = 2560622592                                {product} {ergonomic}
   size_t MinHeapDeltaBytes                        = 2097152                                   {product} {ergonomic}
   size_t MinHeapSize                              = 8388608                                   {product} {ergonomic}
    uintx NonNMethodCodeHeapSize                   = 7602480                                {pd product} {ergonomic}
    uintx NonProfiledCodeHeapSize                  = 122027880                              {pd product} {ergonomic}
    uintx ProfiledCodeHeapSize                     = 122027880                              {pd product} {ergonomic}
    uintx ReservedCodeCacheSize                    = 251658240                              {pd product} {ergonomic}
     bool SegmentedCodeCache                       = true                                      {product} {ergonomic}
   size_t SoftMaxHeapSize                          = 4269801472                             {manageable} {ergonomic}
     bool UseCompressedOops                        = true                           {product lp64_product} {ergonomic}
     bool UseG1GC                                  = true                                      {product} {ergonomic}
     bool UseLargePagesIndividualAllocation        = false                                  {pd product} {ergonomic}

Logging:
Log output configuration:
 #0: stdout all=warning uptime,level,tags foldmultilines=false
 #1: stderr all=off uptime,level,tags foldmultilines=false

Environment Variables:
PATH=C:\Program Files\Conan\conan;C:\Program Files\Microsoft\jdk-11.0.12.7-hotspot\bin;C:\Program Files (x86)\Common Files\Intel\Shared Files\cpp\bin\Intel64;C:\Program Files\Alacritty\;C:\Program Files (x86)\Common Files\Intel\Shared Libraries\redist\intel64\compiler;C:\Program Files\Common Files\Oracle\Java\javapath;C:\Program Files (x86)\Common Files\Oracle\Java\javapath;C:\Windows\system32;C:\Windows;C:\Windows\System32\Wbem;C:\Windows\System32\WindowsPowerShell\v1.0\;C:\Windows\System32\OpenSSH\;C:\Program Files\Java\jdk-17.0.1;C:\Program Files\dotnet\;C:\Program Files (x86)\NVIDIA Corporation\PhysX\Common;C:\Program Files\NVIDIA Corporation\NVIDIA NvDLISR;C:\FFmpeg\bin;C:\Program Files\Neovim\/bin;C:\WINDOWS\system32;C:\WINDOWS;C:\WINDOWS\System32\Wbem;C:\WINDOWS\System32\WindowsPowerShell\v1.0\;C:\WINDOWS\System32\OpenSSH\;C:\Program Files\Mullvad VPN\resources;C:\Users\judee\Documents\youtubemusicautoplay;C:\Program Files\upx-4.0.1-win64;C:\Program Files (x86)\sox-14-4-2;C:\utils;C:\Program Files\nodejs\;C:\Program Files\Git\cmd;C:\Program Files\PuTTY\;C:\Program Files\cloc\;C:\Program Files\WezTerm;C:\Program Files (x86)\ytdlp;C:\Users\judee\.cargo\bin;C:\Users\judee\AppData\Local\Programs\Python\Launcher\;C:\Users\judee\AppData\Local\Microsoft\WindowsApps;C:\Users\judee\AppData\Local\Programs\Microsoft VS Code\bin;C:\Users\judee\AppData\Local\Programs\VapourSynth\core;C:\Users\judee\AppData\Local\Programs\VapourSynth\vsrepo;C:\Users\judee\.dotnet\tools;C:\Program Files (x86)\Brackets\;C:\Users\judee\AppData\Local\GitHubDesktop\bin;C:\Users\judee\AppData\Roaming\npm;C:\Program Files\JetBrains\IntelliJ IDEA 2023.3.4\bin;C:\Program Files\JetBrains\CLion 2024.1.1\bin;C:\Program Files\JetBrains\GoLand 2024.1\bin;C:\Users\judee\AppData\Local\JetBrains\Toolbox\scripts;;C:\Program Files\JetBrains\RustRover 2024.1.3\bin;;C:\Users\judee\AppData\Local\Muse Hub\lib;C:\Users\judee\AppData\Local\Microsoft\WindowsApps
USERNAME=judee
OS=Windows_NT
PROCESSOR_IDENTIFIER=AMD64 Family 25 Model 33 Stepping 0, AuthenticAMD
TMP=C:\Users\judee\AppData\Local\Temp
TEMP=C:\Users\judee\AppData\Local\Temp




Periodic native trim disabled

---------------  S Y S T E M  ---------------

OS:
 Windows 11 , 64 bit Build 22621 (10.0.22621.3958)
OS uptime: 1 days 0:55 hours

CPU: total 16 (initial active 16) (16 cores per cpu, 2 threads per core) family 25 model 33 stepping 0 microcode 0x0, cx8, cmov, fxsr, ht, mmx, 3dnowpref, sse, sse2, sse3, ssse3, sse4a, sse4.1, sse4.2, popcnt, lzcnt, tsc, tscinvbit, avx, avx2, aes, erms, clmul, bmi1, bmi2, adx, sha, fma, vzeroupper, clflush, clflushopt, rdtscp, rdpid, fsrm, f16c, pku, cet_ss
Processor Information for all 16 processors :
  Max Mhz: 3801, Current Mhz: 3801, Mhz Limit: 3801

Memory: 4k page, system-wide physical 16286M (2082M free)
TotalPageFile size 47860M (AvailPageFile size 5762M)
current process WorkingSet (physical memory assigned to process): 249M, peak: 249M
current process commit charge ("private bytes"): 510M, peak: 522M

vm_info: OpenJDK 64-Bit Server VM (22+36-2370) for windows-amd64 JRE (22+36-2370), built on 2024-02-15T22:15:19Z by "mach5one" with MS VC++ 17.6 (VS2022)

END.
