#
# A fatal error has been detected by the Java Runtime Environment:
#
#  EXCEPTION_ACCESS_VIOLATION (0xc0000005) at pc=0x00007ff9a9b17195, pid=17964, tid=8544
#
# JRE version: OpenJDK Runtime Environment (22.0+36) (build 22+36-2370)
# Java VM: OpenJDK 64-Bit Server VM (22+36-2370, mixed mode, sharing, tiered, compressed oops, compressed class ptrs, g1 gc, windows-amd64)
# Problematic frame:
# V  [jvm.dll+0x1d7195]
#
# No core dump will be written. Minidumps are not enabled by default on client versions of Windows
#
# If you would like to submit a bug report, please visit:
#   https://bugreport.java.com/bugreport/crash.jsp
#

---------------  S U M M A R Y ------------

Command Line: --enable-preview -javaagent:C:\Program Files\JetBrains\IntelliJ IDEA 2023.3.4\lib\idea_rt.jar=59711:C:\Program Files\JetBrains\IntelliJ IDEA 2023.3.4\bin -Dfile.encoding=UTF-8 -Dsun.stdout.encoding=UTF-8 -Dsun.stderr.encoding=UTF-8 main.Engine

Host: AMD Ryzen 7 5800X 8-Core Processor             , 16 cores, 15G,  Windows 11 , 64 bit Build 22621 (10.0.22621.3958)
Time: Thu Nov  7 20:05:31 2024 South Africa Standard Time elapsed time: 21.244947 seconds (0d 0h 0m 21s)

---------------  T H R E A D  ---------------

Current thread (0x000002ae7ac24ba0):  JavaThread "main"             [_thread_in_vm, id=8544, stack(0x000000e821400000,0x000000e821500000) (1024K)]

Stack: [0x000000e821400000,0x000000e821500000],  sp=0x000000e8214ff570,  free space=1021k
Native frames: (J=compiled Java code, j=interpreted, Vv=VM code, C=native code)
V  [jvm.dll+0x1d7195]  (no source info available)
V  [jvm.dll+0x47796d]  (no source info available)
V  [jvm.dll+0x44c361]  (no source info available)
C  0x000002ae0f6dcfc7  (no source info available)

The last pc belongs to native method entry point (kind = native) (printed below).
Java frames: (J=compiled Java code, j=interpreted, Vv=VM code)
j  org.lwjgl.system.jni.JNINativeInterface.nDeleteGlobalRef(J)V+0
j  org.lwjgl.system.jni.JNINativeInterface.DeleteGlobalRef(J)V+12
j  org.lwjgl.system.Callback.free(J)V+25
j  org.lwjgl.glfw.Callbacks.glfwFreeCallbacks(J)V+165
j  main.Engine.cleanup()V+130
j  main.Engine.run()V+9
j  main.Engine.main([Ljava/lang/String;)V+7
v  ~StubRoutines::call_stub 0x000002ae0f6d100d

siginfo: EXCEPTION_ACCESS_VIOLATION (0xc0000005), writing address 0x000000000000003e


Registers:
RAX=0x0000000000000000, RBX=0x000000000000003e, RCX=0x000000000000003e, RDX=0x0000000000000000
RSP=0x000000e8214ff570, RBP=0x000000e8214ff678, RSI=0x0000000000000040, RDI=0x0000000000000000
R8 =0x0000000000000040, R9 =0x000000070ff2c640, R10=0x000002ae0f6dcf98, R11=0x000000070ff2b218
R12=0x0000000000000000, R13=0x000002ae5f4759a8, R14=0x000000e8214ff6a0, R15=0x000002ae7ac24ba0
RIP=0x00007ff9a9b17195, EFLAGS=0x0000000000010206


Register to memory mapping:

RAX=0x0 is null
RBX=0x000000000000003e is an unknown value
RCX=0x000000000000003e is an unknown value
RDX=0x0 is null
RSP=0x000000e8214ff570 is pointing into the stack for thread: 0x000002ae7ac24ba0
RBP=0x000000e8214ff678 is pointing into the stack for thread: 0x000002ae7ac24ba0
RSI=0x0000000000000040 is an unknown value
RDI=0x0 is null
R8 =0x0000000000000040 is an unknown value
R9 =0x000000070ff2c640 is an oop: java.lang.Class 
{0x000000070ff2c640} - klass: 'java/lang/Class'
 - ---- fields (total size 15 words):
 - private volatile transient 'classRedefinedCount' 'I' @12  0 (0x00000000)
 - injected 'klass' 'J' @16  2946867699208 (0x000002ae1f009e08)
 - injected 'array_klass' 'J' @24  0 (0x0000000000000000)
 - injected 'oop_size' 'I' @32  15 (0x0000000f)
 - injected 'static_oop_field_count' 'I' @36  0 (0x00000000)
 - private volatile transient 'cachedConstructor' 'Ljava/lang/reflect/Constructor;' @40  null (0x00000000)
 - private transient 'name' 'Ljava/lang/String;' @44  "org.lwjgl.system.Checks"{0x000000070ff2c6b8} (0xe1fe58d7)
 - private transient 'module' 'Ljava/lang/Module;' @48  a 'java/lang/Module'{0x000000070fe91540} (0xe1fd22a8)
 - private final 'classLoader' 'Ljava/lang/ClassLoader;' @52  a 'jdk/internal/loader/ClassLoaders$AppClassLoader'{0x000000070fe157f8} (0xe1fc2aff)
 - private transient 'classData' 'Ljava/lang/Object;' @56  null (0x00000000)
 - private transient 'packageName' 'Ljava/lang/String;' @60  "org.lwjgl.system"{0x000000070fe91578} (0xe1fd22af)
 - private final 'componentType' 'Ljava/lang/Class;' @64  null (0x00000000)
 - private volatile transient 'reflectionData' 'Ljava/lang/ref/SoftReference;' @68  null (0x00000000)
 - private volatile transient 'genericInfo' 'Lsun/reflect/generics/repository/ClassRepository;' @72  null (0x00000000)
 - private volatile transient 'enumConstants' '[Ljava/lang/Object;' @76  null (0x00000000)
 - private volatile transient 'enumConstantDirectory' 'Ljava/util/Map;' @80  null (0x00000000)
 - private volatile transient 'annotationData' 'Ljava/lang/Class$AnnotationData;' @84  null (0x00000000)
 - private volatile transient 'annotationType' 'Lsun/reflect/annotation/AnnotationType;' @88  null (0x00000000)
 - transient 'classValueMap' 'Ljava/lang/ClassValue$ClassValueMap;' @92  null (0x00000000)
 - injected 'protection_domain' 'Ljava/lang/Object;' @96  a 'java/security/ProtectionDomain'{0x000000070fe915b0} (0xe1fd22b6)
 - injected 'signers_name' 'Ljava/lang/Object;' @100  null (0x00000000)
 - injected 'source_file' 'Ljava/lang/Object;' @104  null (0x00000000)
 - signature: Lorg/lwjgl/system/Checks;
 - ---- static fields (0):
 - public static final 'CHECKS' 'Z' @112  true (0x01)
 - public static final 'DEBUG' 'Z' @113  false (0x00)
 - public static final 'DEBUG_FUNCTIONS' 'Z' @114  false (0x00)
R10=0x000002ae0f6dcf98 is at code_begin+1016 in an Interpreter codelet
native method entry point (kind = native)  [0x000002ae0f6dcba0, 0x000002ae0f6dd6c0]  2848 bytes
R11=0x000000070ff2b218 is an oop: java.lang.Class 
{0x000000070ff2b218} - klass: 'java/lang/Class'
 - ---- fields (total size 27 words):
 - private volatile transient 'classRedefinedCount' 'I' @12  0 (0x00000000)
 - injected 'klass' 'J' @16  2946867706024 (0x000002ae1f00b8a8)
 - injected 'array_klass' 'J' @24  0 (0x0000000000000000)
 - injected 'oop_size' 'I' @32  27 (0x0000001b)
 - injected 'static_oop_field_count' 'I' @36  0 (0x00000000)
 - private volatile transient 'cachedConstructor' 'Ljava/lang/reflect/Constructor;' @40  null (0x00000000)
 - private transient 'name' 'Ljava/lang/String;' @44  "org.lwjgl.system.jni.JNINativeInterface"{0x000000070ff2b2f0} (0xe1fe565e)
 - private transient 'module' 'Ljava/lang/Module;' @48  a 'java/lang/Module'{0x000000070fe91540} (0xe1fd22a8)
 - private final 'classLoader' 'Ljava/lang/ClassLoader;' @52  a 'jdk/internal/loader/ClassLoaders$AppClassLoader'{0x000000070fe157f8} (0xe1fc2aff)
 - private transient 'classData' 'Ljava/lang/Object;' @56  null (0x00000000)
 - private transient 'packageName' 'Ljava/lang/String;' @60  "org.lwjgl.system.jni"{0x000000070ff36a50} (0xe1fe6d4a)
 - private final 'componentType' 'Ljava/lang/Class;' @64  null (0x00000000)
 - private volatile transient 'reflectionData' 'Ljava/lang/ref/SoftReference;' @68  null (0x00000000)
 - private volatile transient 'genericInfo' 'Lsun/reflect/generics/repository/ClassRepository;' @72  null (0x00000000)
 - private volatile transient 'enumConstants' '[Ljava/lang/Object;' @76  null (0x00000000)
 - private volatile transient 'enumConstantDirectory' 'Ljava/util/Map;' @80  null (0x00000000)
 - private volatile transient 'annotationData' 'Ljava/lang/Class$AnnotationData;' @84  null (0x00000000)
 - private volatile transient 'annotationType' 'Lsun/reflect/annotation/AnnotationType;' @88  null (0x00000000)
 - transient 'classValueMap' 'Ljava/lang/ClassValue$ClassValueMap;' @92  null (0x00000000)
 - injected 'protection_domain' 'Ljava/lang/Object;' @96  a 'java/security/ProtectionDomain'{0x000000070fe915b0} (0xe1fd22b6)
 - injected 'signers_name' 'Ljava/lang/Object;' @100  null (0x00000000)
 - injected 'source_file' 'Ljava/lang/Object;' @104  null (0x00000000)
 - signature: Lorg/lwjgl/system/jni/JNINativeInterface;
 - ---- static fields (0):
 - public static final 'JNI_VERSION_1_1' 'I' @112  65537 (0x00010001)
 - public static final 'JNI_VERSION_1_2' 'I' @116  65538 (0x00010002)
 - public static final 'JNI_VERSION_1_4' 'I' @120  65540 (0x00010004)
 - public static final 'JNI_VERSION_1_6' 'I' @124  65542 (0x00010006)
 - public static final 'JNI_VERSION_1_8' 'I' @128  65544 (0x00010008)
 - public static final 'JNI_VERSION_9' 'I' @132  589824 (0x00090000)
 - public static final 'JNI_VERSION_10' 'I' @136  655360 (0x000a0000)
 - public static final 'JNI_VERSION_19' 'I' @140  1245184 (0x00130000)
 - public static final 'JNI_VERSION_20' 'I' @144  1310720 (0x00140000)
 - public static final 'JNI_VERSION_21' 'I' @148  1376256 (0x00150000)
 - public static final 'JNIInvalidRefType' 'I' @152  0 (0x00000000)
 - public static final 'JNILocalRefType' 'I' @156  1 (0x00000001)
 - public static final 'JNIGlobalRefType' 'I' @160  2 (0x00000002)
 - public static final 'JNIWeakGlobalRefType' 'I' @164  3 (0x00000003)
 - public static final 'JNI_FALSE' 'I' @168  0 (0x00000000)
 - public static final 'JNI_TRUE' 'I' @172  1 (0x00000001)
 - public static final 'JNI_OK' 'I' @176  0 (0x00000000)
 - public static final 'JNI_ERR' 'I' @180  -1 (0xffffffff)
 - public static final 'JNI_EDETACHED' 'I' @184  -2 (0xfffffffe)
 - public static final 'JNI_EVERSION' 'I' @188  -3 (0xfffffffd)
 - public static final 'JNI_ENOMEM' 'I' @192  -4 (0xfffffffc)
 - public static final 'JNI_EEXIST' 'I' @196  -5 (0xfffffffb)
 - public static final 'JNI_EINVAL' 'I' @200  -6 (0xfffffffa)
 - public static final 'JNI_COMMIT' 'I' @204  1 (0x00000001)
 - public static final 'JNI_ABORT' 'I' @208  2 (0x00000002)
R12=0x0 is null
R13={method} {0x000002ae5f4759b0} 'nDeleteGlobalRef' '(J)V' in 'org/lwjgl/system/jni/JNINativeInterface'
R14=0x000000e8214ff6a0 is pointing into the stack for thread: 0x000002ae7ac24ba0
R15=0x000002ae7ac24ba0 is a thread

Top of Stack: (sp=0x000000e8214ff570)
0x000000e8214ff570:   000000070ff4ffd8 000002ae5f485f98
0x000000e8214ff580:   0000000000000000 000000e8214ff5a0
0x000000e8214ff590:   0000000000000040 00007ff9a9db796d
0x000000e8214ff5a0:   000000000000003e 000002ae1df40050
0x000000e8214ff5b0:   0000000000000000 000000070ec17900
0x000000e8214ff5c0:   000002ae7ac24ba0 00007ff9a9d8c361
0x000000e8214ff5d0:   000002ae5f484eee 0000000000000003
0x000000e8214ff5e0:   000002ae5f48ba58 0000000000000000
0x000000e8214ff5f0:   0000000000000148 000002ae0f6dcfc7
0x000000e8214ff600:   000002ae5f4759a8 000000e8214ff620
0x000000e8214ff610:   000000e8214ff678 000002ae0f6d8a5a
0x000000e8214ff620:   000000e8214ff690 000002ae0f6d89b6
0x000000e8214ff630:   fffffffffffffff7 0000000000000000
0x000000e8214ff640:   0000000000000005 000002ae5f47c5f8
0x000000e8214ff650:   0000000000000000 000000070ff2b218
0x000000e8214ff660:   000002ae5f4759a8 0000000000000000
0x000000e8214ff670:   000000e8214ff698 000000e8214ff6f0
0x000000e8214ff680:   000002ae0f6d88c0 000000070ff2b218
0x000000e8214ff690:   000002ae0f6da517 0000000000000040
0x000000e8214ff6a0:   0000000000000000 fffffffffffffff7
0x000000e8214ff6b0:   000002ae5f475a54 0000000000000003
0x000000e8214ff6c0:   000002ae5f47c5f8 0000000000000000
0x000000e8214ff6d0:   000000070ff2b218 000002ae5f475a78
0x000000e8214ff6e0:   fffffffffffffff5 000000e8214ff700
0x000000e8214ff6f0:   000000e8214ff758 000002ae0f6d88c0
0x000000e8214ff700:   0000000000000040 0000000000000000
0x000000e8214ff710:   fffffffffffffff7 000002ae5f419521
0x000000e8214ff720:   0000000000000004 000002ae5f426058
0x000000e8214ff730:   0000000000000000 000000070ff306d8
0x000000e8214ff740:   000002ae5f419550 fffffffffffffff5
0x000000e8214ff750:   000000e8214ff770 000000e8214ff7c8
0x000000e8214ff760:   000002ae0f6d88c0 000000070ec17900 

Instructions: (pc=0x00007ff9a9b17195)
0x00007ff9a9b17095:   85 a5 00 00 00 41 8b cc e8 4e 02 00 00 48 85 c0
0x00007ff9a9b170a5:   75 54 4c 8b cd 48 8d 8c 24 90 00 00 00 4c 8b c7
0x00007ff9a9b170b5:   48 8b d6 e8 03 f9 ff ff 48 39 5d 08 75 7c 48 8b
0x00007ff9a9b170c5:   84 24 90 00 00 00 48 8b fb 48 85 c0 74 03 48 8b
0x00007ff9a9b170d5:   38 48 8b 0d c3 ed a5 00 48 85 c9 75 05 48 8b c3
0x00007ff9a9b170e5:   eb 06 ff 15 33 bf 9f 00 4c 8b c7 41 8b d4 48 8b
0x00007ff9a9b170f5:   c8 e8 b5 d6 4e 00 41 8b cc e8 ed 01 00 00 48 8b
0x00007ff9a9b17105:   f8 48 85 c0 74 34 48 8b 8d 28 03 00 00 48 8b 59
0x00007ff9a9b17115:   18 48 8b 41 20 48 2b c3 48 83 f8 08 72 0a 48 8d
0x00007ff9a9b17125:   43 08 48 89 41 18 eb 0f 45 33 c0 41 8d 50 08 e8
0x00007ff9a9b17135:   37 cd ee ff 48 8b d8 48 89 3b 48 8b ac 24 88 00
0x00007ff9a9b17145:   00 00 49 8b c6 48 8b bc 24 98 00 00 00 49 89 1e
0x00007ff9a9b17155:   48 8b 9c 24 80 00 00 00 48 83 c4 50 41 5f 41 5e
0x00007ff9a9b17165:   41 5d 41 5c 5e c3 cc cc cc cc cc 48 89 11 c3 cc
0x00007ff9a9b17175:   cc cc cc cc cc cc cc cc cc cc cc 48 89 5c 24 08
0x00007ff9a9b17185:   57 48 83 ec 20 48 8b fa 48 8b d9 e8 2b f2 ff ff
0x00007ff9a9b17195:   48 89 3b 48 8b 5c 24 30 48 83 c4 20 5f c3 cc cc
0x00007ff9a9b171a5:   cc cc cc cc cc cc cc cc cc cc cc 48 89 5c 24 08
0x00007ff9a9b171b5:   57 48 83 ec 20 48 8b f9 48 8b da 48 8b 09 48 85
0x00007ff9a9b171c5:   0d 1e 2f ac 00 74 0d e8 ff 58 e3 ff 48 8b c8 e8
0x00007ff9a9b171d5:   77 db 6f 00 48 8b 05 00 2f ac 00 48 8d 0d a9 1c
0x00007ff9a9b171e5:   7f 00 48 c1 e8 0c 83 e0 0f 8b 0c 81 48 d3 e3 48
0x00007ff9a9b171f5:   0b 1d e5 2e ac 00 48 89 1f 48 8b 5c 24 30 48 83
0x00007ff9a9b17205:   c4 20 5f c3 cc cc cc cc cc cc cc 40 53 48 83 ec
0x00007ff9a9b17215:   20 48 63 d9 48 8b 0d 90 ec a5 00 48 85 c9 75 05
0x00007ff9a9b17225:   45 33 c0 eb 09 ff 15 f0 bd 9f 00 4c 8b c0 80 3d
0x00007ff9a9b17235:   ec cc a6 00 00 ba 18 00 00 00 8d 42 f8 74 1d 80
0x00007ff9a9b17245:   3d e0 65 a0 00 00 49 8b c8 0f 45 d0 48 8d 14 9a
0x00007ff9a9b17255:   48 83 c4 20 5b 48 ff 25 7f 47 a0 00 80 3d c3 65
0x00007ff9a9b17265:   a0 00 00 49 8b c8 48 0f 45 d0 48 8d 14 da 48 83
0x00007ff9a9b17275:   c4 20 5b 48 ff 25 61 47 a0 00 cc 40 53 48 83 ec
0x00007ff9a9b17285:   20 48 63 d9 48 8b 0d 18 ec a5 00 48 85 c9 75 05 


Stack slot to memory mapping:

stack at sp + 0 slots: 0x000000070ff4ffd8 is an oop: java.lang.Class 
{0x000000070ff4ffd8} - klass: 'java/lang/Class'
 - ---- fields (total size 17 words):
 - private volatile transient 'classRedefinedCount' 'I' @12  0 (0x00000000)
 - injected 'klass' 'J' @16  2946867728752 (0x000002ae1f011170)
 - injected 'array_klass' 'J' @24  0 (0x0000000000000000)
 - injected 'oop_size' 'I' @32  17 (0x00000011)
 - injected 'static_oop_field_count' 'I' @36  0 (0x00000000)
 - private volatile transient 'cachedConstructor' 'Ljava/lang/reflect/Constructor;' @40  null (0x00000000)
 - private transient 'name' 'Ljava/lang/String;' @44  "org.lwjgl.system.libffi.FFIClosure"{0x000000070ff78ea8} (0xe1fef1d5)
 - private transient 'module' 'Ljava/lang/Module;' @48  a 'java/lang/Module'{0x000000070fe91540} (0xe1fd22a8)
 - private final 'classLoader' 'Ljava/lang/ClassLoader;' @52  a 'jdk/internal/loader/ClassLoaders$AppClassLoader'{0x000000070fe157f8} (0xe1fc2aff)
 - private transient 'classData' 'Ljava/lang/Object;' @56  null (0x00000000)
 - private transient 'packageName' 'Ljava/lang/String;' @60  "org.lwjgl.system.libffi"{0x000000070ff36ed8} (0xe1fe6ddb)
 - private final 'componentType' 'Ljava/lang/Class;' @64  null (0x00000000)
 - private volatile transient 'reflectionData' 'Ljava/lang/ref/SoftReference;' @68  null (0x00000000)
 - private volatile transient 'genericInfo' 'Lsun/reflect/generics/repository/ClassRepository;' @72  null (0x00000000)
 - private volatile transient 'enumConstants' '[Ljava/lang/Object;' @76  null (0x00000000)
 - private volatile transient 'enumConstantDirectory' 'Ljava/util/Map;' @80  null (0x00000000)
 - private volatile transient 'annotationData' 'Ljava/lang/Class$AnnotationData;' @84  null (0x00000000)
 - private volatile transient 'annotationType' 'Lsun/reflect/annotation/AnnotationType;' @88  null (0x00000000)
 - transient 'classValueMap' 'Ljava/lang/ClassValue$ClassValueMap;' @92  null (0x00000000)
 - injected 'protection_domain' 'Ljava/lang/Object;' @96  a 'java/security/ProtectionDomain'{0x000000070fe915b0} (0xe1fd22b6)
 - injected 'signers_name' 'Ljava/lang/Object;' @100  null (0x00000000)
 - injected 'source_file' 'Ljava/lang/Object;' @104  null (0x00000000)
 - signature: Lorg/lwjgl/system/libffi/FFIClosure;
 - ---- static fields (0):
 - public static final 'SIZEOF' 'I' @112  56 (0x00000038)
 - public static final 'ALIGNOF' 'I' @116  8 (0x00000008)
 - public static final 'CIF' 'I' @120  32 (0x00000020)
 - public static final 'FUN' 'I' @124  40 (0x00000028)
 - public static final 'USER_DATA' 'I' @128  48 (0x00000030)
stack at sp + 1 slots: {method} {0x000002ae5f485fa0} '<init>' '(JLjava/nio/ByteBuffer;)V' in 'org/lwjgl/system/libffi/FFIClosure'
stack at sp + 2 slots: 0x0 is null
stack at sp + 3 slots: 0x000000e8214ff5a0 is pointing into the stack for thread: 0x000002ae7ac24ba0
stack at sp + 4 slots: 0x0000000000000040 is an unknown value
stack at sp + 5 slots: 0x00007ff9a9db796d jvm.dll
stack at sp + 6 slots: 0x000000000000003e is an unknown value
stack at sp + 7 slots: 0x000002ae1df40050 points into unknown readable memory: 0x00007ffa3f13ec00 | 00 ec 13 3f fa 7f 00 00

native method entry point (kind = native)  [0x000002ae0f6dcba0, 0x000002ae0f6dd6c0]  2848 bytes
[MachCode]
  0x000002ae0f6dcba0: 488b 4b08 | 0fb7 492e | 584c 8d74 | ccf8 6800 | 0000 0068 | 0000 0000 | 5055 488b | ec41 5568 
  0x000002ae0f6dcbc0: 0000 0000 | 4c8b 6b08 | 4d8d 6d38 | 5348 8b53 | 0848 8b52 | 0848 8b52 | 1848 8b52 | 7048 8b12 
  0x000002ae0f6dcbe0: 5248 8b53 | 1048 85d2 | 0f84 0700 | 0000 4881 | c210 0100 | 0052 488b | 5308 488b | 5208 488b 
  0x000002ae0f6dcc00: 5210 5249 | 8bc6 482b | c548 c1e8 | 0350 6800 | 0000 0068 | f7ff ffff | 41c6 8781 | 0400 0001 
  0x000002ae0f6dcc20: 488b 4310 | 4885 c074 | 208b 88cc | 0000 0083 | c102 8988 | cc00 0000 | 2388 e000 | 0000 0f84 
  0x000002ae0f6dcc40: cb09 0000 | e9cf 0000 | 0048 8b43 | 1848 85c0 | 0f85 b000 | 0000 e805 | 0000 00e9 | 9900 0000 
  0x000002ae0f6dcc60: 488b d348 | 8d44 2408 | 4c89 6dc0 | 498b cfc5 | f877 4989 | afb0 0300 | 0049 8987 | a003 0000 
  0x000002ae0f6dcc80: 4883 ec20 | 40f6 c40f | 0f84 1900 | 0000 4883 | ec08 48b8 | f0a2 d1a9 | f97f 0000 | ffd0 4883 
  0x000002ae0f6dcca0: c408 e90c | 0000 0048 | b8f0 a2d1 | a9f9 7f00 | 00ff d048 | 83c4 2049 | c787 a003 | 0000 0000 
  0x000002ae0f6dccc0: 0000 49c7 | 87b0 0300 | 0000 0000 | 0049 c787 | a803 0000 | 0000 0000 | c5f8 7749 | 837f 0800 
  0x000002ae0f6dcce0: 0f84 0500 | 0000 e915 | 42ff ff4c | 8b6d c04c | 8b75 c84e | 8d74 f500 | c348 8b43 | 1848 85c0 
  0x000002ae0f6dcd00: 0f84 1200 | 0000 8b48 | 0883 c102 | 8948 0823 | 481c 0f84 | f708 0000 | 493b a7f0 | 0400 000f 
  0x000002ae0f6dcd20: 8748 0000 | 0089 8424 | 00f0 ffff | 8984 2400 | e0ff ff89 | 8424 00d0 | ffff 8984 | 2400 c0ff 
  0x000002ae0f6dcd40: ff89 8424 | 00b0 ffff | 8984 2400 | a0ff ff89 | 8424 0090 | ffff 8984 | 2400 80ff | ff49 3ba7 
  0x000002ae0f6dcd60: e804 0000 | 7607 4989 | a7f0 0400 | 0041 c687 | 8104 0000 | 0049 baac | 4058 aaf9 | 7f00 0041 
  0x000002ae0f6dcd80: 803a 000f | 843e 0000 | 0048 8b55 | e849 8bcf | 4883 ec20 | 40f6 c40f | 0f84 1900 | 0000 4883 
  0x000002ae0f6dcda0: ec08 48b8 | 00b6 08aa | f97f 0000 | ffd0 4883 | c408 e90c | 0000 0048 | b800 b608 | aaf9 7f00 
  0x000002ae0f6dcdc0: 00ff d048 | 83c4 2048 | 8b5d e84c | 8b5b 0845 | 0fb7 5b2e | 41c1 e303 | 492b e348 | 83ec 2048 
  0x000002ae0f6dcde0: 83e4 f04c | 8b5b 604d | 85db 0f85 | ab00 0000 | e805 0000 | 00e9 9900 | 0000 488b | d348 8d44 
  0x000002ae0f6dce00: 2408 4c89 | 6dc0 498b | cfc5 f877 | 4989 afb0 | 0300 0049 | 8987 a003 | 0000 4883 | ec20 40f6 
  0x000002ae0f6dce20: c40f 0f84 | 1900 0000 | 4883 ec08 | 48b8 10ca | d1a9 f97f | 0000 ffd0 | 4883 c408 | e90c 0000 
  0x000002ae0f6dce40: 0048 b810 | cad1 a9f9 | 7f00 00ff | d048 83c4 | 2049 c787 | a003 0000 | 0000 0000 | 49c7 87b0 
  0x000002ae0f6dce60: 0300 0000 | 0000 0049 | c787 a803 | 0000 0000 | 0000 c5f8 | 7749 837f | 0800 0f84 | 0500 0000 
  0x000002ae0f6dce80: e97b 40ff | ff4c 8b6d | c04c 8b75 | c84e 8d74 | f500 c348 | 8b5d e84c | 8b5b 6041 | ffd3 488b 
  0x000002ae0f6dcea0: 5de8 4889 | 4518 448b | 5b28 41f6 | c308 0f84 | 1b00 0000 | 4c8b 5b08 | 4d8b 5b08 | 4d8b 5b18 
  0x000002ae0f6dcec0: 4d8b 5b70 | 4d8b 1b4c | 895d 1048 | 8d55 1048 | 8b43 5849 | ba00 0d09 | aaf9 7f00 | 0049 3bc2 
  0x000002ae0f6dcee0: 0f85 ab00 | 0000 e805 | 0000 00e9 | 9900 0000 | 488b d348 | 8d44 2408 | 4c89 6dc0 | 498b cfc5 
  0x000002ae0f6dcf00: f877 4989 | afb0 0300 | 0049 8987 | a003 0000 | 4883 ec20 | 40f6 c40f | 0f84 1900 | 0000 4883 
  0x000002ae0f6dcf20: ec08 48b8 | 10ca d1a9 | f97f 0000 | ffd0 4883 | c408 e90c | 0000 0048 | b810 cad1 | a9f9 7f00 
  0x000002ae0f6dcf40: 00ff d048 | 83c4 2049 | c787 a003 | 0000 0000 | 0000 49c7 | 87b0 0300 | 0000 0000 | 0049 c787 
  0x000002ae0f6dcf60: a803 0000 | 0000 0000 | c5f8 7749 | 837f 0800 | 0f84 0500 | 0000 e985 | 3fff ff4c | 8b6d c04c 
  0x000002ae0f6dcf80: 8b75 c84e | 8d74 f500 | c348 8b5d | e848 8b43 | 5849 8d8f | c003 0000 | c5f8 7749 | 89af b003 
  0x000002ae0f6dcfa0: 0000 49ba | 98cf 6d0f | ae02 0000 | 4d89 97a8 | 0300 0049 | 89a7 a003 | 0000 41c7 | 8754 0400 
  0x000002ae0f6dcfc0: 0004 0000 | 00ff d0c5 | f877 4883 | ec10 c5fb | 1104 2448 | 83ec 1048 | 8904 2448 | c744 2408 
  0x000002ae0f6dcfe0: 0000 0000 | 41c7 8754 | 0400 0005 | 0000 00f0 | 8344 24c0 | 0049 3baf | 5804 0000 | 0f87 0e00 
  0x000002ae0f6dd000: 0000 4183 | bf50 0400 | 0000 0f84 | 2000 0000 | 498b cf4c | 8be4 4883 | ec20 4883 | e4f0 48b8 
  0x000002ae0f6dd020: c01f d3a9 | f97f 0000 | ffd0 498b | e44d 33e4 | 41c7 8754 | 0400 0008 | 0000 0049 | c787 a003 
  0x000002ae0f6dd040: 0000 0000 | 0000 49c7 | 87b0 0300 | 0000 0000 | 0049 c787 | a803 0000 | 0000 0000 | c5f8 774d 
  0x000002ae0f6dd060: 8b9f 3004 | 0000 41c7 | 8300 0100 | 0000 0000 | 0049 bb1a | a56d 0fae | 0200 004c | 3b5d 180f 
  0x000002ae0f6dd080: 8524 0200 | 0048 8b04 | 2448 83c4 | 1048 85c0 | 0f84 fe01 | 0000 a803 | 0f85 0800 | 0000 488b 
  0x000002ae0f6dd0a0: 00e9 ee01 | 0000 a801 | 0f85 0900 | 0000 488b | 40fe e9dd | 0100 0048 | 8b40 ff41 | 807f 3800 
  0x000002ae0f6dd0c0: 0f84 ce01 | 0000 4883 | f800 0f84 | c401 0000 | 4d8b 5f28 | 4983 fb00 | 0f84 1400 | 0000 4983 
  0x000002ae0f6dd0e0: eb08 4d89 | 5f28 4d03 | 5f30 4989 | 03e9 a201 | 0000 4881 | ecd0 0000 | 0048 8904 | 2448 894c 
  0x000002ae0f6dd100: 2408 4889 | 5424 1048 | 8974 2418 | 4889 7c24 | 204c 8944 | 2428 4c89 | 4c24 304c | 8954 2438 
  0x000002ae0f6dd120: 4c89 5c24 | 40c5 fb11 | 4424 50c5 | fb11 4c24 | 58c5 fb11 | 5424 60c5 | fb11 5c24 | 68c5 fb11 
  0x000002ae0f6dd140: 6424 70c5 | fb11 6c24 | 78c5 fb11 | b424 8000 | 0000 c5fb | 11bc 2488 | 0000 00c5 | 7b11 8424 
  0x000002ae0f6dd160: 9000 0000 | c57b 118c | 2498 0000 | 00c5 7b11 | 9424 a000 | 0000 c57b | 119c 24a8 | 0000 00c5 
  0x000002ae0f6dd180: 7b11 a424 | b000 0000 | c57b 11ac | 24b8 0000 | 00c5 7b11 | b424 c000 | 0000 c57b | 11bc 24c8 
  0x000002ae0f6dd1a0: 0000 0049 | 8bd7 488b | c848 83ec | 2040 f6c4 | 0f0f 8419 | 0000 0048 | 83ec 0848 | b830 3ec6 
  0x000002ae0f6dd1c0: a9f9 7f00 | 00ff d048 | 83c4 08e9 | 0c00 0000 | 48b8 303e | c6a9 f97f | 0000 ffd0 | 4883 c420 
  0x000002ae0f6dd1e0: c57b 10bc | 24c8 0000 | 00c5 7b10 | b424 c000 | 0000 c57b | 10ac 24b8 | 0000 00c5 | 7b10 a424 
  0x000002ae0f6dd200: b000 0000 | c57b 109c | 24a8 0000 | 00c5 7b10 | 9424 a000 | 0000 c57b | 108c 2498 | 0000 00c5 
  0x000002ae0f6dd220: 7b10 8424 | 9000 0000 | c5fb 10bc | 2488 0000 | 00c5 fb10 | b424 8000 | 0000 c5fb | 106c 2478 
  0x000002ae0f6dd240: c5fb 1064 | 2470 c5fb | 105c 2468 | c5fb 1054 | 2460 c5fb | 104c 2458 | c5fb 1044 | 2450 4c8b 
  0x000002ae0f6dd260: 5c24 404c | 8b54 2438 | 4c8b 4c24 | 304c 8b44 | 2428 488b | 7c24 2048 | 8b74 2418 | 488b 5424 
  0x000002ae0f6dd280: 1048 8b4c | 2408 488b | 0424 4881 | c4d0 0000 | 00c5 f877 | 4889 4510 | 4883 ec10 | 4889 0424 
  0x000002ae0f6dd2a0: 48c7 4424 | 0800 0000 | 0041 83bf | d004 0000 | 020f 85bf | 0000 0048 | 81ec 8000 | 0000 4889 
  0x000002ae0f6dd2c0: 4424 7848 | 894c 2470 | 4889 5424 | 6848 895c | 2460 4889 | 6c24 5048 | 8974 2448 | 4889 7c24 
  0x000002ae0f6dd2e0: 404c 8944 | 2438 4c89 | 4c24 304c | 8954 2428 | 4c89 5c24 | 204c 8964 | 2418 4c89 | 6c24 104c 
  0x000002ae0f6dd300: 8974 2408 | 4c89 3c24 | 4c8b e448 | 83ec 2048 | 83e4 f048 | b850 ee08 | aaf9 7f00 | 00ff d049 
  0x000002ae0f6dd320: 8be4 4c8b | 3c24 4c8b | 7424 084c | 8b6c 2410 | 4c8b 6424 | 184c 8b5c | 2420 4c8b | 5424 284c 
  0x000002ae0f6dd340: 8b4c 2430 | 4c8b 4424 | 3848 8b7c | 2440 488b | 7424 4848 | 8b6c 2450 | 488b 5c24 | 6048 8b54 
  0x000002ae0f6dd360: 2468 488b | 4c24 7048 | 8b44 2478 | 4881 c480 | 0000 004d | 33e4 488b | 5de8 4c8b | 6b08 4d8d 
  0x000002ae0f6dd380: 6d38 4983 | 7f08 000f | 84bb 0000 | 00e8 0500 | 0000 e996 | 0000 0048 | 8d44 2408 | 4c89 6dc0 
  0x000002ae0f6dd3a0: 498b cfc5 | f877 4989 | afb0 0300 | 0049 8987 | a003 0000 | 4883 ec20 | 40f6 c40f | 0f84 1900 
  0x000002ae0f6dd3c0: 0000 4883 | ec08 48b8 | 50e8 d1a9 | f97f 0000 | ffd0 4883 | c408 e90c | 0000 0048 | b850 e8d1 
  0x000002ae0f6dd3e0: a9f9 7f00 | 00ff d048 | 83c4 2049 | c787 a003 | 0000 0000 | 0000 49c7 | 87b0 0300 | 0000 0000 
  0x000002ae0f6dd400: 0049 c787 | a803 0000 | 0000 0000 | c5f8 7749 | 837f 0800 | 0f84 0500 | 0000 e9e1 | 3aff ff4c 
  0x000002ae0f6dd420: 8b6d c04c | 8b75 c84e | 8d74 f500 | c348 b9d0 | 2830 aaf9 | 7f00 0048 | 83e4 f048 | b890 95f7 
  0x000002ae0f6dd440: a9f9 7f00 | 00ff d0f4 | 448b 5b28 | 41f6 c320 | 0f84 4401 | 0000 488d | 55a8 4c8b | 5a08 4d85 
  0x000002ae0f6dd460: db0f 85bb | 0000 00e8 | 0500 0000 | e996 0000 | 0048 8d44 | 2408 4c89 | 6dc0 498b | cfc5 f877 
  0x000002ae0f6dd480: 4989 afb0 | 0300 0049 | 8987 a003 | 0000 4883 | ec20 40f6 | c40f 0f84 | 1900 0000 | 4883 ec08 
  0x000002ae0f6dd4a0: 48b8 80e7 | d1a9 f97f | 0000 ffd0 | 4883 c408 | e90c 0000 | 0048 b880 | e7d1 a9f9 | 7f00 00ff 
  0x000002ae0f6dd4c0: d048 83c4 | 2049 c787 | a003 0000 | 0000 0000 | 49c7 87b0 | 0300 0000 | 0000 0049 | c787 a803 
  0x000002ae0f6dd4e0: 0000 0000 | 0000 c5f8 | 7749 837f | 0800 0f84 | 0500 0000 | e907 3aff | ff4c 8b6d | c04c 8b75 
  0x000002ae0f6dd500: c84e 8d74 | f500 c348 | b9d0 2830 | aaf9 7f00 | 0048 83e4 | f048 b890 | 95f7 a9f9 | 7f00 00ff 
  0x000002ae0f6dd520: d0f4 4c89 | 6dc0 488d | 024c 8b4a | 0848 c742 | 0800 0000 | 004c 8b00 | 4d85 c00f | 840b 0000 
  0x000002ae0f6dd540: 00f0 4d0f | b101 0f85 | 0c00 0000 | 49ff 8f58 | 0500 00e9 | 3e00 0000 | 4c89 4a08 | 488b ca48 
  0x000002ae0f6dd560: 83ec 2040 | f6c4 0f0f | 8419 0000 | 0048 83ec | 0848 b810 | bad1 a9f9 | 7f00 00ff | d048 83c4 
  0x000002ae0f6dd580: 08e9 0c00 | 0000 48b8 | 10ba d1a9 | f97f 0000 | ffd0 4883 | c420 4c8b | 6dc0 49ba | ac40 58aa 
  0x000002ae0f6dd5a0: f97f 0000 | 4180 3a00 | 0f84 3e00 | 0000 488b | 55e8 498b | cf48 83ec | 2040 f6c4 | 0f0f 8419 
  0x000002ae0f6dd5c0: 0000 0048 | 83ec 0848 | b800 b608 | aaf9 7f00 | 00ff d048 | 83c4 08e9 | 0c00 0000 | 48b8 00b6 
  0x000002ae0f6dd5e0: 08aa f97f | 0000 ffd0 | 4883 c420 | 488b 0424 | 4883 c410 | c5fb 1004 | 2448 83c4 | 104c 8b5d 
  0x000002ae0f6dd600: 1841 ffd3 | 4c8b 5df8 | c95f 498b | e3ff e7ba | 0000 0000 | e805 0000 | 00e9 9600 | 0000 488d 
  0x000002ae0f6dd620: 4424 084c | 896d c049 | 8bcf c5f8 | 7749 89af | b003 0000 | 4989 87a0 | 0300 0048 | 83ec 2040 
  0x000002ae0f6dd640: f6c4 0f0f | 8419 0000 | 0048 83ec | 0848 b8d0 | add1 a9f9 | 7f00 00ff | d048 83c4 | 08e9 0c00 
  0x000002ae0f6dd660: 0000 48b8 | d0ad d1a9 | f97f 0000 | ffd0 4883 | c420 49c7 | 87a0 0300 | 0000 0000 | 0049 c787 
  0x000002ae0f6dd680: b003 0000 | 0000 0000 | 49c7 87a8 | 0300 0000 | 0000 00c5 | f877 4983 | 7f08 000f | 8405 0000 
  0x000002ae0f6dd6a0: 00e9 5a38 | ffff 4c8b | 6dc0 4c8b | 75c8 4e8d | 74f5 00c3 | 488b 5de8 | e95b f6ff | ff66 6690 
[/MachCode]

---------------  P R O C E S S  ---------------

Threads class SMR info:
_java_thread_list=0x000002ae6aa02de0, length=12, elements={
0x000002ae7ac24ba0, 0x000002ae7f73b680, 0x000002ae7f73c5a0, 0x000002ae7f742d90,
0x000002ae7f745c90, 0x000002ae7f747d10, 0x000002ae7f74a780, 0x000002ae7f758140,
0x000002ae7f758bf0, 0x000002ae1d400730, 0x000002ae1d60c990, 0x000002ae1d60d410
}

Java Threads: ( => current thread )
=>0x000002ae7ac24ba0 JavaThread "main"                              [_thread_in_vm, id=8544, stack(0x000000e821400000,0x000000e821500000) (1024K)]
  0x000002ae7f73b680 JavaThread "Reference Handler"          daemon [_thread_blocked, id=28196, stack(0x000000e821c00000,0x000000e821d00000) (1024K)]
  0x000002ae7f73c5a0 JavaThread "Finalizer"                  daemon [_thread_blocked, id=27396, stack(0x000000e821d00000,0x000000e821e00000) (1024K)]
  0x000002ae7f742d90 JavaThread "Signal Dispatcher"          daemon [_thread_blocked, id=26768, stack(0x000000e821e00000,0x000000e821f00000) (1024K)]
  0x000002ae7f745c90 JavaThread "Attach Listener"            daemon [_thread_blocked, id=14688, stack(0x000000e821f00000,0x000000e822000000) (1024K)]
  0x000002ae7f747d10 JavaThread "Service Thread"             daemon [_thread_blocked, id=10488, stack(0x000000e822000000,0x000000e822100000) (1024K)]
  0x000002ae7f74a780 JavaThread "Monitor Deflation Thread"   daemon [_thread_blocked, id=26540, stack(0x000000e822100000,0x000000e822200000) (1024K)]
  0x000002ae7f758140 JavaThread "C2 CompilerThread0"         daemon [_thread_blocked, id=26928, stack(0x000000e822200000,0x000000e822300000) (1024K)]
  0x000002ae7f758bf0 JavaThread "C1 CompilerThread0"         daemon [_thread_blocked, id=18352, stack(0x000000e822300000,0x000000e822400000) (1024K)]
  0x000002ae1d400730 JavaThread "Common-Cleaner"             daemon [_thread_blocked, id=20164, stack(0x000000e822500000,0x000000e822600000) (1024K)]
  0x000002ae1d60c990 JavaThread "Monitor Ctrl-Break"         daemon [_thread_in_native, id=29092, stack(0x000000e822700000,0x000000e822800000) (1024K)]
  0x000002ae1d60d410 JavaThread "Notification Thread"        daemon [_thread_blocked, id=30792, stack(0x000000e822800000,0x000000e822900000) (1024K)]
Total: 12

Other Threads:
  0x000002ae7f720110 VMThread "VM Thread"                           [id=26832, stack(0x000000e821b00000,0x000000e821c00000) (1024K)]
  0x000002ae7f7093e0 WatcherThread "VM Periodic Task Thread"        [id=21036, stack(0x000000e821a00000,0x000000e821b00000) (1024K)]
  0x000002ae7cde5840 WorkerThread "GC Thread#0"                     [id=28916, stack(0x000000e821500000,0x000000e821600000) (1024K)]
  0x000002ae6a8957c0 WorkerThread "GC Thread#1"                     [id=10524, stack(0x000000e823000000,0x000000e823100000) (1024K)]
  0x000002ae6a68b420 WorkerThread "GC Thread#2"                     [id=25672, stack(0x000000e823100000,0x000000e823200000) (1024K)]
  0x000002ae6a6dcd00 WorkerThread "GC Thread#3"                     [id=20260, stack(0x000000e823200000,0x000000e823300000) (1024K)]
  0x000002ae6a508d70 WorkerThread "GC Thread#4"                     [id=31124, stack(0x000000e823300000,0x000000e823400000) (1024K)]
  0x000002ae6a507eb0 WorkerThread "GC Thread#5"                     [id=21464, stack(0x000000e823400000,0x000000e823500000) (1024K)]
  0x000002ae6a5094d0 WorkerThread "GC Thread#6"                     [id=31104, stack(0x000000e823500000,0x000000e823600000) (1024K)]
  0x000002ae6a508610 WorkerThread "GC Thread#7"                     [id=26640, stack(0x000000e823600000,0x000000e823700000) (1024K)]
  0x000002ae6a5089c0 WorkerThread "GC Thread#8"                     [id=11088, stack(0x000000e823700000,0x000000e823800000) (1024K)]
  0x000002ae6a509880 WorkerThread "GC Thread#9"                     [id=31116, stack(0x000000e823800000,0x000000e823900000) (1024K)]
  0x000002ae6a508260 WorkerThread "GC Thread#10"                    [id=15144, stack(0x000000e823900000,0x000000e823a00000) (1024K)]
  0x000002ae6a509120 WorkerThread "GC Thread#11"                    [id=4052, stack(0x000000e823a00000,0x000000e823b00000) (1024K)]
  0x000002ae6a5336c0 WorkerThread "GC Thread#12"                    [id=31696, stack(0x000000e823b00000,0x000000e823c00000) (1024K)]
  0x000002ae7cdf6860 ConcurrentGCThread "G1 Main Marker"            [id=31064, stack(0x000000e821600000,0x000000e821700000) (1024K)]
  0x000002ae7cdf7b10 WorkerThread "G1 Conc#0"                       [id=31352, stack(0x000000e821700000,0x000000e821800000) (1024K)]
  0x000002ae7f5ca280 ConcurrentGCThread "G1 Refine#0"               [id=25408, stack(0x000000e821800000,0x000000e821900000) (1024K)]
  0x000002ae7f5ccd20 ConcurrentGCThread "G1 Service"                [id=28340, stack(0x000000e821900000,0x000000e821a00000) (1024K)]
Total: 19

Threads with active compile tasks:
Total: 0

VM state: not at safepoint (normal execution)

VM Mutex/Monitor currently owned by a thread: None

Heap address: 0x0000000701800000, size: 4072 MB, Compressed Oops mode: Zero based, Oop shift amount: 3

CDS archive(s) mapped at: [0x000002ae1e000000-0x000002ae1ec50000-0x000002ae1ec50000), size 12910592, SharedBaseAddress: 0x000002ae1e000000, ArchiveRelocationMode: 1.
Compressed class space mapped at: 0x000002ae1f000000-0x000002ae5f000000, reserved size: 1073741824
Narrow klass base: 0x000002ae1e000000, Narrow klass shift: 0, Narrow klass range: 0x41000000

GC Precious Log:
 CardTable entry size: 512
 Card Set container configuration: InlinePtr #cards 4 size 8 Array Of Cards #cards 16 size 48 Howl #buckets 8 coarsen threshold 3686 Howl Bitmap #cards 512 size 80 coarsen threshold 460 Card regions per heap region 1 cards per card region 4096
 CPUs: 16 total, 16 available
 Memory: 16286M
 Large Page Support: Disabled
 NUMA Support: Disabled
 Compressed Oops: Enabled (Zero based)
 Heap Region Size: 2M
 Heap Min Capacity: 8M
 Heap Initial Capacity: 256M
 Heap Max Capacity: 4072M
 Pre-touch: Disabled
 Parallel Workers: 13
 Concurrent Workers: 3
 Concurrent Refinement Workers: 13
 Periodic GC: Disabled

Heap:
 garbage-first heap   total reserved 4169728K, committed 262144K, used 40367K [0x0000000701800000, 0x0000000800000000)
  region size 2048K, 22 young (45056K), 2 survivors (4096K)
 Metaspace       used 7748K, committed 8000K, reserved 1114112K
  class space    used 444K, committed 576K, reserved 1048576K

Heap Regions: E=young(eden), S=young(survivor), O=old, HS=humongous(starts), HC=humongous(continues), CS=collection set, F=free, TAMS=top-at-mark-start, PB=parsable bottom
|   0|0x0000000701800000, 0x0000000701800000, 0x0000000701a00000|  0%| F|  |TAMS 0x0000000701800000| PB 0x0000000701800000| Untracked |  0
|   1|0x0000000701a00000, 0x0000000701a00000, 0x0000000701c00000|  0%| F|  |TAMS 0x0000000701a00000| PB 0x0000000701a00000| Untracked |  0
|   2|0x0000000701c00000, 0x0000000701c00000, 0x0000000701e00000|  0%| F|  |TAMS 0x0000000701c00000| PB 0x0000000701c00000| Untracked |  0
|   3|0x0000000701e00000, 0x0000000701e00000, 0x0000000702000000|  0%| F|  |TAMS 0x0000000701e00000| PB 0x0000000701e00000| Untracked |  0
|   4|0x0000000702000000, 0x0000000702000000, 0x0000000702200000|  0%| F|  |TAMS 0x0000000702000000| PB 0x0000000702000000| Untracked |  0
|   5|0x0000000702200000, 0x0000000702200000, 0x0000000702400000|  0%| F|  |TAMS 0x0000000702200000| PB 0x0000000702200000| Untracked |  0
|   6|0x0000000702400000, 0x0000000702400000, 0x0000000702600000|  0%| F|  |TAMS 0x0000000702400000| PB 0x0000000702400000| Untracked |  0
|   7|0x0000000702600000, 0x0000000702600000, 0x0000000702800000|  0%| F|  |TAMS 0x0000000702600000| PB 0x0000000702600000| Untracked |  0
|   8|0x0000000702800000, 0x0000000702800000, 0x0000000702a00000|  0%| F|  |TAMS 0x0000000702800000| PB 0x0000000702800000| Untracked |  0
|   9|0x0000000702a00000, 0x0000000702a00000, 0x0000000702c00000|  0%| F|  |TAMS 0x0000000702a00000| PB 0x0000000702a00000| Untracked |  0
|  10|0x0000000702c00000, 0x0000000702c00000, 0x0000000702e00000|  0%| F|  |TAMS 0x0000000702c00000| PB 0x0000000702c00000| Untracked |  0
|  11|0x0000000702e00000, 0x0000000702e00000, 0x0000000703000000|  0%| F|  |TAMS 0x0000000702e00000| PB 0x0000000702e00000| Untracked |  0
|  12|0x0000000703000000, 0x0000000703000000, 0x0000000703200000|  0%| F|  |TAMS 0x0000000703000000| PB 0x0000000703000000| Untracked |  0
|  13|0x0000000703200000, 0x0000000703200000, 0x0000000703400000|  0%| F|  |TAMS 0x0000000703200000| PB 0x0000000703200000| Untracked |  0
|  14|0x0000000703400000, 0x0000000703400000, 0x0000000703600000|  0%| F|  |TAMS 0x0000000703400000| PB 0x0000000703400000| Untracked |  0
|  15|0x0000000703600000, 0x0000000703600000, 0x0000000703800000|  0%| F|  |TAMS 0x0000000703600000| PB 0x0000000703600000| Untracked |  0
|  16|0x0000000703800000, 0x0000000703800000, 0x0000000703a00000|  0%| F|  |TAMS 0x0000000703800000| PB 0x0000000703800000| Untracked |  0
|  17|0x0000000703a00000, 0x0000000703a00000, 0x0000000703c00000|  0%| F|  |TAMS 0x0000000703a00000| PB 0x0000000703a00000| Untracked |  0
|  18|0x0000000703c00000, 0x0000000703c00000, 0x0000000703e00000|  0%| F|  |TAMS 0x0000000703c00000| PB 0x0000000703c00000| Untracked |  0
|  19|0x0000000703e00000, 0x0000000703e00000, 0x0000000704000000|  0%| F|  |TAMS 0x0000000703e00000| PB 0x0000000703e00000| Untracked |  0
|  20|0x0000000704000000, 0x0000000704000000, 0x0000000704200000|  0%| F|  |TAMS 0x0000000704000000| PB 0x0000000704000000| Untracked |  0
|  21|0x0000000704200000, 0x0000000704200000, 0x0000000704400000|  0%| F|  |TAMS 0x0000000704200000| PB 0x0000000704200000| Untracked |  0
|  22|0x0000000704400000, 0x0000000704400000, 0x0000000704600000|  0%| F|  |TAMS 0x0000000704400000| PB 0x0000000704400000| Untracked |  0
|  23|0x0000000704600000, 0x0000000704600000, 0x0000000704800000|  0%| F|  |TAMS 0x0000000704600000| PB 0x0000000704600000| Untracked |  0
|  24|0x0000000704800000, 0x0000000704800000, 0x0000000704a00000|  0%| F|  |TAMS 0x0000000704800000| PB 0x0000000704800000| Untracked |  0
|  25|0x0000000704a00000, 0x0000000704a00000, 0x0000000704c00000|  0%| F|  |TAMS 0x0000000704a00000| PB 0x0000000704a00000| Untracked |  0
|  26|0x0000000704c00000, 0x0000000704c00000, 0x0000000704e00000|  0%| F|  |TAMS 0x0000000704c00000| PB 0x0000000704c00000| Untracked |  0
|  27|0x0000000704e00000, 0x0000000704e00000, 0x0000000705000000|  0%| F|  |TAMS 0x0000000704e00000| PB 0x0000000704e00000| Untracked |  0
|  28|0x0000000705000000, 0x0000000705000000, 0x0000000705200000|  0%| F|  |TAMS 0x0000000705000000| PB 0x0000000705000000| Untracked |  0
|  29|0x0000000705200000, 0x0000000705200000, 0x0000000705400000|  0%| F|  |TAMS 0x0000000705200000| PB 0x0000000705200000| Untracked |  0
|  30|0x0000000705400000, 0x0000000705400000, 0x0000000705600000|  0%| F|  |TAMS 0x0000000705400000| PB 0x0000000705400000| Untracked |  0
|  31|0x0000000705600000, 0x0000000705600000, 0x0000000705800000|  0%| F|  |TAMS 0x0000000705600000| PB 0x0000000705600000| Untracked |  0
|  32|0x0000000705800000, 0x0000000705800000, 0x0000000705a00000|  0%| F|  |TAMS 0x0000000705800000| PB 0x0000000705800000| Untracked |  0
|  33|0x0000000705a00000, 0x0000000705a00000, 0x0000000705c00000|  0%| F|  |TAMS 0x0000000705a00000| PB 0x0000000705a00000| Untracked |  0
|  34|0x0000000705c00000, 0x0000000705c00000, 0x0000000705e00000|  0%| F|  |TAMS 0x0000000705c00000| PB 0x0000000705c00000| Untracked |  0
|  35|0x0000000705e00000, 0x0000000705e00000, 0x0000000706000000|  0%| F|  |TAMS 0x0000000705e00000| PB 0x0000000705e00000| Untracked |  0
|  36|0x0000000706000000, 0x0000000706000000, 0x0000000706200000|  0%| F|  |TAMS 0x0000000706000000| PB 0x0000000706000000| Untracked |  0
|  37|0x0000000706200000, 0x0000000706200000, 0x0000000706400000|  0%| F|  |TAMS 0x0000000706200000| PB 0x0000000706200000| Untracked |  0
|  38|0x0000000706400000, 0x0000000706400000, 0x0000000706600000|  0%| F|  |TAMS 0x0000000706400000| PB 0x0000000706400000| Untracked |  0
|  39|0x0000000706600000, 0x0000000706600000, 0x0000000706800000|  0%| F|  |TAMS 0x0000000706600000| PB 0x0000000706600000| Untracked |  0
|  40|0x0000000706800000, 0x0000000706800000, 0x0000000706a00000|  0%| F|  |TAMS 0x0000000706800000| PB 0x0000000706800000| Untracked |  0
|  41|0x0000000706a00000, 0x0000000706a00000, 0x0000000706c00000|  0%| F|  |TAMS 0x0000000706a00000| PB 0x0000000706a00000| Untracked |  0
|  42|0x0000000706c00000, 0x0000000706c00000, 0x0000000706e00000|  0%| F|  |TAMS 0x0000000706c00000| PB 0x0000000706c00000| Untracked |  0
|  43|0x0000000706e00000, 0x0000000706e00000, 0x0000000707000000|  0%| F|  |TAMS 0x0000000706e00000| PB 0x0000000706e00000| Untracked |  0
|  44|0x0000000707000000, 0x0000000707000000, 0x0000000707200000|  0%| F|  |TAMS 0x0000000707000000| PB 0x0000000707000000| Untracked |  0
|  45|0x0000000707200000, 0x0000000707200000, 0x0000000707400000|  0%| F|  |TAMS 0x0000000707200000| PB 0x0000000707200000| Untracked |  0
|  46|0x0000000707400000, 0x0000000707400000, 0x0000000707600000|  0%| F|  |TAMS 0x0000000707400000| PB 0x0000000707400000| Untracked |  0
|  47|0x0000000707600000, 0x0000000707600000, 0x0000000707800000|  0%| F|  |TAMS 0x0000000707600000| PB 0x0000000707600000| Untracked |  0
|  48|0x0000000707800000, 0x0000000707800000, 0x0000000707a00000|  0%| F|  |TAMS 0x0000000707800000| PB 0x0000000707800000| Untracked |  0
|  49|0x0000000707a00000, 0x0000000707a00000, 0x0000000707c00000|  0%| F|  |TAMS 0x0000000707a00000| PB 0x0000000707a00000| Untracked |  0
|  50|0x0000000707c00000, 0x0000000707c00000, 0x0000000707e00000|  0%| F|  |TAMS 0x0000000707c00000| PB 0x0000000707c00000| Untracked |  0
|  51|0x0000000707e00000, 0x0000000707e00000, 0x0000000708000000|  0%| F|  |TAMS 0x0000000707e00000| PB 0x0000000707e00000| Untracked |  0
|  52|0x0000000708000000, 0x0000000708000000, 0x0000000708200000|  0%| F|  |TAMS 0x0000000708000000| PB 0x0000000708000000| Untracked |  0
|  53|0x0000000708200000, 0x0000000708200000, 0x0000000708400000|  0%| F|  |TAMS 0x0000000708200000| PB 0x0000000708200000| Untracked |  0
|  54|0x0000000708400000, 0x0000000708400000, 0x0000000708600000|  0%| F|  |TAMS 0x0000000708400000| PB 0x0000000708400000| Untracked |  0
|  55|0x0000000708600000, 0x0000000708600000, 0x0000000708800000|  0%| F|  |TAMS 0x0000000708600000| PB 0x0000000708600000| Untracked |  0
|  56|0x0000000708800000, 0x0000000708800000, 0x0000000708a00000|  0%| F|  |TAMS 0x0000000708800000| PB 0x0000000708800000| Untracked |  0
|  57|0x0000000708a00000, 0x0000000708a00000, 0x0000000708c00000|  0%| F|  |TAMS 0x0000000708a00000| PB 0x0000000708a00000| Untracked |  0
|  58|0x0000000708c00000, 0x0000000708c00000, 0x0000000708e00000|  0%| F|  |TAMS 0x0000000708c00000| PB 0x0000000708c00000| Untracked |  0
|  59|0x0000000708e00000, 0x0000000708e00000, 0x0000000709000000|  0%| F|  |TAMS 0x0000000708e00000| PB 0x0000000708e00000| Untracked |  0
|  60|0x0000000709000000, 0x0000000709000000, 0x0000000709200000|  0%| F|  |TAMS 0x0000000709000000| PB 0x0000000709000000| Untracked |  0
|  61|0x0000000709200000, 0x0000000709200000, 0x0000000709400000|  0%| F|  |TAMS 0x0000000709200000| PB 0x0000000709200000| Untracked |  0
|  62|0x0000000709400000, 0x0000000709400000, 0x0000000709600000|  0%| F|  |TAMS 0x0000000709400000| PB 0x0000000709400000| Untracked |  0
|  63|0x0000000709600000, 0x0000000709600000, 0x0000000709800000|  0%| F|  |TAMS 0x0000000709600000| PB 0x0000000709600000| Untracked |  0
|  64|0x0000000709800000, 0x0000000709800000, 0x0000000709a00000|  0%| F|  |TAMS 0x0000000709800000| PB 0x0000000709800000| Untracked |  0
|  65|0x0000000709a00000, 0x0000000709a00000, 0x0000000709c00000|  0%| F|  |TAMS 0x0000000709a00000| PB 0x0000000709a00000| Untracked |  0
|  66|0x0000000709c00000, 0x0000000709c00000, 0x0000000709e00000|  0%| F|  |TAMS 0x0000000709c00000| PB 0x0000000709c00000| Untracked |  0
|  67|0x0000000709e00000, 0x0000000709e00000, 0x000000070a000000|  0%| F|  |TAMS 0x0000000709e00000| PB 0x0000000709e00000| Untracked |  0
|  68|0x000000070a000000, 0x000000070a000000, 0x000000070a200000|  0%| F|  |TAMS 0x000000070a000000| PB 0x000000070a000000| Untracked |  0
|  69|0x000000070a200000, 0x000000070a200000, 0x000000070a400000|  0%| F|  |TAMS 0x000000070a200000| PB 0x000000070a200000| Untracked |  0
|  70|0x000000070a400000, 0x000000070a400000, 0x000000070a600000|  0%| F|  |TAMS 0x000000070a400000| PB 0x000000070a400000| Untracked |  0
|  71|0x000000070a600000, 0x000000070a600000, 0x000000070a800000|  0%| F|  |TAMS 0x000000070a600000| PB 0x000000070a600000| Untracked |  0
|  72|0x000000070a800000, 0x000000070a800000, 0x000000070aa00000|  0%| F|  |TAMS 0x000000070a800000| PB 0x000000070a800000| Untracked |  0
|  73|0x000000070aa00000, 0x000000070aa00000, 0x000000070ac00000|  0%| F|  |TAMS 0x000000070aa00000| PB 0x000000070aa00000| Untracked |  0
|  74|0x000000070ac00000, 0x000000070ac00000, 0x000000070ae00000|  0%| F|  |TAMS 0x000000070ac00000| PB 0x000000070ac00000| Untracked |  0
|  75|0x000000070ae00000, 0x000000070ae00000, 0x000000070b000000|  0%| F|  |TAMS 0x000000070ae00000| PB 0x000000070ae00000| Untracked |  0
|  76|0x000000070b000000, 0x000000070b000000, 0x000000070b200000|  0%| F|  |TAMS 0x000000070b000000| PB 0x000000070b000000| Untracked |  0
|  77|0x000000070b200000, 0x000000070b200000, 0x000000070b400000|  0%| F|  |TAMS 0x000000070b200000| PB 0x000000070b200000| Untracked |  0
|  78|0x000000070b400000, 0x000000070b400000, 0x000000070b600000|  0%| F|  |TAMS 0x000000070b400000| PB 0x000000070b400000| Untracked |  0
|  79|0x000000070b600000, 0x000000070b600000, 0x000000070b800000|  0%| F|  |TAMS 0x000000070b600000| PB 0x000000070b600000| Untracked |  0
|  80|0x000000070b800000, 0x000000070b800000, 0x000000070ba00000|  0%| F|  |TAMS 0x000000070b800000| PB 0x000000070b800000| Untracked |  0
|  81|0x000000070ba00000, 0x000000070ba00000, 0x000000070bc00000|  0%| F|  |TAMS 0x000000070ba00000| PB 0x000000070ba00000| Untracked |  0
|  82|0x000000070bc00000, 0x000000070bc00000, 0x000000070be00000|  0%| F|  |TAMS 0x000000070bc00000| PB 0x000000070bc00000| Untracked |  0
|  83|0x000000070be00000, 0x000000070be00000, 0x000000070c000000|  0%| F|  |TAMS 0x000000070be00000| PB 0x000000070be00000| Untracked |  0
|  84|0x000000070c000000, 0x000000070c000000, 0x000000070c200000|  0%| F|  |TAMS 0x000000070c000000| PB 0x000000070c000000| Untracked |  0
|  85|0x000000070c200000, 0x000000070c200000, 0x000000070c400000|  0%| F|  |TAMS 0x000000070c200000| PB 0x000000070c200000| Untracked |  0
|  86|0x000000070c400000, 0x000000070c400000, 0x000000070c600000|  0%| F|  |TAMS 0x000000070c400000| PB 0x000000070c400000| Untracked |  0
|  87|0x000000070c600000, 0x000000070c600000, 0x000000070c800000|  0%| F|  |TAMS 0x000000070c600000| PB 0x000000070c600000| Untracked |  0
|  88|0x000000070c800000, 0x000000070c800000, 0x000000070ca00000|  0%| F|  |TAMS 0x000000070c800000| PB 0x000000070c800000| Untracked |  0
|  89|0x000000070ca00000, 0x000000070ca00000, 0x000000070cc00000|  0%| F|  |TAMS 0x000000070ca00000| PB 0x000000070ca00000| Untracked |  0
|  90|0x000000070cc00000, 0x000000070cc00000, 0x000000070ce00000|  0%| F|  |TAMS 0x000000070cc00000| PB 0x000000070cc00000| Untracked |  0
|  91|0x000000070ce00000, 0x000000070ce00000, 0x000000070d000000|  0%| F|  |TAMS 0x000000070ce00000| PB 0x000000070ce00000| Untracked |  0
|  92|0x000000070d000000, 0x000000070d000000, 0x000000070d200000|  0%| F|  |TAMS 0x000000070d000000| PB 0x000000070d000000| Untracked |  0
|  93|0x000000070d200000, 0x000000070d200000, 0x000000070d400000|  0%| F|  |TAMS 0x000000070d200000| PB 0x000000070d200000| Untracked |  0
|  94|0x000000070d400000, 0x000000070d400000, 0x000000070d600000|  0%| F|  |TAMS 0x000000070d400000| PB 0x000000070d400000| Untracked |  0
|  95|0x000000070d600000, 0x000000070d600000, 0x000000070d800000|  0%| F|  |TAMS 0x000000070d600000| PB 0x000000070d600000| Untracked |  0
|  96|0x000000070d800000, 0x000000070d800000, 0x000000070da00000|  0%| F|  |TAMS 0x000000070d800000| PB 0x000000070d800000| Untracked |  0
|  97|0x000000070da00000, 0x000000070da00000, 0x000000070dc00000|  0%| F|  |TAMS 0x000000070da00000| PB 0x000000070da00000| Untracked |  0
|  98|0x000000070dc00000, 0x000000070dc00000, 0x000000070de00000|  0%| F|  |TAMS 0x000000070dc00000| PB 0x000000070dc00000| Untracked |  0
|  99|0x000000070de00000, 0x000000070de00000, 0x000000070e000000|  0%| F|  |TAMS 0x000000070de00000| PB 0x000000070de00000| Untracked |  0
| 100|0x000000070e000000, 0x000000070e000000, 0x000000070e200000|  0%| F|  |TAMS 0x000000070e000000| PB 0x000000070e000000| Untracked |  0
| 101|0x000000070e200000, 0x000000070e200000, 0x000000070e400000|  0%| F|  |TAMS 0x000000070e200000| PB 0x000000070e200000| Untracked |  0
| 102|0x000000070e400000, 0x000000070e400000, 0x000000070e600000|  0%| F|  |TAMS 0x000000070e400000| PB 0x000000070e400000| Untracked |  0
| 103|0x000000070e600000, 0x000000070e600000, 0x000000070e800000|  0%| F|  |TAMS 0x000000070e600000| PB 0x000000070e600000| Untracked |  0
| 104|0x000000070e800000, 0x000000070e800000, 0x000000070ea00000|  0%| F|  |TAMS 0x000000070e800000| PB 0x000000070e800000| Untracked |  0
| 105|0x000000070ea00000, 0x000000070ea00000, 0x000000070ec00000|  0%| F|  |TAMS 0x000000070ea00000| PB 0x000000070ea00000| Untracked |  0
| 106|0x000000070ec00000, 0x000000070ec61a98, 0x000000070ee00000| 19%| E|  |TAMS 0x000000070ec00000| PB 0x000000070ec00000| Complete |  0
| 107|0x000000070ee00000, 0x000000070f000000, 0x000000070f000000|100%| E|CS|TAMS 0x000000070ee00000| PB 0x000000070ee00000| Complete |  0
| 108|0x000000070f000000, 0x000000070f200000, 0x000000070f200000|100%| E|CS|TAMS 0x000000070f000000| PB 0x000000070f000000| Complete |  0
| 109|0x000000070f200000, 0x000000070f400000, 0x000000070f400000|100%| E|CS|TAMS 0x000000070f200000| PB 0x000000070f200000| Complete |  0
| 110|0x000000070f400000, 0x000000070f600000, 0x000000070f600000|100%| E|CS|TAMS 0x000000070f400000| PB 0x000000070f400000| Complete |  0
| 111|0x000000070f600000, 0x000000070f800000, 0x000000070f800000|100%| E|CS|TAMS 0x000000070f600000| PB 0x000000070f600000| Complete |  0
| 112|0x000000070f800000, 0x000000070fa00000, 0x000000070fa00000|100%| E|CS|TAMS 0x000000070f800000| PB 0x000000070f800000| Complete |  0
| 113|0x000000070fa00000, 0x000000070fc00000, 0x000000070fc00000|100%| E|CS|TAMS 0x000000070fa00000| PB 0x000000070fa00000| Complete |  0
| 114|0x000000070fc00000, 0x000000070fd6bf90, 0x000000070fe00000| 71%| S|CS|TAMS 0x000000070fc00000| PB 0x000000070fc00000| Complete |  0
| 115|0x000000070fe00000, 0x0000000710000000, 0x0000000710000000|100%| S|CS|TAMS 0x000000070fe00000| PB 0x000000070fe00000| Complete |  0
| 116|0x0000000710000000, 0x0000000710200000, 0x0000000710200000|100%| E|CS|TAMS 0x0000000710000000| PB 0x0000000710000000| Complete |  0
| 117|0x0000000710200000, 0x0000000710400000, 0x0000000710400000|100%| E|CS|TAMS 0x0000000710200000| PB 0x0000000710200000| Complete |  0
| 118|0x0000000710400000, 0x0000000710600000, 0x0000000710600000|100%| E|CS|TAMS 0x0000000710400000| PB 0x0000000710400000| Complete |  0
| 119|0x0000000710600000, 0x0000000710800000, 0x0000000710800000|100%| E|  |TAMS 0x0000000710600000| PB 0x0000000710600000| Complete |  0
| 120|0x0000000710800000, 0x0000000710a00000, 0x0000000710a00000|100%| E|CS|TAMS 0x0000000710800000| PB 0x0000000710800000| Complete |  0
| 121|0x0000000710a00000, 0x0000000710c00000, 0x0000000710c00000|100%| E|CS|TAMS 0x0000000710a00000| PB 0x0000000710a00000| Complete |  0
| 122|0x0000000710c00000, 0x0000000710e00000, 0x0000000710e00000|100%| E|CS|TAMS 0x0000000710c00000| PB 0x0000000710c00000| Complete |  0
| 123|0x0000000710e00000, 0x0000000711000000, 0x0000000711000000|100%| E|CS|TAMS 0x0000000710e00000| PB 0x0000000710e00000| Complete |  0
| 124|0x0000000711000000, 0x0000000711200000, 0x0000000711200000|100%| E|CS|TAMS 0x0000000711000000| PB 0x0000000711000000| Complete |  0
| 125|0x0000000711200000, 0x0000000711400000, 0x0000000711400000|100%| E|CS|TAMS 0x0000000711200000| PB 0x0000000711200000| Complete |  0
| 126|0x0000000711400000, 0x0000000711600000, 0x0000000711600000|100%| E|CS|TAMS 0x0000000711400000| PB 0x0000000711400000| Complete |  0
| 127|0x0000000711600000, 0x0000000711800000, 0x0000000711800000|100%| E|CS|TAMS 0x0000000711600000| PB 0x0000000711600000| Complete |  0

Card table byte_map: [0x000002ae7dec0000,0x000002ae7e6c0000] _byte_map_base: 0x000002ae7a6b4000

Marking Bits: (CMBitMap*) 0x000002ae7cde5f50
 Bits: [0x000002ae17280000, 0x000002ae1b220000)

Polling page: 0x000002ae7ad70000

Metaspace:

Usage:
  Non-class:      7.13 MB used.
      Class:    444.44 KB used.
       Both:      7.57 MB used.

Virtual space:
  Non-class space:       64.00 MB reserved,       7.25 MB ( 11%) committed,  1 nodes.
      Class space:        1.00 GB reserved,     576.00 KB ( <1%) committed,  1 nodes.
             Both:        1.06 GB reserved,       7.81 MB ( <1%) committed. 

Chunk freelists:
   Non-Class:  7.44 MB
       Class:  15.46 MB
        Both:  22.90 MB

MaxMetaspaceSize: unlimited
CompressedClassSpaceSize: 1.00 GB
Initial GC threshold: 21.00 MB
Current GC threshold: 21.00 MB
CDS: on
 - commit_granule_bytes: 65536.
 - commit_granule_words: 8192.
 - virtual_space_node_default_size: 8388608.
 - enlarge_chunks_in_place: 1.
 - use_allocation_guard: 0.


Internal statistics:

num_allocs_failed_limit: 0.
num_arena_births: 244.
num_arena_deaths: 0.
num_vsnodes_births: 2.
num_vsnodes_deaths: 0.
num_space_committed: 124.
num_space_uncommitted: 0.
num_chunks_returned_to_freelist: 0.
num_chunks_taken_from_freelist: 468.
num_chunk_merges: 0.
num_chunk_splits: 310.
num_chunks_enlarged: 202.
num_inconsistent_stats: 0.

CodeHeap 'non-profiled nmethods': size=119168Kb used=677Kb max_used=677Kb free=118491Kb
 bounds [0x000002ae0fe20000, 0x000002ae10090000, 0x000002ae17280000]
CodeHeap 'profiled nmethods': size=119104Kb used=2911Kb max_used=2911Kb free=116193Kb
 bounds [0x000002ae08280000, 0x000002ae08560000, 0x000002ae0f6d0000]
CodeHeap 'non-nmethods': size=7488Kb used=2298Kb max_used=4003Kb free=5189Kb
 bounds [0x000002ae0f6d0000, 0x000002ae0fad0000, 0x000002ae0fe20000]
 total_blobs=3121 nmethods=1891 adapters=1135
 compilation: enabled
              stopped_count=0, restarted_count=0
 full_count=0

Compilation events (20 events):
Event: 19.245 Thread 0x000002ae7f758140 1882       4       org.lwjgl.system.MemoryUtil::memPutAddress (29 bytes)
Event: 19.245 Thread 0x000002ae7f758140 nmethod 1882 0x000002ae0febd290 code [0x000002ae0febd400, 0x000002ae0febd470]
Event: 19.725 Thread 0x000002ae7f758140 1883   !   4       main.ShaderHandler::loadShaderSource (87 bytes)
Event: 19.825 Thread 0x000002ae7f758140 nmethod 1883 0x000002ae0febd590 code [0x000002ae0febdc40, 0x000002ae0fec3e20]
Event: 20.458 Thread 0x000002ae7f758140 1884       4       java.nio.charset.CharsetDecoder::implReplaceWith (1 bytes)
Event: 20.459 Thread 0x000002ae7f758140 nmethod 1884 0x000002ae0fec7310 code [0x000002ae0fec7480, 0x000002ae0fec7508]
Event: 20.819 Thread 0x000002ae7f758140 1885   !   4       java.nio.ByteBuffer::getArray (121 bytes)
Event: 20.822 Thread 0x000002ae7f758140 nmethod 1885 0x000002ae0fec7610 code [0x000002ae0fec77a0, 0x000002ae0fec7b20]
Event: 20.885 Thread 0x000002ae7f758140 1886       4       org.lwjgl.system.MemoryStack::callocInt (30 bytes)
Event: 20.887 Thread 0x000002ae7f758140 nmethod 1886 0x000002ae0fec7e90 code [0x000002ae0fec8040, 0x000002ae0fec8288]
Event: 20.898 Thread 0x000002ae7f758140 1887   !   4       java.nio.charset.CharsetDecoder::decode (275 bytes)
Event: 20.900 Thread 0x000002ae7f758140 nmethod 1887 0x000002ae0fec8490 code [0x000002ae0fec8660, 0x000002ae0fec8900]
Event: 20.900 Thread 0x000002ae7f758140 1888       4       sun.nio.cs.UTF_8$Decoder::decodeLoop (28 bytes)
Event: 20.901 Thread 0x000002ae7f758140 nmethod 1888 0x000002ae0fec8c10 code [0x000002ae0fec8dc0, 0x000002ae0fec8f48]
Event: 21.059 Thread 0x000002ae7f758140 1889       4       jdk.internal.misc.Unsafe::checkNativeAddress (28 bytes)
Event: 21.059 Thread 0x000002ae7f758140 nmethod 1889 0x000002ae0fec9110 code [0x000002ae0fec9280, 0x000002ae0fec9308]
Event: 21.237 Thread 0x000002ae7f758bf0 1890       3       java.util.concurrent.ConcurrentHashMap$BaseIterator::<init> (21 bytes)
Event: 21.237 Thread 0x000002ae7f758bf0 nmethod 1890 0x000002ae08557310 code [0x000002ae085574c0, 0x000002ae085576a0]
Event: 21.237 Thread 0x000002ae7f758bf0 1891       3       java.util.concurrent.ConcurrentHashMap$Traverser::<init> (36 bytes)
Event: 21.237 Thread 0x000002ae7f758bf0 nmethod 1891 0x000002ae08557790 code [0x000002ae08557940, 0x000002ae08557b50]

GC Heap History (2 events):
Event: 3.586 GC heap before
{Heap before GC invocations=0 (full 0):
 garbage-first heap   total reserved 4169728K, committed 262144K, used 22528K [0x0000000701800000, 0x0000000800000000)
  region size 2048K, 12 young (24576K), 0 survivors (0K)
 Metaspace       used 7602K, committed 7936K, reserved 1114112K
  class space    used 444K, committed 576K, reserved 1048576K
}
Event: 3.589 GC heap after
{Heap after GC invocations=1 (full 0):
 garbage-first heap   total reserved 4169728K, committed 262144K, used 3503K [0x0000000701800000, 0x0000000800000000)
  region size 2048K, 2 young (4096K), 2 survivors (4096K)
 Metaspace       used 7602K, committed 7936K, reserved 1114112K
  class space    used 444K, committed 576K, reserved 1048576K
}

Dll operation events (14 events):
Event: 0.006 Loaded shared library C:\Users\judee\.jdks\openjdk-22\bin\java.dll
Event: 0.026 Loaded shared library C:\Users\judee\.jdks\openjdk-22\bin\jsvml.dll
Event: 0.051 Loaded shared library C:\Users\judee\.jdks\openjdk-22\bin\zip.dll
Event: 0.054 Loaded shared library C:\Users\judee\.jdks\openjdk-22\bin\instrument.dll
Event: 0.057 Loaded shared library C:\Users\judee\.jdks\openjdk-22\bin\net.dll
Event: 0.058 Loaded shared library C:\Users\judee\.jdks\openjdk-22\bin\nio.dll
Event: 0.060 Loaded shared library C:\Users\judee\.jdks\openjdk-22\bin\zip.dll
Event: 0.072 Loaded shared library C:\Program Files\JetBrains\IntelliJ IDEA 2023.3.4\bin\breakgen64.dll
Event: 0.078 Loaded shared library C:\Users\judee\.jdks\openjdk-22\bin\extnet.dll
Event: 0.107 Loaded shared library C:\Users\judee\.jdks\openjdk-22\bin\jimage.dll
Event: 0.121 Loaded shared library C:\Users\judee\AppData\Local\Temp\lwjgl_judee\3.3.4+7\x64\lwjgl.dll
Event: 0.391 Loaded shared library C:\Users\judee\AppData\Local\Temp\lwjgl_judee\3.3.4+7\x64\lwjgl_opengl.dll
Event: 0.574 Loaded shared library C:\Users\judee\.jdks\openjdk-22\bin\verify.dll
Event: 0.675 Loaded shared library C:\Users\judee\AppData\Local\Temp\lwjgl_judee\3.3.4+7\x64\lwjgl_stb.dll

Deoptimization events (20 events):
Event: 3.946 Thread 0x000002ae7ac24ba0 DEOPT PACKING pc=0x000002ae084b6419 sp=0x000000e8214ff1d0
Event: 3.946 Thread 0x000002ae7ac24ba0 DEOPT UNPACKING pc=0x000002ae0f724e42 sp=0x000000e8214fe698 mode 0
Event: 4.123 Thread 0x000002ae7ac24ba0 DEOPT PACKING pc=0x000002ae084b71dc sp=0x000000e8214ff1a0
Event: 4.123 Thread 0x000002ae7ac24ba0 DEOPT UNPACKING pc=0x000002ae0f724e42 sp=0x000000e8214fe680 mode 0
Event: 6.214 Thread 0x000002ae7ac24ba0 Uncommon trap: trap_request=0xffffffde fr.pc=0x000002ae0fe9ef30 relative=0x0000000000000110
Event: 6.214 Thread 0x000002ae7ac24ba0 Uncommon trap: reason=class_check action=maybe_recompile pc=0x000002ae0fe9ef30 method=jdk.internal.misc.Unsafe.allocateUninitializedArray(Ljava/lang/Class;I)Ljava/lang/Object; @ 51 c2
Event: 6.214 Thread 0x000002ae7ac24ba0 DEOPT PACKING pc=0x000002ae0fe9ef30 sp=0x000000e8214fe7f0
Event: 6.214 Thread 0x000002ae7ac24ba0 DEOPT UNPACKING pc=0x000002ae0f7246a2 sp=0x000000e8214fe768 mode 2
Event: 6.226 Thread 0x000002ae7ac24ba0 Uncommon trap: trap_request=0xffffffde fr.pc=0x000002ae0fe9ef30 relative=0x0000000000000110
Event: 6.226 Thread 0x000002ae7ac24ba0 Uncommon trap: reason=class_check action=maybe_recompile pc=0x000002ae0fe9ef30 method=jdk.internal.misc.Unsafe.allocateUninitializedArray(Ljava/lang/Class;I)Ljava/lang/Object; @ 51 c2
Event: 6.226 Thread 0x000002ae7ac24ba0 DEOPT PACKING pc=0x000002ae0fe9ef30 sp=0x000000e8214ff1a0
Event: 6.226 Thread 0x000002ae7ac24ba0 DEOPT UNPACKING pc=0x000002ae0f7246a2 sp=0x000000e8214ff118 mode 2
Event: 6.227 Thread 0x000002ae7ac24ba0 Uncommon trap: trap_request=0xffffffde fr.pc=0x000002ae0fe9ef30 relative=0x0000000000000110
Event: 6.227 Thread 0x000002ae7ac24ba0 Uncommon trap: reason=class_check action=maybe_recompile pc=0x000002ae0fe9ef30 method=jdk.internal.misc.Unsafe.allocateUninitializedArray(Ljava/lang/Class;I)Ljava/lang/Object; @ 51 c2
Event: 6.227 Thread 0x000002ae7ac24ba0 DEOPT PACKING pc=0x000002ae0fe9ef30 sp=0x000000e8214ff310
Event: 6.227 Thread 0x000002ae7ac24ba0 DEOPT UNPACKING pc=0x000002ae0f7246a2 sp=0x000000e8214ff288 mode 2
Event: 6.227 Thread 0x000002ae7ac24ba0 Uncommon trap: trap_request=0xffffffde fr.pc=0x000002ae0fe9ef30 relative=0x0000000000000110
Event: 6.227 Thread 0x000002ae7ac24ba0 Uncommon trap: reason=class_check action=maybe_recompile pc=0x000002ae0fe9ef30 method=jdk.internal.misc.Unsafe.allocateUninitializedArray(Ljava/lang/Class;I)Ljava/lang/Object; @ 51 c2
Event: 6.227 Thread 0x000002ae7ac24ba0 DEOPT PACKING pc=0x000002ae0fe9ef30 sp=0x000000e8214ff1a0
Event: 6.227 Thread 0x000002ae7ac24ba0 DEOPT UNPACKING pc=0x000002ae0f7246a2 sp=0x000000e8214ff118 mode 2

Classes loaded (20 events):
Event: 1.029 Loading class sun/util/resources/cldr/TimeZoneNames_en_US
Event: 1.029 Loading class sun/util/resources/cldr/TimeZoneNames_en_US done
Event: 1.030 Loading class java/time/zone/ZoneRulesProvider
Event: 1.030 Loading class java/time/zone/ZoneRulesProvider done
Event: 1.030 Loading class java/time/zone/ZoneRulesProvider$1
Event: 1.030 Loading class java/time/zone/ZoneRulesProvider$1 done
Event: 1.030 Loading class java/time/zone/TzdbZoneRulesProvider
Event: 1.030 Loading class java/time/zone/TzdbZoneRulesProvider done
Event: 1.032 Loading class java/util/Arrays$ArrayItr
Event: 1.032 Loading class java/util/Arrays$ArrayItr done
Event: 1.033 Loading class java/time/zone/Ser
Event: 1.033 Loading class java/time/zone/Ser done
Event: 1.034 Loading class java/time/zone/ZoneOffsetTransition
Event: 1.034 Loading class java/time/zone/ZoneOffsetTransition done
Event: 1.035 Loading class sun/util/cldr/CLDRBaseLocaleDataMetaInfo$TZCanonicalIDMapHolder
Event: 1.035 Loading class sun/util/cldr/CLDRBaseLocaleDataMetaInfo$TZCanonicalIDMapHolder done
Event: 1.036 Loading class sun/util/resources/TimeZoneNames
Event: 1.036 Loading class sun/util/resources/TimeZoneNames done
Event: 1.036 Loading class sun/util/resources/TimeZoneNames_en
Event: 1.037 Loading class sun/util/resources/TimeZoneNames_en done

Classes unloaded (0 events):
No events

Classes redefined (0 events):
No events

Internal exceptions (20 events):
Event: 0.133 Thread 0x000002ae7ac24ba0 Exception <a 'java/lang/NoSuchMethodError'{0x00000007113fc950}: 'int java.lang.invoke.DirectMethodHandle$Holder.invokeStaticInit(java.lang.Object, java.lang.Object, long, long)'> (0x00000007113fc950) 
thrown [s\open\src\hotspot\share\interpreter\linkResolver.cpp, line 774]
Event: 0.134 Thread 0x000002ae7ac24ba0 Exception <a 'java/lang/NoSuchMethodError'{0x0000000711002668}: 'java.lang.Object java.lang.invoke.DirectMethodHandle$Holder.newInvokeSpecial(java.lang.Object, java.lang.Object, long)'> (0x0000000711002668) 
thrown [s\open\src\hotspot\share\interpreter\linkResolver.cpp, line 774]
Event: 0.134 Thread 0x000002ae7ac24ba0 Exception <a 'java/lang/NoSuchMethodError'{0x0000000711006510}: 'java.lang.Object java.lang.invoke.Invokers$Holder.linkToTargetMethod(java.lang.Object, long, java.lang.Object)'> (0x0000000711006510) 
thrown [s\open\src\hotspot\share\interpreter\linkResolver.cpp, line 774]
Event: 0.134 Thread 0x000002ae7ac24ba0 Exception <a 'java/lang/NoSuchMethodError'{0x000000071100d738}: 'int java.lang.invoke.DirectMethodHandle$Holder.invokeStaticInit(java.lang.Object, java.lang.Object, java.lang.Object, long)'> (0x000000071100d738) 
thrown [s\open\src\hotspot\share\interpreter\linkResolver.cpp, line 774]
Event: 0.149 Thread 0x000002ae7ac24ba0 Exception <a 'sun/nio/fs/WindowsException'{0x00000007110b4cd8}> (0x00000007110b4cd8) 
thrown [s\open\src\hotspot\share\prims\jni.cpp, line 520]
Event: 0.149 Thread 0x000002ae7ac24ba0 Exception <a 'sun/nio/fs/WindowsException'{0x00000007110b5038}> (0x00000007110b5038) 
thrown [s\open\src\hotspot\share\prims\jni.cpp, line 520]
Event: 0.152 Thread 0x000002ae7ac24ba0 Exception <a 'java/lang/NoSuchMethodError'{0x00000007110cf2c0}: 'int java.lang.invoke.Invokers$Holder.invokeExact_MT(java.lang.Object, java.lang.Object)'> (0x00000007110cf2c0) 
thrown [s\open\src\hotspot\share\interpreter\linkResolver.cpp, line 774]
Event: 0.385 Thread 0x000002ae7ac24ba0 Exception <a 'java/lang/NoSuchMethodError'{0x000000071113f9f8}: 'void java.lang.System.load(java.lang.String, java.lang.Class)'> (0x000000071113f9f8) 
thrown [s\open\src\hotspot\share\interpreter\linkResolver.cpp, line 774]
Event: 0.385 Thread 0x000002ae7ac24ba0 Exception <a 'java/lang/NoSuchMethodError'{0x0000000711142448}: 'void java.lang.System.loadLibrary(java.lang.String, java.lang.Class)'> (0x0000000711142448) 
thrown [s\open\src\hotspot\share\interpreter\linkResolver.cpp, line 774]
Event: 0.389 Thread 0x000002ae7ac24ba0 Exception <a 'sun/nio/fs/WindowsException'{0x0000000711150c98}> (0x0000000711150c98) 
thrown [s\open\src\hotspot\share\prims\jni.cpp, line 520]
Event: 0.390 Thread 0x000002ae7ac24ba0 Exception <a 'sun/nio/fs/WindowsException'{0x0000000711151038}> (0x0000000711151038) 
thrown [s\open\src\hotspot\share\prims\jni.cpp, line 520]
Event: 0.392 Thread 0x000002ae7ac24ba0 Exception <a 'sun/nio/fs/WindowsException'{0x000000071115b238}> (0x000000071115b238) 
thrown [s\open\src\hotspot\share\prims\jni.cpp, line 520]
Event: 0.392 Thread 0x000002ae7ac24ba0 Exception <a 'sun/nio/fs/WindowsException'{0x000000071115b508}> (0x000000071115b508) 
thrown [s\open\src\hotspot\share\prims\jni.cpp, line 520]
Event: 0.625 Thread 0x000002ae7ac24ba0 Exception <a 'java/lang/NoSuchMethodError'{0x0000000710caf880}: 'java.lang.Object java.lang.invoke.DirectMethodHandle$Holder.invokeStaticInit(java.lang.Object, int, int, int, int)'> (0x0000000710caf880) 
thrown [s\open\src\hotspot\share\interpreter\linkResolver.cpp, line 774]
Event: 0.638 Thread 0x000002ae7ac24ba0 Exception <a 'java/lang/NoSuchMethodError'{0x0000000710d68428}: 'java.lang.Object java.lang.invoke.DirectMethodHandle$Holder.invokeStaticInit(java.lang.Object, java.lang.Object, int, int, int, int)'> (0x0000000710d68428) 
thrown [s\open\src\hotspot\share\interpreter\linkResolver.cpp, line 774]
Event: 0.669 Thread 0x000002ae7ac24ba0 Exception <a 'java/lang/NoSuchMethodError'{0x0000000710af46b0}: 'void java.lang.System.load(java.lang.String, java.lang.Class)'> (0x0000000710af46b0) 
thrown [s\open\src\hotspot\share\interpreter\linkResolver.cpp, line 774]
Event: 0.669 Thread 0x000002ae7ac24ba0 Exception <a 'java/lang/NoSuchMethodError'{0x0000000710af7100}: 'void java.lang.System.loadLibrary(java.lang.String, java.lang.Class)'> (0x0000000710af7100) 
thrown [s\open\src\hotspot\share\interpreter\linkResolver.cpp, line 774]
Event: 0.674 Thread 0x000002ae7ac24ba0 Exception <a 'sun/nio/fs/WindowsException'{0x0000000710b05a88}> (0x0000000710b05a88) 
thrown [s\open\src\hotspot\share\prims\jni.cpp, line 520]
Event: 0.674 Thread 0x000002ae7ac24ba0 Exception <a 'sun/nio/fs/WindowsException'{0x0000000710b05e08}> (0x0000000710b05e08) 
thrown [s\open\src\hotspot\share\prims\jni.cpp, line 520]
Event: 1.038 Thread 0x000002ae7f745c90 Exception <a 'java/lang/NoSuchMethodError'{0x000000071076a3c8}: 'java.lang.Object java.lang.invoke.Invokers$Holder.invokeExact_MT(java.lang.Object, java.lang.Object, java.lang.Object, java.lang.Object, java.lang.Object, java.lang.Object)'> (0x000000071076a3c8) 
thrown [s\open\src\hotspot\share\interpreter\linkResolver.cpp, line 774]

ZGC Phase Switch (0 events):
No events

VM Operations (20 events):
Event: 0.642 Executing VM operation: HandshakeAllThreads (Deoptimize)
Event: 0.642 Executing VM operation: HandshakeAllThreads (Deoptimize) done
Event: 1.642 Executing VM operation: Cleanup
Event: 1.642 Executing VM operation: Cleanup done
Event: 2.642 Executing VM operation: Cleanup
Event: 2.642 Executing VM operation: Cleanup done
Event: 3.586 Executing VM operation: G1CollectForAllocation (G1 Evacuation Pause)
Event: 3.589 Executing VM operation: G1CollectForAllocation (G1 Evacuation Pause) done
Event: 5.589 Executing VM operation: Cleanup
Event: 5.589 Executing VM operation: Cleanup done
Event: 7.428 Executing VM operation: HandshakeAllThreads (Deoptimize)
Event: 7.428 Executing VM operation: HandshakeAllThreads (Deoptimize) done
Event: 8.428 Executing VM operation: Cleanup
Event: 8.428 Executing VM operation: Cleanup done
Event: 12.430 Executing VM operation: Cleanup
Event: 12.430 Executing VM operation: Cleanup done
Event: 14.430 Executing VM operation: Cleanup
Event: 14.430 Executing VM operation: Cleanup done
Event: 18.432 Executing VM operation: Cleanup
Event: 18.432 Executing VM operation: Cleanup done

Events (20 events):
Event: 0.025 Thread 0x000002ae7f745c90 Thread added: 0x000002ae7f745c90
Event: 0.025 Thread 0x000002ae7f747d10 Thread added: 0x000002ae7f747d10
Event: 0.025 Thread 0x000002ae7f74a780 Thread added: 0x000002ae7f74a780
Event: 0.025 Thread 0x000002ae7f758140 Thread added: 0x000002ae7f758140
Event: 0.025 Thread 0x000002ae7f758bf0 Thread added: 0x000002ae7f758bf0
Event: 0.029 Thread 0x000002ae1d3e7c60 Thread added: 0x000002ae1d3e7c60
Event: 0.041 Thread 0x000002ae1d400730 Thread added: 0x000002ae1d400730
Event: 0.046 Thread 0x000002ae1d496970 Thread added: 0x000002ae1d496970
Event: 0.073 Thread 0x000002ae1d60c990 Thread added: 0x000002ae1d60c990
Event: 0.073 Thread 0x000002ae1d60d410 Thread added: 0x000002ae1d60d410
Event: 1.032 Thread 0x000002ae6a45eea0 Thread added: 0x000002ae6a45eea0
Event: 1.032 Thread 0x000002ae6a8059c0 Thread added: 0x000002ae6a8059c0
Event: 1.171 Thread 0x000002ae6a8059c0 Thread exited: 0x000002ae6a8059c0
Event: 1.171 Thread 0x000002ae6a45eea0 Thread exited: 0x000002ae6a45eea0
Event: 5.067 Thread 0x000002ae6a7ef960 Thread added: 0x000002ae6a7ef960
Event: 5.239 Thread 0x000002ae6a7ef960 Thread exited: 0x000002ae6a7ef960
Event: 5.907 Thread 0x000002ae6aa95930 Thread added: 0x000002ae6aa95930
Event: 6.761 Thread 0x000002ae6aa95930 Thread exited: 0x000002ae6aa95930
Event: 6.761 Thread 0x000002ae1d496970 Thread exited: 0x000002ae1d496970
Event: 8.267 Thread 0x000002ae1d3e7c60 Thread exited: 0x000002ae1d3e7c60


Dynamic libraries:
0x00007ff669360000 - 0x00007ff66936e000 	C:\Users\judee\.jdks\openjdk-22\bin\java.exe
0x00007ffa71310000 - 0x00007ffa71527000 	C:\WINDOWS\SYSTEM32\ntdll.dll
0x00007ffa6ffc0000 - 0x00007ffa70084000 	C:\WINDOWS\System32\KERNEL32.DLL
0x00007ffa6ebe0000 - 0x00007ffa6ef97000 	C:\WINDOWS\System32\KERNELBASE.dll
0x00007ffa6e950000 - 0x00007ffa6ea61000 	C:\WINDOWS\System32\ucrtbase.dll
0x00007ffa64f60000 - 0x00007ffa64f7b000 	C:\Users\judee\.jdks\openjdk-22\bin\VCRUNTIME140.dll
0x00007ffa64e70000 - 0x00007ffa64e87000 	C:\Users\judee\.jdks\openjdk-22\bin\jli.dll
0x00007ffa6fe10000 - 0x00007ffa6ffbf000 	C:\WINDOWS\System32\USER32.dll
0x00007ffa6f010000 - 0x00007ffa6f036000 	C:\WINDOWS\System32\win32u.dll
0x00007ffa61f40000 - 0x00007ffa621d3000 	C:\WINDOWS\WinSxS\amd64_microsoft.windows.common-controls_6595b64144ccf1df_6.0.22621.3672_none_2713b9d173822955\COMCTL32.dll
0x00007ffa70610000 - 0x00007ffa706b7000 	C:\WINDOWS\System32\msvcrt.dll
0x00007ffa709f0000 - 0x00007ffa70a19000 	C:\WINDOWS\System32\GDI32.dll
0x00007ffa6e830000 - 0x00007ffa6e948000 	C:\WINDOWS\System32\gdi32full.dll
0x00007ffa6e6d0000 - 0x00007ffa6e76a000 	C:\WINDOWS\System32\msvcp_win.dll
0x00007ffa6fd70000 - 0x00007ffa6fda1000 	C:\WINDOWS\System32\IMM32.DLL
0x00007ffa6a4e0000 - 0x00007ffa6a4ec000 	C:\Users\judee\.jdks\openjdk-22\bin\vcruntime140_1.dll
0x00007ffa5d660000 - 0x00007ffa5d6ee000 	C:\Users\judee\.jdks\openjdk-22\bin\msvcp140.dll
0x00007ff9a9940000 - 0x00007ff9aa688000 	C:\Users\judee\.jdks\openjdk-22\bin\server\jvm.dll
0x00007ffa6f180000 - 0x00007ffa6f232000 	C:\WINDOWS\System32\ADVAPI32.dll
0x00007ffa6fcc0000 - 0x00007ffa6fd68000 	C:\WINDOWS\System32\sechost.dll
0x00007ffa6e6a0000 - 0x00007ffa6e6c8000 	C:\WINDOWS\System32\bcrypt.dll
0x00007ffa707d0000 - 0x00007ffa708e4000 	C:\WINDOWS\System32\RPCRT4.dll
0x00007ffa6f920000 - 0x00007ffa6f991000 	C:\WINDOWS\System32\WS2_32.dll
0x00007ffa6d4d0000 - 0x00007ffa6d51d000 	C:\WINDOWS\SYSTEM32\POWRPROF.dll
0x00007ffa68a80000 - 0x00007ffa68a8a000 	C:\WINDOWS\SYSTEM32\VERSION.dll
0x00007ffa65440000 - 0x00007ffa65474000 	C:\WINDOWS\SYSTEM32\WINMM.dll
0x00007ffa6d4b0000 - 0x00007ffa6d4c3000 	C:\WINDOWS\SYSTEM32\UMPDC.dll
0x00007ffa6d760000 - 0x00007ffa6d778000 	C:\WINDOWS\SYSTEM32\kernel.appcore.dll
0x00007ffa64f00000 - 0x00007ffa64f0a000 	C:\Users\judee\.jdks\openjdk-22\bin\jimage.dll
0x00007ffa630a0000 - 0x00007ffa632d2000 	C:\WINDOWS\SYSTEM32\DBGHELP.DLL
0x00007ffa6f590000 - 0x00007ffa6f91e000 	C:\WINDOWS\System32\combase.dll
0x00007ffa6f0a0000 - 0x00007ffa6f177000 	C:\WINDOWS\System32\OLEAUT32.dll
0x00007ffa51120000 - 0x00007ffa51152000 	C:\WINDOWS\SYSTEM32\dbgcore.DLL
0x00007ffa6e620000 - 0x00007ffa6e69b000 	C:\WINDOWS\System32\bcryptPrimitives.dll
0x00007ffa64e60000 - 0x00007ffa64e6f000 	C:\Users\judee\.jdks\openjdk-22\bin\instrument.dll
0x00007ffa61bb0000 - 0x00007ffa61bce000 	C:\Users\judee\.jdks\openjdk-22\bin\java.dll
0x00007ffa70a60000 - 0x00007ffa712c9000 	C:\WINDOWS\System32\SHELL32.dll
0x00007ffa6f240000 - 0x00007ffa6f3e5000 	C:\WINDOWS\System32\ole32.dll
0x00007ffa6c5a0000 - 0x00007ffa6ce9f000 	C:\WINDOWS\SYSTEM32\windows.storage.dll
0x00007ffa6c460000 - 0x00007ffa6c59f000 	C:\WINDOWS\SYSTEM32\wintypes.dll
0x00007ffa706d0000 - 0x00007ffa707c9000 	C:\WINDOWS\System32\SHCORE.dll
0x00007ffa70120000 - 0x00007ffa7017e000 	C:\WINDOWS\System32\shlwapi.dll
0x00007ffa6e550000 - 0x00007ffa6e577000 	C:\WINDOWS\SYSTEM32\profapi.dll
0x00007ffa3f330000 - 0x00007ffa3f407000 	C:\Users\judee\.jdks\openjdk-22\bin\jsvml.dll
0x00007ffa5d590000 - 0x00007ffa5d5a7000 	C:\Users\judee\.jdks\openjdk-22\bin\zip.dll
0x00007ffa61ba0000 - 0x00007ffa61bb0000 	C:\Users\judee\.jdks\openjdk-22\bin\net.dll
0x00007ffa6dbd0000 - 0x00007ffa6dc39000 	C:\WINDOWS\system32\mswsock.dll
0x00007ffa5d5b0000 - 0x00007ffa5d5c6000 	C:\Users\judee\.jdks\openjdk-22\bin\nio.dll
0x00007ffa5d570000 - 0x00007ffa5d58a000 	C:\Program Files\JetBrains\IntelliJ IDEA 2023.3.4\bin\breakgen64.dll
0x00007ffa5d650000 - 0x00007ffa5d659000 	C:\Users\judee\.jdks\openjdk-22\bin\extnet.dll
0x00007ffa3f0d0000 - 0x00007ffa3f14b000 	C:\Users\judee\AppData\Local\Temp\lwjgl_judee\3.3.4+7\x64\lwjgl.dll
0x00007ffa16010000 - 0x00007ffa16095000 	C:\Users\judee\AppData\Local\Temp\lwjgl_judee\3.3.4+7\x64\glfw.dll
0x00007ffa3f080000 - 0x00007ffa3f0c6000 	C:\WINDOWS\SYSTEM32\dinput8.dll
0x00007ffa318d0000 - 0x00007ffa318e1000 	C:\WINDOWS\SYSTEM32\xinput1_4.dll
0x00007ffa6e310000 - 0x00007ffa6e35e000 	C:\WINDOWS\SYSTEM32\cfgmgr32.dll
0x00007ffa6e2e0000 - 0x00007ffa6e30c000 	C:\WINDOWS\SYSTEM32\DEVOBJ.dll
0x00007ffa6bd30000 - 0x00007ffa6bd5b000 	C:\WINDOWS\SYSTEM32\dwmapi.dll
0x00007ffa50f00000 - 0x00007ffa51113000 	C:\WINDOWS\SYSTEM32\inputhost.dll
0x00007ffa6a9b0000 - 0x00007ffa6aae3000 	C:\WINDOWS\SYSTEM32\CoreMessaging.dll
0x00007ffa6baa0000 - 0x00007ffa6bb51000 	C:\WINDOWS\system32\uxtheme.dll
0x00007ffa6de20000 - 0x00007ffa6de2c000 	C:\WINDOWS\SYSTEM32\CRYPTBASE.DLL
0x0000000180000000 - 0x00000001834b4000 	C:\Program Files (x86)\RivaTuner Statistics Server\RTSSHooks64.dll
0x00007ffa70190000 - 0x00007ffa70604000 	C:\WINDOWS\System32\SETUPAPI.dll
0x00007ffa6f9a0000 - 0x00007ffa6fb00000 	C:\WINDOWS\System32\MSCTF.dll
0x00007ffa53250000 - 0x00007ffa53350000 	C:\WINDOWS\SYSTEM32\opengl32.dll
0x00007ffa52b50000 - 0x00007ffa52b7d000 	C:\WINDOWS\SYSTEM32\GLU32.dll
0x00007ffa6bda0000 - 0x00007ffa6bdd7000 	C:\WINDOWS\SYSTEM32\dxcore.dll
0x00007ffa6f410000 - 0x00007ffa6f4c0000 	C:\WINDOWS\System32\clbcatq.dll
0x00007ff97c020000 - 0x00007ff97e608000 	C:\WINDOWS\System32\DriverStore\FileRepository\nv_dispig.inf_amd64_0afec3f2050014a0\nvoglv64.dll
0x00007ffa6d520000 - 0x00007ffa6d534000 	C:\WINDOWS\SYSTEM32\WTSAPI32.dll
0x00007ffa6e2c0000 - 0x00007ffa6e2d2000 	C:\WINDOWS\SYSTEM32\msasn1.dll
0x00007ffa68810000 - 0x00007ffa68842000 	C:\WINDOWS\SYSTEM32\cryptnet.dll
0x00007ffa6ea70000 - 0x00007ffa6ebd6000 	C:\WINDOWS\System32\CRYPT32.dll
0x00007ffa6ded0000 - 0x00007ffa6df19000 	C:\WINDOWS\SYSTEM32\wldp.dll
0x00007ffa685f0000 - 0x00007ffa68752000 	C:\WINDOWS\SYSTEM32\drvstore.dll
0x00007ffa6efa0000 - 0x00007ffa6f00c000 	C:\WINDOWS\System32\WINTRUST.dll
0x00007ffa6d870000 - 0x00007ffa6d8a4000 	C:\WINDOWS\SYSTEM32\ntmarta.dll
0x00007ffa70a20000 - 0x00007ffa70a3f000 	C:\WINDOWS\System32\imagehlp.dll
0x00007ffa6de30000 - 0x00007ffa6de4b000 	C:\WINDOWS\SYSTEM32\CRYPTSP.dll
0x00007ffa6d6c0000 - 0x00007ffa6d6f5000 	C:\WINDOWS\system32\rsaenh.dll
0x00007ffa5dfd0000 - 0x00007ffa5ffbe000 	C:\WINDOWS\System32\DriverStore\FileRepository\nv_dispig.inf_amd64_0afec3f2050014a0\nvgpucomp64.dll
0x00007ffa36bb0000 - 0x00007ffa36e80000 	C:\WINDOWS\system32\nvspcap64.dll
0x00007ffa6d0f0000 - 0x00007ffa6d156000 	C:\WINDOWS\SYSTEM32\WINSTA.dll
0x00007ffa60960000 - 0x00007ffa60aa3000 	C:\WINDOWS\SYSTEM32\textinputframework.dll
0x00007ffa66e50000 - 0x00007ffa671bd000 	C:\WINDOWS\SYSTEM32\CoreUIComponents.dll
0x00007ffa15fa0000 - 0x00007ffa16001000 	C:\Users\judee\AppData\Local\Temp\lwjgl_judee\3.3.4+7\x64\lwjgl_opengl.dll
0x00007ffa5d500000 - 0x00007ffa5d510000 	C:\Users\judee\.jdks\openjdk-22\bin\verify.dll
0x00007ffa6dcc0000 - 0x00007ffa6dce8000 	C:\WINDOWS\SYSTEM32\USERENV.dll
0x00007ffa6d170000 - 0x00007ffa6d19d000 	C:\WINDOWS\SYSTEM32\IPHLPAPI.DLL
0x00007ffa70180000 - 0x00007ffa70189000 	C:\WINDOWS\System32\NSI.dll
0x00007ffa15f00000 - 0x00007ffa15fa0000 	C:\Users\judee\AppData\Local\Temp\lwjgl_judee\3.3.4+7\x64\lwjgl_stb.dll

dbghelp: loaded successfully - version: 4.0.5 - missing functions: none
symbol engine: initialized successfully - sym options: 0x614 - pdb path: .;C:\Users\judee\.jdks\openjdk-22\bin;C:\WINDOWS\SYSTEM32;C:\WINDOWS\WinSxS\amd64_microsoft.windows.common-controls_6595b64144ccf1df_6.0.22621.3672_none_2713b9d173822955;C:\Users\judee\.jdks\openjdk-22\bin\server;C:\Program Files\JetBrains\IntelliJ IDEA 2023.3.4\bin;C:\Users\judee\AppData\Local\Temp\lwjgl_judee\3.3.4+7\x64;C:\Program Files (x86)\RivaTuner Statistics Server;C:\WINDOWS\System32\DriverStore\FileRepository\nv_dispig.inf_amd64_0afec3f2050014a0

VM Arguments:
jvm_args: --enable-preview -javaagent:C:\Program Files\JetBrains\IntelliJ IDEA 2023.3.4\lib\idea_rt.jar=59711:C:\Program Files\JetBrains\IntelliJ IDEA 2023.3.4\bin -Dfile.encoding=UTF-8 -Dsun.stdout.encoding=UTF-8 -Dsun.stderr.encoding=UTF-8 
java_command: main.Engine
java_class_path (initial): C:\Users\judee\Documents\NetBeansProjects\JDiep\out\production\JDiep;C:\Users\judee\Documents\NetBeansProjects\LWJGLGame\lib\joml-1.10.5.jar;C:\Users\judee\Documents\NetBeansProjects\LWJGLGame\lib\lwjgl-assimp-natives-windows.jar;C:\Users\judee\Documents\NetBeansProjects\LWJGLGame\lib\lwjgl-assimp.jar;C:\Users\judee\Documents\NetBeansProjects\LWJGLGame\lib\lwjgl-glfw-natives-windows.jar;C:\Users\judee\Documents\NetBeansProjects\LWJGLGame\lib\lwjgl-glfw.jar;C:\Users\judee\Documents\NetBeansProjects\LWJGLGame\lib\lwjgl-natives-windows.jar;C:\Users\judee\Documents\NetBeansProjects\LWJGLGame\lib\lwjgl-opengl-natives-windows.jar;C:\Users\judee\Documents\NetBeansProjects\LWJGLGame\lib\lwjgl-opengl.jar;C:\Users\judee\Documents\NetBeansProjects\LWJGLGame\lib\lwjgl-stb-natives-windows.jar;C:\Users\judee\Documents\NetBeansProjects\LWJGLGame\lib\lwjgl-stb.jar;C:\Users\judee\Documents\NetBeansProjects\LWJGLGame\lib\lwjgl.jar
Launcher Type: SUN_STANDARD

[Global flags]
     intx CICompilerCount                          = 12                                        {product} {ergonomic}
     uint ConcGCThreads                            = 3                                         {product} {ergonomic}
     uint G1ConcRefinementThreads                  = 13                                        {product} {ergonomic}
   size_t G1HeapRegionSize                         = 2097152                                   {product} {ergonomic}
   size_t InitialHeapSize                          = 268435456                                 {product} {ergonomic}
   size_t MarkStackSize                            = 4194304                                   {product} {ergonomic}
   size_t MaxHeapSize                              = 4269801472                                {product} {ergonomic}
   size_t MaxNewSize                               = 2560622592                                {product} {ergonomic}
   size_t MinHeapDeltaBytes                        = 2097152                                   {product} {ergonomic}
   size_t MinHeapSize                              = 8388608                                   {product} {ergonomic}
    uintx NonNMethodCodeHeapSize                   = 7602480                                {pd product} {ergonomic}
    uintx NonProfiledCodeHeapSize                  = 122027880                              {pd product} {ergonomic}
    uintx ProfiledCodeHeapSize                     = 122027880                              {pd product} {ergonomic}
    uintx ReservedCodeCacheSize                    = 251658240                              {pd product} {ergonomic}
     bool SegmentedCodeCache                       = true                                      {product} {ergonomic}
   size_t SoftMaxHeapSize                          = 4269801472                             {manageable} {ergonomic}
     bool UseCompressedOops                        = true                           {product lp64_product} {ergonomic}
     bool UseG1GC                                  = true                                      {product} {ergonomic}
     bool UseLargePagesIndividualAllocation        = false                                  {pd product} {ergonomic}

Logging:
Log output configuration:
 #0: stdout all=warning uptime,level,tags foldmultilines=false
 #1: stderr all=off uptime,level,tags foldmultilines=false

Environment Variables:
PATH=C:\Program Files\Conan\conan;C:\Program Files\Microsoft\jdk-11.0.12.7-hotspot\bin;C:\Program Files (x86)\Common Files\Intel\Shared Files\cpp\bin\Intel64;C:\Program Files\Alacritty\;C:\Program Files (x86)\Common Files\Intel\Shared Libraries\redist\intel64\compiler;C:\Program Files\Common Files\Oracle\Java\javapath;C:\Program Files (x86)\Common Files\Oracle\Java\javapath;C:\Windows\system32;C:\Windows;C:\Windows\System32\Wbem;C:\Windows\System32\WindowsPowerShell\v1.0\;C:\Windows\System32\OpenSSH\;C:\Program Files\Java\jdk-17.0.1;C:\Program Files\dotnet\;C:\Program Files (x86)\NVIDIA Corporation\PhysX\Common;C:\Program Files\NVIDIA Corporation\NVIDIA NvDLISR;C:\FFmpeg\bin;C:\Program Files\Neovim\/bin;C:\WINDOWS\system32;C:\WINDOWS;C:\WINDOWS\System32\Wbem;C:\WINDOWS\System32\WindowsPowerShell\v1.0\;C:\WINDOWS\System32\OpenSSH\;C:\Program Files\Mullvad VPN\resources;C:\Users\judee\Documents\youtubemusicautoplay;C:\Program Files\upx-4.0.1-win64;C:\Program Files (x86)\sox-14-4-2;C:\utils;C:\Program Files\nodejs\;C:\Program Files\Git\cmd;C:\Program Files\PuTTY\;C:\Program Files\cloc\;C:\Program Files\WezTerm;C:\Program Files (x86)\ytdlp;C:\Users\judee\.cargo\bin;C:\Users\judee\AppData\Local\Programs\Python\Launcher\;C:\Users\judee\AppData\Local\Microsoft\WindowsApps;C:\Users\judee\AppData\Local\Programs\Microsoft VS Code\bin;C:\Users\judee\AppData\Local\Programs\VapourSynth\core;C:\Users\judee\AppData\Local\Programs\VapourSynth\vsrepo;C:\Users\judee\.dotnet\tools;C:\Program Files (x86)\Brackets\;C:\Users\judee\AppData\Local\GitHubDesktop\bin;C:\Users\judee\AppData\Roaming\npm;C:\Program Files\JetBrains\IntelliJ IDEA 2023.3.4\bin;C:\Program Files\JetBrains\CLion 2024.1.1\bin;C:\Program Files\JetBrains\GoLand 2024.1\bin;C:\Users\judee\AppData\Local\JetBrains\Toolbox\scripts;;C:\Program Files\JetBrains\RustRover 2024.1.3\bin;;C:\Users\judee\AppData\Local\Muse Hub\lib;C:\Users\judee\AppData\Local\Microsoft\WindowsApps
USERNAME=judee
OS=Windows_NT
PROCESSOR_IDENTIFIER=AMD64 Family 25 Model 33 Stepping 0, AuthenticAMD
TMP=C:\Users\judee\AppData\Local\Temp
TEMP=C:\Users\judee\AppData\Local\Temp




Periodic native trim disabled

---------------  S Y S T E M  ---------------

OS:
 Windows 11 , 64 bit Build 22621 (10.0.22621.3958)
OS uptime: 1 days 0:04 hours

CPU: total 16 (initial active 16) (16 cores per cpu, 2 threads per core) family 25 model 33 stepping 0 microcode 0x0, cx8, cmov, fxsr, ht, mmx, 3dnowpref, sse, sse2, sse3, ssse3, sse4a, sse4.1, sse4.2, popcnt, lzcnt, tsc, tscinvbit, avx, avx2, aes, erms, clmul, bmi1, bmi2, adx, sha, fma, vzeroupper, clflush, clflushopt, rdtscp, rdpid, fsrm, f16c, pku, cet_ss
Processor Information for all 16 processors :
  Max Mhz: 3801, Current Mhz: 3801, Mhz Limit: 3801

Memory: 4k page, system-wide physical 16286M (1841M free)
TotalPageFile size 45780M (AvailPageFile size 5190M)
current process WorkingSet (physical memory assigned to process): 162M, peak: 169M
current process commit charge ("private bytes"): 526M, peak: 539M

vm_info: OpenJDK 64-Bit Server VM (22+36-2370) for windows-amd64 JRE (22+36-2370), built on 2024-02-15T22:15:19Z by "mach5one" with MS VC++ 17.6 (VS2022)

END.
