#
# A fatal error has been detected by the Java Runtime Environment:
#
#  EXCEPTION_ACCESS_VIOLATION (0xc0000005) at pc=0x00007ff9a9b17195, pid=4384, tid=10144
#
# JRE version: OpenJDK Runtime Environment (22.0+36) (build 22+36-2370)
# Java VM: OpenJDK 64-Bit Server VM (22+36-2370, mixed mode, sharing, tiered, compressed oops, compressed class ptrs, g1 gc, windows-amd64)
# Problematic frame:
# V  [jvm.dll+0x1d7195]
#
# No core dump will be written. Minidumps are not enabled by default on client versions of Windows
#
# If you would like to submit a bug report, please visit:
#   https://bugreport.java.com/bugreport/crash.jsp
#

---------------  S U M M A R Y ------------

Command Line: --enable-preview -javaagent:C:\Program Files\JetBrains\IntelliJ IDEA 2023.3.4\lib\idea_rt.jar=59810:C:\Program Files\JetBrains\IntelliJ IDEA 2023.3.4\bin -Dfile.encoding=UTF-8 -Dsun.stdout.encoding=UTF-8 -Dsun.stderr.encoding=UTF-8 main.Engine

Host: AMD Ryzen 7 5800X 8-Core Processor             , 16 cores, 15G,  Windows 11 , 64 bit Build 22621 (10.0.22621.3958)
Time: Thu Nov  7 20:09:54 2024 South Africa Standard Time elapsed time: 136.020049 seconds (0d 0h 2m 16s)

---------------  T H R E A D  ---------------

Current thread (0x0000017cb9e24ee0):  JavaThread "main"             [_thread_in_vm, id=10144, stack(0x0000002015e00000,0x0000002015f00000) (1024K)]

Stack: [0x0000002015e00000,0x0000002015f00000],  sp=0x0000002015efeda0,  free space=1019k
Native frames: (J=compiled Java code, j=interpreted, Vv=VM code, C=native code)
V  [jvm.dll+0x1d7195]  (no source info available)
V  [jvm.dll+0x47796d]  (no source info available)
V  [jvm.dll+0x44c361]  (no source info available)
C  0x0000017ccb08cfc7  (no source info available)

The last pc belongs to native method entry point (kind = native) (printed below).
Java frames: (J=compiled Java code, j=interpreted, Vv=VM code)
j  org.lwjgl.system.jni.JNINativeInterface.nDeleteGlobalRef(J)V+0
j  org.lwjgl.system.jni.JNINativeInterface.DeleteGlobalRef(J)V+12
j  org.lwjgl.system.Callback.free(J)V+25
j  org.lwjgl.glfw.Callbacks.glfwFreeCallbacks(J)V+165
j  main.Engine.cleanup()V+130
j  main.Engine.run()V+9
j  main.Engine.main([Ljava/lang/String;)V+7
v  ~StubRoutines::call_stub 0x0000017ccb08100d

siginfo: EXCEPTION_ACCESS_VIOLATION (0xc0000005), writing address 0x000000000000003e


Registers:
RAX=0x0000000000000000, RBX=0x000000000000003e, RCX=0x000000000000003e, RDX=0x0000000000000000
RSP=0x0000002015efeda0, RBP=0x0000002015efeea8, RSI=0x0000000000000118, RDI=0x0000000000000000
R8 =0x0000000000000040, R9 =0x000000070ff2e0c0, R10=0x0000017ccb08cf98, R11=0x000000070feace10
R12=0x0000000000000000, R13=0x0000017d1d4759a8, R14=0x0000002015efeed0, R15=0x0000017cb9e24ee0
RIP=0x00007ff9a9b17195, EFLAGS=0x0000000000010206


Register to memory mapping:

RAX=0x0 is null
RBX=0x000000000000003e is an unknown value
RCX=0x000000000000003e is an unknown value
RDX=0x0 is null
RSP=0x0000002015efeda0 is pointing into the stack for thread: 0x0000017cb9e24ee0
RBP=0x0000002015efeea8 is pointing into the stack for thread: 0x0000017cb9e24ee0
RSI=0x0000000000000118 is an unknown value
RDI=0x0 is null
R8 =0x0000000000000040 is an unknown value
R9 =0x000000070ff2e0c0 is an oop: java.lang.Class 
{0x000000070ff2e0c0} - klass: 'java/lang/Class'
 - ---- fields (total size 15 words):
 - private volatile transient 'classRedefinedCount' 'I' @12  0 (0x00000000)
 - injected 'klass' 'J' @16  1635795378208 (0x0000017cdd00a020)
 - injected 'array_klass' 'J' @24  0 (0x0000000000000000)
 - injected 'oop_size' 'I' @32  15 (0x0000000f)
 - injected 'static_oop_field_count' 'I' @36  0 (0x00000000)
 - private volatile transient 'cachedConstructor' 'Ljava/lang/reflect/Constructor;' @40  null (0x00000000)
 - private transient 'name' 'Ljava/lang/String;' @44  "org.lwjgl.system.Checks"{0x000000070ff2e138} (0xe1fe5c27)
 - private transient 'module' 'Ljava/lang/Module;' @48  a 'java/lang/Module'{0x000000070fe3cca0} (0xe1fc7994)
 - private final 'classLoader' 'Ljava/lang/ClassLoader;' @52  a 'jdk/internal/loader/ClassLoaders$AppClassLoader'{0x000000070fe13650} (0xe1fc26ca)
 - private transient 'classData' 'Ljava/lang/Object;' @56  null (0x00000000)
 - private transient 'packageName' 'Ljava/lang/String;' @60  "org.lwjgl.system"{0x000000070fe3dac8} (0xe1fc7b59)
 - private final 'componentType' 'Ljava/lang/Class;' @64  null (0x00000000)
 - private volatile transient 'reflectionData' 'Ljava/lang/ref/SoftReference;' @68  null (0x00000000)
 - private volatile transient 'genericInfo' 'Lsun/reflect/generics/repository/ClassRepository;' @72  null (0x00000000)
 - private volatile transient 'enumConstants' '[Ljava/lang/Object;' @76  null (0x00000000)
 - private volatile transient 'enumConstantDirectory' 'Ljava/util/Map;' @80  null (0x00000000)
 - private volatile transient 'annotationData' 'Ljava/lang/Class$AnnotationData;' @84  null (0x00000000)
 - private volatile transient 'annotationType' 'Lsun/reflect/annotation/AnnotationType;' @88  null (0x00000000)
 - transient 'classValueMap' 'Ljava/lang/ClassValue$ClassValueMap;' @92  null (0x00000000)
 - injected 'protection_domain' 'Ljava/lang/Object;' @96  a 'java/security/ProtectionDomain'{0x000000070fe3cd18} (0xe1fc79a3)
 - injected 'signers_name' 'Ljava/lang/Object;' @100  null (0x00000000)
 - injected 'source_file' 'Ljava/lang/Object;' @104  null (0x00000000)
 - signature: Lorg/lwjgl/system/Checks;
 - ---- static fields (0):
 - public static final 'CHECKS' 'Z' @112  true (0x01)
 - public static final 'DEBUG' 'Z' @113  false (0x00)
 - public static final 'DEBUG_FUNCTIONS' 'Z' @114  false (0x00)
R10=0x0000017ccb08cf98 is at code_begin+1016 in an Interpreter codelet
native method entry point (kind = native)  [0x0000017ccb08cba0, 0x0000017ccb08d6c0]  2848 bytes
R11=0x000000070feace10 is an oop: java.lang.Class 
{0x000000070feace10} - klass: 'java/lang/Class'
 - ---- fields (total size 27 words):
 - private volatile transient 'classRedefinedCount' 'I' @12  0 (0x00000000)
 - injected 'klass' 'J' @16  1635795385024 (0x0000017cdd00bac0)
 - injected 'array_klass' 'J' @24  0 (0x0000000000000000)
 - injected 'oop_size' 'I' @32  27 (0x0000001b)
 - injected 'static_oop_field_count' 'I' @36  0 (0x00000000)
 - private volatile transient 'cachedConstructor' 'Ljava/lang/reflect/Constructor;' @40  null (0x00000000)
 - private transient 'name' 'Ljava/lang/String;' @44  "org.lwjgl.system.jni.JNINativeInterface"{0x000000070feacee8} (0xe1fd59dd)
 - private transient 'module' 'Ljava/lang/Module;' @48  a 'java/lang/Module'{0x000000070fe3cca0} (0xe1fc7994)
 - private final 'classLoader' 'Ljava/lang/ClassLoader;' @52  a 'jdk/internal/loader/ClassLoaders$AppClassLoader'{0x000000070fe13650} (0xe1fc26ca)
 - private transient 'classData' 'Ljava/lang/Object;' @56  null (0x00000000)
 - private transient 'packageName' 'Ljava/lang/String;' @60  "org.lwjgl.system.jni"{0x000000070feacf38} (0xe1fd59e7)
 - private final 'componentType' 'Ljava/lang/Class;' @64  null (0x00000000)
 - private volatile transient 'reflectionData' 'Ljava/lang/ref/SoftReference;' @68  null (0x00000000)
 - private volatile transient 'genericInfo' 'Lsun/reflect/generics/repository/ClassRepository;' @72  null (0x00000000)
 - private volatile transient 'enumConstants' '[Ljava/lang/Object;' @76  null (0x00000000)
 - private volatile transient 'enumConstantDirectory' 'Ljava/util/Map;' @80  null (0x00000000)
 - private volatile transient 'annotationData' 'Ljava/lang/Class$AnnotationData;' @84  null (0x00000000)
 - private volatile transient 'annotationType' 'Lsun/reflect/annotation/AnnotationType;' @88  null (0x00000000)
 - transient 'classValueMap' 'Ljava/lang/ClassValue$ClassValueMap;' @92  null (0x00000000)
 - injected 'protection_domain' 'Ljava/lang/Object;' @96  a 'java/security/ProtectionDomain'{0x000000070fe3cd18} (0xe1fc79a3)
 - injected 'signers_name' 'Ljava/lang/Object;' @100  null (0x00000000)
 - injected 'source_file' 'Ljava/lang/Object;' @104  null (0x00000000)
 - signature: Lorg/lwjgl/system/jni/JNINativeInterface;
 - ---- static fields (0):
 - public static final 'JNI_VERSION_1_1' 'I' @112  65537 (0x00010001)
 - public static final 'JNI_VERSION_1_2' 'I' @116  65538 (0x00010002)
 - public static final 'JNI_VERSION_1_4' 'I' @120  65540 (0x00010004)
 - public static final 'JNI_VERSION_1_6' 'I' @124  65542 (0x00010006)
 - public static final 'JNI_VERSION_1_8' 'I' @128  65544 (0x00010008)
 - public static final 'JNI_VERSION_9' 'I' @132  589824 (0x00090000)
 - public static final 'JNI_VERSION_10' 'I' @136  655360 (0x000a0000)
 - public static final 'JNI_VERSION_19' 'I' @140  1245184 (0x00130000)
 - public static final 'JNI_VERSION_20' 'I' @144  1310720 (0x00140000)
 - public static final 'JNI_VERSION_21' 'I' @148  1376256 (0x00150000)
 - public static final 'JNIInvalidRefType' 'I' @152  0 (0x00000000)
 - public static final 'JNILocalRefType' 'I' @156  1 (0x00000001)
 - public static final 'JNIGlobalRefType' 'I' @160  2 (0x00000002)
 - public static final 'JNIWeakGlobalRefType' 'I' @164  3 (0x00000003)
 - public static final 'JNI_FALSE' 'I' @168  0 (0x00000000)
 - public static final 'JNI_TRUE' 'I' @172  1 (0x00000001)
 - public static final 'JNI_OK' 'I' @176  0 (0x00000000)
 - public static final 'JNI_ERR' 'I' @180  -1 (0xffffffff)
 - public static final 'JNI_EDETACHED' 'I' @184  -2 (0xfffffffe)
 - public static final 'JNI_EVERSION' 'I' @188  -3 (0xfffffffd)
 - public static final 'JNI_ENOMEM' 'I' @192  -4 (0xfffffffc)
 - public static final 'JNI_EEXIST' 'I' @196  -5 (0xfffffffb)
 - public static final 'JNI_EINVAL' 'I' @200  -6 (0xfffffffa)
 - public static final 'JNI_COMMIT' 'I' @204  1 (0x00000001)
 - public static final 'JNI_ABORT' 'I' @208  2 (0x00000002)
R12=0x0 is null
R13={method} {0x0000017d1d4759b0} 'nDeleteGlobalRef' '(J)V' in 'org/lwjgl/system/jni/JNINativeInterface'
R14=0x0000002015efeed0 is pointing into the stack for thread: 0x0000017cb9e24ee0
R15=0x0000017cb9e24ee0 is a thread

Top of Stack: (sp=0x0000002015efeda0)
0x0000002015efeda0:   000000070ff126f0 0000017d1d485f98
0x0000002015efedb0:   0000000000000000 0000002015efedd0
0x0000002015efedc0:   0000000000000040 00007ff9a9db796d
0x0000002015efedd0:   000000000000003e 0000017cdbd60050
0x0000002015efede0:   0000000000000000 000000070f4276c0
0x0000002015efedf0:   0000017cb9e24ee0 00007ff9a9d8c361
0x0000002015efee00:   0000017d1d484efe 0000000000000003
0x0000002015efee10:   0000017d1d48ba68 0000000000000000
0x0000002015efee20:   00000000000075fe 0000017ccb08cfc7
0x0000002015efee30:   0000017d1d4759a8 0000002015efee50
0x0000002015efee40:   0000002015efeea8 0000017ccb088a5a
0x0000002015efee50:   0000002015efeec0 0000017ccb0889b6
0x0000002015efee60:   fffffffffffffff7 0000000000000000
0x0000002015efee70:   0000000000000005 0000017d1d47c608
0x0000002015efee80:   0000000000000000 000000070feace10
0x0000002015efee90:   0000017d1d4759a8 0000000000000000
0x0000002015efeea0:   0000002015efeec8 0000002015efef20
0x0000002015efeeb0:   0000017ccb0888c0 000000070feace10
0x0000002015efeec0:   0000017ccb08a517 0000000000000040
0x0000002015efeed0:   0000000000000000 fffffffffffffff7
0x0000002015efeee0:   0000017d1d475a54 0000000000000003
0x0000002015efeef0:   0000017d1d47c608 0000000000000000
0x0000002015efef00:   000000070feace10 0000017d1d475a78
0x0000002015efef10:   fffffffffffffff5 0000002015efef30
0x0000002015efef20:   0000002015efef88 0000017ccb0888c0
0x0000002015efef30:   0000000000000040 0000000000000000
0x0000002015efef40:   fffffffffffffff7 0000017d1d40d261
0x0000002015efef50:   0000000000000004 0000017d1d422a98
0x0000002015efef60:   0000000000000000 000000070ff32dc8
0x0000002015efef70:   0000017d1d40d290 fffffffffffffff5
0x0000002015efef80:   0000002015efefa0 0000002015efeff8
0x0000002015efef90:   0000017ccb0888c0 000000070f4276c0 

Instructions: (pc=0x00007ff9a9b17195)
0x00007ff9a9b17095:   85 a5 00 00 00 41 8b cc e8 4e 02 00 00 48 85 c0
0x00007ff9a9b170a5:   75 54 4c 8b cd 48 8d 8c 24 90 00 00 00 4c 8b c7
0x00007ff9a9b170b5:   48 8b d6 e8 03 f9 ff ff 48 39 5d 08 75 7c 48 8b
0x00007ff9a9b170c5:   84 24 90 00 00 00 48 8b fb 48 85 c0 74 03 48 8b
0x00007ff9a9b170d5:   38 48 8b 0d c3 ed a5 00 48 85 c9 75 05 48 8b c3
0x00007ff9a9b170e5:   eb 06 ff 15 33 bf 9f 00 4c 8b c7 41 8b d4 48 8b
0x00007ff9a9b170f5:   c8 e8 b5 d6 4e 00 41 8b cc e8 ed 01 00 00 48 8b
0x00007ff9a9b17105:   f8 48 85 c0 74 34 48 8b 8d 28 03 00 00 48 8b 59
0x00007ff9a9b17115:   18 48 8b 41 20 48 2b c3 48 83 f8 08 72 0a 48 8d
0x00007ff9a9b17125:   43 08 48 89 41 18 eb 0f 45 33 c0 41 8d 50 08 e8
0x00007ff9a9b17135:   37 cd ee ff 48 8b d8 48 89 3b 48 8b ac 24 88 00
0x00007ff9a9b17145:   00 00 49 8b c6 48 8b bc 24 98 00 00 00 49 89 1e
0x00007ff9a9b17155:   48 8b 9c 24 80 00 00 00 48 83 c4 50 41 5f 41 5e
0x00007ff9a9b17165:   41 5d 41 5c 5e c3 cc cc cc cc cc 48 89 11 c3 cc
0x00007ff9a9b17175:   cc cc cc cc cc cc cc cc cc cc cc 48 89 5c 24 08
0x00007ff9a9b17185:   57 48 83 ec 20 48 8b fa 48 8b d9 e8 2b f2 ff ff
0x00007ff9a9b17195:   48 89 3b 48 8b 5c 24 30 48 83 c4 20 5f c3 cc cc
0x00007ff9a9b171a5:   cc cc cc cc cc cc cc cc cc cc cc 48 89 5c 24 08
0x00007ff9a9b171b5:   57 48 83 ec 20 48 8b f9 48 8b da 48 8b 09 48 85
0x00007ff9a9b171c5:   0d 1e 2f ac 00 74 0d e8 ff 58 e3 ff 48 8b c8 e8
0x00007ff9a9b171d5:   77 db 6f 00 48 8b 05 00 2f ac 00 48 8d 0d a9 1c
0x00007ff9a9b171e5:   7f 00 48 c1 e8 0c 83 e0 0f 8b 0c 81 48 d3 e3 48
0x00007ff9a9b171f5:   0b 1d e5 2e ac 00 48 89 1f 48 8b 5c 24 30 48 83
0x00007ff9a9b17205:   c4 20 5f c3 cc cc cc cc cc cc cc 40 53 48 83 ec
0x00007ff9a9b17215:   20 48 63 d9 48 8b 0d 90 ec a5 00 48 85 c9 75 05
0x00007ff9a9b17225:   45 33 c0 eb 09 ff 15 f0 bd 9f 00 4c 8b c0 80 3d
0x00007ff9a9b17235:   ec cc a6 00 00 ba 18 00 00 00 8d 42 f8 74 1d 80
0x00007ff9a9b17245:   3d e0 65 a0 00 00 49 8b c8 0f 45 d0 48 8d 14 9a
0x00007ff9a9b17255:   48 83 c4 20 5b 48 ff 25 7f 47 a0 00 80 3d c3 65
0x00007ff9a9b17265:   a0 00 00 49 8b c8 48 0f 45 d0 48 8d 14 da 48 83
0x00007ff9a9b17275:   c4 20 5b 48 ff 25 61 47 a0 00 cc 40 53 48 83 ec
0x00007ff9a9b17285:   20 48 63 d9 48 8b 0d 18 ec a5 00 48 85 c9 75 05 


Stack slot to memory mapping:

stack at sp + 0 slots: 0x000000070ff126f0 is an oop: java.lang.Class 
{0x000000070ff126f0} - klass: 'java/lang/Class'
 - ---- fields (total size 17 words):
 - private volatile transient 'classRedefinedCount' 'I' @12  0 (0x00000000)
 - injected 'klass' 'J' @16  1635795407808 (0x0000017cdd0113c0)
 - injected 'array_klass' 'J' @24  0 (0x0000000000000000)
 - injected 'oop_size' 'I' @32  17 (0x00000011)
 - injected 'static_oop_field_count' 'I' @36  0 (0x00000000)
 - private volatile transient 'cachedConstructor' 'Ljava/lang/reflect/Constructor;' @40  null (0x00000000)
 - private transient 'name' 'Ljava/lang/String;' @44  "org.lwjgl.system.libffi.FFIClosure"{0x000000070ff12778} (0xe1fe24ef)
 - private transient 'module' 'Ljava/lang/Module;' @48  a 'java/lang/Module'{0x000000070fe3cca0} (0xe1fc7994)
 - private final 'classLoader' 'Ljava/lang/ClassLoader;' @52  a 'jdk/internal/loader/ClassLoaders$AppClassLoader'{0x000000070fe13650} (0xe1fc26ca)
 - private transient 'classData' 'Ljava/lang/Object;' @56  null (0x00000000)
 - private transient 'packageName' 'Ljava/lang/String;' @60  "org.lwjgl.system.libffi"{0x000000070ff33468} (0xe1fe668d)
 - private final 'componentType' 'Ljava/lang/Class;' @64  null (0x00000000)
 - private volatile transient 'reflectionData' 'Ljava/lang/ref/SoftReference;' @68  null (0x00000000)
 - private volatile transient 'genericInfo' 'Lsun/reflect/generics/repository/ClassRepository;' @72  null (0x00000000)
 - private volatile transient 'enumConstants' '[Ljava/lang/Object;' @76  null (0x00000000)
 - private volatile transient 'enumConstantDirectory' 'Ljava/util/Map;' @80  null (0x00000000)
 - private volatile transient 'annotationData' 'Ljava/lang/Class$AnnotationData;' @84  null (0x00000000)
 - private volatile transient 'annotationType' 'Lsun/reflect/annotation/AnnotationType;' @88  null (0x00000000)
 - transient 'classValueMap' 'Ljava/lang/ClassValue$ClassValueMap;' @92  null (0x00000000)
 - injected 'protection_domain' 'Ljava/lang/Object;' @96  a 'java/security/ProtectionDomain'{0x000000070fe3cd18} (0xe1fc79a3)
 - injected 'signers_name' 'Ljava/lang/Object;' @100  null (0x00000000)
 - injected 'source_file' 'Ljava/lang/Object;' @104  null (0x00000000)
 - signature: Lorg/lwjgl/system/libffi/FFIClosure;
 - ---- static fields (0):
 - public static final 'SIZEOF' 'I' @112  56 (0x00000038)
 - public static final 'ALIGNOF' 'I' @116  8 (0x00000008)
 - public static final 'CIF' 'I' @120  32 (0x00000020)
 - public static final 'FUN' 'I' @124  40 (0x00000028)
 - public static final 'USER_DATA' 'I' @128  48 (0x00000030)
stack at sp + 1 slots: {method} {0x0000017d1d485fa0} '<init>' '(JLjava/nio/ByteBuffer;)V' in 'org/lwjgl/system/libffi/FFIClosure'
stack at sp + 2 slots: 0x0 is null
stack at sp + 3 slots: 0x0000002015efedd0 is pointing into the stack for thread: 0x0000017cb9e24ee0
stack at sp + 4 slots: 0x0000000000000040 is an unknown value
stack at sp + 5 slots: 0x00007ff9a9db796d jvm.dll
stack at sp + 6 slots: 0x000000000000003e is an unknown value
stack at sp + 7 slots: 0x0000017cdbd60050 points into unknown readable memory: 0x00007ffa3f13ec00 | 00 ec 13 3f fa 7f 00 00

native method entry point (kind = native)  [0x0000017ccb08cba0, 0x0000017ccb08d6c0]  2848 bytes
[MachCode]
  0x0000017ccb08cba0: 488b 4b08 | 0fb7 492e | 584c 8d74 | ccf8 6800 | 0000 0068 | 0000 0000 | 5055 488b | ec41 5568 
  0x0000017ccb08cbc0: 0000 0000 | 4c8b 6b08 | 4d8d 6d38 | 5348 8b53 | 0848 8b52 | 0848 8b52 | 1848 8b52 | 7048 8b12 
  0x0000017ccb08cbe0: 5248 8b53 | 1048 85d2 | 0f84 0700 | 0000 4881 | c210 0100 | 0052 488b | 5308 488b | 5208 488b 
  0x0000017ccb08cc00: 5210 5249 | 8bc6 482b | c548 c1e8 | 0350 6800 | 0000 0068 | f7ff ffff | 41c6 8781 | 0400 0001 
  0x0000017ccb08cc20: 488b 4310 | 4885 c074 | 208b 88cc | 0000 0083 | c102 8988 | cc00 0000 | 2388 e000 | 0000 0f84 
  0x0000017ccb08cc40: cb09 0000 | e9cf 0000 | 0048 8b43 | 1848 85c0 | 0f85 b000 | 0000 e805 | 0000 00e9 | 9900 0000 
  0x0000017ccb08cc60: 488b d348 | 8d44 2408 | 4c89 6dc0 | 498b cfc5 | f877 4989 | afb0 0300 | 0049 8987 | a003 0000 
  0x0000017ccb08cc80: 4883 ec20 | 40f6 c40f | 0f84 1900 | 0000 4883 | ec08 48b8 | f0a2 d1a9 | f97f 0000 | ffd0 4883 
  0x0000017ccb08cca0: c408 e90c | 0000 0048 | b8f0 a2d1 | a9f9 7f00 | 00ff d048 | 83c4 2049 | c787 a003 | 0000 0000 
  0x0000017ccb08ccc0: 0000 49c7 | 87b0 0300 | 0000 0000 | 0049 c787 | a803 0000 | 0000 0000 | c5f8 7749 | 837f 0800 
  0x0000017ccb08cce0: 0f84 0500 | 0000 e915 | 42ff ff4c | 8b6d c04c | 8b75 c84e | 8d74 f500 | c348 8b43 | 1848 85c0 
  0x0000017ccb08cd00: 0f84 1200 | 0000 8b48 | 0883 c102 | 8948 0823 | 481c 0f84 | f708 0000 | 493b a7f0 | 0400 000f 
  0x0000017ccb08cd20: 8748 0000 | 0089 8424 | 00f0 ffff | 8984 2400 | e0ff ff89 | 8424 00d0 | ffff 8984 | 2400 c0ff 
  0x0000017ccb08cd40: ff89 8424 | 00b0 ffff | 8984 2400 | a0ff ff89 | 8424 0090 | ffff 8984 | 2400 80ff | ff49 3ba7 
  0x0000017ccb08cd60: e804 0000 | 7607 4989 | a7f0 0400 | 0041 c687 | 8104 0000 | 0049 baac | 4058 aaf9 | 7f00 0041 
  0x0000017ccb08cd80: 803a 000f | 843e 0000 | 0048 8b55 | e849 8bcf | 4883 ec20 | 40f6 c40f | 0f84 1900 | 0000 4883 
  0x0000017ccb08cda0: ec08 48b8 | 00b6 08aa | f97f 0000 | ffd0 4883 | c408 e90c | 0000 0048 | b800 b608 | aaf9 7f00 
  0x0000017ccb08cdc0: 00ff d048 | 83c4 2048 | 8b5d e84c | 8b5b 0845 | 0fb7 5b2e | 41c1 e303 | 492b e348 | 83ec 2048 
  0x0000017ccb08cde0: 83e4 f04c | 8b5b 604d | 85db 0f85 | ab00 0000 | e805 0000 | 00e9 9900 | 0000 488b | d348 8d44 
  0x0000017ccb08ce00: 2408 4c89 | 6dc0 498b | cfc5 f877 | 4989 afb0 | 0300 0049 | 8987 a003 | 0000 4883 | ec20 40f6 
  0x0000017ccb08ce20: c40f 0f84 | 1900 0000 | 4883 ec08 | 48b8 10ca | d1a9 f97f | 0000 ffd0 | 4883 c408 | e90c 0000 
  0x0000017ccb08ce40: 0048 b810 | cad1 a9f9 | 7f00 00ff | d048 83c4 | 2049 c787 | a003 0000 | 0000 0000 | 49c7 87b0 
  0x0000017ccb08ce60: 0300 0000 | 0000 0049 | c787 a803 | 0000 0000 | 0000 c5f8 | 7749 837f | 0800 0f84 | 0500 0000 
  0x0000017ccb08ce80: e97b 40ff | ff4c 8b6d | c04c 8b75 | c84e 8d74 | f500 c348 | 8b5d e84c | 8b5b 6041 | ffd3 488b 
  0x0000017ccb08cea0: 5de8 4889 | 4518 448b | 5b28 41f6 | c308 0f84 | 1b00 0000 | 4c8b 5b08 | 4d8b 5b08 | 4d8b 5b18 
  0x0000017ccb08cec0: 4d8b 5b70 | 4d8b 1b4c | 895d 1048 | 8d55 1048 | 8b43 5849 | ba00 0d09 | aaf9 7f00 | 0049 3bc2 
  0x0000017ccb08cee0: 0f85 ab00 | 0000 e805 | 0000 00e9 | 9900 0000 | 488b d348 | 8d44 2408 | 4c89 6dc0 | 498b cfc5 
  0x0000017ccb08cf00: f877 4989 | afb0 0300 | 0049 8987 | a003 0000 | 4883 ec20 | 40f6 c40f | 0f84 1900 | 0000 4883 
  0x0000017ccb08cf20: ec08 48b8 | 10ca d1a9 | f97f 0000 | ffd0 4883 | c408 e90c | 0000 0048 | b810 cad1 | a9f9 7f00 
  0x0000017ccb08cf40: 00ff d048 | 83c4 2049 | c787 a003 | 0000 0000 | 0000 49c7 | 87b0 0300 | 0000 0000 | 0049 c787 
  0x0000017ccb08cf60: a803 0000 | 0000 0000 | c5f8 7749 | 837f 0800 | 0f84 0500 | 0000 e985 | 3fff ff4c | 8b6d c04c 
  0x0000017ccb08cf80: 8b75 c84e | 8d74 f500 | c348 8b5d | e848 8b43 | 5849 8d8f | c003 0000 | c5f8 7749 | 89af b003 
  0x0000017ccb08cfa0: 0000 49ba | 98cf 08cb | 7c01 0000 | 4d89 97a8 | 0300 0049 | 89a7 a003 | 0000 41c7 | 8754 0400 
  0x0000017ccb08cfc0: 0004 0000 | 00ff d0c5 | f877 4883 | ec10 c5fb | 1104 2448 | 83ec 1048 | 8904 2448 | c744 2408 
  0x0000017ccb08cfe0: 0000 0000 | 41c7 8754 | 0400 0005 | 0000 00f0 | 8344 24c0 | 0049 3baf | 5804 0000 | 0f87 0e00 
  0x0000017ccb08d000: 0000 4183 | bf50 0400 | 0000 0f84 | 2000 0000 | 498b cf4c | 8be4 4883 | ec20 4883 | e4f0 48b8 
  0x0000017ccb08d020: c01f d3a9 | f97f 0000 | ffd0 498b | e44d 33e4 | 41c7 8754 | 0400 0008 | 0000 0049 | c787 a003 
  0x0000017ccb08d040: 0000 0000 | 0000 49c7 | 87b0 0300 | 0000 0000 | 0049 c787 | a803 0000 | 0000 0000 | c5f8 774d 
  0x0000017ccb08d060: 8b9f 3004 | 0000 41c7 | 8300 0100 | 0000 0000 | 0049 bb1a | a508 cb7c | 0100 004c | 3b5d 180f 
  0x0000017ccb08d080: 8524 0200 | 0048 8b04 | 2448 83c4 | 1048 85c0 | 0f84 fe01 | 0000 a803 | 0f85 0800 | 0000 488b 
  0x0000017ccb08d0a0: 00e9 ee01 | 0000 a801 | 0f85 0900 | 0000 488b | 40fe e9dd | 0100 0048 | 8b40 ff41 | 807f 3800 
  0x0000017ccb08d0c0: 0f84 ce01 | 0000 4883 | f800 0f84 | c401 0000 | 4d8b 5f28 | 4983 fb00 | 0f84 1400 | 0000 4983 
  0x0000017ccb08d0e0: eb08 4d89 | 5f28 4d03 | 5f30 4989 | 03e9 a201 | 0000 4881 | ecd0 0000 | 0048 8904 | 2448 894c 
  0x0000017ccb08d100: 2408 4889 | 5424 1048 | 8974 2418 | 4889 7c24 | 204c 8944 | 2428 4c89 | 4c24 304c | 8954 2438 
  0x0000017ccb08d120: 4c89 5c24 | 40c5 fb11 | 4424 50c5 | fb11 4c24 | 58c5 fb11 | 5424 60c5 | fb11 5c24 | 68c5 fb11 
  0x0000017ccb08d140: 6424 70c5 | fb11 6c24 | 78c5 fb11 | b424 8000 | 0000 c5fb | 11bc 2488 | 0000 00c5 | 7b11 8424 
  0x0000017ccb08d160: 9000 0000 | c57b 118c | 2498 0000 | 00c5 7b11 | 9424 a000 | 0000 c57b | 119c 24a8 | 0000 00c5 
  0x0000017ccb08d180: 7b11 a424 | b000 0000 | c57b 11ac | 24b8 0000 | 00c5 7b11 | b424 c000 | 0000 c57b | 11bc 24c8 
  0x0000017ccb08d1a0: 0000 0049 | 8bd7 488b | c848 83ec | 2040 f6c4 | 0f0f 8419 | 0000 0048 | 83ec 0848 | b830 3ec6 
  0x0000017ccb08d1c0: a9f9 7f00 | 00ff d048 | 83c4 08e9 | 0c00 0000 | 48b8 303e | c6a9 f97f | 0000 ffd0 | 4883 c420 
  0x0000017ccb08d1e0: c57b 10bc | 24c8 0000 | 00c5 7b10 | b424 c000 | 0000 c57b | 10ac 24b8 | 0000 00c5 | 7b10 a424 
  0x0000017ccb08d200: b000 0000 | c57b 109c | 24a8 0000 | 00c5 7b10 | 9424 a000 | 0000 c57b | 108c 2498 | 0000 00c5 
  0x0000017ccb08d220: 7b10 8424 | 9000 0000 | c5fb 10bc | 2488 0000 | 00c5 fb10 | b424 8000 | 0000 c5fb | 106c 2478 
  0x0000017ccb08d240: c5fb 1064 | 2470 c5fb | 105c 2468 | c5fb 1054 | 2460 c5fb | 104c 2458 | c5fb 1044 | 2450 4c8b 
  0x0000017ccb08d260: 5c24 404c | 8b54 2438 | 4c8b 4c24 | 304c 8b44 | 2428 488b | 7c24 2048 | 8b74 2418 | 488b 5424 
  0x0000017ccb08d280: 1048 8b4c | 2408 488b | 0424 4881 | c4d0 0000 | 00c5 f877 | 4889 4510 | 4883 ec10 | 4889 0424 
  0x0000017ccb08d2a0: 48c7 4424 | 0800 0000 | 0041 83bf | d004 0000 | 020f 85bf | 0000 0048 | 81ec 8000 | 0000 4889 
  0x0000017ccb08d2c0: 4424 7848 | 894c 2470 | 4889 5424 | 6848 895c | 2460 4889 | 6c24 5048 | 8974 2448 | 4889 7c24 
  0x0000017ccb08d2e0: 404c 8944 | 2438 4c89 | 4c24 304c | 8954 2428 | 4c89 5c24 | 204c 8964 | 2418 4c89 | 6c24 104c 
  0x0000017ccb08d300: 8974 2408 | 4c89 3c24 | 4c8b e448 | 83ec 2048 | 83e4 f048 | b850 ee08 | aaf9 7f00 | 00ff d049 
  0x0000017ccb08d320: 8be4 4c8b | 3c24 4c8b | 7424 084c | 8b6c 2410 | 4c8b 6424 | 184c 8b5c | 2420 4c8b | 5424 284c 
  0x0000017ccb08d340: 8b4c 2430 | 4c8b 4424 | 3848 8b7c | 2440 488b | 7424 4848 | 8b6c 2450 | 488b 5c24 | 6048 8b54 
  0x0000017ccb08d360: 2468 488b | 4c24 7048 | 8b44 2478 | 4881 c480 | 0000 004d | 33e4 488b | 5de8 4c8b | 6b08 4d8d 
  0x0000017ccb08d380: 6d38 4983 | 7f08 000f | 84bb 0000 | 00e8 0500 | 0000 e996 | 0000 0048 | 8d44 2408 | 4c89 6dc0 
  0x0000017ccb08d3a0: 498b cfc5 | f877 4989 | afb0 0300 | 0049 8987 | a003 0000 | 4883 ec20 | 40f6 c40f | 0f84 1900 
  0x0000017ccb08d3c0: 0000 4883 | ec08 48b8 | 50e8 d1a9 | f97f 0000 | ffd0 4883 | c408 e90c | 0000 0048 | b850 e8d1 
  0x0000017ccb08d3e0: a9f9 7f00 | 00ff d048 | 83c4 2049 | c787 a003 | 0000 0000 | 0000 49c7 | 87b0 0300 | 0000 0000 
  0x0000017ccb08d400: 0049 c787 | a803 0000 | 0000 0000 | c5f8 7749 | 837f 0800 | 0f84 0500 | 0000 e9e1 | 3aff ff4c 
  0x0000017ccb08d420: 8b6d c04c | 8b75 c84e | 8d74 f500 | c348 b9d0 | 2830 aaf9 | 7f00 0048 | 83e4 f048 | b890 95f7 
  0x0000017ccb08d440: a9f9 7f00 | 00ff d0f4 | 448b 5b28 | 41f6 c320 | 0f84 4401 | 0000 488d | 55a8 4c8b | 5a08 4d85 
  0x0000017ccb08d460: db0f 85bb | 0000 00e8 | 0500 0000 | e996 0000 | 0048 8d44 | 2408 4c89 | 6dc0 498b | cfc5 f877 
  0x0000017ccb08d480: 4989 afb0 | 0300 0049 | 8987 a003 | 0000 4883 | ec20 40f6 | c40f 0f84 | 1900 0000 | 4883 ec08 
  0x0000017ccb08d4a0: 48b8 80e7 | d1a9 f97f | 0000 ffd0 | 4883 c408 | e90c 0000 | 0048 b880 | e7d1 a9f9 | 7f00 00ff 
  0x0000017ccb08d4c0: d048 83c4 | 2049 c787 | a003 0000 | 0000 0000 | 49c7 87b0 | 0300 0000 | 0000 0049 | c787 a803 
  0x0000017ccb08d4e0: 0000 0000 | 0000 c5f8 | 7749 837f | 0800 0f84 | 0500 0000 | e907 3aff | ff4c 8b6d | c04c 8b75 
  0x0000017ccb08d500: c84e 8d74 | f500 c348 | b9d0 2830 | aaf9 7f00 | 0048 83e4 | f048 b890 | 95f7 a9f9 | 7f00 00ff 
  0x0000017ccb08d520: d0f4 4c89 | 6dc0 488d | 024c 8b4a | 0848 c742 | 0800 0000 | 004c 8b00 | 4d85 c00f | 840b 0000 
  0x0000017ccb08d540: 00f0 4d0f | b101 0f85 | 0c00 0000 | 49ff 8f58 | 0500 00e9 | 3e00 0000 | 4c89 4a08 | 488b ca48 
  0x0000017ccb08d560: 83ec 2040 | f6c4 0f0f | 8419 0000 | 0048 83ec | 0848 b810 | bad1 a9f9 | 7f00 00ff | d048 83c4 
  0x0000017ccb08d580: 08e9 0c00 | 0000 48b8 | 10ba d1a9 | f97f 0000 | ffd0 4883 | c420 4c8b | 6dc0 49ba | ac40 58aa 
  0x0000017ccb08d5a0: f97f 0000 | 4180 3a00 | 0f84 3e00 | 0000 488b | 55e8 498b | cf48 83ec | 2040 f6c4 | 0f0f 8419 
  0x0000017ccb08d5c0: 0000 0048 | 83ec 0848 | b800 b608 | aaf9 7f00 | 00ff d048 | 83c4 08e9 | 0c00 0000 | 48b8 00b6 
  0x0000017ccb08d5e0: 08aa f97f | 0000 ffd0 | 4883 c420 | 488b 0424 | 4883 c410 | c5fb 1004 | 2448 83c4 | 104c 8b5d 
  0x0000017ccb08d600: 1841 ffd3 | 4c8b 5df8 | c95f 498b | e3ff e7ba | 0000 0000 | e805 0000 | 00e9 9600 | 0000 488d 
  0x0000017ccb08d620: 4424 084c | 896d c049 | 8bcf c5f8 | 7749 89af | b003 0000 | 4989 87a0 | 0300 0048 | 83ec 2040 
  0x0000017ccb08d640: f6c4 0f0f | 8419 0000 | 0048 83ec | 0848 b8d0 | add1 a9f9 | 7f00 00ff | d048 83c4 | 08e9 0c00 
  0x0000017ccb08d660: 0000 48b8 | d0ad d1a9 | f97f 0000 | ffd0 4883 | c420 49c7 | 87a0 0300 | 0000 0000 | 0049 c787 
  0x0000017ccb08d680: b003 0000 | 0000 0000 | 49c7 87a8 | 0300 0000 | 0000 00c5 | f877 4983 | 7f08 000f | 8405 0000 
  0x0000017ccb08d6a0: 00e9 5a38 | ffff 4c8b | 6dc0 4c8b | 75c8 4e8d | 74f5 00c3 | 488b 5de8 | e95b f6ff | ff66 6690 
[/MachCode]

---------------  P R O C E S S  ---------------

Threads class SMR info:
_java_thread_list=0x0000017d2901bab0, length=12, elements={
0x0000017cb9e24ee0, 0x0000017cdbc21700, 0x0000017cdbc22420, 0x0000017cdbc24ce0,
0x0000017cdbc25af0, 0x0000017cdbc279a0, 0x0000017cdbc28810, 0x0000017cdbc2f440,
0x0000017d210086a0, 0x0000017d211113f0, 0x0000017d212fe090, 0x0000017d212fe700
}

Java Threads: ( => current thread )
=>0x0000017cb9e24ee0 JavaThread "main"                              [_thread_in_vm, id=10144, stack(0x0000002015e00000,0x0000002015f00000) (1024K)]
  0x0000017cdbc21700 JavaThread "Reference Handler"          daemon [_thread_blocked, id=21000, stack(0x0000002016600000,0x0000002016700000) (1024K)]
  0x0000017cdbc22420 JavaThread "Finalizer"                  daemon [_thread_blocked, id=30480, stack(0x0000002016700000,0x0000002016800000) (1024K)]
  0x0000017cdbc24ce0 JavaThread "Signal Dispatcher"          daemon [_thread_blocked, id=31492, stack(0x0000002016800000,0x0000002016900000) (1024K)]
  0x0000017cdbc25af0 JavaThread "Attach Listener"            daemon [_thread_blocked, id=25176, stack(0x0000002016900000,0x0000002016a00000) (1024K)]
  0x0000017cdbc279a0 JavaThread "Service Thread"             daemon [_thread_blocked, id=25816, stack(0x0000002016a00000,0x0000002016b00000) (1024K)]
  0x0000017cdbc28810 JavaThread "Monitor Deflation Thread"   daemon [_thread_blocked, id=26652, stack(0x0000002016b00000,0x0000002016c00000) (1024K)]
  0x0000017cdbc2f440 JavaThread "C2 CompilerThread0"         daemon [_thread_blocked, id=18352, stack(0x0000002016c00000,0x0000002016d00000) (1024K)]
  0x0000017d210086a0 JavaThread "C1 CompilerThread0"         daemon [_thread_blocked, id=30792, stack(0x0000002016d00000,0x0000002016e00000) (1024K)]
  0x0000017d211113f0 JavaThread "Common-Cleaner"             daemon [_thread_blocked, id=26540, stack(0x0000002016e00000,0x0000002016f00000) (1024K)]
  0x0000017d212fe090 JavaThread "Monitor Ctrl-Break"         daemon [_thread_in_native, id=14656, stack(0x0000002017100000,0x0000002017200000) (1024K)]
  0x0000017d212fe700 JavaThread "Notification Thread"        daemon [_thread_blocked, id=26640, stack(0x0000002017200000,0x0000002017300000) (1024K)]
Total: 12

Other Threads:
  0x0000017cdbc04a00 VMThread "VM Thread"                           [id=28196, stack(0x0000002016500000,0x0000002016600000) (1024K)]
  0x0000017cdbbeee70 WatcherThread "VM Periodic Task Thread"        [id=19092, stack(0x0000002016400000,0x0000002016500000) (1024K)]
  0x0000017cba187e80 WorkerThread "GC Thread#0"                     [id=26832, stack(0x0000002015f00000,0x0000002016000000) (1024K)]
  0x0000017d29018640 WorkerThread "GC Thread#1"                     [id=28348, stack(0x0000002017a00000,0x0000002017b00000) (1024K)]
  0x0000017d28faae50 WorkerThread "GC Thread#2"                     [id=26936, stack(0x0000002017b00000,0x0000002017c00000) (1024K)]
  0x0000017d2901b060 WorkerThread "GC Thread#3"                     [id=4648, stack(0x0000002017c00000,0x0000002017d00000) (1024K)]
  0x0000017d2907cbb0 WorkerThread "GC Thread#4"                     [id=31248, stack(0x0000002017d00000,0x0000002017e00000) (1024K)]
  0x0000017d2907d7f0 WorkerThread "GC Thread#5"                     [id=21648, stack(0x0000002017e00000,0x0000002017f00000) (1024K)]
  0x0000017d28f61aa0 WorkerThread "GC Thread#6"                     [id=19724, stack(0x0000002017f00000,0x0000002018000000) (1024K)]
  0x0000017d28f61e50 WorkerThread "GC Thread#7"                     [id=31376, stack(0x0000002018000000,0x0000002018100000) (1024K)]
  0x0000017d29086860 WorkerThread "GC Thread#8"                     [id=31016, stack(0x0000002018100000,0x0000002018200000) (1024K)]
  0x0000017d29087830 WorkerThread "GC Thread#9"                     [id=28440, stack(0x0000002018200000,0x0000002018300000) (1024K)]
  0x0000017d2908aeb0 WorkerThread "GC Thread#10"                    [id=12104, stack(0x0000002018300000,0x0000002018400000) (1024K)]
  0x0000017d2908f270 WorkerThread "GC Thread#11"                    [id=31236, stack(0x0000002018400000,0x0000002018500000) (1024K)]
  0x0000017d2908f620 WorkerThread "GC Thread#12"                    [id=19752, stack(0x0000002018500000,0x0000002018600000) (1024K)]
  0x0000017cba198da0 ConcurrentGCThread "G1 Main Marker"            [id=25256, stack(0x0000002016000000,0x0000002016100000) (1024K)]
  0x0000017cba199f50 WorkerThread "G1 Conc#0"                       [id=26768, stack(0x0000002016100000,0x0000002016200000) (1024K)]
  0x0000017cdbaac0b0 ConcurrentGCThread "G1 Refine#0"               [id=17528, stack(0x0000002016200000,0x0000002016300000) (1024K)]
  0x0000017cdbaacb30 ConcurrentGCThread "G1 Service"                [id=30464, stack(0x0000002016300000,0x0000002016400000) (1024K)]
Total: 19

Threads with active compile tasks:
Total: 0

VM state: not at safepoint (normal execution)

VM Mutex/Monitor currently owned by a thread: None

Heap address: 0x0000000701800000, size: 4072 MB, Compressed Oops mode: Zero based, Oop shift amount: 3

CDS archive(s) mapped at: [0x0000017cdc000000-0x0000017cdcc50000-0x0000017cdcc50000), size 12910592, SharedBaseAddress: 0x0000017cdc000000, ArchiveRelocationMode: 1.
Compressed class space mapped at: 0x0000017cdd000000-0x0000017d1d000000, reserved size: 1073741824
Narrow klass base: 0x0000017cdc000000, Narrow klass shift: 0, Narrow klass range: 0x41000000

GC Precious Log:
 CardTable entry size: 512
 Card Set container configuration: InlinePtr #cards 4 size 8 Array Of Cards #cards 16 size 48 Howl #buckets 8 coarsen threshold 3686 Howl Bitmap #cards 512 size 80 coarsen threshold 460 Card regions per heap region 1 cards per card region 4096
 CPUs: 16 total, 16 available
 Memory: 16286M
 Large Page Support: Disabled
 NUMA Support: Disabled
 Compressed Oops: Enabled (Zero based)
 Heap Region Size: 2M
 Heap Min Capacity: 8M
 Heap Initial Capacity: 256M
 Heap Max Capacity: 4072M
 Pre-touch: Disabled
 Parallel Workers: 13
 Concurrent Workers: 3
 Concurrent Refinement Workers: 13
 Periodic GC: Disabled

Heap:
 garbage-first heap   total reserved 4169728K, committed 262144K, used 34025K [0x0000000701800000, 0x0000000800000000)
  region size 2048K, 18 young (36864K), 2 survivors (4096K)
 Metaspace       used 7731K, committed 8000K, reserved 1114112K
  class space    used 443K, committed 576K, reserved 1048576K

Heap Regions: E=young(eden), S=young(survivor), O=old, HS=humongous(starts), HC=humongous(continues), CS=collection set, F=free, TAMS=top-at-mark-start, PB=parsable bottom
|   0|0x0000000701800000, 0x0000000701800000, 0x0000000701a00000|  0%| F|  |TAMS 0x0000000701800000| PB 0x0000000701800000| Untracked |  0
|   1|0x0000000701a00000, 0x0000000701a00000, 0x0000000701c00000|  0%| F|  |TAMS 0x0000000701a00000| PB 0x0000000701a00000| Untracked |  0
|   2|0x0000000701c00000, 0x0000000701c00000, 0x0000000701e00000|  0%| F|  |TAMS 0x0000000701c00000| PB 0x0000000701c00000| Untracked |  0
|   3|0x0000000701e00000, 0x0000000701e00000, 0x0000000702000000|  0%| F|  |TAMS 0x0000000701e00000| PB 0x0000000701e00000| Untracked |  0
|   4|0x0000000702000000, 0x0000000702000000, 0x0000000702200000|  0%| F|  |TAMS 0x0000000702000000| PB 0x0000000702000000| Untracked |  0
|   5|0x0000000702200000, 0x0000000702200000, 0x0000000702400000|  0%| F|  |TAMS 0x0000000702200000| PB 0x0000000702200000| Untracked |  0
|   6|0x0000000702400000, 0x0000000702400000, 0x0000000702600000|  0%| F|  |TAMS 0x0000000702400000| PB 0x0000000702400000| Untracked |  0
|   7|0x0000000702600000, 0x0000000702600000, 0x0000000702800000|  0%| F|  |TAMS 0x0000000702600000| PB 0x0000000702600000| Untracked |  0
|   8|0x0000000702800000, 0x0000000702800000, 0x0000000702a00000|  0%| F|  |TAMS 0x0000000702800000| PB 0x0000000702800000| Untracked |  0
|   9|0x0000000702a00000, 0x0000000702a00000, 0x0000000702c00000|  0%| F|  |TAMS 0x0000000702a00000| PB 0x0000000702a00000| Untracked |  0
|  10|0x0000000702c00000, 0x0000000702c00000, 0x0000000702e00000|  0%| F|  |TAMS 0x0000000702c00000| PB 0x0000000702c00000| Untracked |  0
|  11|0x0000000702e00000, 0x0000000702e00000, 0x0000000703000000|  0%| F|  |TAMS 0x0000000702e00000| PB 0x0000000702e00000| Untracked |  0
|  12|0x0000000703000000, 0x0000000703000000, 0x0000000703200000|  0%| F|  |TAMS 0x0000000703000000| PB 0x0000000703000000| Untracked |  0
|  13|0x0000000703200000, 0x0000000703200000, 0x0000000703400000|  0%| F|  |TAMS 0x0000000703200000| PB 0x0000000703200000| Untracked |  0
|  14|0x0000000703400000, 0x0000000703400000, 0x0000000703600000|  0%| F|  |TAMS 0x0000000703400000| PB 0x0000000703400000| Untracked |  0
|  15|0x0000000703600000, 0x0000000703600000, 0x0000000703800000|  0%| F|  |TAMS 0x0000000703600000| PB 0x0000000703600000| Untracked |  0
|  16|0x0000000703800000, 0x0000000703800000, 0x0000000703a00000|  0%| F|  |TAMS 0x0000000703800000| PB 0x0000000703800000| Untracked |  0
|  17|0x0000000703a00000, 0x0000000703a00000, 0x0000000703c00000|  0%| F|  |TAMS 0x0000000703a00000| PB 0x0000000703a00000| Untracked |  0
|  18|0x0000000703c00000, 0x0000000703c00000, 0x0000000703e00000|  0%| F|  |TAMS 0x0000000703c00000| PB 0x0000000703c00000| Untracked |  0
|  19|0x0000000703e00000, 0x0000000703e00000, 0x0000000704000000|  0%| F|  |TAMS 0x0000000703e00000| PB 0x0000000703e00000| Untracked |  0
|  20|0x0000000704000000, 0x0000000704000000, 0x0000000704200000|  0%| F|  |TAMS 0x0000000704000000| PB 0x0000000704000000| Untracked |  0
|  21|0x0000000704200000, 0x0000000704200000, 0x0000000704400000|  0%| F|  |TAMS 0x0000000704200000| PB 0x0000000704200000| Untracked |  0
|  22|0x0000000704400000, 0x0000000704400000, 0x0000000704600000|  0%| F|  |TAMS 0x0000000704400000| PB 0x0000000704400000| Untracked |  0
|  23|0x0000000704600000, 0x0000000704600000, 0x0000000704800000|  0%| F|  |TAMS 0x0000000704600000| PB 0x0000000704600000| Untracked |  0
|  24|0x0000000704800000, 0x0000000704800000, 0x0000000704a00000|  0%| F|  |TAMS 0x0000000704800000| PB 0x0000000704800000| Untracked |  0
|  25|0x0000000704a00000, 0x0000000704a00000, 0x0000000704c00000|  0%| F|  |TAMS 0x0000000704a00000| PB 0x0000000704a00000| Untracked |  0
|  26|0x0000000704c00000, 0x0000000704c00000, 0x0000000704e00000|  0%| F|  |TAMS 0x0000000704c00000| PB 0x0000000704c00000| Untracked |  0
|  27|0x0000000704e00000, 0x0000000704e00000, 0x0000000705000000|  0%| F|  |TAMS 0x0000000704e00000| PB 0x0000000704e00000| Untracked |  0
|  28|0x0000000705000000, 0x0000000705000000, 0x0000000705200000|  0%| F|  |TAMS 0x0000000705000000| PB 0x0000000705000000| Untracked |  0
|  29|0x0000000705200000, 0x0000000705200000, 0x0000000705400000|  0%| F|  |TAMS 0x0000000705200000| PB 0x0000000705200000| Untracked |  0
|  30|0x0000000705400000, 0x0000000705400000, 0x0000000705600000|  0%| F|  |TAMS 0x0000000705400000| PB 0x0000000705400000| Untracked |  0
|  31|0x0000000705600000, 0x0000000705600000, 0x0000000705800000|  0%| F|  |TAMS 0x0000000705600000| PB 0x0000000705600000| Untracked |  0
|  32|0x0000000705800000, 0x0000000705800000, 0x0000000705a00000|  0%| F|  |TAMS 0x0000000705800000| PB 0x0000000705800000| Untracked |  0
|  33|0x0000000705a00000, 0x0000000705a00000, 0x0000000705c00000|  0%| F|  |TAMS 0x0000000705a00000| PB 0x0000000705a00000| Untracked |  0
|  34|0x0000000705c00000, 0x0000000705c00000, 0x0000000705e00000|  0%| F|  |TAMS 0x0000000705c00000| PB 0x0000000705c00000| Untracked |  0
|  35|0x0000000705e00000, 0x0000000705e00000, 0x0000000706000000|  0%| F|  |TAMS 0x0000000705e00000| PB 0x0000000705e00000| Untracked |  0
|  36|0x0000000706000000, 0x0000000706000000, 0x0000000706200000|  0%| F|  |TAMS 0x0000000706000000| PB 0x0000000706000000| Untracked |  0
|  37|0x0000000706200000, 0x0000000706200000, 0x0000000706400000|  0%| F|  |TAMS 0x0000000706200000| PB 0x0000000706200000| Untracked |  0
|  38|0x0000000706400000, 0x0000000706400000, 0x0000000706600000|  0%| F|  |TAMS 0x0000000706400000| PB 0x0000000706400000| Untracked |  0
|  39|0x0000000706600000, 0x0000000706600000, 0x0000000706800000|  0%| F|  |TAMS 0x0000000706600000| PB 0x0000000706600000| Untracked |  0
|  40|0x0000000706800000, 0x0000000706800000, 0x0000000706a00000|  0%| F|  |TAMS 0x0000000706800000| PB 0x0000000706800000| Untracked |  0
|  41|0x0000000706a00000, 0x0000000706a00000, 0x0000000706c00000|  0%| F|  |TAMS 0x0000000706a00000| PB 0x0000000706a00000| Untracked |  0
|  42|0x0000000706c00000, 0x0000000706c00000, 0x0000000706e00000|  0%| F|  |TAMS 0x0000000706c00000| PB 0x0000000706c00000| Untracked |  0
|  43|0x0000000706e00000, 0x0000000706e00000, 0x0000000707000000|  0%| F|  |TAMS 0x0000000706e00000| PB 0x0000000706e00000| Untracked |  0
|  44|0x0000000707000000, 0x0000000707000000, 0x0000000707200000|  0%| F|  |TAMS 0x0000000707000000| PB 0x0000000707000000| Untracked |  0
|  45|0x0000000707200000, 0x0000000707200000, 0x0000000707400000|  0%| F|  |TAMS 0x0000000707200000| PB 0x0000000707200000| Untracked |  0
|  46|0x0000000707400000, 0x0000000707400000, 0x0000000707600000|  0%| F|  |TAMS 0x0000000707400000| PB 0x0000000707400000| Untracked |  0
|  47|0x0000000707600000, 0x0000000707600000, 0x0000000707800000|  0%| F|  |TAMS 0x0000000707600000| PB 0x0000000707600000| Untracked |  0
|  48|0x0000000707800000, 0x0000000707800000, 0x0000000707a00000|  0%| F|  |TAMS 0x0000000707800000| PB 0x0000000707800000| Untracked |  0
|  49|0x0000000707a00000, 0x0000000707a00000, 0x0000000707c00000|  0%| F|  |TAMS 0x0000000707a00000| PB 0x0000000707a00000| Untracked |  0
|  50|0x0000000707c00000, 0x0000000707c00000, 0x0000000707e00000|  0%| F|  |TAMS 0x0000000707c00000| PB 0x0000000707c00000| Untracked |  0
|  51|0x0000000707e00000, 0x0000000707e00000, 0x0000000708000000|  0%| F|  |TAMS 0x0000000707e00000| PB 0x0000000707e00000| Untracked |  0
|  52|0x0000000708000000, 0x0000000708000000, 0x0000000708200000|  0%| F|  |TAMS 0x0000000708000000| PB 0x0000000708000000| Untracked |  0
|  53|0x0000000708200000, 0x0000000708200000, 0x0000000708400000|  0%| F|  |TAMS 0x0000000708200000| PB 0x0000000708200000| Untracked |  0
|  54|0x0000000708400000, 0x0000000708400000, 0x0000000708600000|  0%| F|  |TAMS 0x0000000708400000| PB 0x0000000708400000| Untracked |  0
|  55|0x0000000708600000, 0x0000000708600000, 0x0000000708800000|  0%| F|  |TAMS 0x0000000708600000| PB 0x0000000708600000| Untracked |  0
|  56|0x0000000708800000, 0x0000000708800000, 0x0000000708a00000|  0%| F|  |TAMS 0x0000000708800000| PB 0x0000000708800000| Untracked |  0
|  57|0x0000000708a00000, 0x0000000708a00000, 0x0000000708c00000|  0%| F|  |TAMS 0x0000000708a00000| PB 0x0000000708a00000| Untracked |  0
|  58|0x0000000708c00000, 0x0000000708c00000, 0x0000000708e00000|  0%| F|  |TAMS 0x0000000708c00000| PB 0x0000000708c00000| Untracked |  0
|  59|0x0000000708e00000, 0x0000000708e00000, 0x0000000709000000|  0%| F|  |TAMS 0x0000000708e00000| PB 0x0000000708e00000| Untracked |  0
|  60|0x0000000709000000, 0x0000000709000000, 0x0000000709200000|  0%| F|  |TAMS 0x0000000709000000| PB 0x0000000709000000| Untracked |  0
|  61|0x0000000709200000, 0x0000000709200000, 0x0000000709400000|  0%| F|  |TAMS 0x0000000709200000| PB 0x0000000709200000| Untracked |  0
|  62|0x0000000709400000, 0x0000000709400000, 0x0000000709600000|  0%| F|  |TAMS 0x0000000709400000| PB 0x0000000709400000| Untracked |  0
|  63|0x0000000709600000, 0x0000000709600000, 0x0000000709800000|  0%| F|  |TAMS 0x0000000709600000| PB 0x0000000709600000| Untracked |  0
|  64|0x0000000709800000, 0x0000000709800000, 0x0000000709a00000|  0%| F|  |TAMS 0x0000000709800000| PB 0x0000000709800000| Untracked |  0
|  65|0x0000000709a00000, 0x0000000709a00000, 0x0000000709c00000|  0%| F|  |TAMS 0x0000000709a00000| PB 0x0000000709a00000| Untracked |  0
|  66|0x0000000709c00000, 0x0000000709c00000, 0x0000000709e00000|  0%| F|  |TAMS 0x0000000709c00000| PB 0x0000000709c00000| Untracked |  0
|  67|0x0000000709e00000, 0x0000000709e00000, 0x000000070a000000|  0%| F|  |TAMS 0x0000000709e00000| PB 0x0000000709e00000| Untracked |  0
|  68|0x000000070a000000, 0x000000070a000000, 0x000000070a200000|  0%| F|  |TAMS 0x000000070a000000| PB 0x000000070a000000| Untracked |  0
|  69|0x000000070a200000, 0x000000070a200000, 0x000000070a400000|  0%| F|  |TAMS 0x000000070a200000| PB 0x000000070a200000| Untracked |  0
|  70|0x000000070a400000, 0x000000070a400000, 0x000000070a600000|  0%| F|  |TAMS 0x000000070a400000| PB 0x000000070a400000| Untracked |  0
|  71|0x000000070a600000, 0x000000070a600000, 0x000000070a800000|  0%| F|  |TAMS 0x000000070a600000| PB 0x000000070a600000| Untracked |  0
|  72|0x000000070a800000, 0x000000070a800000, 0x000000070aa00000|  0%| F|  |TAMS 0x000000070a800000| PB 0x000000070a800000| Untracked |  0
|  73|0x000000070aa00000, 0x000000070aa00000, 0x000000070ac00000|  0%| F|  |TAMS 0x000000070aa00000| PB 0x000000070aa00000| Untracked |  0
|  74|0x000000070ac00000, 0x000000070ac00000, 0x000000070ae00000|  0%| F|  |TAMS 0x000000070ac00000| PB 0x000000070ac00000| Untracked |  0
|  75|0x000000070ae00000, 0x000000070ae00000, 0x000000070b000000|  0%| F|  |TAMS 0x000000070ae00000| PB 0x000000070ae00000| Untracked |  0
|  76|0x000000070b000000, 0x000000070b000000, 0x000000070b200000|  0%| F|  |TAMS 0x000000070b000000| PB 0x000000070b000000| Untracked |  0
|  77|0x000000070b200000, 0x000000070b200000, 0x000000070b400000|  0%| F|  |TAMS 0x000000070b200000| PB 0x000000070b200000| Untracked |  0
|  78|0x000000070b400000, 0x000000070b400000, 0x000000070b600000|  0%| F|  |TAMS 0x000000070b400000| PB 0x000000070b400000| Untracked |  0
|  79|0x000000070b600000, 0x000000070b600000, 0x000000070b800000|  0%| F|  |TAMS 0x000000070b600000| PB 0x000000070b600000| Untracked |  0
|  80|0x000000070b800000, 0x000000070b800000, 0x000000070ba00000|  0%| F|  |TAMS 0x000000070b800000| PB 0x000000070b800000| Untracked |  0
|  81|0x000000070ba00000, 0x000000070ba00000, 0x000000070bc00000|  0%| F|  |TAMS 0x000000070ba00000| PB 0x000000070ba00000| Untracked |  0
|  82|0x000000070bc00000, 0x000000070bc00000, 0x000000070be00000|  0%| F|  |TAMS 0x000000070bc00000| PB 0x000000070bc00000| Untracked |  0
|  83|0x000000070be00000, 0x000000070be00000, 0x000000070c000000|  0%| F|  |TAMS 0x000000070be00000| PB 0x000000070be00000| Untracked |  0
|  84|0x000000070c000000, 0x000000070c000000, 0x000000070c200000|  0%| F|  |TAMS 0x000000070c000000| PB 0x000000070c000000| Untracked |  0
|  85|0x000000070c200000, 0x000000070c200000, 0x000000070c400000|  0%| F|  |TAMS 0x000000070c200000| PB 0x000000070c200000| Untracked |  0
|  86|0x000000070c400000, 0x000000070c400000, 0x000000070c600000|  0%| F|  |TAMS 0x000000070c400000| PB 0x000000070c400000| Untracked |  0
|  87|0x000000070c600000, 0x000000070c600000, 0x000000070c800000|  0%| F|  |TAMS 0x000000070c600000| PB 0x000000070c600000| Untracked |  0
|  88|0x000000070c800000, 0x000000070c800000, 0x000000070ca00000|  0%| F|  |TAMS 0x000000070c800000| PB 0x000000070c800000| Untracked |  0
|  89|0x000000070ca00000, 0x000000070ca00000, 0x000000070cc00000|  0%| F|  |TAMS 0x000000070ca00000| PB 0x000000070ca00000| Untracked |  0
|  90|0x000000070cc00000, 0x000000070cc00000, 0x000000070ce00000|  0%| F|  |TAMS 0x000000070cc00000| PB 0x000000070cc00000| Untracked |  0
|  91|0x000000070ce00000, 0x000000070ce00000, 0x000000070d000000|  0%| F|  |TAMS 0x000000070ce00000| PB 0x000000070ce00000| Untracked |  0
|  92|0x000000070d000000, 0x000000070d000000, 0x000000070d200000|  0%| F|  |TAMS 0x000000070d000000| PB 0x000000070d000000| Untracked |  0
|  93|0x000000070d200000, 0x000000070d200000, 0x000000070d400000|  0%| F|  |TAMS 0x000000070d200000| PB 0x000000070d200000| Untracked |  0
|  94|0x000000070d400000, 0x000000070d400000, 0x000000070d600000|  0%| F|  |TAMS 0x000000070d400000| PB 0x000000070d400000| Untracked |  0
|  95|0x000000070d600000, 0x000000070d600000, 0x000000070d800000|  0%| F|  |TAMS 0x000000070d600000| PB 0x000000070d600000| Untracked |  0
|  96|0x000000070d800000, 0x000000070d800000, 0x000000070da00000|  0%| F|  |TAMS 0x000000070d800000| PB 0x000000070d800000| Untracked |  0
|  97|0x000000070da00000, 0x000000070da00000, 0x000000070dc00000|  0%| F|  |TAMS 0x000000070da00000| PB 0x000000070da00000| Untracked |  0
|  98|0x000000070dc00000, 0x000000070dc00000, 0x000000070de00000|  0%| F|  |TAMS 0x000000070dc00000| PB 0x000000070dc00000| Untracked |  0
|  99|0x000000070de00000, 0x000000070de00000, 0x000000070e000000|  0%| F|  |TAMS 0x000000070de00000| PB 0x000000070de00000| Untracked |  0
| 100|0x000000070e000000, 0x000000070e000000, 0x000000070e200000|  0%| F|  |TAMS 0x000000070e000000| PB 0x000000070e000000| Untracked |  0
| 101|0x000000070e200000, 0x000000070e200000, 0x000000070e400000|  0%| F|  |TAMS 0x000000070e200000| PB 0x000000070e200000| Untracked |  0
| 102|0x000000070e400000, 0x000000070e400000, 0x000000070e600000|  0%| F|  |TAMS 0x000000070e400000| PB 0x000000070e400000| Untracked |  0
| 103|0x000000070e600000, 0x000000070e600000, 0x000000070e800000|  0%| F|  |TAMS 0x000000070e600000| PB 0x000000070e600000| Untracked |  0
| 104|0x000000070e800000, 0x000000070e800000, 0x000000070ea00000|  0%| F|  |TAMS 0x000000070e800000| PB 0x000000070e800000| Untracked |  0
| 105|0x000000070ea00000, 0x000000070ea00000, 0x000000070ec00000|  0%| F|  |TAMS 0x000000070ea00000| PB 0x000000070ea00000| Untracked |  0
| 106|0x000000070ec00000, 0x000000070ec00000, 0x000000070ee00000|  0%| F|  |TAMS 0x000000070ec00000| PB 0x000000070ec00000| Untracked |  0
| 107|0x000000070ee00000, 0x000000070ee00000, 0x000000070f000000|  0%| F|  |TAMS 0x000000070ee00000| PB 0x000000070ee00000| Untracked |  0
| 108|0x000000070f000000, 0x000000070f000000, 0x000000070f200000|  0%| F|  |TAMS 0x000000070f000000| PB 0x000000070f000000| Untracked |  0
| 109|0x000000070f200000, 0x000000070f200000, 0x000000070f400000|  0%| F|  |TAMS 0x000000070f200000| PB 0x000000070f200000| Untracked |  0
| 110|0x000000070f400000, 0x000000070f45cd98, 0x000000070f600000| 18%| E|  |TAMS 0x000000070f400000| PB 0x000000070f400000| Complete |  0
| 111|0x000000070f600000, 0x000000070f800000, 0x000000070f800000|100%| E|CS|TAMS 0x000000070f600000| PB 0x000000070f600000| Complete |  0
| 112|0x000000070f800000, 0x000000070fa00000, 0x000000070fa00000|100%| E|CS|TAMS 0x000000070f800000| PB 0x000000070f800000| Complete |  0
| 113|0x000000070fa00000, 0x000000070fc00000, 0x000000070fc00000|100%| E|CS|TAMS 0x000000070fa00000| PB 0x000000070fa00000| Complete |  0
| 114|0x000000070fc00000, 0x000000070fd3a640, 0x000000070fe00000| 61%| S|CS|TAMS 0x000000070fc00000| PB 0x000000070fc00000| Complete |  0
| 115|0x000000070fe00000, 0x0000000710000000, 0x0000000710000000|100%| S|CS|TAMS 0x000000070fe00000| PB 0x000000070fe00000| Complete |  0
| 116|0x0000000710000000, 0x0000000710200000, 0x0000000710200000|100%| E|CS|TAMS 0x0000000710000000| PB 0x0000000710000000| Complete |  0
| 117|0x0000000710200000, 0x0000000710400000, 0x0000000710400000|100%| E|CS|TAMS 0x0000000710200000| PB 0x0000000710200000| Complete |  0
| 118|0x0000000710400000, 0x0000000710600000, 0x0000000710600000|100%| E|CS|TAMS 0x0000000710400000| PB 0x0000000710400000| Complete |  0
| 119|0x0000000710600000, 0x0000000710800000, 0x0000000710800000|100%| E|CS|TAMS 0x0000000710600000| PB 0x0000000710600000| Complete |  0
| 120|0x0000000710800000, 0x0000000710a00000, 0x0000000710a00000|100%| E|CS|TAMS 0x0000000710800000| PB 0x0000000710800000| Complete |  0
| 121|0x0000000710a00000, 0x0000000710c00000, 0x0000000710c00000|100%| E|CS|TAMS 0x0000000710a00000| PB 0x0000000710a00000| Complete |  0
| 122|0x0000000710c00000, 0x0000000710e00000, 0x0000000710e00000|100%| E|CS|TAMS 0x0000000710c00000| PB 0x0000000710c00000| Complete |  0
| 123|0x0000000710e00000, 0x0000000711000000, 0x0000000711000000|100%| E|CS|TAMS 0x0000000710e00000| PB 0x0000000710e00000| Complete |  0
| 124|0x0000000711000000, 0x0000000711200000, 0x0000000711200000|100%| E|CS|TAMS 0x0000000711000000| PB 0x0000000711000000| Complete |  0
| 125|0x0000000711200000, 0x0000000711400000, 0x0000000711400000|100%| E|CS|TAMS 0x0000000711200000| PB 0x0000000711200000| Complete |  0
| 126|0x0000000711400000, 0x0000000711600000, 0x0000000711600000|100%| E|CS|TAMS 0x0000000711400000| PB 0x0000000711400000| Complete |  0
| 127|0x0000000711600000, 0x0000000711800000, 0x0000000711800000|100%| E|CS|TAMS 0x0000000711600000| PB 0x0000000711600000| Complete |  0

Card table byte_map: [0x0000017cd4400000,0x0000017cd4c00000] _byte_map_base: 0x0000017cd0bf4000

Marking Bits: (CMBitMap*) 0x0000017cba188490
 Bits: [0x0000017cd4c00000, 0x0000017cd8ba0000)

Polling page: 0x0000017cba1e0000

Metaspace:

Usage:
  Non-class:      7.12 MB used.
      Class:    443.47 KB used.
       Both:      7.55 MB used.

Virtual space:
  Non-class space:       64.00 MB reserved,       7.25 MB ( 11%) committed,  1 nodes.
      Class space:        1.00 GB reserved,     576.00 KB ( <1%) committed,  1 nodes.
             Both:        1.06 GB reserved,       7.81 MB ( <1%) committed. 

Chunk freelists:
   Non-Class:  7.44 MB
       Class:  15.46 MB
        Both:  22.90 MB

MaxMetaspaceSize: unlimited
CompressedClassSpaceSize: 1.00 GB
Initial GC threshold: 21.00 MB
Current GC threshold: 21.00 MB
CDS: on
 - commit_granule_bytes: 65536.
 - commit_granule_words: 8192.
 - virtual_space_node_default_size: 8388608.
 - enlarge_chunks_in_place: 1.
 - use_allocation_guard: 0.


Internal statistics:

num_allocs_failed_limit: 0.
num_arena_births: 244.
num_arena_deaths: 0.
num_vsnodes_births: 2.
num_vsnodes_deaths: 0.
num_space_committed: 124.
num_space_uncommitted: 0.
num_chunks_returned_to_freelist: 0.
num_chunks_taken_from_freelist: 465.
num_chunk_merges: 0.
num_chunk_splits: 310.
num_chunks_enlarged: 203.
num_inconsistent_stats: 0.

CodeHeap 'non-profiled nmethods': size=119168Kb used=713Kb max_used=713Kb free=118455Kb
 bounds [0x0000017ccb7d0000, 0x0000017ccba40000, 0x0000017cd2c30000]
CodeHeap 'profiled nmethods': size=119104Kb used=2840Kb max_used=2840Kb free=116263Kb
 bounds [0x0000017cc3c30000, 0x0000017cc3f00000, 0x0000017ccb080000]
CodeHeap 'non-nmethods': size=7488Kb used=2299Kb max_used=4004Kb free=5188Kb
 bounds [0x0000017ccb080000, 0x0000017ccb480000, 0x0000017ccb7d0000]
 total_blobs=3125 nmethods=1895 adapters=1135
 compilation: enabled
              stopped_count=0, restarted_count=0
 full_count=0

Compilation events (20 events):
Event: 87.853 Thread 0x0000017d28e7f090 1886       4       main.EntityManager::update (308 bytes)
Event: 87.853 Thread 0x0000017cdbc2f440 1887       4       main.Tank::update (28 bytes)
Event: 87.875 Thread 0x0000017cdbc2f440 nmethod 1887 0x0000017ccb875910 code [0x0000017ccb875c20, 0x0000017ccb8773e8]
Event: 87.875 Thread 0x0000017cdbc2f440 1892       4       main.Engine::render (233 bytes)
Event: 87.875 Thread 0x0000017d28e7e870 1888       4       main.Entity::update (53 bytes)
Event: 87.876 Thread 0x0000017d28e7e870 nmethod 1888 0x0000017ccb878190 code [0x0000017ccb878320, 0x0000017ccb878440]
Event: 87.876 Thread 0x0000017d28e7e870 1889       4       main.Tank::handleCollisions (10 bytes)
Event: 87.877 Thread 0x0000017d28e7e870 nmethod 1889 0x0000017ccb878590 code [0x0000017ccb878760, 0x0000017ccb8789f8]
Event: 87.877 Thread 0x0000017d28e7e870 1890       4       main.Tank::handleBodyCollisions (193 bytes)
Event: 87.878 Thread 0x0000017d28e7e870 nmethod 1890 0x0000017ccb878c90 code [0x0000017ccb878e60, 0x0000017ccb8790b0]
Event: 87.878 Thread 0x0000017d28e7e870 1891       4       main.CameraHandler::update (224 bytes)
Event: 87.879 Thread 0x0000017d28e7e870 nmethod 1891 0x0000017ccb879290 code [0x0000017ccb879440, 0x0000017ccb879610]
Event: 87.879 Thread 0x0000017d28e7e870 1893       4       org.joml.Matrix4f::mulAffine (476 bytes)
Event: 87.881 Thread 0x0000017d28e7e870 nmethod 1893 0x0000017ccb879790 code [0x0000017ccb879920, 0x0000017ccb879c80]
Event: 87.895 Thread 0x0000017d28e7f090 nmethod 1886 0x0000017ccb87a010 code [0x0000017ccb87a3c0, 0x0000017ccb87c3f0]
Event: 87.950 Thread 0x0000017cdbc2f440 nmethod 1892 0x0000017ccb87df90 code [0x0000017ccb87e400, 0x0000017ccb8800d0]
Event: 136.016 Thread 0x0000017d210086a0 1894       3       java.util.concurrent.ConcurrentHashMap$BaseIterator::<init> (21 bytes)
Event: 136.016 Thread 0x0000017d210086a0 nmethod 1894 0x0000017cc3ef5a90 code [0x0000017cc3ef5c40, 0x0000017cc3ef5e20]
Event: 136.016 Thread 0x0000017d210086a0 1895       3       java.util.concurrent.ConcurrentHashMap$Traverser::<init> (36 bytes)
Event: 136.016 Thread 0x0000017d210086a0 nmethod 1895 0x0000017cc3ef5f10 code [0x0000017cc3ef60c0, 0x0000017cc3ef62d0]

GC Heap History (2 events):
Event: 3.598 GC heap before
{Heap before GC invocations=0 (full 0):
 garbage-first heap   total reserved 4169728K, committed 262144K, used 22528K [0x0000000701800000, 0x0000000800000000)
  region size 2048K, 12 young (24576K), 0 survivors (0K)
 Metaspace       used 7587K, committed 7872K, reserved 1114112K
  class space    used 443K, committed 576K, reserved 1048576K
}
Event: 3.600 GC heap after
{Heap after GC invocations=1 (full 0):
 garbage-first heap   total reserved 4169728K, committed 262144K, used 3305K [0x0000000701800000, 0x0000000800000000)
  region size 2048K, 2 young (4096K), 2 survivors (4096K)
 Metaspace       used 7587K, committed 7872K, reserved 1114112K
  class space    used 443K, committed 576K, reserved 1048576K
}

Dll operation events (14 events):
Event: 0.005 Loaded shared library C:\Users\judee\.jdks\openjdk-22\bin\java.dll
Event: 0.025 Loaded shared library C:\Users\judee\.jdks\openjdk-22\bin\jsvml.dll
Event: 0.051 Loaded shared library C:\Users\judee\.jdks\openjdk-22\bin\zip.dll
Event: 0.053 Loaded shared library C:\Users\judee\.jdks\openjdk-22\bin\instrument.dll
Event: 0.056 Loaded shared library C:\Users\judee\.jdks\openjdk-22\bin\net.dll
Event: 0.058 Loaded shared library C:\Users\judee\.jdks\openjdk-22\bin\nio.dll
Event: 0.060 Loaded shared library C:\Users\judee\.jdks\openjdk-22\bin\zip.dll
Event: 0.073 Loaded shared library C:\Program Files\JetBrains\IntelliJ IDEA 2023.3.4\bin\breakgen64.dll
Event: 0.078 Loaded shared library C:\Users\judee\.jdks\openjdk-22\bin\extnet.dll
Event: 0.104 Loaded shared library C:\Users\judee\.jdks\openjdk-22\bin\jimage.dll
Event: 0.117 Loaded shared library C:\Users\judee\AppData\Local\Temp\lwjgl_judee\3.3.4+7\x64\lwjgl.dll
Event: 0.373 Loaded shared library C:\Users\judee\AppData\Local\Temp\lwjgl_judee\3.3.4+7\x64\lwjgl_opengl.dll
Event: 0.555 Loaded shared library C:\Users\judee\.jdks\openjdk-22\bin\verify.dll
Event: 0.650 Loaded shared library C:\Users\judee\AppData\Local\Temp\lwjgl_judee\3.3.4+7\x64\lwjgl_stb.dll

Deoptimization events (20 events):
Event: 1.025 Thread 0x0000017cdbc25af0 DEOPT PACKING pc=0x0000017ccb816224 sp=0x00000020169fe300
Event: 1.025 Thread 0x0000017cdbc25af0 DEOPT UNPACKING pc=0x0000017ccb0d46a2 sp=0x00000020169fe298 mode 2
Event: 2.864 Thread 0x0000017cb9e24ee0 Uncommon trap: trap_request=0xffffff5c fr.pc=0x0000017ccb8334e8 relative=0x0000000000000068
Event: 2.864 Thread 0x0000017cb9e24ee0 Uncommon trap: reason=speculate_null_check action=make_not_entrant pc=0x0000017ccb8334e8 method=sun.misc.Unsafe.getFloat(Ljava/lang/Object;J)F @ 5 c2
Event: 2.864 Thread 0x0000017cb9e24ee0 DEOPT PACKING pc=0x0000017ccb8334e8 sp=0x0000002015efed70
Event: 2.864 Thread 0x0000017cb9e24ee0 DEOPT UNPACKING pc=0x0000017ccb0d46a2 sp=0x0000002015efece8 mode 2
Event: 3.024 Thread 0x0000017cb9e24ee0 DEOPT PACKING pc=0x0000017cc3e14d7e sp=0x0000002015efe5e0
Event: 3.024 Thread 0x0000017cb9e24ee0 DEOPT UNPACKING pc=0x0000017ccb0d4e42 sp=0x0000002015efda50 mode 0
Event: 3.600 Thread 0x0000017cdbc21700 Uncommon trap: trap_request=0xffffff45 fr.pc=0x0000017ccb8245c0 relative=0x0000000000000040
Event: 3.600 Thread 0x0000017cdbc21700 Uncommon trap: reason=unstable_if action=reinterpret pc=0x0000017ccb8245c0 method=java.util.concurrent.locks.AbstractQueuedSynchronizer.signalNext(Ljava/util/concurrent/locks/AbstractQueuedSynchronizer$Node;)V @ 1 c2
Event: 3.600 Thread 0x0000017cdbc21700 DEOPT PACKING pc=0x0000017ccb8245c0 sp=0x00000020166ff390
Event: 3.600 Thread 0x0000017cdbc21700 DEOPT UNPACKING pc=0x0000017ccb0d46a2 sp=0x00000020166ff320 mode 2
Event: 4.051 Thread 0x0000017cb9e24ee0 DEOPT PACKING pc=0x0000017cc3e66699 sp=0x0000002015efea00
Event: 4.051 Thread 0x0000017cb9e24ee0 DEOPT UNPACKING pc=0x0000017ccb0d4e42 sp=0x0000002015efdec8 mode 0
Event: 4.224 Thread 0x0000017cb9e24ee0 DEOPT PACKING pc=0x0000017cc3e6745c sp=0x0000002015efe9d0
Event: 4.224 Thread 0x0000017cb9e24ee0 DEOPT UNPACKING pc=0x0000017ccb0d4e42 sp=0x0000002015efdeb0 mode 0
Event: 136.016 Thread 0x0000017cb9e24ee0 Uncommon trap: trap_request=0xffffff45 fr.pc=0x0000017ccb86e228 relative=0x0000000000000088
Event: 136.016 Thread 0x0000017cb9e24ee0 Uncommon trap: reason=unstable_if action=reinterpret pc=0x0000017ccb86e228 method=org.lwjgl.glfw.GLFW.glfwWindowShouldClose(J)Z @ 20 c2
Event: 136.016 Thread 0x0000017cb9e24ee0 DEOPT PACKING pc=0x0000017ccb86e228 sp=0x0000002015eff010
Event: 136.016 Thread 0x0000017cb9e24ee0 DEOPT UNPACKING pc=0x0000017ccb0d46a2 sp=0x0000002015efefa0 mode 2

Classes loaded (20 events):
Event: 1.025 Loading class sun/util/resources/cldr/TimeZoneNames_en_US
Event: 1.025 Loading class sun/util/resources/cldr/TimeZoneNames_en_US done
Event: 1.026 Loading class java/time/zone/ZoneRulesProvider
Event: 1.026 Loading class java/time/zone/ZoneRulesProvider done
Event: 1.026 Loading class java/time/zone/ZoneRulesProvider$1
Event: 1.026 Loading class java/time/zone/ZoneRulesProvider$1 done
Event: 1.026 Loading class java/time/zone/TzdbZoneRulesProvider
Event: 1.026 Loading class java/time/zone/TzdbZoneRulesProvider done
Event: 1.027 Loading class java/util/Arrays$ArrayItr
Event: 1.027 Loading class java/util/Arrays$ArrayItr done
Event: 1.028 Loading class java/time/zone/Ser
Event: 1.028 Loading class java/time/zone/Ser done
Event: 1.028 Loading class java/time/zone/ZoneOffsetTransition
Event: 1.028 Loading class java/time/zone/ZoneOffsetTransition done
Event: 1.029 Loading class sun/util/cldr/CLDRBaseLocaleDataMetaInfo$TZCanonicalIDMapHolder
Event: 1.029 Loading class sun/util/cldr/CLDRBaseLocaleDataMetaInfo$TZCanonicalIDMapHolder done
Event: 1.030 Loading class sun/util/resources/TimeZoneNames
Event: 1.030 Loading class sun/util/resources/TimeZoneNames done
Event: 1.030 Loading class sun/util/resources/TimeZoneNames_en
Event: 1.030 Loading class sun/util/resources/TimeZoneNames_en done

Classes unloaded (0 events):
No events

Classes redefined (0 events):
No events

Internal exceptions (20 events):
Event: 0.128 Thread 0x0000017cb9e24ee0 Exception <a 'java/lang/NoSuchMethodError'{0x0000000711058798}: 'int java.lang.invoke.DirectMethodHandle$Holder.invokeStaticInit(java.lang.Object, java.lang.Object, long, long)'> (0x0000000711058798) 
thrown [s\open\src\hotspot\share\interpreter\linkResolver.cpp, line 774]
Event: 0.129 Thread 0x0000017cb9e24ee0 Exception <a 'java/lang/NoSuchMethodError'{0x000000071105e220}: 'java.lang.Object java.lang.invoke.DirectMethodHandle$Holder.newInvokeSpecial(java.lang.Object, java.lang.Object, long)'> (0x000000071105e220) 
thrown [s\open\src\hotspot\share\interpreter\linkResolver.cpp, line 774]
Event: 0.129 Thread 0x0000017cb9e24ee0 Exception <a 'java/lang/NoSuchMethodError'{0x00000007110620c8}: 'java.lang.Object java.lang.invoke.Invokers$Holder.linkToTargetMethod(java.lang.Object, long, java.lang.Object)'> (0x00000007110620c8) 
thrown [s\open\src\hotspot\share\interpreter\linkResolver.cpp, line 774]
Event: 0.129 Thread 0x0000017cb9e24ee0 Exception <a 'java/lang/NoSuchMethodError'{0x00000007110692f0}: 'int java.lang.invoke.DirectMethodHandle$Holder.invokeStaticInit(java.lang.Object, java.lang.Object, java.lang.Object, long)'> (0x00000007110692f0) 
thrown [s\open\src\hotspot\share\interpreter\linkResolver.cpp, line 774]
Event: 0.144 Thread 0x0000017cb9e24ee0 Exception <a 'sun/nio/fs/WindowsException'{0x0000000711110ad8}> (0x0000000711110ad8) 
thrown [s\open\src\hotspot\share\prims\jni.cpp, line 520]
Event: 0.144 Thread 0x0000017cb9e24ee0 Exception <a 'sun/nio/fs/WindowsException'{0x0000000711110e38}> (0x0000000711110e38) 
thrown [s\open\src\hotspot\share\prims\jni.cpp, line 520]
Event: 0.147 Thread 0x0000017cb9e24ee0 Exception <a 'java/lang/NoSuchMethodError'{0x000000071112b0c0}: 'int java.lang.invoke.Invokers$Holder.invokeExact_MT(java.lang.Object, java.lang.Object)'> (0x000000071112b0c0) 
thrown [s\open\src\hotspot\share\interpreter\linkResolver.cpp, line 774]
Event: 0.368 Thread 0x0000017cb9e24ee0 Exception <a 'java/lang/NoSuchMethodError'{0x000000071119b368}: 'void java.lang.System.load(java.lang.String, java.lang.Class)'> (0x000000071119b368) 
thrown [s\open\src\hotspot\share\interpreter\linkResolver.cpp, line 774]
Event: 0.369 Thread 0x0000017cb9e24ee0 Exception <a 'java/lang/NoSuchMethodError'{0x000000071119ddb8}: 'void java.lang.System.loadLibrary(java.lang.String, java.lang.Class)'> (0x000000071119ddb8) 
thrown [s\open\src\hotspot\share\interpreter\linkResolver.cpp, line 774]
Event: 0.372 Thread 0x0000017cb9e24ee0 Exception <a 'sun/nio/fs/WindowsException'{0x00000007111ac608}> (0x00000007111ac608) 
thrown [s\open\src\hotspot\share\prims\jni.cpp, line 520]
Event: 0.372 Thread 0x0000017cb9e24ee0 Exception <a 'sun/nio/fs/WindowsException'{0x00000007111ac9a8}> (0x00000007111ac9a8) 
thrown [s\open\src\hotspot\share\prims\jni.cpp, line 520]
Event: 0.374 Thread 0x0000017cb9e24ee0 Exception <a 'sun/nio/fs/WindowsException'{0x00000007111b6ba8}> (0x00000007111b6ba8) 
thrown [s\open\src\hotspot\share\prims\jni.cpp, line 520]
Event: 0.374 Thread 0x0000017cb9e24ee0 Exception <a 'sun/nio/fs/WindowsException'{0x00000007111b6e78}> (0x00000007111b6e78) 
thrown [s\open\src\hotspot\share\prims\jni.cpp, line 520]
Event: 0.602 Thread 0x0000017cb9e24ee0 Exception <a 'java/lang/NoSuchMethodError'{0x0000000710d0de60}: 'java.lang.Object java.lang.invoke.DirectMethodHandle$Holder.invokeStaticInit(java.lang.Object, int, int, int, int)'> (0x0000000710d0de60) 
thrown [s\open\src\hotspot\share\interpreter\linkResolver.cpp, line 774]
Event: 0.614 Thread 0x0000017cb9e24ee0 Exception <a 'java/lang/NoSuchMethodError'{0x0000000710dc73c8}: 'java.lang.Object java.lang.invoke.DirectMethodHandle$Holder.invokeStaticInit(java.lang.Object, java.lang.Object, int, int, int, int)'> (0x0000000710dc73c8) 
thrown [s\open\src\hotspot\share\interpreter\linkResolver.cpp, line 774]
Event: 0.645 Thread 0x0000017cb9e24ee0 Exception <a 'java/lang/NoSuchMethodError'{0x0000000710b55c58}: 'void java.lang.System.load(java.lang.String, java.lang.Class)'> (0x0000000710b55c58) 
thrown [s\open\src\hotspot\share\interpreter\linkResolver.cpp, line 774]
Event: 0.645 Thread 0x0000017cb9e24ee0 Exception <a 'java/lang/NoSuchMethodError'{0x0000000710b586a8}: 'void java.lang.System.loadLibrary(java.lang.String, java.lang.Class)'> (0x0000000710b586a8) 
thrown [s\open\src\hotspot\share\interpreter\linkResolver.cpp, line 774]
Event: 0.649 Thread 0x0000017cb9e24ee0 Exception <a 'sun/nio/fs/WindowsException'{0x0000000710b67030}> (0x0000000710b67030) 
thrown [s\open\src\hotspot\share\prims\jni.cpp, line 520]
Event: 0.649 Thread 0x0000017cb9e24ee0 Exception <a 'sun/nio/fs/WindowsException'{0x0000000710b673b0}> (0x0000000710b673b0) 
thrown [s\open\src\hotspot\share\prims\jni.cpp, line 520]
Event: 1.031 Thread 0x0000017cdbc25af0 Exception <a 'java/lang/NoSuchMethodError'{0x0000000710768308}: 'java.lang.Object java.lang.invoke.Invokers$Holder.invokeExact_MT(java.lang.Object, java.lang.Object, java.lang.Object, java.lang.Object, java.lang.Object, java.lang.Object)'> (0x0000000710768308) 
thrown [s\open\src\hotspot\share\interpreter\linkResolver.cpp, line 774]

ZGC Phase Switch (0 events):
No events

VM Operations (20 events):
Event: 1.618 Executing VM operation: Cleanup
Event: 1.619 Executing VM operation: Cleanup done
Event: 2.619 Executing VM operation: Cleanup
Event: 2.619 Executing VM operation: Cleanup done
Event: 3.598 Executing VM operation: G1CollectForAllocation (G1 Evacuation Pause)
Event: 3.600 Executing VM operation: G1CollectForAllocation (G1 Evacuation Pause) done
Event: 4.600 Executing VM operation: Cleanup
Event: 4.600 Executing VM operation: Cleanup done
Event: 5.399 Executing VM operation: HandshakeAllThreads (Deoptimize)
Event: 5.399 Executing VM operation: HandshakeAllThreads (Deoptimize) done
Event: 6.399 Executing VM operation: Cleanup
Event: 6.399 Executing VM operation: Cleanup done
Event: 14.401 Executing VM operation: Cleanup
Event: 14.401 Executing VM operation: Cleanup done
Event: 36.406 Executing VM operation: Cleanup
Event: 36.406 Executing VM operation: Cleanup done
Event: 37.407 Executing VM operation: Cleanup
Event: 37.407 Executing VM operation: Cleanup done
Event: 72.419 Executing VM operation: Cleanup
Event: 72.419 Executing VM operation: Cleanup done

Events (20 events):
Event: 0.044 Thread 0x0000017d21113b00 Thread added: 0x0000017d21113b00
Event: 0.044 Thread 0x0000017d211149e0 Thread added: 0x0000017d211149e0
Event: 0.074 Thread 0x0000017d212fe090 Thread added: 0x0000017d212fe090
Event: 0.074 Thread 0x0000017d212fe700 Thread added: 0x0000017d212fe700
Event: 1.027 Thread 0x0000017d28e9e800 Thread added: 0x0000017d28e9e800
Event: 1.027 Thread 0x0000017d291db450 Thread added: 0x0000017d291db450
Event: 1.183 Thread 0x0000017d28e9e800 Thread exited: 0x0000017d28e9e800
Event: 1.183 Thread 0x0000017d291db450 Thread exited: 0x0000017d291db450
Event: 4.811 Thread 0x0000017d21113b00 Thread exited: 0x0000017d21113b00
Event: 4.811 Thread 0x0000017d211149e0 Thread exited: 0x0000017d211149e0
Event: 4.838 Thread 0x0000017d211149e0 Thread added: 0x0000017d211149e0
Event: 5.798 Thread 0x0000017d29391320 Thread added: 0x0000017d29391320
Event: 5.798 Thread 0x0000017d2934baa0 Thread added: 0x0000017d2934baa0
Event: 6.478 Thread 0x0000017d2934baa0 Thread exited: 0x0000017d2934baa0
Event: 6.758 Thread 0x0000017d211149e0 Thread exited: 0x0000017d211149e0
Event: 6.758 Thread 0x0000017d29391320 Thread exited: 0x0000017d29391320
Event: 86.039 Thread 0x0000017d28e7f090 Thread added: 0x0000017d28e7f090
Event: 87.875 Thread 0x0000017d28e7e870 Thread added: 0x0000017d28e7e870
Event: 92.881 Thread 0x0000017d28e7e870 Thread exited: 0x0000017d28e7e870
Event: 92.895 Thread 0x0000017d28e7f090 Thread exited: 0x0000017d28e7f090


Dynamic libraries:
0x00007ff669360000 - 0x00007ff66936e000 	C:\Users\judee\.jdks\openjdk-22\bin\java.exe
0x00007ffa71310000 - 0x00007ffa71527000 	C:\WINDOWS\SYSTEM32\ntdll.dll
0x00007ffa6ffc0000 - 0x00007ffa70084000 	C:\WINDOWS\System32\KERNEL32.DLL
0x00007ffa6ebe0000 - 0x00007ffa6ef97000 	C:\WINDOWS\System32\KERNELBASE.dll
0x00007ffa6e950000 - 0x00007ffa6ea61000 	C:\WINDOWS\System32\ucrtbase.dll
0x00007ffa64f60000 - 0x00007ffa64f77000 	C:\Users\judee\.jdks\openjdk-22\bin\jli.dll
0x00007ffa64e70000 - 0x00007ffa64e8b000 	C:\Users\judee\.jdks\openjdk-22\bin\VCRUNTIME140.dll
0x00007ffa6fe10000 - 0x00007ffa6ffbf000 	C:\WINDOWS\System32\USER32.dll
0x00007ffa6f010000 - 0x00007ffa6f036000 	C:\WINDOWS\System32\win32u.dll
0x00007ffa61f40000 - 0x00007ffa621d3000 	C:\WINDOWS\WinSxS\amd64_microsoft.windows.common-controls_6595b64144ccf1df_6.0.22621.3672_none_2713b9d173822955\COMCTL32.dll
0x00007ffa709f0000 - 0x00007ffa70a19000 	C:\WINDOWS\System32\GDI32.dll
0x00007ffa70610000 - 0x00007ffa706b7000 	C:\WINDOWS\System32\msvcrt.dll
0x00007ffa6e830000 - 0x00007ffa6e948000 	C:\WINDOWS\System32\gdi32full.dll
0x00007ffa6e6d0000 - 0x00007ffa6e76a000 	C:\WINDOWS\System32\msvcp_win.dll
0x00007ffa6fd70000 - 0x00007ffa6fda1000 	C:\WINDOWS\System32\IMM32.DLL
0x00007ffa6a4e0000 - 0x00007ffa6a4ec000 	C:\Users\judee\.jdks\openjdk-22\bin\vcruntime140_1.dll
0x00007ffa5d660000 - 0x00007ffa5d6ee000 	C:\Users\judee\.jdks\openjdk-22\bin\msvcp140.dll
0x00007ff9a9940000 - 0x00007ff9aa688000 	C:\Users\judee\.jdks\openjdk-22\bin\server\jvm.dll
0x00007ffa6f180000 - 0x00007ffa6f232000 	C:\WINDOWS\System32\ADVAPI32.dll
0x00007ffa6fcc0000 - 0x00007ffa6fd68000 	C:\WINDOWS\System32\sechost.dll
0x00007ffa6e6a0000 - 0x00007ffa6e6c8000 	C:\WINDOWS\System32\bcrypt.dll
0x00007ffa707d0000 - 0x00007ffa708e4000 	C:\WINDOWS\System32\RPCRT4.dll
0x00007ffa6f920000 - 0x00007ffa6f991000 	C:\WINDOWS\System32\WS2_32.dll
0x00007ffa6d4d0000 - 0x00007ffa6d51d000 	C:\WINDOWS\SYSTEM32\POWRPROF.dll
0x00007ffa65440000 - 0x00007ffa65474000 	C:\WINDOWS\SYSTEM32\WINMM.dll
0x00007ffa68a80000 - 0x00007ffa68a8a000 	C:\WINDOWS\SYSTEM32\VERSION.dll
0x00007ffa6d4b0000 - 0x00007ffa6d4c3000 	C:\WINDOWS\SYSTEM32\UMPDC.dll
0x00007ffa6d760000 - 0x00007ffa6d778000 	C:\WINDOWS\SYSTEM32\kernel.appcore.dll
0x00007ffa64f00000 - 0x00007ffa64f0a000 	C:\Users\judee\.jdks\openjdk-22\bin\jimage.dll
0x00007ffa630a0000 - 0x00007ffa632d2000 	C:\WINDOWS\SYSTEM32\DBGHELP.DLL
0x00007ffa6f590000 - 0x00007ffa6f91e000 	C:\WINDOWS\System32\combase.dll
0x00007ffa6f0a0000 - 0x00007ffa6f177000 	C:\WINDOWS\System32\OLEAUT32.dll
0x00007ffa51120000 - 0x00007ffa51152000 	C:\WINDOWS\SYSTEM32\dbgcore.DLL
0x00007ffa6e620000 - 0x00007ffa6e69b000 	C:\WINDOWS\System32\bcryptPrimitives.dll
0x00007ffa64e60000 - 0x00007ffa64e6f000 	C:\Users\judee\.jdks\openjdk-22\bin\instrument.dll
0x00007ffa61bb0000 - 0x00007ffa61bce000 	C:\Users\judee\.jdks\openjdk-22\bin\java.dll
0x00007ffa70a60000 - 0x00007ffa712c9000 	C:\WINDOWS\System32\SHELL32.dll
0x00007ffa6f240000 - 0x00007ffa6f3e5000 	C:\WINDOWS\System32\ole32.dll
0x00007ffa6c5a0000 - 0x00007ffa6ce9f000 	C:\WINDOWS\SYSTEM32\windows.storage.dll
0x00007ffa6c460000 - 0x00007ffa6c59f000 	C:\WINDOWS\SYSTEM32\wintypes.dll
0x00007ffa706d0000 - 0x00007ffa707c9000 	C:\WINDOWS\System32\SHCORE.dll
0x00007ffa70120000 - 0x00007ffa7017e000 	C:\WINDOWS\System32\shlwapi.dll
0x00007ffa6e550000 - 0x00007ffa6e577000 	C:\WINDOWS\SYSTEM32\profapi.dll
0x00007ffa3f330000 - 0x00007ffa3f407000 	C:\Users\judee\.jdks\openjdk-22\bin\jsvml.dll
0x00007ffa5d590000 - 0x00007ffa5d5a7000 	C:\Users\judee\.jdks\openjdk-22\bin\zip.dll
0x00007ffa61ba0000 - 0x00007ffa61bb0000 	C:\Users\judee\.jdks\openjdk-22\bin\net.dll
0x00007ffa6dbd0000 - 0x00007ffa6dc39000 	C:\WINDOWS\system32\mswsock.dll
0x00007ffa5d5b0000 - 0x00007ffa5d5c6000 	C:\Users\judee\.jdks\openjdk-22\bin\nio.dll
0x00007ffa5d570000 - 0x00007ffa5d58a000 	C:\Program Files\JetBrains\IntelliJ IDEA 2023.3.4\bin\breakgen64.dll
0x00007ffa5d650000 - 0x00007ffa5d659000 	C:\Users\judee\.jdks\openjdk-22\bin\extnet.dll
0x00007ffa3f0d0000 - 0x00007ffa3f14b000 	C:\Users\judee\AppData\Local\Temp\lwjgl_judee\3.3.4+7\x64\lwjgl.dll
0x00007ffa16010000 - 0x00007ffa16095000 	C:\Users\judee\AppData\Local\Temp\lwjgl_judee\3.3.4+7\x64\glfw.dll
0x00007ffa3f080000 - 0x00007ffa3f0c6000 	C:\WINDOWS\SYSTEM32\dinput8.dll
0x00007ffa318d0000 - 0x00007ffa318e1000 	C:\WINDOWS\SYSTEM32\xinput1_4.dll
0x00007ffa6e310000 - 0x00007ffa6e35e000 	C:\WINDOWS\SYSTEM32\cfgmgr32.dll
0x00007ffa6e2e0000 - 0x00007ffa6e30c000 	C:\WINDOWS\SYSTEM32\DEVOBJ.dll
0x00007ffa6bd30000 - 0x00007ffa6bd5b000 	C:\WINDOWS\SYSTEM32\dwmapi.dll
0x00007ffa50f00000 - 0x00007ffa51113000 	C:\WINDOWS\SYSTEM32\inputhost.dll
0x00007ffa6a9b0000 - 0x00007ffa6aae3000 	C:\WINDOWS\SYSTEM32\CoreMessaging.dll
0x00007ffa6baa0000 - 0x00007ffa6bb51000 	C:\WINDOWS\system32\uxtheme.dll
0x0000000180000000 - 0x00000001834b4000 	C:\Program Files (x86)\RivaTuner Statistics Server\RTSSHooks64.dll
0x00007ffa70190000 - 0x00007ffa70604000 	C:\WINDOWS\System32\SETUPAPI.dll
0x00007ffa6de20000 - 0x00007ffa6de2c000 	C:\WINDOWS\SYSTEM32\CRYPTBASE.DLL
0x00007ffa6f9a0000 - 0x00007ffa6fb00000 	C:\WINDOWS\System32\MSCTF.dll
0x00007ffa53250000 - 0x00007ffa53350000 	C:\WINDOWS\SYSTEM32\opengl32.dll
0x00007ffa52b50000 - 0x00007ffa52b7d000 	C:\WINDOWS\SYSTEM32\GLU32.dll
0x00007ffa6bda0000 - 0x00007ffa6bdd7000 	C:\WINDOWS\SYSTEM32\dxcore.dll
0x00007ffa6f410000 - 0x00007ffa6f4c0000 	C:\WINDOWS\System32\clbcatq.dll
0x00007ff97c020000 - 0x00007ff97e608000 	C:\WINDOWS\System32\DriverStore\FileRepository\nv_dispig.inf_amd64_0afec3f2050014a0\nvoglv64.dll
0x00007ffa6d520000 - 0x00007ffa6d534000 	C:\WINDOWS\SYSTEM32\WTSAPI32.dll
0x00007ffa6e2c0000 - 0x00007ffa6e2d2000 	C:\WINDOWS\SYSTEM32\msasn1.dll
0x00007ffa68810000 - 0x00007ffa68842000 	C:\WINDOWS\SYSTEM32\cryptnet.dll
0x00007ffa6ea70000 - 0x00007ffa6ebd6000 	C:\WINDOWS\System32\CRYPT32.dll
0x00007ffa6ded0000 - 0x00007ffa6df19000 	C:\WINDOWS\SYSTEM32\wldp.dll
0x00007ffa685f0000 - 0x00007ffa68752000 	C:\WINDOWS\SYSTEM32\drvstore.dll
0x00007ffa6efa0000 - 0x00007ffa6f00c000 	C:\WINDOWS\System32\WINTRUST.dll
0x00007ffa6d870000 - 0x00007ffa6d8a4000 	C:\WINDOWS\SYSTEM32\ntmarta.dll
0x00007ffa70a20000 - 0x00007ffa70a3f000 	C:\WINDOWS\System32\imagehlp.dll
0x00007ffa6de30000 - 0x00007ffa6de4b000 	C:\WINDOWS\SYSTEM32\CRYPTSP.dll
0x00007ffa6d6c0000 - 0x00007ffa6d6f5000 	C:\WINDOWS\system32\rsaenh.dll
0x00007ffa5dfd0000 - 0x00007ffa5ffbe000 	C:\WINDOWS\System32\DriverStore\FileRepository\nv_dispig.inf_amd64_0afec3f2050014a0\nvgpucomp64.dll
0x00007ffa36bb0000 - 0x00007ffa36e80000 	C:\WINDOWS\system32\nvspcap64.dll
0x00007ffa6d0f0000 - 0x00007ffa6d156000 	C:\WINDOWS\SYSTEM32\WINSTA.dll
0x00007ffa60960000 - 0x00007ffa60aa3000 	C:\WINDOWS\SYSTEM32\textinputframework.dll
0x00007ffa66e50000 - 0x00007ffa671bd000 	C:\WINDOWS\SYSTEM32\CoreUIComponents.dll
0x00007ffa15fa0000 - 0x00007ffa16001000 	C:\Users\judee\AppData\Local\Temp\lwjgl_judee\3.3.4+7\x64\lwjgl_opengl.dll
0x00007ffa5d500000 - 0x00007ffa5d510000 	C:\Users\judee\.jdks\openjdk-22\bin\verify.dll
0x00007ffa6dcc0000 - 0x00007ffa6dce8000 	C:\WINDOWS\SYSTEM32\USERENV.dll
0x00007ffa6d170000 - 0x00007ffa6d19d000 	C:\WINDOWS\SYSTEM32\IPHLPAPI.DLL
0x00007ffa70180000 - 0x00007ffa70189000 	C:\WINDOWS\System32\NSI.dll
0x00007ffa15f00000 - 0x00007ffa15fa0000 	C:\Users\judee\AppData\Local\Temp\lwjgl_judee\3.3.4+7\x64\lwjgl_stb.dll

dbghelp: loaded successfully - version: 4.0.5 - missing functions: none
symbol engine: initialized successfully - sym options: 0x614 - pdb path: .;C:\Users\judee\.jdks\openjdk-22\bin;C:\WINDOWS\SYSTEM32;C:\WINDOWS\WinSxS\amd64_microsoft.windows.common-controls_6595b64144ccf1df_6.0.22621.3672_none_2713b9d173822955;C:\Users\judee\.jdks\openjdk-22\bin\server;C:\Program Files\JetBrains\IntelliJ IDEA 2023.3.4\bin;C:\Users\judee\AppData\Local\Temp\lwjgl_judee\3.3.4+7\x64;C:\Program Files (x86)\RivaTuner Statistics Server;C:\WINDOWS\System32\DriverStore\FileRepository\nv_dispig.inf_amd64_0afec3f2050014a0

VM Arguments:
jvm_args: --enable-preview -javaagent:C:\Program Files\JetBrains\IntelliJ IDEA 2023.3.4\lib\idea_rt.jar=59810:C:\Program Files\JetBrains\IntelliJ IDEA 2023.3.4\bin -Dfile.encoding=UTF-8 -Dsun.stdout.encoding=UTF-8 -Dsun.stderr.encoding=UTF-8 
java_command: main.Engine
java_class_path (initial): C:\Users\judee\Documents\NetBeansProjects\JDiep\out\production\JDiep;C:\Users\judee\Documents\NetBeansProjects\LWJGLGame\lib\joml-1.10.5.jar;C:\Users\judee\Documents\NetBeansProjects\LWJGLGame\lib\lwjgl-assimp-natives-windows.jar;C:\Users\judee\Documents\NetBeansProjects\LWJGLGame\lib\lwjgl-assimp.jar;C:\Users\judee\Documents\NetBeansProjects\LWJGLGame\lib\lwjgl-glfw-natives-windows.jar;C:\Users\judee\Documents\NetBeansProjects\LWJGLGame\lib\lwjgl-glfw.jar;C:\Users\judee\Documents\NetBeansProjects\LWJGLGame\lib\lwjgl-natives-windows.jar;C:\Users\judee\Documents\NetBeansProjects\LWJGLGame\lib\lwjgl-opengl-natives-windows.jar;C:\Users\judee\Documents\NetBeansProjects\LWJGLGame\lib\lwjgl-opengl.jar;C:\Users\judee\Documents\NetBeansProjects\LWJGLGame\lib\lwjgl-stb-natives-windows.jar;C:\Users\judee\Documents\NetBeansProjects\LWJGLGame\lib\lwjgl-stb.jar;C:\Users\judee\Documents\NetBeansProjects\LWJGLGame\lib\lwjgl.jar
Launcher Type: SUN_STANDARD

[Global flags]
     intx CICompilerCount                          = 12                                        {product} {ergonomic}
     uint ConcGCThreads                            = 3                                         {product} {ergonomic}
     uint G1ConcRefinementThreads                  = 13                                        {product} {ergonomic}
   size_t G1HeapRegionSize                         = 2097152                                   {product} {ergonomic}
   size_t InitialHeapSize                          = 268435456                                 {product} {ergonomic}
   size_t MarkStackSize                            = 4194304                                   {product} {ergonomic}
   size_t MaxHeapSize                              = 4269801472                                {product} {ergonomic}
   size_t MaxNewSize                               = 2560622592                                {product} {ergonomic}
   size_t MinHeapDeltaBytes                        = 2097152                                   {product} {ergonomic}
   size_t MinHeapSize                              = 8388608                                   {product} {ergonomic}
    uintx NonNMethodCodeHeapSize                   = 7602480                                {pd product} {ergonomic}
    uintx NonProfiledCodeHeapSize                  = 122027880                              {pd product} {ergonomic}
    uintx ProfiledCodeHeapSize                     = 122027880                              {pd product} {ergonomic}
    uintx ReservedCodeCacheSize                    = 251658240                              {pd product} {ergonomic}
     bool SegmentedCodeCache                       = true                                      {product} {ergonomic}
   size_t SoftMaxHeapSize                          = 4269801472                             {manageable} {ergonomic}
     bool UseCompressedOops                        = true                           {product lp64_product} {ergonomic}
     bool UseG1GC                                  = true                                      {product} {ergonomic}
     bool UseLargePagesIndividualAllocation        = false                                  {pd product} {ergonomic}

Logging:
Log output configuration:
 #0: stdout all=warning uptime,level,tags foldmultilines=false
 #1: stderr all=off uptime,level,tags foldmultilines=false

Environment Variables:
PATH=C:\Program Files\Conan\conan;C:\Program Files\Microsoft\jdk-11.0.12.7-hotspot\bin;C:\Program Files (x86)\Common Files\Intel\Shared Files\cpp\bin\Intel64;C:\Program Files\Alacritty\;C:\Program Files (x86)\Common Files\Intel\Shared Libraries\redist\intel64\compiler;C:\Program Files\Common Files\Oracle\Java\javapath;C:\Program Files (x86)\Common Files\Oracle\Java\javapath;C:\Windows\system32;C:\Windows;C:\Windows\System32\Wbem;C:\Windows\System32\WindowsPowerShell\v1.0\;C:\Windows\System32\OpenSSH\;C:\Program Files\Java\jdk-17.0.1;C:\Program Files\dotnet\;C:\Program Files (x86)\NVIDIA Corporation\PhysX\Common;C:\Program Files\NVIDIA Corporation\NVIDIA NvDLISR;C:\FFmpeg\bin;C:\Program Files\Neovim\/bin;C:\WINDOWS\system32;C:\WINDOWS;C:\WINDOWS\System32\Wbem;C:\WINDOWS\System32\WindowsPowerShell\v1.0\;C:\WINDOWS\System32\OpenSSH\;C:\Program Files\Mullvad VPN\resources;C:\Users\judee\Documents\youtubemusicautoplay;C:\Program Files\upx-4.0.1-win64;C:\Program Files (x86)\sox-14-4-2;C:\utils;C:\Program Files\nodejs\;C:\Program Files\Git\cmd;C:\Program Files\PuTTY\;C:\Program Files\cloc\;C:\Program Files\WezTerm;C:\Program Files (x86)\ytdlp;C:\Users\judee\.cargo\bin;C:\Users\judee\AppData\Local\Programs\Python\Launcher\;C:\Users\judee\AppData\Local\Microsoft\WindowsApps;C:\Users\judee\AppData\Local\Programs\Microsoft VS Code\bin;C:\Users\judee\AppData\Local\Programs\VapourSynth\core;C:\Users\judee\AppData\Local\Programs\VapourSynth\vsrepo;C:\Users\judee\.dotnet\tools;C:\Program Files (x86)\Brackets\;C:\Users\judee\AppData\Local\GitHubDesktop\bin;C:\Users\judee\AppData\Roaming\npm;C:\Program Files\JetBrains\IntelliJ IDEA 2023.3.4\bin;C:\Program Files\JetBrains\CLion 2024.1.1\bin;C:\Program Files\JetBrains\GoLand 2024.1\bin;C:\Users\judee\AppData\Local\JetBrains\Toolbox\scripts;;C:\Program Files\JetBrains\RustRover 2024.1.3\bin;;C:\Users\judee\AppData\Local\Muse Hub\lib;C:\Users\judee\AppData\Local\Microsoft\WindowsApps
USERNAME=judee
OS=Windows_NT
PROCESSOR_IDENTIFIER=AMD64 Family 25 Model 33 Stepping 0, AuthenticAMD
TMP=C:\Users\judee\AppData\Local\Temp
TEMP=C:\Users\judee\AppData\Local\Temp




Periodic native trim disabled

---------------  S Y S T E M  ---------------

OS:
 Windows 11 , 64 bit Build 22621 (10.0.22621.3958)
OS uptime: 1 days 0:09 hours

CPU: total 16 (initial active 16) (16 cores per cpu, 2 threads per core) family 25 model 33 stepping 0 microcode 0x0, cx8, cmov, fxsr, ht, mmx, 3dnowpref, sse, sse2, sse3, ssse3, sse4a, sse4.1, sse4.2, popcnt, lzcnt, tsc, tscinvbit, avx, avx2, aes, erms, clmul, bmi1, bmi2, adx, sha, fma, vzeroupper, clflush, clflushopt, rdtscp, rdpid, fsrm, f16c, pku, cet_ss
Processor Information for all 16 processors :
  Max Mhz: 3801, Current Mhz: 3801, Mhz Limit: 3801

Memory: 4k page, system-wide physical 16286M (1106M free)
TotalPageFile size 46825M (AvailPageFile size 5593M)
current process WorkingSet (physical memory assigned to process): 144M, peak: 148M
current process commit charge ("private bytes"): 516M, peak: 525M

vm_info: OpenJDK 64-Bit Server VM (22+36-2370) for windows-amd64 JRE (22+36-2370), built on 2024-02-15T22:15:19Z by "mach5one" with MS VC++ 17.6 (VS2022)

END.
